Record 66
<?xml version="1.0" encoding="utf-8"?>
<Event xmlns="http://schemas.microsoft.com/win/2004/08/events/event">
  <System>
    <Provider Name="Microsoft-Windows-Security-Auditing" Guid="54849625-5478-4994-A5BA-3E3B0328C30D">
    </Provider>
    <EventID>4624</EventID>
    <Version>2</Version>
    <Level>0</Level>
    <Task>12544</Task>
    <Opcode>0</Opcode>
    <Keywords>0x8020000000000000</Keywords>
    <TimeCreated SystemTime="2025-07-02T21:51:13.116062Z">
    </TimeCreated>
    <EventRecordID>66</EventRecordID>
    <Correlation ActivityID="676C99D0-EB9B-0001-C79C-6C679BEBDB01">
    </Correlation>
    <Execution ProcessID="680" ThreadID="720">
    </Execution>
    <Channel>Security</Channel>
    <Computer>WIN-201SCGOAP7Q</Computer>
    <Security>
    </Security>
  </System>
  <EventData>
    <Data Name="SubjectUserSid">S-1-5-18</Data>
    <Data Name="SubjectUserName">MINWINPC$</Data>
    <Data Name="SubjectDomainName"></Data>
    <Data Name="SubjectLogonId">0x3e7</Data>
    <Data Name="TargetUserSid">S-1-5-19</Data>
    <Data Name="TargetUserName">LOCAL SERVICE</Data>
    <Data Name="TargetDomainName">NT AUTHORITY</Data>
    <Data Name="TargetLogonId">0x3e5</Data>
    <Data Name="LogonType">5</Data>
    <Data Name="LogonProcessName">Advapi</Data>
    <Data Name="AuthenticationPackageName">Negotiate</Data>
    <Data Name="WorkstationName">-</Data>
    <Data Name="LogonGuid">00000000-0000-0000-0000-000000000000</Data>
    <Data Name="TransmittedServices">-</Data>
    <Data Name="LmPackageName">-</Data>
    <Data Name="KeyLength">0</Data>
    <Data Name="ProcessId">0x294</Data>
    <Data Name="ProcessName">C:\Windows\System32\services.exe</Data>
    <Data Name="IpAddress">-</Data>
    <Data Name="IpPort">-</Data>
    <Data Name="ImpersonationLevel">%%1833</Data>
    <Data Name="RestrictedAdminMode">-</Data>
    <Data Name="TargetOutboundUserName">-</Data>
    <Data Name="TargetOutboundDomainName">-</Data>
    <Data Name="VirtualAccount">%%1843</Data>
    <Data Name="TargetLinkedLogonId">0x0</Data>
    <Data Name="ElevatedToken">%%1842</Data>
  </EventData>
</Event>
Record 67
<?xml version="1.0" encoding="utf-8"?>
<Event xmlns="http://schemas.microsoft.com/win/2004/08/events/event">
  <System>
    <Provider Name="Microsoft-Windows-Security-Auditing" Guid="54849625-5478-4994-A5BA-3E3B0328C30D">
    </Provider>
    <EventID>4672</EventID>
    <Version>0</Version>
    <Level>0</Level>
    <Task>12548</Task>
    <Opcode>0</Opcode>
    <Keywords>0x8020000000000000</Keywords>
    <TimeCreated SystemTime="2025-07-02T21:51:13.116065Z">
    </TimeCreated>
    <EventRecordID>67</EventRecordID>
    <Correlation ActivityID="676C99D0-EB9B-0001-C79C-6C679BEBDB01">
    </Correlation>
    <Execution ProcessID="680" ThreadID="720">
    </Execution>
    <Channel>Security</Channel>
    <Computer>WIN-201SCGOAP7Q</Computer>
    <Security>
    </Security>
  </System>
  <EventData>
    <Data Name="SubjectUserSid">S-1-5-19</Data>
    <Data Name="SubjectUserName">LOCAL SERVICE</Data>
    <Data Name="SubjectDomainName">NT AUTHORITY</Data>
    <Data Name="SubjectLogonId">0x3e5</Data>
    <Data Name="PrivilegeList">SeAssignPrimaryTokenPrivilege
			SeAuditPrivilege
			SeImpersonatePrivilege</Data>
  </EventData>
</Event>
Record 68
<?xml version="1.0" encoding="utf-8"?>
<Event xmlns="http://schemas.microsoft.com/win/2004/08/events/event">
  <System>
    <Provider Name="Microsoft-Windows-Security-Auditing" Guid="54849625-5478-4994-A5BA-3E3B0328C30D">
    </Provider>
    <EventID>4718</EventID>
    <Version>0</Version>
    <Level>0</Level>
    <Task>13569</Task>
    <Opcode>0</Opcode>
    <Keywords>0x8020000000000000</Keywords>
    <TimeCreated SystemTime="2025-07-02T21:51:19.540270Z">
    </TimeCreated>
    <EventRecordID>68</EventRecordID>
    <Correlation ActivityID="676C99D0-EB9B-0001-C79C-6C679BEBDB01">
    </Correlation>
    <Execution ProcessID="680" ThreadID="720">
    </Execution>
    <Channel>Security</Channel>
    <Computer>WIN-201SCGOAP7Q</Computer>
    <Security>
    </Security>
  </System>
  <EventData>
    <Data Name="SubjectUserSid">S-1-5-18</Data>
    <Data Name="SubjectUserName">MINWINPC$</Data>
    <Data Name="SubjectDomainName"></Data>
    <Data Name="SubjectLogonId">0x3e7</Data>
    <Data Name="TargetSid">S-1-5-32-546</Data>
    <Data Name="AccessRemoved">SeInteractiveLogonRight</Data>
  </EventData>
</Event>
Record 69
<?xml version="1.0" encoding="utf-8"?>
<Event xmlns="http://schemas.microsoft.com/win/2004/08/events/event">
  <System>
    <Provider Name="Microsoft-Windows-Security-Auditing" Guid="54849625-5478-4994-A5BA-3E3B0328C30D">
    </Provider>
    <EventID>4718</EventID>
    <Version>0</Version>
    <Level>0</Level>
    <Task>13569</Task>
    <Opcode>0</Opcode>
    <Keywords>0x8020000000000000</Keywords>
    <TimeCreated SystemTime="2025-07-02T21:51:19.541387Z">
    </TimeCreated>
    <EventRecordID>69</EventRecordID>
    <Correlation ActivityID="676C99D0-EB9B-0001-C79C-6C679BEBDB01">
    </Correlation>
    <Execution ProcessID="680" ThreadID="720">
    </Execution>
    <Channel>Security</Channel>
    <Computer>WIN-201SCGOAP7Q</Computer>
    <Security>
    </Security>
  </System>
  <EventData>
    <Data Name="SubjectUserSid">S-1-5-18</Data>
    <Data Name="SubjectUserName">MINWINPC$</Data>
    <Data Name="SubjectDomainName"></Data>
    <Data Name="SubjectLogonId">0x3e7</Data>
    <Data Name="TargetSid">S-1-5-32-581</Data>
    <Data Name="AccessRemoved">SeInteractiveLogonRight</Data>
  </EventData>
</Event>
Record 70
<?xml version="1.0" encoding="utf-8"?>
<Event xmlns="http://schemas.microsoft.com/win/2004/08/events/event">
  <System>
    <Provider Name="Microsoft-Windows-Security-Auditing" Guid="54849625-5478-4994-A5BA-3E3B0328C30D">
    </Provider>
    <EventID>4718</EventID>
    <Version>0</Version>
    <Level>0</Level>
    <Task>13569</Task>
    <Opcode>0</Opcode>
    <Keywords>0x8020000000000000</Keywords>
    <TimeCreated SystemTime="2025-07-02T21:51:19.541388Z">
    </TimeCreated>
    <EventRecordID>70</EventRecordID>
    <Correlation ActivityID="676C99D0-EB9B-0001-C79C-6C679BEBDB01">
    </Correlation>
    <Execution ProcessID="680" ThreadID="720">
    </Execution>
    <Channel>Security</Channel>
    <Computer>WIN-201SCGOAP7Q</Computer>
    <Security>
    </Security>
  </System>
  <EventData>
    <Data Name="SubjectUserSid">S-1-5-18</Data>
    <Data Name="SubjectUserName">MINWINPC$</Data>
    <Data Name="SubjectDomainName"></Data>
    <Data Name="SubjectLogonId">0x3e7</Data>
    <Data Name="TargetSid">S-1-5-32-581</Data>
    <Data Name="AccessRemoved">SeNetworkLogonRight</Data>
  </EventData>
</Event>
Record 71
<?xml version="1.0" encoding="utf-8"?>
<Event xmlns="http://schemas.microsoft.com/win/2004/08/events/event">
  <System>
    <Provider Name="Microsoft-Windows-Security-Auditing" Guid="54849625-5478-4994-A5BA-3E3B0328C30D">
    </Provider>
    <EventID>4718</EventID>
    <Version>0</Version>
    <Level>0</Level>
    <Task>13569</Task>
    <Opcode>0</Opcode>
    <Keywords>0x8020000000000000</Keywords>
    <TimeCreated SystemTime="2025-07-02T21:51:19.542402Z">
    </TimeCreated>
    <EventRecordID>71</EventRecordID>
    <Correlation ActivityID="676C99D0-EB9B-0001-C79C-6C679BEBDB01">
    </Correlation>
    <Execution ProcessID="680" ThreadID="720">
    </Execution>
    <Channel>Security</Channel>
    <Computer>WIN-201SCGOAP7Q</Computer>
    <Security>
    </Security>
  </System>
  <EventData>
    <Data Name="SubjectUserSid">S-1-5-18</Data>
    <Data Name="SubjectUserName">MINWINPC$</Data>
    <Data Name="SubjectDomainName"></Data>
    <Data Name="SubjectLogonId">0x3e7</Data>
    <Data Name="TargetSid">S-1-5-32-583</Data>
    <Data Name="AccessRemoved">SeInteractiveLogonRight</Data>
  </EventData>
</Event>
Record 72
<?xml version="1.0" encoding="utf-8"?>
<Event xmlns="http://schemas.microsoft.com/win/2004/08/events/event">
  <System>
    <Provider Name="Microsoft-Windows-Security-Auditing" Guid="54849625-5478-4994-A5BA-3E3B0328C30D">
    </Provider>
    <EventID>4718</EventID>
    <Version>0</Version>
    <Level>0</Level>
    <Task>13569</Task>
    <Opcode>0</Opcode>
    <Keywords>0x8020000000000000</Keywords>
    <TimeCreated SystemTime="2025-07-02T21:51:19.542403Z">
    </TimeCreated>
    <EventRecordID>72</EventRecordID>
    <Correlation ActivityID="676C99D0-EB9B-0001-C79C-6C679BEBDB01">
    </Correlation>
    <Execution ProcessID="680" ThreadID="720">
    </Execution>
    <Channel>Security</Channel>
    <Computer>WIN-201SCGOAP7Q</Computer>
    <Security>
    </Security>
  </System>
  <EventData>
    <Data Name="SubjectUserSid">S-1-5-18</Data>
    <Data Name="SubjectUserName">MINWINPC$</Data>
    <Data Name="SubjectDomainName"></Data>
    <Data Name="SubjectLogonId">0x3e7</Data>
    <Data Name="TargetSid">S-1-5-32-583</Data>
    <Data Name="AccessRemoved">SeNetworkLogonRight</Data>
  </EventData>
</Event>
Record 73
<?xml version="1.0" encoding="utf-8"?>
<Event xmlns="http://schemas.microsoft.com/win/2004/08/events/event">
  <System>
    <Provider Name="Microsoft-Windows-Security-Auditing" Guid="54849625-5478-4994-A5BA-3E3B0328C30D">
    </Provider>
    <EventID>4718</EventID>
    <Version>0</Version>
    <Level>0</Level>
    <Task>13569</Task>
    <Opcode>0</Opcode>
    <Keywords>0x8020000000000000</Keywords>
    <TimeCreated SystemTime="2025-07-02T21:51:19.543571Z">
    </TimeCreated>
    <EventRecordID>73</EventRecordID>
    <Correlation ActivityID="676C99D0-EB9B-0001-C79C-6C679BEBDB01">
    </Correlation>
    <Execution ProcessID="680" ThreadID="720">
    </Execution>
    <Channel>Security</Channel>
    <Computer>WIN-201SCGOAP7Q</Computer>
    <Security>
    </Security>
  </System>
  <EventData>
    <Data Name="SubjectUserSid">S-1-5-18</Data>
    <Data Name="SubjectUserName">MINWINPC$</Data>
    <Data Name="SubjectDomainName"></Data>
    <Data Name="SubjectLogonId">0x3e7</Data>
    <Data Name="TargetSid">S-1-5-80-3169285310-278349998-1452333686-3865143136-4212226833</Data>
    <Data Name="AccessRemoved">SeServiceLogonRight</Data>
  </EventData>
</Event>
Record 74
<?xml version="1.0" encoding="utf-8"?>
<Event xmlns="http://schemas.microsoft.com/win/2004/08/events/event">
  <System>
    <Provider Name="Microsoft-Windows-Security-Auditing" Guid="54849625-5478-4994-A5BA-3E3B0328C30D">
    </Provider>
    <EventID>4717</EventID>
    <Version>0</Version>
    <Level>0</Level>
    <Task>13569</Task>
    <Opcode>0</Opcode>
    <Keywords>0x8020000000000000</Keywords>
    <TimeCreated SystemTime="2025-07-02T21:51:19.545310Z">
    </TimeCreated>
    <EventRecordID>74</EventRecordID>
    <Correlation ActivityID="676C99D0-EB9B-0001-C79C-6C679BEBDB01">
    </Correlation>
    <Execution ProcessID="680" ThreadID="720">
    </Execution>
    <Channel>Security</Channel>
    <Computer>WIN-201SCGOAP7Q</Computer>
    <Security>
    </Security>
  </System>
  <EventData>
    <Data Name="SubjectUserSid">S-1-5-18</Data>
    <Data Name="SubjectUserName">MINWINPC$</Data>
    <Data Name="SubjectDomainName"></Data>
    <Data Name="SubjectLogonId">0x3e7</Data>
    <Data Name="TargetSid">S-1-5-32-544</Data>
    <Data Name="AccessGranted">SeRemoteInteractiveLogonRight</Data>
  </EventData>
</Event>
Record 75
<?xml version="1.0" encoding="utf-8"?>
<Event xmlns="http://schemas.microsoft.com/win/2004/08/events/event">
  <System>
    <Provider Name="Microsoft-Windows-Security-Auditing" Guid="54849625-5478-4994-A5BA-3E3B0328C30D">
    </Provider>
    <EventID>4717</EventID>
    <Version>0</Version>
    <Level>0</Level>
    <Task>13569</Task>
    <Opcode>0</Opcode>
    <Keywords>0x8020000000000000</Keywords>
    <TimeCreated SystemTime="2025-07-02T21:51:19.546218Z">
    </TimeCreated>
    <EventRecordID>75</EventRecordID>
    <Correlation ActivityID="676C99D0-EB9B-0001-C79C-6C679BEBDB01">
    </Correlation>
    <Execution ProcessID="680" ThreadID="720">
    </Execution>
    <Channel>Security</Channel>
    <Computer>WIN-201SCGOAP7Q</Computer>
    <Security>
    </Security>
  </System>
  <EventData>
    <Data Name="SubjectUserSid">S-1-5-18</Data>
    <Data Name="SubjectUserName">MINWINPC$</Data>
    <Data Name="SubjectDomainName"></Data>
    <Data Name="SubjectLogonId">0x3e7</Data>
    <Data Name="TargetSid">S-1-5-32-551</Data>
    <Data Name="AccessGranted">SeNetworkLogonRight</Data>
  </EventData>
</Event>
Record 76
<?xml version="1.0" encoding="utf-8"?>
<Event xmlns="http://schemas.microsoft.com/win/2004/08/events/event">
  <System>
    <Provider Name="Microsoft-Windows-Security-Auditing" Guid="54849625-5478-4994-A5BA-3E3B0328C30D">
    </Provider>
    <EventID>4717</EventID>
    <Version>0</Version>
    <Level>0</Level>
    <Task>13569</Task>
    <Opcode>0</Opcode>
    <Keywords>0x8020000000000000</Keywords>
    <TimeCreated SystemTime="2025-07-02T21:51:19.546219Z">
    </TimeCreated>
    <EventRecordID>76</EventRecordID>
    <Correlation ActivityID="676C99D0-EB9B-0001-C79C-6C679BEBDB01">
    </Correlation>
    <Execution ProcessID="680" ThreadID="720">
    </Execution>
    <Channel>Security</Channel>
    <Computer>WIN-201SCGOAP7Q</Computer>
    <Security>
    </Security>
  </System>
  <EventData>
    <Data Name="SubjectUserSid">S-1-5-18</Data>
    <Data Name="SubjectUserName">MINWINPC$</Data>
    <Data Name="SubjectDomainName"></Data>
    <Data Name="SubjectLogonId">0x3e7</Data>
    <Data Name="TargetSid">S-1-5-32-551</Data>
    <Data Name="AccessGranted">SeBatchLogonRight</Data>
  </EventData>
</Event>
Record 77
<?xml version="1.0" encoding="utf-8"?>
<Event xmlns="http://schemas.microsoft.com/win/2004/08/events/event">
  <System>
    <Provider Name="Microsoft-Windows-Security-Auditing" Guid="54849625-5478-4994-A5BA-3E3B0328C30D">
    </Provider>
    <EventID>4717</EventID>
    <Version>0</Version>
    <Level>0</Level>
    <Task>13569</Task>
    <Opcode>0</Opcode>
    <Keywords>0x8020000000000000</Keywords>
    <TimeCreated SystemTime="2025-07-02T21:51:19.547146Z">
    </TimeCreated>
    <EventRecordID>77</EventRecordID>
    <Correlation ActivityID="676C99D0-EB9B-0001-C79C-6C679BEBDB01">
    </Correlation>
    <Execution ProcessID="680" ThreadID="720">
    </Execution>
    <Channel>Security</Channel>
    <Computer>WIN-201SCGOAP7Q</Computer>
    <Security>
    </Security>
  </System>
  <EventData>
    <Data Name="SubjectUserSid">S-1-5-18</Data>
    <Data Name="SubjectUserName">MINWINPC$</Data>
    <Data Name="SubjectDomainName"></Data>
    <Data Name="SubjectLogonId">0x3e7</Data>
    <Data Name="TargetSid">S-1-5-32-559</Data>
    <Data Name="AccessGranted">SeBatchLogonRight</Data>
  </EventData>
</Event>
Record 78
<?xml version="1.0" encoding="utf-8"?>
<Event xmlns="http://schemas.microsoft.com/win/2004/08/events/event">
  <System>
    <Provider Name="Microsoft-Windows-Security-Auditing" Guid="54849625-5478-4994-A5BA-3E3B0328C30D">
    </Provider>
    <EventID>4718</EventID>
    <Version>0</Version>
    <Level>0</Level>
    <Task>13569</Task>
    <Opcode>0</Opcode>
    <Keywords>0x8020000000000000</Keywords>
    <TimeCreated SystemTime="2025-07-02T21:51:19.548136Z">
    </TimeCreated>
    <EventRecordID>78</EventRecordID>
    <Correlation ActivityID="676C99D0-EB9B-0001-C79C-6C679BEBDB01">
    </Correlation>
    <Execution ProcessID="680" ThreadID="720">
    </Execution>
    <Channel>Security</Channel>
    <Computer>WIN-201SCGOAP7Q</Computer>
    <Security>
    </Security>
  </System>
  <EventData>
    <Data Name="SubjectUserSid">S-1-5-18</Data>
    <Data Name="SubjectUserName">MINWINPC$</Data>
    <Data Name="SubjectDomainName"></Data>
    <Data Name="SubjectLogonId">0x3e7</Data>
    <Data Name="TargetSid">S-1-1-0</Data>
    <Data Name="AccessRemoved">SeInteractiveLogonRight</Data>
  </EventData>
</Event>
Record 79
<?xml version="1.0" encoding="utf-8"?>
<Event xmlns="http://schemas.microsoft.com/win/2004/08/events/event">
  <System>
    <Provider Name="Microsoft-Windows-Security-Auditing" Guid="54849625-5478-4994-A5BA-3E3B0328C30D">
    </Provider>
    <EventID>4718</EventID>
    <Version>0</Version>
    <Level>0</Level>
    <Task>13569</Task>
    <Opcode>0</Opcode>
    <Keywords>0x8020000000000000</Keywords>
    <TimeCreated SystemTime="2025-07-02T21:51:19.548137Z">
    </TimeCreated>
    <EventRecordID>79</EventRecordID>
    <Correlation ActivityID="676C99D0-EB9B-0001-C79C-6C679BEBDB01">
    </Correlation>
    <Execution ProcessID="680" ThreadID="720">
    </Execution>
    <Channel>Security</Channel>
    <Computer>WIN-201SCGOAP7Q</Computer>
    <Security>
    </Security>
  </System>
  <EventData>
    <Data Name="SubjectUserSid">S-1-5-18</Data>
    <Data Name="SubjectUserName">MINWINPC$</Data>
    <Data Name="SubjectDomainName"></Data>
    <Data Name="SubjectLogonId">0x3e7</Data>
    <Data Name="TargetSid">S-1-1-0</Data>
    <Data Name="AccessRemoved">SeRemoteInteractiveLogonRight</Data>
  </EventData>
</Event>
Record 80
<?xml version="1.0" encoding="utf-8"?>
<Event xmlns="http://schemas.microsoft.com/win/2004/08/events/event">
  <System>
    <Provider Name="Microsoft-Windows-Security-Auditing" Guid="54849625-5478-4994-A5BA-3E3B0328C30D">
    </Provider>
    <EventID>4717</EventID>
    <Version>0</Version>
    <Level>0</Level>
    <Task>13569</Task>
    <Opcode>0</Opcode>
    <Keywords>0x8020000000000000</Keywords>
    <TimeCreated SystemTime="2025-07-02T21:51:19.549180Z">
    </TimeCreated>
    <EventRecordID>80</EventRecordID>
    <Correlation ActivityID="676C99D0-EB9B-0001-C79C-6C679BEBDB01">
    </Correlation>
    <Execution ProcessID="680" ThreadID="720">
    </Execution>
    <Channel>Security</Channel>
    <Computer>WIN-201SCGOAP7Q</Computer>
    <Security>
    </Security>
  </System>
  <EventData>
    <Data Name="SubjectUserSid">S-1-5-18</Data>
    <Data Name="SubjectUserName">MINWINPC$</Data>
    <Data Name="SubjectDomainName"></Data>
    <Data Name="SubjectLogonId">0x3e7</Data>
    <Data Name="TargetSid">S-1-5-21-2584721208-1353900670-1627748517-501</Data>
    <Data Name="AccessGranted">SeInteractiveLogonRight</Data>
  </EventData>
</Event>
Record 81
<?xml version="1.0" encoding="utf-8"?>
<Event xmlns="http://schemas.microsoft.com/win/2004/08/events/event">
  <System>
    <Provider Name="Microsoft-Windows-Security-Auditing" Guid="54849625-5478-4994-A5BA-3E3B0328C30D">
    </Provider>
    <EventID>4717</EventID>
    <Version>0</Version>
    <Level>0</Level>
    <Task>13569</Task>
    <Opcode>0</Opcode>
    <Keywords>0x8020000000000000</Keywords>
    <TimeCreated SystemTime="2025-07-02T21:51:19.549181Z">
    </TimeCreated>
    <EventRecordID>81</EventRecordID>
    <Correlation ActivityID="676C99D0-EB9B-0001-C79C-6C679BEBDB01">
    </Correlation>
    <Execution ProcessID="680" ThreadID="720">
    </Execution>
    <Channel>Security</Channel>
    <Computer>WIN-201SCGOAP7Q</Computer>
    <Security>
    </Security>
  </System>
  <EventData>
    <Data Name="SubjectUserSid">S-1-5-18</Data>
    <Data Name="SubjectUserName">MINWINPC$</Data>
    <Data Name="SubjectDomainName"></Data>
    <Data Name="SubjectLogonId">0x3e7</Data>
    <Data Name="TargetSid">S-1-5-21-2584721208-1353900670-1627748517-501</Data>
    <Data Name="AccessGranted">SeDenyInteractiveLogonRight</Data>
  </EventData>
</Event>
Record 82
<?xml version="1.0" encoding="utf-8"?>
<Event xmlns="http://schemas.microsoft.com/win/2004/08/events/event">
  <System>
    <Provider Name="Microsoft-Windows-Security-Auditing" Guid="54849625-5478-4994-A5BA-3E3B0328C30D">
    </Provider>
    <EventID>4717</EventID>
    <Version>0</Version>
    <Level>0</Level>
    <Task>13569</Task>
    <Opcode>0</Opcode>
    <Keywords>0x8020000000000000</Keywords>
    <TimeCreated SystemTime="2025-07-02T21:51:19.549182Z">
    </TimeCreated>
    <EventRecordID>82</EventRecordID>
    <Correlation ActivityID="676C99D0-EB9B-0001-C79C-6C679BEBDB01">
    </Correlation>
    <Execution ProcessID="680" ThreadID="720">
    </Execution>
    <Channel>Security</Channel>
    <Computer>WIN-201SCGOAP7Q</Computer>
    <Security>
    </Security>
  </System>
  <EventData>
    <Data Name="SubjectUserSid">S-1-5-18</Data>
    <Data Name="SubjectUserName">MINWINPC$</Data>
    <Data Name="SubjectDomainName"></Data>
    <Data Name="SubjectLogonId">0x3e7</Data>
    <Data Name="TargetSid">S-1-5-21-2584721208-1353900670-1627748517-501</Data>
    <Data Name="AccessGranted">SeDenyNetworkLogonRight</Data>
  </EventData>
</Event>
Record 83
<?xml version="1.0" encoding="utf-8"?>
<Event xmlns="http://schemas.microsoft.com/win/2004/08/events/event">
  <System>
    <Provider Name="Microsoft-Windows-Security-Auditing" Guid="54849625-5478-4994-A5BA-3E3B0328C30D">
    </Provider>
    <EventID>4718</EventID>
    <Version>0</Version>
    <Level>0</Level>
    <Task>13569</Task>
    <Opcode>0</Opcode>
    <Keywords>0x8020000000000000</Keywords>
    <TimeCreated SystemTime="2025-07-02T21:51:19.549661Z">
    </TimeCreated>
    <EventRecordID>83</EventRecordID>
    <Correlation ActivityID="676C99D0-EB9B-0001-C79C-6C679BEBDB01">
    </Correlation>
    <Execution ProcessID="680" ThreadID="720">
    </Execution>
    <Channel>Security</Channel>
    <Computer>WIN-201SCGOAP7Q</Computer>
    <Security>
    </Security>
  </System>
  <EventData>
    <Data Name="SubjectUserSid">S-1-5-18</Data>
    <Data Name="SubjectUserName">MINWINPC$</Data>
    <Data Name="SubjectDomainName"></Data>
    <Data Name="SubjectLogonId">0x3e7</Data>
    <Data Name="TargetSid">S-1-5-90-0</Data>
    <Data Name="AccessRemoved">SeInteractiveLogonRight</Data>
  </EventData>
</Event>
Record 84
<?xml version="1.0" encoding="utf-8"?>
<Event xmlns="http://schemas.microsoft.com/win/2004/08/events/event">
  <System>
    <Provider Name="Microsoft-Windows-Security-Auditing" Guid="54849625-5478-4994-A5BA-3E3B0328C30D">
    </Provider>
    <EventID>4717</EventID>
    <Version>0</Version>
    <Level>0</Level>
    <Task>13569</Task>
    <Opcode>0</Opcode>
    <Keywords>0x8020000000000000</Keywords>
    <TimeCreated SystemTime="2025-07-02T21:51:19.550313Z">
    </TimeCreated>
    <EventRecordID>84</EventRecordID>
    <Correlation ActivityID="676C99D0-EB9B-0001-C79C-6C679BEBDB01">
    </Correlation>
    <Execution ProcessID="680" ThreadID="720">
    </Execution>
    <Channel>Security</Channel>
    <Computer>WIN-201SCGOAP7Q</Computer>
    <Security>
    </Security>
  </System>
  <EventData>
    <Data Name="SubjectUserSid">S-1-5-18</Data>
    <Data Name="SubjectUserName">MINWINPC$</Data>
    <Data Name="SubjectDomainName"></Data>
    <Data Name="SubjectLogonId">0x3e7</Data>
    <Data Name="TargetSid">S-1-5-32-555</Data>
    <Data Name="AccessGranted">SeRemoteInteractiveLogonRight</Data>
  </EventData>
</Event>
Record 85
<?xml version="1.0" encoding="utf-8"?>
<Event xmlns="http://schemas.microsoft.com/win/2004/08/events/event">
  <System>
    <Provider Name="Microsoft-Windows-Security-Auditing" Guid="54849625-5478-4994-A5BA-3E3B0328C30D">
    </Provider>
    <EventID>4717</EventID>
    <Version>0</Version>
    <Level>0</Level>
    <Task>13569</Task>
    <Opcode>0</Opcode>
    <Keywords>0x8020000000000000</Keywords>
    <TimeCreated SystemTime="2025-07-02T21:51:19.550982Z">
    </TimeCreated>
    <EventRecordID>85</EventRecordID>
    <Correlation ActivityID="676C99D0-EB9B-0001-C79C-6C679BEBDB01">
    </Correlation>
    <Execution ProcessID="680" ThreadID="720">
    </Execution>
    <Channel>Security</Channel>
    <Computer>WIN-201SCGOAP7Q</Computer>
    <Security>
    </Security>
  </System>
  <EventData>
    <Data Name="SubjectUserSid">S-1-5-18</Data>
    <Data Name="SubjectUserName">MINWINPC$</Data>
    <Data Name="SubjectDomainName"></Data>
    <Data Name="SubjectLogonId">0x3e7</Data>
    <Data Name="TargetSid">S-1-5-80-0</Data>
    <Data Name="AccessGranted">SeServiceLogonRight</Data>
  </EventData>
</Event>
Record 86
<?xml version="1.0" encoding="utf-8"?>
<Event xmlns="http://schemas.microsoft.com/win/2004/08/events/event">
  <System>
    <Provider Name="Microsoft-Windows-Security-Auditing" Guid="54849625-5478-4994-A5BA-3E3B0328C30D">
    </Provider>
    <EventID>4799</EventID>
    <Version>0</Version>
    <Level>0</Level>
    <Task>13826</Task>
    <Opcode>0</Opcode>
    <Keywords>0x8020000000000000</Keywords>
    <TimeCreated SystemTime="2025-07-02T21:51:19.552426Z">
    </TimeCreated>
    <EventRecordID>86</EventRecordID>
    <Correlation ActivityID="676C99D0-EB9B-0001-C79C-6C679BEBDB01">
    </Correlation>
    <Execution ProcessID="680" ThreadID="720">
    </Execution>
    <Channel>Security</Channel>
    <Computer>WIN-201SCGOAP7Q</Computer>
    <Security>
    </Security>
  </System>
  <EventData>
    <Data Name="TargetUserName">Users</Data>
    <Data Name="TargetDomainName">Builtin</Data>
    <Data Name="TargetSid">S-1-5-32-545</Data>
    <Data Name="SubjectUserSid">S-1-5-18</Data>
    <Data Name="SubjectUserName">MINWINPC$</Data>
    <Data Name="SubjectDomainName"></Data>
    <Data Name="SubjectLogonId">0x3e7</Data>
    <Data Name="CallerProcessId">0x294</Data>
    <Data Name="CallerProcessName">C:\Windows\System32\services.exe</Data>
  </EventData>
</Event>
Record 87
<?xml version="1.0" encoding="utf-8"?>
<Event xmlns="http://schemas.microsoft.com/win/2004/08/events/event">
  <System>
    <Provider Name="Microsoft-Windows-Security-Auditing" Guid="54849625-5478-4994-A5BA-3E3B0328C30D">
    </Provider>
    <EventID>4732</EventID>
    <Version>0</Version>
    <Level>0</Level>
    <Task>13826</Task>
    <Opcode>0</Opcode>
    <Keywords>0x8020000000000000</Keywords>
    <TimeCreated SystemTime="2025-07-02T21:51:19.552481Z">
    </TimeCreated>
    <EventRecordID>87</EventRecordID>
    <Correlation ActivityID="676C99D0-EB9B-0001-C79C-6C679BEBDB01">
    </Correlation>
    <Execution ProcessID="680" ThreadID="720">
    </Execution>
    <Channel>Security</Channel>
    <Computer>WIN-201SCGOAP7Q</Computer>
    <Security>
    </Security>
  </System>
  <EventData>
    <Data Name="MemberName">-</Data>
    <Data Name="MemberSid">S-1-5-4</Data>
    <Data Name="TargetUserName">Users</Data>
    <Data Name="TargetDomainName">Builtin</Data>
    <Data Name="TargetSid">S-1-5-32-545</Data>
    <Data Name="SubjectUserSid">S-1-5-18</Data>
    <Data Name="SubjectUserName">MINWINPC$</Data>
    <Data Name="SubjectDomainName"></Data>
    <Data Name="SubjectLogonId">0x3e7</Data>
    <Data Name="PrivilegeList">-</Data>
  </EventData>
</Event>
Record 88
<?xml version="1.0" encoding="utf-8"?>
<Event xmlns="http://schemas.microsoft.com/win/2004/08/events/event">
  <System>
    <Provider Name="Microsoft-Windows-Security-Auditing" Guid="54849625-5478-4994-A5BA-3E3B0328C30D">
    </Provider>
    <EventID>4732</EventID>
    <Version>0</Version>
    <Level>0</Level>
    <Task>13826</Task>
    <Opcode>0</Opcode>
    <Keywords>0x8020000000000000</Keywords>
    <TimeCreated SystemTime="2025-07-02T21:51:19.552585Z">
    </TimeCreated>
    <EventRecordID>88</EventRecordID>
    <Correlation ActivityID="676C99D0-EB9B-0001-C79C-6C679BEBDB01">
    </Correlation>
    <Execution ProcessID="680" ThreadID="720">
    </Execution>
    <Channel>Security</Channel>
    <Computer>WIN-201SCGOAP7Q</Computer>
    <Security>
    </Security>
  </System>
  <EventData>
    <Data Name="MemberName">-</Data>
    <Data Name="MemberSid">S-1-5-11</Data>
    <Data Name="TargetUserName">Users</Data>
    <Data Name="TargetDomainName">Builtin</Data>
    <Data Name="TargetSid">S-1-5-32-545</Data>
    <Data Name="SubjectUserSid">S-1-5-18</Data>
    <Data Name="SubjectUserName">MINWINPC$</Data>
    <Data Name="SubjectDomainName"></Data>
    <Data Name="SubjectLogonId">0x3e7</Data>
    <Data Name="PrivilegeList">-</Data>
  </EventData>
</Event>
Record 89
<?xml version="1.0" encoding="utf-8"?>
<Event xmlns="http://schemas.microsoft.com/win/2004/08/events/event">
  <System>
    <Provider Name="Microsoft-Windows-Security-Auditing" Guid="54849625-5478-4994-A5BA-3E3B0328C30D">
    </Provider>
    <EventID>4739</EventID>
    <Version>0</Version>
    <Level>0</Level>
    <Task>13569</Task>
    <Opcode>0</Opcode>
    <Keywords>0x8020000000000000</Keywords>
    <TimeCreated SystemTime="2025-07-02T21:51:19.553554Z">
    </TimeCreated>
    <EventRecordID>89</EventRecordID>
    <Correlation ActivityID="676C99D0-EB9B-0001-C79C-6C679BEBDB01">
    </Correlation>
    <Execution ProcessID="680" ThreadID="720">
    </Execution>
    <Channel>Security</Channel>
    <Computer>WIN-201SCGOAP7Q</Computer>
    <Security>
    </Security>
  </System>
  <EventData>
    <Data Name="DomainPolicyChanged">Password Policy</Data>
    <Data Name="DomainName">MINWINPC</Data>
    <Data Name="DomainSid">S-1-5-21-2584721208-1353900670-1627748517</Data>
    <Data Name="SubjectUserSid">S-1-5-18</Data>
    <Data Name="SubjectUserName">MINWINPC$</Data>
    <Data Name="SubjectDomainName"></Data>
    <Data Name="SubjectLogonId">0x3e7</Data>
    <Data Name="PrivilegeList">-</Data>
    <Data Name="MinPasswordAge">unavailable</Data>
    <Data Name="MaxPasswordAge">42:00:00:00</Data>
    <Data Name="ForceLogoff">-</Data>
    <Data Name="LockoutThreshold">-</Data>
    <Data Name="LockoutObservationWindow">-</Data>
    <Data Name="LockoutDuration">-</Data>
    <Data Name="PasswordProperties">8</Data>
    <Data Name="MinPasswordLength">0</Data>
    <Data Name="PasswordHistoryLength">0</Data>
    <Data Name="MachineAccountQuota">-</Data>
    <Data Name="MixedDomainMode">-</Data>
    <Data Name="DomainBehaviorVersion">-</Data>
    <Data Name="OemInformation">-</Data>
  </EventData>
</Event>
Record 90
<?xml version="1.0" encoding="utf-8"?>
<Event xmlns="http://schemas.microsoft.com/win/2004/08/events/event">
  <System>
    <Provider Name="Microsoft-Windows-Security-Auditing" Guid="54849625-5478-4994-A5BA-3E3B0328C30D">
    </Provider>
    <EventID>4725</EventID>
    <Version>0</Version>
    <Level>0</Level>
    <Task>13824</Task>
    <Opcode>0</Opcode>
    <Keywords>0x8020000000000000</Keywords>
    <TimeCreated SystemTime="2025-07-02T21:51:19.553742Z">
    </TimeCreated>
    <EventRecordID>90</EventRecordID>
    <Correlation ActivityID="676C99D0-EB9B-0001-C79C-6C679BEBDB01">
    </Correlation>
    <Execution ProcessID="680" ThreadID="720">
    </Execution>
    <Channel>Security</Channel>
    <Computer>WIN-201SCGOAP7Q</Computer>
    <Security>
    </Security>
  </System>
  <EventData>
    <Data Name="TargetUserName">Administrator</Data>
    <Data Name="TargetDomainName">MINWINPC</Data>
    <Data Name="TargetSid">S-1-5-21-2584721208-1353900670-1627748517-500</Data>
    <Data Name="SubjectUserSid">S-1-5-18</Data>
    <Data Name="SubjectUserName">MINWINPC$</Data>
    <Data Name="SubjectDomainName"></Data>
    <Data Name="SubjectLogonId">0x3e7</Data>
  </EventData>
</Event>
Record 91
<?xml version="1.0" encoding="utf-8"?>
<Event xmlns="http://schemas.microsoft.com/win/2004/08/events/event">
  <System>
    <Provider Name="Microsoft-Windows-Security-Auditing" Guid="54849625-5478-4994-A5BA-3E3B0328C30D">
    </Provider>
    <EventID>4738</EventID>
    <Version>0</Version>
    <Level>0</Level>
    <Task>13824</Task>
    <Opcode>0</Opcode>
    <Keywords>0x8020000000000000</Keywords>
    <TimeCreated SystemTime="2025-07-02T21:51:19.553751Z">
    </TimeCreated>
    <EventRecordID>91</EventRecordID>
    <Correlation ActivityID="676C99D0-EB9B-0001-C79C-6C679BEBDB01">
    </Correlation>
    <Execution ProcessID="680" ThreadID="720">
    </Execution>
    <Channel>Security</Channel>
    <Computer>WIN-201SCGOAP7Q</Computer>
    <Security>
    </Security>
  </System>
  <EventData>
    <Data Name="Dummy">-</Data>
    <Data Name="TargetUserName">Administrator</Data>
    <Data Name="TargetDomainName">MINWINPC</Data>
    <Data Name="TargetSid">S-1-5-21-2584721208-1353900670-1627748517-500</Data>
    <Data Name="SubjectUserSid">S-1-5-18</Data>
    <Data Name="SubjectUserName">MINWINPC$</Data>
    <Data Name="SubjectDomainName"></Data>
    <Data Name="SubjectLogonId">0x3e7</Data>
    <Data Name="PrivilegeList">-</Data>
    <Data Name="SamAccountName">-</Data>
    <Data Name="DisplayName">-</Data>
    <Data Name="UserPrincipalName">-</Data>
    <Data Name="HomeDirectory">-</Data>
    <Data Name="HomePath">-</Data>
    <Data Name="ScriptPath">-</Data>
    <Data Name="ProfilePath">-</Data>
    <Data Name="UserWorkstations">-</Data>
    <Data Name="PasswordLastSet">-</Data>
    <Data Name="AccountExpires">-</Data>
    <Data Name="PrimaryGroupId">-</Data>
    <Data Name="AllowedToDelegateTo">-</Data>
    <Data Name="OldUacValue">0x210</Data>
    <Data Name="NewUacValue">0x211</Data>
    <Data Name="UserAccountControl">
		%%2080</Data>
    <Data Name="UserParameters">-</Data>
    <Data Name="SidHistory">-</Data>
    <Data Name="LogonHours">-</Data>
  </EventData>
</Event>
Record 92
<?xml version="1.0" encoding="utf-8"?>
<Event xmlns="http://schemas.microsoft.com/win/2004/08/events/event">
  <System>
    <Provider Name="Microsoft-Windows-Security-Auditing" Guid="54849625-5478-4994-A5BA-3E3B0328C30D">
    </Provider>
    <EventID>4725</EventID>
    <Version>0</Version>
    <Level>0</Level>
    <Task>13824</Task>
    <Opcode>0</Opcode>
    <Keywords>0x8020000000000000</Keywords>
    <TimeCreated SystemTime="2025-07-02T21:51:19.553958Z">
    </TimeCreated>
    <EventRecordID>92</EventRecordID>
    <Correlation ActivityID="676C99D0-EB9B-0001-C79C-6C679BEBDB01">
    </Correlation>
    <Execution ProcessID="680" ThreadID="720">
    </Execution>
    <Channel>Security</Channel>
    <Computer>WIN-201SCGOAP7Q</Computer>
    <Security>
    </Security>
  </System>
  <EventData>
    <Data Name="TargetUserName">Guest</Data>
    <Data Name="TargetDomainName">MINWINPC</Data>
    <Data Name="TargetSid">S-1-5-21-2584721208-1353900670-1627748517-501</Data>
    <Data Name="SubjectUserSid">S-1-5-18</Data>
    <Data Name="SubjectUserName">MINWINPC$</Data>
    <Data Name="SubjectDomainName"></Data>
    <Data Name="SubjectLogonId">0x3e7</Data>
  </EventData>
</Event>
Record 93
<?xml version="1.0" encoding="utf-8"?>
<Event xmlns="http://schemas.microsoft.com/win/2004/08/events/event">
  <System>
    <Provider Name="Microsoft-Windows-Security-Auditing" Guid="54849625-5478-4994-A5BA-3E3B0328C30D">
    </Provider>
    <EventID>4738</EventID>
    <Version>0</Version>
    <Level>0</Level>
    <Task>13824</Task>
    <Opcode>0</Opcode>
    <Keywords>0x8020000000000000</Keywords>
    <TimeCreated SystemTime="2025-07-02T21:51:19.553972Z">
    </TimeCreated>
    <EventRecordID>93</EventRecordID>
    <Correlation ActivityID="676C99D0-EB9B-0001-C79C-6C679BEBDB01">
    </Correlation>
    <Execution ProcessID="680" ThreadID="720">
    </Execution>
    <Channel>Security</Channel>
    <Computer>WIN-201SCGOAP7Q</Computer>
    <Security>
    </Security>
  </System>
  <EventData>
    <Data Name="Dummy">-</Data>
    <Data Name="TargetUserName">Guest</Data>
    <Data Name="TargetDomainName">MINWINPC</Data>
    <Data Name="TargetSid">S-1-5-21-2584721208-1353900670-1627748517-501</Data>
    <Data Name="SubjectUserSid">S-1-5-18</Data>
    <Data Name="SubjectUserName">MINWINPC$</Data>
    <Data Name="SubjectDomainName"></Data>
    <Data Name="SubjectLogonId">0x3e7</Data>
    <Data Name="PrivilegeList">-</Data>
    <Data Name="SamAccountName">-</Data>
    <Data Name="DisplayName">-</Data>
    <Data Name="UserPrincipalName">-</Data>
    <Data Name="HomeDirectory">-</Data>
    <Data Name="HomePath">-</Data>
    <Data Name="ScriptPath">-</Data>
    <Data Name="ProfilePath">-</Data>
    <Data Name="UserWorkstations">-</Data>
    <Data Name="PasswordLastSet">-</Data>
    <Data Name="AccountExpires">-</Data>
    <Data Name="PrimaryGroupId">-</Data>
    <Data Name="AllowedToDelegateTo">-</Data>
    <Data Name="OldUacValue">0x214</Data>
    <Data Name="NewUacValue">0x215</Data>
    <Data Name="UserAccountControl">
		%%2080</Data>
    <Data Name="UserParameters">-</Data>
    <Data Name="SidHistory">-</Data>
    <Data Name="LogonHours">-</Data>
  </EventData>
</Event>
Record 94
<?xml version="1.0" encoding="utf-8"?>
<Event xmlns="http://schemas.microsoft.com/win/2004/08/events/event">
  <System>
    <Provider Name="Microsoft-Windows-Security-Auditing" Guid="54849625-5478-4994-A5BA-3E3B0328C30D">
    </Provider>
    <EventID>4624</EventID>
    <Version>2</Version>
    <Level>0</Level>
    <Task>12544</Task>
    <Opcode>0</Opcode>
    <Keywords>0x8020000000000000</Keywords>
    <TimeCreated SystemTime="2025-07-02T21:51:19.791174Z">
    </TimeCreated>
    <EventRecordID>94</EventRecordID>
    <Correlation ActivityID="676C99D0-EB9B-0001-C79C-6C679BEBDB01">
    </Correlation>
    <Execution ProcessID="680" ThreadID="780">
    </Execution>
    <Channel>Security</Channel>
    <Computer>WIN-201SCGOAP7Q</Computer>
    <Security>
    </Security>
  </System>
  <EventData>
    <Data Name="SubjectUserSid">S-1-5-18</Data>
    <Data Name="SubjectUserName">MINWINPC$</Data>
    <Data Name="SubjectDomainName"></Data>
    <Data Name="SubjectLogonId">0x3e7</Data>
    <Data Name="TargetUserSid">S-1-5-18</Data>
    <Data Name="TargetUserName">SYSTEM</Data>
    <Data Name="TargetDomainName">NT AUTHORITY</Data>
    <Data Name="TargetLogonId">0x3e7</Data>
    <Data Name="LogonType">5</Data>
    <Data Name="LogonProcessName">Advapi</Data>
    <Data Name="AuthenticationPackageName">Negotiate</Data>
    <Data Name="WorkstationName">-</Data>
    <Data Name="LogonGuid">00000000-0000-0000-0000-000000000000</Data>
    <Data Name="TransmittedServices">-</Data>
    <Data Name="LmPackageName">-</Data>
    <Data Name="KeyLength">0</Data>
    <Data Name="ProcessId">0x294</Data>
    <Data Name="ProcessName">C:\Windows\System32\services.exe</Data>
    <Data Name="IpAddress">-</Data>
    <Data Name="IpPort">-</Data>
    <Data Name="ImpersonationLevel">%%1833</Data>
    <Data Name="RestrictedAdminMode">-</Data>
    <Data Name="TargetOutboundUserName">-</Data>
    <Data Name="TargetOutboundDomainName">-</Data>
    <Data Name="VirtualAccount">%%1843</Data>
    <Data Name="TargetLinkedLogonId">0x0</Data>
    <Data Name="ElevatedToken">%%1842</Data>
  </EventData>
</Event>
Record 95
<?xml version="1.0" encoding="utf-8"?>
<Event xmlns="http://schemas.microsoft.com/win/2004/08/events/event">
  <System>
    <Provider Name="Microsoft-Windows-Security-Auditing" Guid="54849625-5478-4994-A5BA-3E3B0328C30D">
    </Provider>
    <EventID>4672</EventID>
    <Version>0</Version>
    <Level>0</Level>
    <Task>12548</Task>
    <Opcode>0</Opcode>
    <Keywords>0x8020000000000000</Keywords>
    <TimeCreated SystemTime="2025-07-02T21:51:19.791177Z">
    </TimeCreated>
    <EventRecordID>95</EventRecordID>
    <Correlation ActivityID="676C99D0-EB9B-0001-C79C-6C679BEBDB01">
    </Correlation>
    <Execution ProcessID="680" ThreadID="780">
    </Execution>
    <Channel>Security</Channel>
    <Computer>WIN-201SCGOAP7Q</Computer>
    <Security>
    </Security>
  </System>
  <EventData>
    <Data Name="SubjectUserSid">S-1-5-18</Data>
    <Data Name="SubjectUserName">SYSTEM</Data>
    <Data Name="SubjectDomainName">NT AUTHORITY</Data>
    <Data Name="SubjectLogonId">0x3e7</Data>
    <Data Name="PrivilegeList">SeAssignPrimaryTokenPrivilege
			SeTcbPrivilege
			SeSecurityPrivilege
			SeTakeOwnershipPrivilege
			SeLoadDriverPrivilege
			SeBackupPrivilege
			SeRestorePrivilege
			SeDebugPrivilege
			SeAuditPrivilege
			SeSystemEnvironmentPrivilege
			SeImpersonatePrivilege
			SeDelegateSessionUserImpersonatePrivilege</Data>
  </EventData>
</Event>
Record 96
<?xml version="1.0" encoding="utf-8"?>
<Event xmlns="http://schemas.microsoft.com/win/2004/08/events/event">
  <System>
    <Provider Name="Microsoft-Windows-Security-Auditing" Guid="54849625-5478-4994-A5BA-3E3B0328C30D">
    </Provider>
    <EventID>4624</EventID>
    <Version>2</Version>
    <Level>0</Level>
    <Task>12544</Task>
    <Opcode>0</Opcode>
    <Keywords>0x8020000000000000</Keywords>
    <TimeCreated SystemTime="2025-07-02T21:51:19.968824Z">
    </TimeCreated>
    <EventRecordID>96</EventRecordID>
    <Correlation ActivityID="676C99D0-EB9B-0001-C79C-6C679BEBDB01">
    </Correlation>
    <Execution ProcessID="680" ThreadID="780">
    </Execution>
    <Channel>Security</Channel>
    <Computer>WIN-201SCGOAP7Q</Computer>
    <Security>
    </Security>
  </System>
  <EventData>
    <Data Name="SubjectUserSid">S-1-5-18</Data>
    <Data Name="SubjectUserName">MINWINPC$</Data>
    <Data Name="SubjectDomainName"></Data>
    <Data Name="SubjectLogonId">0x3e7</Data>
    <Data Name="TargetUserSid">S-1-5-18</Data>
    <Data Name="TargetUserName">SYSTEM</Data>
    <Data Name="TargetDomainName">NT AUTHORITY</Data>
    <Data Name="TargetLogonId">0x3e7</Data>
    <Data Name="LogonType">5</Data>
    <Data Name="LogonProcessName">Advapi</Data>
    <Data Name="AuthenticationPackageName">Negotiate</Data>
    <Data Name="WorkstationName">-</Data>
    <Data Name="LogonGuid">00000000-0000-0000-0000-000000000000</Data>
    <Data Name="TransmittedServices">-</Data>
    <Data Name="LmPackageName">-</Data>
    <Data Name="KeyLength">0</Data>
    <Data Name="ProcessId">0x294</Data>
    <Data Name="ProcessName">C:\Windows\System32\services.exe</Data>
    <Data Name="IpAddress">-</Data>
    <Data Name="IpPort">-</Data>
    <Data Name="ImpersonationLevel">%%1833</Data>
    <Data Name="RestrictedAdminMode">-</Data>
    <Data Name="TargetOutboundUserName">-</Data>
    <Data Name="TargetOutboundDomainName">-</Data>
    <Data Name="VirtualAccount">%%1843</Data>
    <Data Name="TargetLinkedLogonId">0x0</Data>
    <Data Name="ElevatedToken">%%1842</Data>
  </EventData>
</Event>
Record 97
<?xml version="1.0" encoding="utf-8"?>
<Event xmlns="http://schemas.microsoft.com/win/2004/08/events/event">
  <System>
    <Provider Name="Microsoft-Windows-Security-Auditing" Guid="54849625-5478-4994-A5BA-3E3B0328C30D">
    </Provider>
    <EventID>4672</EventID>
    <Version>0</Version>
    <Level>0</Level>
    <Task>12548</Task>
    <Opcode>0</Opcode>
    <Keywords>0x8020000000000000</Keywords>
    <TimeCreated SystemTime="2025-07-02T21:51:19.968829Z">
    </TimeCreated>
    <EventRecordID>97</EventRecordID>
    <Correlation ActivityID="676C99D0-EB9B-0001-C79C-6C679BEBDB01">
    </Correlation>
    <Execution ProcessID="680" ThreadID="780">
    </Execution>
    <Channel>Security</Channel>
    <Computer>WIN-201SCGOAP7Q</Computer>
    <Security>
    </Security>
  </System>
  <EventData>
    <Data Name="SubjectUserSid">S-1-5-18</Data>
    <Data Name="SubjectUserName">SYSTEM</Data>
    <Data Name="SubjectDomainName">NT AUTHORITY</Data>
    <Data Name="SubjectLogonId">0x3e7</Data>
    <Data Name="PrivilegeList">SeAssignPrimaryTokenPrivilege
			SeTcbPrivilege
			SeSecurityPrivilege
			SeTakeOwnershipPrivilege
			SeLoadDriverPrivilege
			SeBackupPrivilege
			SeRestorePrivilege
			SeDebugPrivilege
			SeAuditPrivilege
			SeSystemEnvironmentPrivilege
			SeImpersonatePrivilege
			SeDelegateSessionUserImpersonatePrivilege</Data>
  </EventData>
</Event>
Record 98
<?xml version="1.0" encoding="utf-8"?>
<Event xmlns="http://schemas.microsoft.com/win/2004/08/events/event">
  <System>
    <Provider Name="Microsoft-Windows-Security-Auditing" Guid="54849625-5478-4994-A5BA-3E3B0328C30D">
    </Provider>
    <EventID>4624</EventID>
    <Version>2</Version>
    <Level>0</Level>
    <Task>12544</Task>
    <Opcode>0</Opcode>
    <Keywords>0x8020000000000000</Keywords>
    <TimeCreated SystemTime="2025-07-02T21:51:20.006005Z">
    </TimeCreated>
    <EventRecordID>98</EventRecordID>
    <Correlation ActivityID="676C99D0-EB9B-0001-C79C-6C679BEBDB01">
    </Correlation>
    <Execution ProcessID="680" ThreadID="720">
    </Execution>
    <Channel>Security</Channel>
    <Computer>WIN-201SCGOAP7Q</Computer>
    <Security>
    </Security>
  </System>
  <EventData>
    <Data Name="SubjectUserSid">S-1-5-18</Data>
    <Data Name="SubjectUserName">MINWINPC$</Data>
    <Data Name="SubjectDomainName"></Data>
    <Data Name="SubjectLogonId">0x3e7</Data>
    <Data Name="TargetUserSid">S-1-5-18</Data>
    <Data Name="TargetUserName">SYSTEM</Data>
    <Data Name="TargetDomainName">NT AUTHORITY</Data>
    <Data Name="TargetLogonId">0x3e7</Data>
    <Data Name="LogonType">5</Data>
    <Data Name="LogonProcessName">Advapi</Data>
    <Data Name="AuthenticationPackageName">Negotiate</Data>
    <Data Name="WorkstationName">-</Data>
    <Data Name="LogonGuid">00000000-0000-0000-0000-000000000000</Data>
    <Data Name="TransmittedServices">-</Data>
    <Data Name="LmPackageName">-</Data>
    <Data Name="KeyLength">0</Data>
    <Data Name="ProcessId">0x294</Data>
    <Data Name="ProcessName">C:\Windows\System32\services.exe</Data>
    <Data Name="IpAddress">-</Data>
    <Data Name="IpPort">-</Data>
    <Data Name="ImpersonationLevel">%%1833</Data>
    <Data Name="RestrictedAdminMode">-</Data>
    <Data Name="TargetOutboundUserName">-</Data>
    <Data Name="TargetOutboundDomainName">-</Data>
    <Data Name="VirtualAccount">%%1843</Data>
    <Data Name="TargetLinkedLogonId">0x0</Data>
    <Data Name="ElevatedToken">%%1842</Data>
  </EventData>
</Event>
Record 99
<?xml version="1.0" encoding="utf-8"?>
<Event xmlns="http://schemas.microsoft.com/win/2004/08/events/event">
  <System>
    <Provider Name="Microsoft-Windows-Security-Auditing" Guid="54849625-5478-4994-A5BA-3E3B0328C30D">
    </Provider>
    <EventID>4672</EventID>
    <Version>0</Version>
    <Level>0</Level>
    <Task>12548</Task>
    <Opcode>0</Opcode>
    <Keywords>0x8020000000000000</Keywords>
    <TimeCreated SystemTime="2025-07-02T21:51:20.006009Z">
    </TimeCreated>
    <EventRecordID>99</EventRecordID>
    <Correlation ActivityID="676C99D0-EB9B-0001-C79C-6C679BEBDB01">
    </Correlation>
    <Execution ProcessID="680" ThreadID="720">
    </Execution>
    <Channel>Security</Channel>
    <Computer>WIN-201SCGOAP7Q</Computer>
    <Security>
    </Security>
  </System>
  <EventData>
    <Data Name="SubjectUserSid">S-1-5-18</Data>
    <Data Name="SubjectUserName">SYSTEM</Data>
    <Data Name="SubjectDomainName">NT AUTHORITY</Data>
    <Data Name="SubjectLogonId">0x3e7</Data>
    <Data Name="PrivilegeList">SeAssignPrimaryTokenPrivilege
			SeTcbPrivilege
			SeSecurityPrivilege
			SeTakeOwnershipPrivilege
			SeLoadDriverPrivilege
			SeBackupPrivilege
			SeRestorePrivilege
			SeDebugPrivilege
			SeAuditPrivilege
			SeSystemEnvironmentPrivilege
			SeImpersonatePrivilege
			SeDelegateSessionUserImpersonatePrivilege</Data>
  </EventData>
</Event>
Record 100
<?xml version="1.0" encoding="utf-8"?>
<Event xmlns="http://schemas.microsoft.com/win/2004/08/events/event">
  <System>
    <Provider Name="Microsoft-Windows-Security-Auditing" Guid="54849625-5478-4994-A5BA-3E3B0328C30D">
    </Provider>
    <EventID>4624</EventID>
    <Version>2</Version>
    <Level>0</Level>
    <Task>12544</Task>
    <Opcode>0</Opcode>
    <Keywords>0x8020000000000000</Keywords>
    <TimeCreated SystemTime="2025-07-02T21:51:20.018268Z">
    </TimeCreated>
    <EventRecordID>100</EventRecordID>
    <Correlation ActivityID="676C99D0-EB9B-0001-C79C-6C679BEBDB01">
    </Correlation>
    <Execution ProcessID="680" ThreadID="720">
    </Execution>
    <Channel>Security</Channel>
    <Computer>WIN-201SCGOAP7Q</Computer>
    <Security>
    </Security>
  </System>
  <EventData>
    <Data Name="SubjectUserSid">S-1-5-18</Data>
    <Data Name="SubjectUserName">MINWINPC$</Data>
    <Data Name="SubjectDomainName"></Data>
    <Data Name="SubjectLogonId">0x3e7</Data>
    <Data Name="TargetUserSid">S-1-5-18</Data>
    <Data Name="TargetUserName">SYSTEM</Data>
    <Data Name="TargetDomainName">NT AUTHORITY</Data>
    <Data Name="TargetLogonId">0x3e7</Data>
    <Data Name="LogonType">5</Data>
    <Data Name="LogonProcessName">Advapi</Data>
    <Data Name="AuthenticationPackageName">Negotiate</Data>
    <Data Name="WorkstationName">-</Data>
    <Data Name="LogonGuid">00000000-0000-0000-0000-000000000000</Data>
    <Data Name="TransmittedServices">-</Data>
    <Data Name="LmPackageName">-</Data>
    <Data Name="KeyLength">0</Data>
    <Data Name="ProcessId">0x294</Data>
    <Data Name="ProcessName">C:\Windows\System32\services.exe</Data>
    <Data Name="IpAddress">-</Data>
    <Data Name="IpPort">-</Data>
    <Data Name="ImpersonationLevel">%%1833</Data>
    <Data Name="RestrictedAdminMode">-</Data>
    <Data Name="TargetOutboundUserName">-</Data>
    <Data Name="TargetOutboundDomainName">-</Data>
    <Data Name="VirtualAccount">%%1843</Data>
    <Data Name="TargetLinkedLogonId">0x0</Data>
    <Data Name="ElevatedToken">%%1842</Data>
  </EventData>
</Event>
Record 101
<?xml version="1.0" encoding="utf-8"?>
<Event xmlns="http://schemas.microsoft.com/win/2004/08/events/event">
  <System>
    <Provider Name="Microsoft-Windows-Security-Auditing" Guid="54849625-5478-4994-A5BA-3E3B0328C30D">
    </Provider>
    <EventID>4672</EventID>
    <Version>0</Version>
    <Level>0</Level>
    <Task>12548</Task>
    <Opcode>0</Opcode>
    <Keywords>0x8020000000000000</Keywords>
    <TimeCreated SystemTime="2025-07-02T21:51:20.018272Z">
    </TimeCreated>
    <EventRecordID>101</EventRecordID>
    <Correlation ActivityID="676C99D0-EB9B-0001-C79C-6C679BEBDB01">
    </Correlation>
    <Execution ProcessID="680" ThreadID="720">
    </Execution>
    <Channel>Security</Channel>
    <Computer>WIN-201SCGOAP7Q</Computer>
    <Security>
    </Security>
  </System>
  <EventData>
    <Data Name="SubjectUserSid">S-1-5-18</Data>
    <Data Name="SubjectUserName">SYSTEM</Data>
    <Data Name="SubjectDomainName">NT AUTHORITY</Data>
    <Data Name="SubjectLogonId">0x3e7</Data>
    <Data Name="PrivilegeList">SeAssignPrimaryTokenPrivilege
			SeTcbPrivilege
			SeSecurityPrivilege
			SeTakeOwnershipPrivilege
			SeLoadDriverPrivilege
			SeBackupPrivilege
			SeRestorePrivilege
			SeDebugPrivilege
			SeAuditPrivilege
			SeSystemEnvironmentPrivilege
			SeImpersonatePrivilege
			SeDelegateSessionUserImpersonatePrivilege</Data>
  </EventData>
</Event>
