Record 1
<?xml version="1.0" encoding="utf-8"?>
<Event xmlns="http://schemas.microsoft.com/win/2004/08/events/event">
  <System>
    <Provider Name="Microsoft-Windows-Security-Auditing" Guid="54849625-5478-4994-A5BA-3E3B0328C30D">
    </Provider>
    <EventID>4688</EventID>
    <Version>2</Version>
    <Level>0</Level>
    <Task>13312</Task>
    <Opcode>0</Opcode>
    <Keywords>0x8020000000000000</Keywords>
    <TimeCreated SystemTime="2025-07-02T21:51:08.907072Z">
    </TimeCreated>
    <EventRecordID>1</EventRecordID>
    <Correlation>
    </Correlation>
    <Execution ProcessID="4" ThreadID="32">
    </Execution>
    <Channel>Security</Channel>
    <Computer>WIN-201SCGOAP7Q</Computer>
    <Security>
    </Security>
  </System>
  <EventData>
    <Data Name="SubjectUserSid">S-1-5-18</Data>
    <Data Name="SubjectUserName">-</Data>
    <Data Name="SubjectDomainName">-</Data>
    <Data Name="SubjectLogonId">0x3e7</Data>
    <Data Name="NewProcessId">0x5c</Data>
    <Data Name="NewProcessName">Registry</Data>
    <Data Name="TokenElevationType">%%1936</Data>
    <Data Name="ProcessId">0x4</Data>
    <Data Name="CommandLine"></Data>
    <Data Name="TargetUserSid">S-1-0-0</Data>
    <Data Name="TargetUserName">-</Data>
    <Data Name="TargetDomainName">-</Data>
    <Data Name="TargetLogonId">0x0</Data>
    <Data Name="ParentProcessName"></Data>
    <Data Name="MandatoryLabel">S-1-16-16384</Data>
  </EventData>
</Event>
Record 2
<?xml version="1.0" encoding="utf-8"?>
<Event xmlns="http://schemas.microsoft.com/win/2004/08/events/event">
  <System>
    <Provider Name="Microsoft-Windows-Security-Auditing" Guid="54849625-5478-4994-A5BA-3E3B0328C30D">
    </Provider>
    <EventID>4696</EventID>
    <Version>0</Version>
    <Level>0</Level>
    <Task>13312</Task>
    <Opcode>0</Opcode>
    <Keywords>0x8020000000000000</Keywords>
    <TimeCreated SystemTime="2025-07-02T21:51:08.907290Z">
    </TimeCreated>
    <EventRecordID>2</EventRecordID>
    <Correlation>
    </Correlation>
    <Execution ProcessID="4" ThreadID="32">
    </Execution>
    <Channel>Security</Channel>
    <Computer>WIN-201SCGOAP7Q</Computer>
    <Security>
    </Security>
  </System>
  <EventData>
    <Data Name="SubjectUserSid">S-1-5-18</Data>
    <Data Name="SubjectUserName">-</Data>
    <Data Name="SubjectDomainName">-</Data>
    <Data Name="SubjectLogonId">0x3e7</Data>
    <Data Name="TargetUserSid">S-1-0-0</Data>
    <Data Name="TargetUserName">-</Data>
    <Data Name="TargetDomainName">-</Data>
    <Data Name="TargetLogonId">0x3e7</Data>
    <Data Name="TargetProcessId">0x5c</Data>
    <Data Name="TargetProcessName">Registry</Data>
    <Data Name="ProcessId">0x4</Data>
    <Data Name="ProcessName"></Data>
  </EventData>
</Event>
Record 3
<?xml version="1.0" encoding="utf-8"?>
<Event xmlns="http://schemas.microsoft.com/win/2004/08/events/event">
  <System>
    <Provider Name="Microsoft-Windows-Security-Auditing" Guid="54849625-5478-4994-A5BA-3E3B0328C30D">
    </Provider>
    <EventID>4826</EventID>
    <Version>0</Version>
    <Level>0</Level>
    <Task>13573</Task>
    <Opcode>0</Opcode>
    <Keywords>0x8020000000000000</Keywords>
    <TimeCreated SystemTime="2025-07-02T21:51:08.907292Z">
    </TimeCreated>
    <EventRecordID>3</EventRecordID>
    <Correlation>
    </Correlation>
    <Execution ProcessID="4" ThreadID="32">
    </Execution>
    <Channel>Security</Channel>
    <Computer>WIN-201SCGOAP7Q</Computer>
    <Security>
    </Security>
  </System>
  <EventData>
    <Data Name="SubjectUserSid">S-1-5-18</Data>
    <Data Name="SubjectUserName">-</Data>
    <Data Name="SubjectDomainName">-</Data>
    <Data Name="SubjectLogonId">0x3e7</Data>
    <Data Name="LoadOptions">-</Data>
    <Data Name="AdvancedOptions">%%1843</Data>
    <Data Name="ConfigAccessPolicy">%%1846</Data>
    <Data Name="RemoteEventLogging">%%1843</Data>
    <Data Name="KernelDebug">%%1843</Data>
    <Data Name="VsmLaunchType">%%1848</Data>
    <Data Name="TestSigning">%%1843</Data>
    <Data Name="FlightSigning">%%1843</Data>
    <Data Name="DisableIntegrityChecks">%%1843</Data>
    <Data Name="HypervisorLoadOptions">-</Data>
    <Data Name="HypervisorLaunchType">%%1848</Data>
    <Data Name="HypervisorDebug">%%1843</Data>
  </EventData>
</Event>
Record 4
<?xml version="1.0" encoding="utf-8"?>
<Event xmlns="http://schemas.microsoft.com/win/2004/08/events/event">
  <System>
    <Provider Name="Microsoft-Windows-Security-Auditing" Guid="54849625-5478-4994-A5BA-3E3B0328C30D">
    </Provider>
    <EventID>4688</EventID>
    <Version>2</Version>
    <Level>0</Level>
    <Task>13312</Task>
    <Opcode>0</Opcode>
    <Keywords>0x8020000000000000</Keywords>
    <TimeCreated SystemTime="2025-07-02T21:51:08.911388Z">
    </TimeCreated>
    <EventRecordID>4</EventRecordID>
    <Correlation>
    </Correlation>
    <Execution ProcessID="4" ThreadID="32">
    </Execution>
    <Channel>Security</Channel>
    <Computer>WIN-201SCGOAP7Q</Computer>
    <Security>
    </Security>
  </System>
  <EventData>
    <Data Name="SubjectUserSid">S-1-5-18</Data>
    <Data Name="SubjectUserName">-</Data>
    <Data Name="SubjectDomainName">-</Data>
    <Data Name="SubjectLogonId">0x3e7</Data>
    <Data Name="NewProcessId">0x154</Data>
    <Data Name="NewProcessName">C:\Windows\System32\smss.exe</Data>
    <Data Name="TokenElevationType">%%1936</Data>
    <Data Name="ProcessId">0x4</Data>
    <Data Name="CommandLine"></Data>
    <Data Name="TargetUserSid">S-1-0-0</Data>
    <Data Name="TargetUserName">-</Data>
    <Data Name="TargetDomainName">-</Data>
    <Data Name="TargetLogonId">0x0</Data>
    <Data Name="ParentProcessName"></Data>
    <Data Name="MandatoryLabel">S-1-16-16384</Data>
  </EventData>
</Event>
Record 5
<?xml version="1.0" encoding="utf-8"?>
<Event xmlns="http://schemas.microsoft.com/win/2004/08/events/event">
  <System>
    <Provider Name="Microsoft-Windows-Security-Auditing" Guid="54849625-5478-4994-A5BA-3E3B0328C30D">
    </Provider>
    <EventID>4688</EventID>
    <Version>2</Version>
    <Level>0</Level>
    <Task>13312</Task>
    <Opcode>0</Opcode>
    <Keywords>0x8020000000000000</Keywords>
    <TimeCreated SystemTime="2025-07-02T21:51:09.599105Z">
    </TimeCreated>
    <EventRecordID>5</EventRecordID>
    <Correlation>
    </Correlation>
    <Execution ProcessID="4" ThreadID="32">
    </Execution>
    <Channel>Security</Channel>
    <Computer>WIN-201SCGOAP7Q</Computer>
    <Security>
    </Security>
  </System>
  <EventData>
    <Data Name="SubjectUserSid">S-1-5-18</Data>
    <Data Name="SubjectUserName">-</Data>
    <Data Name="SubjectDomainName">-</Data>
    <Data Name="SubjectLogonId">0x3e7</Data>
    <Data Name="NewProcessId">0x168</Data>
    <Data Name="NewProcessName">C:\Windows\System32\autochk.exe</Data>
    <Data Name="TokenElevationType">%%1936</Data>
    <Data Name="ProcessId">0x154</Data>
    <Data Name="CommandLine"></Data>
    <Data Name="TargetUserSid">S-1-0-0</Data>
    <Data Name="TargetUserName">-</Data>
    <Data Name="TargetDomainName">-</Data>
    <Data Name="TargetLogonId">0x0</Data>
    <Data Name="ParentProcessName">C:\Windows\System32\smss.exe</Data>
    <Data Name="MandatoryLabel">S-1-16-16384</Data>
  </EventData>
</Event>
Record 6
<?xml version="1.0" encoding="utf-8"?>
<Event xmlns="http://schemas.microsoft.com/win/2004/08/events/event">
  <System>
    <Provider Name="Microsoft-Windows-Security-Auditing" Guid="54849625-5478-4994-A5BA-3E3B0328C30D">
    </Provider>
    <EventID>4688</EventID>
    <Version>2</Version>
    <Level>0</Level>
    <Task>13312</Task>
    <Opcode>0</Opcode>
    <Keywords>0x8020000000000000</Keywords>
    <TimeCreated SystemTime="2025-07-02T21:51:11.195543Z">
    </TimeCreated>
    <EventRecordID>6</EventRecordID>
    <Correlation>
    </Correlation>
    <Execution ProcessID="4" ThreadID="292">
    </Execution>
    <Channel>Security</Channel>
    <Computer>WIN-201SCGOAP7Q</Computer>
    <Security>
    </Security>
  </System>
  <EventData>
    <Data Name="SubjectUserSid">S-1-5-18</Data>
    <Data Name="SubjectUserName">-</Data>
    <Data Name="SubjectDomainName">-</Data>
    <Data Name="SubjectLogonId">0x3e7</Data>
    <Data Name="NewProcessId">0x1a4</Data>
    <Data Name="NewProcessName">C:\Windows\System32\setupcl.exe</Data>
    <Data Name="TokenElevationType">%%1936</Data>
    <Data Name="ProcessId">0x154</Data>
    <Data Name="CommandLine"></Data>
    <Data Name="TargetUserSid">S-1-0-0</Data>
    <Data Name="TargetUserName">-</Data>
    <Data Name="TargetDomainName">-</Data>
    <Data Name="TargetLogonId">0x0</Data>
    <Data Name="ParentProcessName">C:\Windows\System32\smss.exe</Data>
    <Data Name="MandatoryLabel">S-1-16-16384</Data>
  </EventData>
</Event>
Record 7
<?xml version="1.0" encoding="utf-8"?>
<Event xmlns="http://schemas.microsoft.com/win/2004/08/events/event">
  <System>
    <Provider Name="Microsoft-Windows-Security-Auditing" Guid="54849625-5478-4994-A5BA-3E3B0328C30D">
    </Provider>
    <EventID>4688</EventID>
    <Version>2</Version>
    <Level>0</Level>
    <Task>13312</Task>
    <Opcode>0</Opcode>
    <Keywords>0x8020000000000000</Keywords>
    <TimeCreated SystemTime="2025-07-02T21:51:11.239993Z">
    </TimeCreated>
    <EventRecordID>7</EventRecordID>
    <Correlation>
    </Correlation>
    <Execution ProcessID="4" ThreadID="292">
    </Execution>
    <Channel>Security</Channel>
    <Computer>WIN-201SCGOAP7Q</Computer>
    <Security>
    </Security>
  </System>
  <EventData>
    <Data Name="SubjectUserSid">S-1-5-18</Data>
    <Data Name="SubjectUserName">-</Data>
    <Data Name="SubjectDomainName">-</Data>
    <Data Name="SubjectLogonId">0x3e7</Data>
    <Data Name="NewProcessId">0x1b8</Data>
    <Data Name="NewProcessName">C:\Windows\System32\smss.exe</Data>
    <Data Name="TokenElevationType">%%1936</Data>
    <Data Name="ProcessId">0x154</Data>
    <Data Name="CommandLine"></Data>
    <Data Name="TargetUserSid">S-1-0-0</Data>
    <Data Name="TargetUserName">-</Data>
    <Data Name="TargetDomainName">-</Data>
    <Data Name="TargetLogonId">0x0</Data>
    <Data Name="ParentProcessName">C:\Windows\System32\smss.exe</Data>
    <Data Name="MandatoryLabel">S-1-16-16384</Data>
  </EventData>
</Event>
Record 8
<?xml version="1.0" encoding="utf-8"?>
<Event xmlns="http://schemas.microsoft.com/win/2004/08/events/event">
  <System>
    <Provider Name="Microsoft-Windows-Security-Auditing" Guid="54849625-5478-4994-A5BA-3E3B0328C30D">
    </Provider>
    <EventID>4688</EventID>
    <Version>2</Version>
    <Level>0</Level>
    <Task>13312</Task>
    <Opcode>0</Opcode>
    <Keywords>0x8020000000000000</Keywords>
    <TimeCreated SystemTime="2025-07-02T21:51:11.295963Z">
    </TimeCreated>
    <EventRecordID>8</EventRecordID>
    <Correlation>
    </Correlation>
    <Execution ProcessID="4" ThreadID="244">
    </Execution>
    <Channel>Security</Channel>
    <Computer>WIN-201SCGOAP7Q</Computer>
    <Security>
    </Security>
  </System>
  <EventData>
    <Data Name="SubjectUserSid">S-1-5-18</Data>
    <Data Name="SubjectUserName">-</Data>
    <Data Name="SubjectDomainName">-</Data>
    <Data Name="SubjectLogonId">0x3e7</Data>
    <Data Name="NewProcessId">0x1c4</Data>
    <Data Name="NewProcessName">C:\Windows\System32\csrss.exe</Data>
    <Data Name="TokenElevationType">%%1936</Data>
    <Data Name="ProcessId">0x1b8</Data>
    <Data Name="CommandLine"></Data>
    <Data Name="TargetUserSid">S-1-0-0</Data>
    <Data Name="TargetUserName">-</Data>
    <Data Name="TargetDomainName">-</Data>
    <Data Name="TargetLogonId">0x0</Data>
    <Data Name="ParentProcessName">C:\Windows\System32\smss.exe</Data>
    <Data Name="MandatoryLabel">S-1-16-16384</Data>
  </EventData>
</Event>
Record 9
<?xml version="1.0" encoding="utf-8"?>
<Event xmlns="http://schemas.microsoft.com/win/2004/08/events/event">
  <System>
    <Provider Name="Microsoft-Windows-Security-Auditing" Guid="54849625-5478-4994-A5BA-3E3B0328C30D">
    </Provider>
    <EventID>4688</EventID>
    <Version>2</Version>
    <Level>0</Level>
    <Task>13312</Task>
    <Opcode>0</Opcode>
    <Keywords>0x8020000000000000</Keywords>
    <TimeCreated SystemTime="2025-07-02T21:51:11.334904Z">
    </TimeCreated>
    <EventRecordID>9</EventRecordID>
    <Correlation>
    </Correlation>
    <Execution ProcessID="4" ThreadID="292">
    </Execution>
    <Channel>Security</Channel>
    <Computer>WIN-201SCGOAP7Q</Computer>
    <Security>
    </Security>
  </System>
  <EventData>
    <Data Name="SubjectUserSid">S-1-5-18</Data>
    <Data Name="SubjectUserName">-</Data>
    <Data Name="SubjectDomainName">-</Data>
    <Data Name="SubjectLogonId">0x3e7</Data>
    <Data Name="NewProcessId">0x200</Data>
    <Data Name="NewProcessName">C:\Windows\System32\smss.exe</Data>
    <Data Name="TokenElevationType">%%1936</Data>
    <Data Name="ProcessId">0x154</Data>
    <Data Name="CommandLine"></Data>
    <Data Name="TargetUserSid">S-1-0-0</Data>
    <Data Name="TargetUserName">-</Data>
    <Data Name="TargetDomainName">-</Data>
    <Data Name="TargetLogonId">0x0</Data>
    <Data Name="ParentProcessName">C:\Windows\System32\smss.exe</Data>
    <Data Name="MandatoryLabel">S-1-16-16384</Data>
  </EventData>
</Event>
Record 10
<?xml version="1.0" encoding="utf-8"?>
<Event xmlns="http://schemas.microsoft.com/win/2004/08/events/event">
  <System>
    <Provider Name="Microsoft-Windows-Security-Auditing" Guid="54849625-5478-4994-A5BA-3E3B0328C30D">
    </Provider>
    <EventID>4688</EventID>
    <Version>2</Version>
    <Level>0</Level>
    <Task>13312</Task>
    <Opcode>0</Opcode>
    <Keywords>0x8020000000000000</Keywords>
    <TimeCreated SystemTime="2025-07-02T21:51:11.338465Z">
    </TimeCreated>
    <EventRecordID>10</EventRecordID>
    <Correlation>
    </Correlation>
    <Execution ProcessID="4" ThreadID="292">
    </Execution>
    <Channel>Security</Channel>
    <Computer>WIN-201SCGOAP7Q</Computer>
    <Security>
    </Security>
  </System>
  <EventData>
    <Data Name="SubjectUserSid">S-1-5-18</Data>
    <Data Name="SubjectUserName">-</Data>
    <Data Name="SubjectDomainName">-</Data>
    <Data Name="SubjectLogonId">0x3e7</Data>
    <Data Name="NewProcessId">0x208</Data>
    <Data Name="NewProcessName">C:\Windows\System32\wininit.exe</Data>
    <Data Name="TokenElevationType">%%1936</Data>
    <Data Name="ProcessId">0x1b8</Data>
    <Data Name="CommandLine"></Data>
    <Data Name="TargetUserSid">S-1-0-0</Data>
    <Data Name="TargetUserName">-</Data>
    <Data Name="TargetDomainName">-</Data>
    <Data Name="TargetLogonId">0x0</Data>
    <Data Name="ParentProcessName">C:\Windows\System32\smss.exe</Data>
    <Data Name="MandatoryLabel">S-1-16-16384</Data>
  </EventData>
</Event>
Record 11
<?xml version="1.0" encoding="utf-8"?>
<Event xmlns="http://schemas.microsoft.com/win/2004/08/events/event">
  <System>
    <Provider Name="Microsoft-Windows-Security-Auditing" Guid="54849625-5478-4994-A5BA-3E3B0328C30D">
    </Provider>
    <EventID>4688</EventID>
    <Version>2</Version>
    <Level>0</Level>
    <Task>13312</Task>
    <Opcode>0</Opcode>
    <Keywords>0x8020000000000000</Keywords>
    <TimeCreated SystemTime="2025-07-02T21:51:11.339792Z">
    </TimeCreated>
    <EventRecordID>11</EventRecordID>
    <Correlation>
    </Correlation>
    <Execution ProcessID="4" ThreadID="292">
    </Execution>
    <Channel>Security</Channel>
    <Computer>WIN-201SCGOAP7Q</Computer>
    <Security>
    </Security>
  </System>
  <EventData>
    <Data Name="SubjectUserSid">S-1-5-18</Data>
    <Data Name="SubjectUserName">-</Data>
    <Data Name="SubjectDomainName">-</Data>
    <Data Name="SubjectLogonId">0x3e7</Data>
    <Data Name="NewProcessId">0x210</Data>
    <Data Name="NewProcessName">C:\Windows\System32\csrss.exe</Data>
    <Data Name="TokenElevationType">%%1936</Data>
    <Data Name="ProcessId">0x200</Data>
    <Data Name="CommandLine"></Data>
    <Data Name="TargetUserSid">S-1-0-0</Data>
    <Data Name="TargetUserName">-</Data>
    <Data Name="TargetDomainName">-</Data>
    <Data Name="TargetLogonId">0x0</Data>
    <Data Name="ParentProcessName">C:\Windows\System32\smss.exe</Data>
    <Data Name="MandatoryLabel">S-1-16-16384</Data>
  </EventData>
</Event>
Record 12
<?xml version="1.0" encoding="utf-8"?>
<Event xmlns="http://schemas.microsoft.com/win/2004/08/events/event">
  <System>
    <Provider Name="Microsoft-Windows-Security-Auditing" Guid="54849625-5478-4994-A5BA-3E3B0328C30D">
    </Provider>
    <EventID>4688</EventID>
    <Version>2</Version>
    <Level>0</Level>
    <Task>13312</Task>
    <Opcode>0</Opcode>
    <Keywords>0x8020000000000000</Keywords>
    <TimeCreated SystemTime="2025-07-02T21:51:11.387590Z">
    </TimeCreated>
    <EventRecordID>12</EventRecordID>
    <Correlation>
    </Correlation>
    <Execution ProcessID="4" ThreadID="292">
    </Execution>
    <Channel>Security</Channel>
    <Computer>WIN-201SCGOAP7Q</Computer>
    <Security>
    </Security>
  </System>
  <EventData>
    <Data Name="SubjectUserSid">S-1-5-18</Data>
    <Data Name="SubjectUserName">-</Data>
    <Data Name="SubjectDomainName">-</Data>
    <Data Name="SubjectLogonId">0x3e7</Data>
    <Data Name="NewProcessId">0x268</Data>
    <Data Name="NewProcessName">C:\Windows\System32\winlogon.exe</Data>
    <Data Name="TokenElevationType">%%1936</Data>
    <Data Name="ProcessId">0x200</Data>
    <Data Name="CommandLine"></Data>
    <Data Name="TargetUserSid">S-1-0-0</Data>
    <Data Name="TargetUserName">-</Data>
    <Data Name="TargetDomainName">-</Data>
    <Data Name="TargetLogonId">0x0</Data>
    <Data Name="ParentProcessName">C:\Windows\System32\smss.exe</Data>
    <Data Name="MandatoryLabel">S-1-16-16384</Data>
  </EventData>
</Event>
Record 13
<?xml version="1.0" encoding="utf-8"?>
<Event xmlns="http://schemas.microsoft.com/win/2004/08/events/event">
  <System>
    <Provider Name="Microsoft-Windows-Security-Auditing" Guid="54849625-5478-4994-A5BA-3E3B0328C30D">
    </Provider>
    <EventID>4688</EventID>
    <Version>2</Version>
    <Level>0</Level>
    <Task>13312</Task>
    <Opcode>0</Opcode>
    <Keywords>0x8020000000000000</Keywords>
    <TimeCreated SystemTime="2025-07-02T21:51:11.430468Z">
    </TimeCreated>
    <EventRecordID>13</EventRecordID>
    <Correlation>
    </Correlation>
    <Execution ProcessID="4" ThreadID="292">
    </Execution>
    <Channel>Security</Channel>
    <Computer>WIN-201SCGOAP7Q</Computer>
    <Security>
    </Security>
  </System>
  <EventData>
    <Data Name="SubjectUserSid">S-1-5-18</Data>
    <Data Name="SubjectUserName">-</Data>
    <Data Name="SubjectDomainName">-</Data>
    <Data Name="SubjectLogonId">0x3e7</Data>
    <Data Name="NewProcessId">0x294</Data>
    <Data Name="NewProcessName">C:\Windows\System32\services.exe</Data>
    <Data Name="TokenElevationType">%%1936</Data>
    <Data Name="ProcessId">0x208</Data>
    <Data Name="CommandLine"></Data>
    <Data Name="TargetUserSid">S-1-0-0</Data>
    <Data Name="TargetUserName">-</Data>
    <Data Name="TargetDomainName">-</Data>
    <Data Name="TargetLogonId">0x0</Data>
    <Data Name="ParentProcessName">C:\Windows\System32\wininit.exe</Data>
    <Data Name="MandatoryLabel">S-1-16-16384</Data>
  </EventData>
</Event>
Record 14
<?xml version="1.0" encoding="utf-8"?>
<Event xmlns="http://schemas.microsoft.com/win/2004/08/events/event">
  <System>
    <Provider Name="Microsoft-Windows-Security-Auditing" Guid="54849625-5478-4994-A5BA-3E3B0328C30D">
    </Provider>
    <EventID>4688</EventID>
    <Version>2</Version>
    <Level>0</Level>
    <Task>13312</Task>
    <Opcode>0</Opcode>
    <Keywords>0x8020000000000000</Keywords>
    <TimeCreated SystemTime="2025-07-02T21:51:11.455306Z">
    </TimeCreated>
    <EventRecordID>14</EventRecordID>
    <Correlation>
    </Correlation>
    <Execution ProcessID="4" ThreadID="292">
    </Execution>
    <Channel>Security</Channel>
    <Computer>WIN-201SCGOAP7Q</Computer>
    <Security>
    </Security>
  </System>
  <EventData>
    <Data Name="SubjectUserSid">S-1-5-18</Data>
    <Data Name="SubjectUserName">-</Data>
    <Data Name="SubjectDomainName">-</Data>
    <Data Name="SubjectLogonId">0x3e7</Data>
    <Data Name="NewProcessId">0x2a8</Data>
    <Data Name="NewProcessName">C:\Windows\System32\lsass.exe</Data>
    <Data Name="TokenElevationType">%%1936</Data>
    <Data Name="ProcessId">0x208</Data>
    <Data Name="CommandLine"></Data>
    <Data Name="TargetUserSid">S-1-0-0</Data>
    <Data Name="TargetUserName">-</Data>
    <Data Name="TargetDomainName">-</Data>
    <Data Name="TargetLogonId">0x0</Data>
    <Data Name="ParentProcessName">C:\Windows\System32\wininit.exe</Data>
    <Data Name="MandatoryLabel">S-1-16-16384</Data>
  </EventData>
</Event>
Record 15
<?xml version="1.0" encoding="utf-8"?>
<Event xmlns="http://schemas.microsoft.com/win/2004/08/events/event">
  <System>
    <Provider Name="Microsoft-Windows-Security-Auditing" Guid="54849625-5478-4994-A5BA-3E3B0328C30D">
    </Provider>
    <EventID>4608</EventID>
    <Version>0</Version>
    <Level>0</Level>
    <Task>12288</Task>
    <Opcode>0</Opcode>
    <Keywords>0x8020000000000000</Keywords>
    <TimeCreated SystemTime="2025-07-02T21:51:11.517198Z">
    </TimeCreated>
    <EventRecordID>15</EventRecordID>
    <Correlation>
    </Correlation>
    <Execution ProcessID="680" ThreadID="684">
    </Execution>
    <Channel>Security</Channel>
    <Computer>WIN-201SCGOAP7Q</Computer>
    <Security>
    </Security>
  </System>
  <EventData>
  </EventData>
</Event>
Record 16
<?xml version="1.0" encoding="utf-8"?>
<Event xmlns="http://schemas.microsoft.com/win/2004/08/events/event">
  <System>
    <Provider Name="Microsoft-Windows-Security-Auditing" Guid="54849625-5478-4994-A5BA-3E3B0328C30D">
    </Provider>
    <EventID>4624</EventID>
    <Version>2</Version>
    <Level>0</Level>
    <Task>12544</Task>
    <Opcode>0</Opcode>
    <Keywords>0x8020000000000000</Keywords>
    <TimeCreated SystemTime="2025-07-02T21:51:11.522647Z">
    </TimeCreated>
    <EventRecordID>16</EventRecordID>
    <Correlation>
    </Correlation>
    <Execution ProcessID="680" ThreadID="684">
    </Execution>
    <Channel>Security</Channel>
    <Computer>WIN-201SCGOAP7Q</Computer>
    <Security>
    </Security>
  </System>
  <EventData>
    <Data Name="SubjectUserSid">S-1-0-0</Data>
    <Data Name="SubjectUserName">-</Data>
    <Data Name="SubjectDomainName">-</Data>
    <Data Name="SubjectLogonId">0x0</Data>
    <Data Name="TargetUserSid">S-1-5-18</Data>
    <Data Name="TargetUserName">SYSTEM</Data>
    <Data Name="TargetDomainName">NT AUTHORITY</Data>
    <Data Name="TargetLogonId">0x3e7</Data>
    <Data Name="LogonType">0</Data>
    <Data Name="LogonProcessName">-</Data>
    <Data Name="AuthenticationPackageName">-</Data>
    <Data Name="WorkstationName">-</Data>
    <Data Name="LogonGuid">00000000-0000-0000-0000-000000000000</Data>
    <Data Name="TransmittedServices">-</Data>
    <Data Name="LmPackageName">-</Data>
    <Data Name="KeyLength">0</Data>
    <Data Name="ProcessId">0x4</Data>
    <Data Name="ProcessName"></Data>
    <Data Name="IpAddress">-</Data>
    <Data Name="IpPort">-</Data>
    <Data Name="ImpersonationLevel">-</Data>
    <Data Name="RestrictedAdminMode">-</Data>
    <Data Name="TargetOutboundUserName">-</Data>
    <Data Name="TargetOutboundDomainName">-</Data>
    <Data Name="VirtualAccount">%%1843</Data>
    <Data Name="TargetLinkedLogonId">0x0</Data>
    <Data Name="ElevatedToken">%%1842</Data>
  </EventData>
</Event>
Record 17
<?xml version="1.0" encoding="utf-8"?>
<Event xmlns="http://schemas.microsoft.com/win/2004/08/events/event">
  <System>
    <Provider Name="Microsoft-Windows-Security-Auditing" Guid="54849625-5478-4994-A5BA-3E3B0328C30D">
    </Provider>
    <EventID>4902</EventID>
    <Version>0</Version>
    <Level>0</Level>
    <Task>13568</Task>
    <Opcode>0</Opcode>
    <Keywords>0x8020000000000000</Keywords>
    <TimeCreated SystemTime="2025-07-02T21:51:11.655490Z">
    </TimeCreated>
    <EventRecordID>17</EventRecordID>
    <Correlation>
    </Correlation>
    <Execution ProcessID="680" ThreadID="736">
    </Execution>
    <Channel>Security</Channel>
    <Computer>WIN-201SCGOAP7Q</Computer>
    <Security>
    </Security>
  </System>
  <EventData>
    <Data Name="PuaCount">0</Data>
    <Data Name="PuaPolicyId">0x195f1</Data>
  </EventData>
</Event>
Record 18
<?xml version="1.0" encoding="utf-8"?>
<Event xmlns="http://schemas.microsoft.com/win/2004/08/events/event">
  <System>
    <Provider Name="Microsoft-Windows-Security-Auditing" Guid="54849625-5478-4994-A5BA-3E3B0328C30D">
    </Provider>
    <EventID>4717</EventID>
    <Version>0</Version>
    <Level>0</Level>
    <Task>13569</Task>
    <Opcode>0</Opcode>
    <Keywords>0x8020000000000000</Keywords>
    <TimeCreated SystemTime="2025-07-02T21:51:11.679998Z">
    </TimeCreated>
    <EventRecordID>18</EventRecordID>
    <Correlation ActivityID="676C99D0-EB9B-0001-C79C-6C679BEBDB01">
    </Correlation>
    <Execution ProcessID="680" ThreadID="684">
    </Execution>
    <Channel>Security</Channel>
    <Computer>WIN-201SCGOAP7Q</Computer>
    <Security>
    </Security>
  </System>
  <EventData>
    <Data Name="SubjectUserSid">S-1-5-18</Data>
    <Data Name="SubjectUserName">MINWINPC$</Data>
    <Data Name="SubjectDomainName"></Data>
    <Data Name="SubjectLogonId">0x3e7</Data>
    <Data Name="TargetSid">S-1-5-80-3169285310-278349998-1452333686-3865143136-4212226833</Data>
    <Data Name="AccessGranted">SeServiceLogonRight</Data>
  </EventData>
</Event>
Record 19
<?xml version="1.0" encoding="utf-8"?>
<Event xmlns="http://schemas.microsoft.com/win/2004/08/events/event">
  <System>
    <Provider Name="Microsoft-Windows-Security-Auditing" Guid="54849625-5478-4994-A5BA-3E3B0328C30D">
    </Provider>
    <EventID>4731</EventID>
    <Version>0</Version>
    <Level>0</Level>
    <Task>13826</Task>
    <Opcode>0</Opcode>
    <Keywords>0x8020000000000000</Keywords>
    <TimeCreated SystemTime="2025-07-02T21:51:11.697597Z">
    </TimeCreated>
    <EventRecordID>19</EventRecordID>
    <Correlation ActivityID="676C99D0-EB9B-0001-C79C-6C679BEBDB01">
    </Correlation>
    <Execution ProcessID="680" ThreadID="684">
    </Execution>
    <Channel>Security</Channel>
    <Computer>WIN-201SCGOAP7Q</Computer>
    <Security>
    </Security>
  </System>
  <EventData>
    <Data Name="TargetUserName">Remote Desktop Users</Data>
    <Data Name="TargetDomainName">Builtin</Data>
    <Data Name="TargetSid">S-1-5-32-555</Data>
    <Data Name="SubjectUserSid">S-1-5-18</Data>
    <Data Name="SubjectUserName">MINWINPC$</Data>
    <Data Name="SubjectDomainName"></Data>
    <Data Name="SubjectLogonId">0x3e7</Data>
    <Data Name="PrivilegeList">-</Data>
    <Data Name="SamAccountName">Remote Desktop Users</Data>
    <Data Name="SidHistory">-</Data>
  </EventData>
</Event>
Record 20
<?xml version="1.0" encoding="utf-8"?>
<Event xmlns="http://schemas.microsoft.com/win/2004/08/events/event">
  <System>
    <Provider Name="Microsoft-Windows-Security-Auditing" Guid="54849625-5478-4994-A5BA-3E3B0328C30D">
    </Provider>
    <EventID>4735</EventID>
    <Version>0</Version>
    <Level>0</Level>
    <Task>13826</Task>
    <Opcode>0</Opcode>
    <Keywords>0x8020000000000000</Keywords>
    <TimeCreated SystemTime="2025-07-02T21:51:11.697629Z">
    </TimeCreated>
    <EventRecordID>20</EventRecordID>
    <Correlation ActivityID="676C99D0-EB9B-0001-C79C-6C679BEBDB01">
    </Correlation>
    <Execution ProcessID="680" ThreadID="684">
    </Execution>
    <Channel>Security</Channel>
    <Computer>WIN-201SCGOAP7Q</Computer>
    <Security>
    </Security>
  </System>
  <EventData>
    <Data Name="TargetUserName">Remote Desktop Users</Data>
    <Data Name="TargetDomainName">Builtin</Data>
    <Data Name="TargetSid">S-1-5-32-555</Data>
    <Data Name="SubjectUserSid">S-1-5-18</Data>
    <Data Name="SubjectUserName">MINWINPC$</Data>
    <Data Name="SubjectDomainName"></Data>
    <Data Name="SubjectLogonId">0x3e7</Data>
    <Data Name="PrivilegeList">-</Data>
    <Data Name="SamAccountName">-</Data>
    <Data Name="SidHistory">-</Data>
  </EventData>
</Event>
Record 21
<?xml version="1.0" encoding="utf-8"?>
<Event xmlns="http://schemas.microsoft.com/win/2004/08/events/event">
  <System>
    <Provider Name="Microsoft-Windows-Security-Auditing" Guid="54849625-5478-4994-A5BA-3E3B0328C30D">
    </Provider>
    <EventID>4731</EventID>
    <Version>0</Version>
    <Level>0</Level>
    <Task>13826</Task>
    <Opcode>0</Opcode>
    <Keywords>0x8020000000000000</Keywords>
    <TimeCreated SystemTime="2025-07-02T21:51:11.697729Z">
    </TimeCreated>
    <EventRecordID>21</EventRecordID>
    <Correlation ActivityID="676C99D0-EB9B-0001-C79C-6C679BEBDB01">
    </Correlation>
    <Execution ProcessID="680" ThreadID="684">
    </Execution>
    <Channel>Security</Channel>
    <Computer>WIN-201SCGOAP7Q</Computer>
    <Security>
    </Security>
  </System>
  <EventData>
    <Data Name="TargetUserName">Network Configuration Operators</Data>
    <Data Name="TargetDomainName">Builtin</Data>
    <Data Name="TargetSid">S-1-5-32-556</Data>
    <Data Name="SubjectUserSid">S-1-5-18</Data>
    <Data Name="SubjectUserName">MINWINPC$</Data>
    <Data Name="SubjectDomainName"></Data>
    <Data Name="SubjectLogonId">0x3e7</Data>
    <Data Name="PrivilegeList">-</Data>
    <Data Name="SamAccountName">Network Configuration Operators</Data>
    <Data Name="SidHistory">-</Data>
  </EventData>
</Event>
Record 22
<?xml version="1.0" encoding="utf-8"?>
<Event xmlns="http://schemas.microsoft.com/win/2004/08/events/event">
  <System>
    <Provider Name="Microsoft-Windows-Security-Auditing" Guid="54849625-5478-4994-A5BA-3E3B0328C30D">
    </Provider>
    <EventID>4735</EventID>
    <Version>0</Version>
    <Level>0</Level>
    <Task>13826</Task>
    <Opcode>0</Opcode>
    <Keywords>0x8020000000000000</Keywords>
    <TimeCreated SystemTime="2025-07-02T21:51:11.697751Z">
    </TimeCreated>
    <EventRecordID>22</EventRecordID>
    <Correlation ActivityID="676C99D0-EB9B-0001-C79C-6C679BEBDB01">
    </Correlation>
    <Execution ProcessID="680" ThreadID="684">
    </Execution>
    <Channel>Security</Channel>
    <Computer>WIN-201SCGOAP7Q</Computer>
    <Security>
    </Security>
  </System>
  <EventData>
    <Data Name="TargetUserName">Network Configuration Operators</Data>
    <Data Name="TargetDomainName">Builtin</Data>
    <Data Name="TargetSid">S-1-5-32-556</Data>
    <Data Name="SubjectUserSid">S-1-5-18</Data>
    <Data Name="SubjectUserName">MINWINPC$</Data>
    <Data Name="SubjectDomainName"></Data>
    <Data Name="SubjectLogonId">0x3e7</Data>
    <Data Name="PrivilegeList">-</Data>
    <Data Name="SamAccountName">-</Data>
    <Data Name="SidHistory">-</Data>
  </EventData>
</Event>
Record 23
<?xml version="1.0" encoding="utf-8"?>
<Event xmlns="http://schemas.microsoft.com/win/2004/08/events/event">
  <System>
    <Provider Name="Microsoft-Windows-Security-Auditing" Guid="54849625-5478-4994-A5BA-3E3B0328C30D">
    </Provider>
    <EventID>4731</EventID>
    <Version>0</Version>
    <Level>0</Level>
    <Task>13826</Task>
    <Opcode>0</Opcode>
    <Keywords>0x8020000000000000</Keywords>
    <TimeCreated SystemTime="2025-07-02T21:51:11.697844Z">
    </TimeCreated>
    <EventRecordID>23</EventRecordID>
    <Correlation ActivityID="676C99D0-EB9B-0001-C79C-6C679BEBDB01">
    </Correlation>
    <Execution ProcessID="680" ThreadID="684">
    </Execution>
    <Channel>Security</Channel>
    <Computer>WIN-201SCGOAP7Q</Computer>
    <Security>
    </Security>
  </System>
  <EventData>
    <Data Name="TargetUserName">Performance Monitor Users</Data>
    <Data Name="TargetDomainName">Builtin</Data>
    <Data Name="TargetSid">S-1-5-32-558</Data>
    <Data Name="SubjectUserSid">S-1-5-18</Data>
    <Data Name="SubjectUserName">MINWINPC$</Data>
    <Data Name="SubjectDomainName"></Data>
    <Data Name="SubjectLogonId">0x3e7</Data>
    <Data Name="PrivilegeList">-</Data>
    <Data Name="SamAccountName">Performance Monitor Users</Data>
    <Data Name="SidHistory">-</Data>
  </EventData>
</Event>
Record 24
<?xml version="1.0" encoding="utf-8"?>
<Event xmlns="http://schemas.microsoft.com/win/2004/08/events/event">
  <System>
    <Provider Name="Microsoft-Windows-Security-Auditing" Guid="54849625-5478-4994-A5BA-3E3B0328C30D">
    </Provider>
    <EventID>4735</EventID>
    <Version>0</Version>
    <Level>0</Level>
    <Task>13826</Task>
    <Opcode>0</Opcode>
    <Keywords>0x8020000000000000</Keywords>
    <TimeCreated SystemTime="2025-07-02T21:51:11.697860Z">
    </TimeCreated>
    <EventRecordID>24</EventRecordID>
    <Correlation ActivityID="676C99D0-EB9B-0001-C79C-6C679BEBDB01">
    </Correlation>
    <Execution ProcessID="680" ThreadID="684">
    </Execution>
    <Channel>Security</Channel>
    <Computer>WIN-201SCGOAP7Q</Computer>
    <Security>
    </Security>
  </System>
  <EventData>
    <Data Name="TargetUserName">Performance Monitor Users</Data>
    <Data Name="TargetDomainName">Builtin</Data>
    <Data Name="TargetSid">S-1-5-32-558</Data>
    <Data Name="SubjectUserSid">S-1-5-18</Data>
    <Data Name="SubjectUserName">MINWINPC$</Data>
    <Data Name="SubjectDomainName"></Data>
    <Data Name="SubjectLogonId">0x3e7</Data>
    <Data Name="PrivilegeList">-</Data>
    <Data Name="SamAccountName">-</Data>
    <Data Name="SidHistory">-</Data>
  </EventData>
</Event>
Record 25
<?xml version="1.0" encoding="utf-8"?>
<Event xmlns="http://schemas.microsoft.com/win/2004/08/events/event">
  <System>
    <Provider Name="Microsoft-Windows-Security-Auditing" Guid="54849625-5478-4994-A5BA-3E3B0328C30D">
    </Provider>
    <EventID>4731</EventID>
    <Version>0</Version>
    <Level>0</Level>
    <Task>13826</Task>
    <Opcode>0</Opcode>
    <Keywords>0x8020000000000000</Keywords>
    <TimeCreated SystemTime="2025-07-02T21:51:11.697942Z">
    </TimeCreated>
    <EventRecordID>25</EventRecordID>
    <Correlation ActivityID="676C99D0-EB9B-0001-C79C-6C679BEBDB01">
    </Correlation>
    <Execution ProcessID="680" ThreadID="684">
    </Execution>
    <Channel>Security</Channel>
    <Computer>WIN-201SCGOAP7Q</Computer>
    <Security>
    </Security>
  </System>
  <EventData>
    <Data Name="TargetUserName">Performance Log Users</Data>
    <Data Name="TargetDomainName">Builtin</Data>
    <Data Name="TargetSid">S-1-5-32-559</Data>
    <Data Name="SubjectUserSid">S-1-5-18</Data>
    <Data Name="SubjectUserName">MINWINPC$</Data>
    <Data Name="SubjectDomainName"></Data>
    <Data Name="SubjectLogonId">0x3e7</Data>
    <Data Name="PrivilegeList">-</Data>
    <Data Name="SamAccountName">Performance Log Users</Data>
    <Data Name="SidHistory">-</Data>
  </EventData>
</Event>
Record 26
<?xml version="1.0" encoding="utf-8"?>
<Event xmlns="http://schemas.microsoft.com/win/2004/08/events/event">
  <System>
    <Provider Name="Microsoft-Windows-Security-Auditing" Guid="54849625-5478-4994-A5BA-3E3B0328C30D">
    </Provider>
    <EventID>4735</EventID>
    <Version>0</Version>
    <Level>0</Level>
    <Task>13826</Task>
    <Opcode>0</Opcode>
    <Keywords>0x8020000000000000</Keywords>
    <TimeCreated SystemTime="2025-07-02T21:51:11.697957Z">
    </TimeCreated>
    <EventRecordID>26</EventRecordID>
    <Correlation ActivityID="676C99D0-EB9B-0001-C79C-6C679BEBDB01">
    </Correlation>
    <Execution ProcessID="680" ThreadID="684">
    </Execution>
    <Channel>Security</Channel>
    <Computer>WIN-201SCGOAP7Q</Computer>
    <Security>
    </Security>
  </System>
  <EventData>
    <Data Name="TargetUserName">Performance Log Users</Data>
    <Data Name="TargetDomainName">Builtin</Data>
    <Data Name="TargetSid">S-1-5-32-559</Data>
    <Data Name="SubjectUserSid">S-1-5-18</Data>
    <Data Name="SubjectUserName">MINWINPC$</Data>
    <Data Name="SubjectDomainName"></Data>
    <Data Name="SubjectLogonId">0x3e7</Data>
    <Data Name="PrivilegeList">-</Data>
    <Data Name="SamAccountName">-</Data>
    <Data Name="SidHistory">-</Data>
  </EventData>
</Event>
Record 27
<?xml version="1.0" encoding="utf-8"?>
<Event xmlns="http://schemas.microsoft.com/win/2004/08/events/event">
  <System>
    <Provider Name="Microsoft-Windows-Security-Auditing" Guid="54849625-5478-4994-A5BA-3E3B0328C30D">
    </Provider>
    <EventID>4731</EventID>
    <Version>0</Version>
    <Level>0</Level>
    <Task>13826</Task>
    <Opcode>0</Opcode>
    <Keywords>0x8020000000000000</Keywords>
    <TimeCreated SystemTime="2025-07-02T21:51:11.699082Z">
    </TimeCreated>
    <EventRecordID>27</EventRecordID>
    <Correlation ActivityID="676C99D0-EB9B-0001-C79C-6C679BEBDB01">
    </Correlation>
    <Execution ProcessID="680" ThreadID="684">
    </Execution>
    <Channel>Security</Channel>
    <Computer>WIN-201SCGOAP7Q</Computer>
    <Security>
    </Security>
  </System>
  <EventData>
    <Data Name="TargetUserName">Distributed COM Users</Data>
    <Data Name="TargetDomainName">Builtin</Data>
    <Data Name="TargetSid">S-1-5-32-562</Data>
    <Data Name="SubjectUserSid">S-1-5-18</Data>
    <Data Name="SubjectUserName">MINWINPC$</Data>
    <Data Name="SubjectDomainName"></Data>
    <Data Name="SubjectLogonId">0x3e7</Data>
    <Data Name="PrivilegeList">-</Data>
    <Data Name="SamAccountName">Distributed COM Users</Data>
    <Data Name="SidHistory">-</Data>
  </EventData>
</Event>
Record 28
<?xml version="1.0" encoding="utf-8"?>
<Event xmlns="http://schemas.microsoft.com/win/2004/08/events/event">
  <System>
    <Provider Name="Microsoft-Windows-Security-Auditing" Guid="54849625-5478-4994-A5BA-3E3B0328C30D">
    </Provider>
    <EventID>4735</EventID>
    <Version>0</Version>
    <Level>0</Level>
    <Task>13826</Task>
    <Opcode>0</Opcode>
    <Keywords>0x8020000000000000</Keywords>
    <TimeCreated SystemTime="2025-07-02T21:51:11.699100Z">
    </TimeCreated>
    <EventRecordID>28</EventRecordID>
    <Correlation ActivityID="676C99D0-EB9B-0001-C79C-6C679BEBDB01">
    </Correlation>
    <Execution ProcessID="680" ThreadID="684">
    </Execution>
    <Channel>Security</Channel>
    <Computer>WIN-201SCGOAP7Q</Computer>
    <Security>
    </Security>
  </System>
  <EventData>
    <Data Name="TargetUserName">Distributed COM Users</Data>
    <Data Name="TargetDomainName">Builtin</Data>
    <Data Name="TargetSid">S-1-5-32-562</Data>
    <Data Name="SubjectUserSid">S-1-5-18</Data>
    <Data Name="SubjectUserName">MINWINPC$</Data>
    <Data Name="SubjectDomainName"></Data>
    <Data Name="SubjectLogonId">0x3e7</Data>
    <Data Name="PrivilegeList">-</Data>
    <Data Name="SamAccountName">-</Data>
    <Data Name="SidHistory">-</Data>
  </EventData>
</Event>
Record 29
<?xml version="1.0" encoding="utf-8"?>
<Event xmlns="http://schemas.microsoft.com/win/2004/08/events/event">
  <System>
    <Provider Name="Microsoft-Windows-Security-Auditing" Guid="54849625-5478-4994-A5BA-3E3B0328C30D">
    </Provider>
    <EventID>4731</EventID>
    <Version>0</Version>
    <Level>0</Level>
    <Task>13826</Task>
    <Opcode>0</Opcode>
    <Keywords>0x8020000000000000</Keywords>
    <TimeCreated SystemTime="2025-07-02T21:51:11.699185Z">
    </TimeCreated>
    <EventRecordID>29</EventRecordID>
    <Correlation ActivityID="676C99D0-EB9B-0001-C79C-6C679BEBDB01">
    </Correlation>
    <Execution ProcessID="680" ThreadID="684">
    </Execution>
    <Channel>Security</Channel>
    <Computer>WIN-201SCGOAP7Q</Computer>
    <Security>
    </Security>
  </System>
  <EventData>
    <Data Name="TargetUserName">IIS_IUSRS</Data>
    <Data Name="TargetDomainName">Builtin</Data>
    <Data Name="TargetSid">S-1-5-32-568</Data>
    <Data Name="SubjectUserSid">S-1-5-18</Data>
    <Data Name="SubjectUserName">MINWINPC$</Data>
    <Data Name="SubjectDomainName"></Data>
    <Data Name="SubjectLogonId">0x3e7</Data>
    <Data Name="PrivilegeList">-</Data>
    <Data Name="SamAccountName">IIS_IUSRS</Data>
    <Data Name="SidHistory">-</Data>
  </EventData>
</Event>
Record 30
<?xml version="1.0" encoding="utf-8"?>
<Event xmlns="http://schemas.microsoft.com/win/2004/08/events/event">
  <System>
    <Provider Name="Microsoft-Windows-Security-Auditing" Guid="54849625-5478-4994-A5BA-3E3B0328C30D">
    </Provider>
    <EventID>4735</EventID>
    <Version>0</Version>
    <Level>0</Level>
    <Task>13826</Task>
    <Opcode>0</Opcode>
    <Keywords>0x8020000000000000</Keywords>
    <TimeCreated SystemTime="2025-07-02T21:51:11.699200Z">
    </TimeCreated>
    <EventRecordID>30</EventRecordID>
    <Correlation ActivityID="676C99D0-EB9B-0001-C79C-6C679BEBDB01">
    </Correlation>
    <Execution ProcessID="680" ThreadID="684">
    </Execution>
    <Channel>Security</Channel>
    <Computer>WIN-201SCGOAP7Q</Computer>
    <Security>
    </Security>
  </System>
  <EventData>
    <Data Name="TargetUserName">IIS_IUSRS</Data>
    <Data Name="TargetDomainName">Builtin</Data>
    <Data Name="TargetSid">S-1-5-32-568</Data>
    <Data Name="SubjectUserSid">S-1-5-18</Data>
    <Data Name="SubjectUserName">MINWINPC$</Data>
    <Data Name="SubjectDomainName"></Data>
    <Data Name="SubjectLogonId">0x3e7</Data>
    <Data Name="PrivilegeList">-</Data>
    <Data Name="SamAccountName">-</Data>
    <Data Name="SidHistory">-</Data>
  </EventData>
</Event>
Record 31
<?xml version="1.0" encoding="utf-8"?>
<Event xmlns="http://schemas.microsoft.com/win/2004/08/events/event">
  <System>
    <Provider Name="Microsoft-Windows-Security-Auditing" Guid="54849625-5478-4994-A5BA-3E3B0328C30D">
    </Provider>
    <EventID>4731</EventID>
    <Version>0</Version>
    <Level>0</Level>
    <Task>13826</Task>
    <Opcode>0</Opcode>
    <Keywords>0x8020000000000000</Keywords>
    <TimeCreated SystemTime="2025-07-02T21:51:11.699290Z">
    </TimeCreated>
    <EventRecordID>31</EventRecordID>
    <Correlation ActivityID="676C99D0-EB9B-0001-C79C-6C679BEBDB01">
    </Correlation>
    <Execution ProcessID="680" ThreadID="684">
    </Execution>
    <Channel>Security</Channel>
    <Computer>WIN-201SCGOAP7Q</Computer>
    <Security>
    </Security>
  </System>
  <EventData>
    <Data Name="TargetUserName">Cryptographic Operators</Data>
    <Data Name="TargetDomainName">Builtin</Data>
    <Data Name="TargetSid">S-1-5-32-569</Data>
    <Data Name="SubjectUserSid">S-1-5-18</Data>
    <Data Name="SubjectUserName">MINWINPC$</Data>
    <Data Name="SubjectDomainName"></Data>
    <Data Name="SubjectLogonId">0x3e7</Data>
    <Data Name="PrivilegeList">-</Data>
    <Data Name="SamAccountName">Cryptographic Operators</Data>
    <Data Name="SidHistory">-</Data>
  </EventData>
</Event>
Record 32
<?xml version="1.0" encoding="utf-8"?>
<Event xmlns="http://schemas.microsoft.com/win/2004/08/events/event">
  <System>
    <Provider Name="Microsoft-Windows-Security-Auditing" Guid="54849625-5478-4994-A5BA-3E3B0328C30D">
    </Provider>
    <EventID>4735</EventID>
    <Version>0</Version>
    <Level>0</Level>
    <Task>13826</Task>
    <Opcode>0</Opcode>
    <Keywords>0x8020000000000000</Keywords>
    <TimeCreated SystemTime="2025-07-02T21:51:11.699304Z">
    </TimeCreated>
    <EventRecordID>32</EventRecordID>
    <Correlation ActivityID="676C99D0-EB9B-0001-C79C-6C679BEBDB01">
    </Correlation>
    <Execution ProcessID="680" ThreadID="684">
    </Execution>
    <Channel>Security</Channel>
    <Computer>WIN-201SCGOAP7Q</Computer>
    <Security>
    </Security>
  </System>
  <EventData>
    <Data Name="TargetUserName">Cryptographic Operators</Data>
    <Data Name="TargetDomainName">Builtin</Data>
    <Data Name="TargetSid">S-1-5-32-569</Data>
    <Data Name="SubjectUserSid">S-1-5-18</Data>
    <Data Name="SubjectUserName">MINWINPC$</Data>
    <Data Name="SubjectDomainName"></Data>
    <Data Name="SubjectLogonId">0x3e7</Data>
    <Data Name="PrivilegeList">-</Data>
    <Data Name="SamAccountName">-</Data>
    <Data Name="SidHistory">-</Data>
  </EventData>
</Event>
Record 33
<?xml version="1.0" encoding="utf-8"?>
<Event xmlns="http://schemas.microsoft.com/win/2004/08/events/event">
  <System>
    <Provider Name="Microsoft-Windows-Security-Auditing" Guid="54849625-5478-4994-A5BA-3E3B0328C30D">
    </Provider>
    <EventID>4732</EventID>
    <Version>0</Version>
    <Level>0</Level>
    <Task>13826</Task>
    <Opcode>0</Opcode>
    <Keywords>0x8020000000000000</Keywords>
    <TimeCreated SystemTime="2025-07-02T21:51:11.699328Z">
    </TimeCreated>
    <EventRecordID>33</EventRecordID>
    <Correlation ActivityID="676C99D0-EB9B-0001-C79C-6C679BEBDB01">
    </Correlation>
    <Execution ProcessID="680" ThreadID="684">
    </Execution>
    <Channel>Security</Channel>
    <Computer>WIN-201SCGOAP7Q</Computer>
    <Security>
    </Security>
  </System>
  <EventData>
    <Data Name="MemberName">-</Data>
    <Data Name="MemberSid">S-1-5-17</Data>
    <Data Name="TargetUserName">IIS_IUSRS</Data>
    <Data Name="TargetDomainName">Builtin</Data>
    <Data Name="TargetSid">S-1-5-32-568</Data>
    <Data Name="SubjectUserSid">S-1-5-18</Data>
    <Data Name="SubjectUserName">MINWINPC$</Data>
    <Data Name="SubjectDomainName"></Data>
    <Data Name="SubjectLogonId">0x3e7</Data>
    <Data Name="PrivilegeList">-</Data>
  </EventData>
</Event>
Record 34
<?xml version="1.0" encoding="utf-8"?>
<Event xmlns="http://schemas.microsoft.com/win/2004/08/events/event">
  <System>
    <Provider Name="Microsoft-Windows-Security-Auditing" Guid="54849625-5478-4994-A5BA-3E3B0328C30D">
    </Provider>
    <EventID>4731</EventID>
    <Version>0</Version>
    <Level>0</Level>
    <Task>13826</Task>
    <Opcode>0</Opcode>
    <Keywords>0x8020000000000000</Keywords>
    <TimeCreated SystemTime="2025-07-02T21:51:11.699493Z">
    </TimeCreated>
    <EventRecordID>34</EventRecordID>
    <Correlation ActivityID="676C99D0-EB9B-0001-C79C-6C679BEBDB01">
    </Correlation>
    <Execution ProcessID="680" ThreadID="684">
    </Execution>
    <Channel>Security</Channel>
    <Computer>WIN-201SCGOAP7Q</Computer>
    <Security>
    </Security>
  </System>
  <EventData>
    <Data Name="TargetUserName">Event Log Readers</Data>
    <Data Name="TargetDomainName">Builtin</Data>
    <Data Name="TargetSid">S-1-5-32-573</Data>
    <Data Name="SubjectUserSid">S-1-5-18</Data>
    <Data Name="SubjectUserName">MINWINPC$</Data>
    <Data Name="SubjectDomainName"></Data>
    <Data Name="SubjectLogonId">0x3e7</Data>
    <Data Name="PrivilegeList">-</Data>
    <Data Name="SamAccountName">Event Log Readers</Data>
    <Data Name="SidHistory">-</Data>
  </EventData>
</Event>
Record 35
<?xml version="1.0" encoding="utf-8"?>
<Event xmlns="http://schemas.microsoft.com/win/2004/08/events/event">
  <System>
    <Provider Name="Microsoft-Windows-Security-Auditing" Guid="54849625-5478-4994-A5BA-3E3B0328C30D">
    </Provider>
    <EventID>4735</EventID>
    <Version>0</Version>
    <Level>0</Level>
    <Task>13826</Task>
    <Opcode>0</Opcode>
    <Keywords>0x8020000000000000</Keywords>
    <TimeCreated SystemTime="2025-07-02T21:51:11.699508Z">
    </TimeCreated>
    <EventRecordID>35</EventRecordID>
    <Correlation ActivityID="676C99D0-EB9B-0001-C79C-6C679BEBDB01">
    </Correlation>
    <Execution ProcessID="680" ThreadID="684">
    </Execution>
    <Channel>Security</Channel>
    <Computer>WIN-201SCGOAP7Q</Computer>
    <Security>
    </Security>
  </System>
  <EventData>
    <Data Name="TargetUserName">Event Log Readers</Data>
    <Data Name="TargetDomainName">Builtin</Data>
    <Data Name="TargetSid">S-1-5-32-573</Data>
    <Data Name="SubjectUserSid">S-1-5-18</Data>
    <Data Name="SubjectUserName">MINWINPC$</Data>
    <Data Name="SubjectDomainName"></Data>
    <Data Name="SubjectLogonId">0x3e7</Data>
    <Data Name="PrivilegeList">-</Data>
    <Data Name="SamAccountName">-</Data>
    <Data Name="SidHistory">-</Data>
  </EventData>
</Event>
Record 36
<?xml version="1.0" encoding="utf-8"?>
<Event xmlns="http://schemas.microsoft.com/win/2004/08/events/event">
  <System>
    <Provider Name="Microsoft-Windows-Security-Auditing" Guid="54849625-5478-4994-A5BA-3E3B0328C30D">
    </Provider>
    <EventID>4731</EventID>
    <Version>0</Version>
    <Level>0</Level>
    <Task>13826</Task>
    <Opcode>0</Opcode>
    <Keywords>0x8020000000000000</Keywords>
    <TimeCreated SystemTime="2025-07-02T21:51:11.699705Z">
    </TimeCreated>
    <EventRecordID>36</EventRecordID>
    <Correlation ActivityID="676C99D0-EB9B-0001-C79C-6C679BEBDB01">
    </Correlation>
    <Execution ProcessID="680" ThreadID="684">
    </Execution>
    <Channel>Security</Channel>
    <Computer>WIN-201SCGOAP7Q</Computer>
    <Security>
    </Security>
  </System>
  <EventData>
    <Data Name="TargetUserName">Hyper-V Administrators</Data>
    <Data Name="TargetDomainName">Builtin</Data>
    <Data Name="TargetSid">S-1-5-32-578</Data>
    <Data Name="SubjectUserSid">S-1-5-18</Data>
    <Data Name="SubjectUserName">MINWINPC$</Data>
    <Data Name="SubjectDomainName"></Data>
    <Data Name="SubjectLogonId">0x3e7</Data>
    <Data Name="PrivilegeList">-</Data>
    <Data Name="SamAccountName">Hyper-V Administrators</Data>
    <Data Name="SidHistory">-</Data>
  </EventData>
</Event>
