Record 352
<?xml version="1.0" encoding="utf-8"?>
<Event xmlns="http://schemas.microsoft.com/win/2004/08/events/event">
  <System>
    <Provider Name="Microsoft-Windows-Security-Auditing" Guid="54849625-5478-4994-A5BA-3E3B0328C30D">
    </Provider>
    <EventID>5058</EventID>
    <Version>1</Version>
    <Level>0</Level>
    <Task>12292</Task>
    <Opcode>0</Opcode>
    <Keywords>0x8020000000000000</Keywords>
    <TimeCreated SystemTime="2025-07-02T21:52:49.701721Z">
    </TimeCreated>
    <EventRecordID>352</EventRecordID>
    <Correlation ActivityID="942C7457-EB9B-0000-1675-2C949BEBDB01">
    </Correlation>
    <Execution ProcessID="652" ThreadID="720">
    </Execution>
    <Channel>Security</Channel>
    <Computer>DESKTOP-P5L8521</Computer>
    <Security>
    </Security>
  </System>
  <EventData>
    <Data Name="SubjectUserSid">S-1-5-18</Data>
    <Data Name="SubjectUserName">WIN-201SCGOAP7Q$</Data>
    <Data Name="SubjectDomainName">WORKGROUP</Data>
    <Data Name="SubjectLogonId">0x3e7</Data>
    <Data Name="ClientProcessId">1468</Data>
    <Data Name="ClientCreationTime">2025-07-02T21:52:30.430415Z</Data>
    <Data Name="ProviderName">Microsoft Software Key Storage Provider</Data>
    <Data Name="AlgorithmName">UNKNOWN</Data>
    <Data Name="KeyName">5c7b937f-91c0-6525-e29a-2650ef892e40</Data>
    <Data Name="KeyType">%%2500</Data>
    <Data Name="KeyFilePath">C:\ProgramData\Microsoft\Crypto\SystemKeys\a202e34b7c2cc21b2b81249487bcadac_a3790695-7242-44c0-bb02-e83ead2283c6</Data>
    <Data Name="Operation">%%2458</Data>
    <Data Name="ReturnCode">0x0</Data>
  </EventData>
</Event>
Record 353
<?xml version="1.0" encoding="utf-8"?>
<Event xmlns="http://schemas.microsoft.com/win/2004/08/events/event">
  <System>
    <Provider Name="Microsoft-Windows-Security-Auditing" Guid="54849625-5478-4994-A5BA-3E3B0328C30D">
    </Provider>
    <EventID>5061</EventID>
    <Version>0</Version>
    <Level>0</Level>
    <Task>12290</Task>
    <Opcode>0</Opcode>
    <Keywords>0x8020000000000000</Keywords>
    <TimeCreated SystemTime="2025-07-02T21:52:49.702114Z">
    </TimeCreated>
    <EventRecordID>353</EventRecordID>
    <Correlation ActivityID="942C7457-EB9B-0000-1675-2C949BEBDB01">
    </Correlation>
    <Execution ProcessID="652" ThreadID="720">
    </Execution>
    <Channel>Security</Channel>
    <Computer>DESKTOP-P5L8521</Computer>
    <Security>
    </Security>
  </System>
  <EventData>
    <Data Name="SubjectUserSid">S-1-5-18</Data>
    <Data Name="SubjectUserName">WIN-201SCGOAP7Q$</Data>
    <Data Name="SubjectDomainName">WORKGROUP</Data>
    <Data Name="SubjectLogonId">0x3e7</Data>
    <Data Name="ProviderName">Microsoft Software Key Storage Provider</Data>
    <Data Name="AlgorithmName">RSA</Data>
    <Data Name="KeyName">5c7b937f-91c0-6525-e29a-2650ef892e40</Data>
    <Data Name="KeyType">%%2500</Data>
    <Data Name="Operation">%%2480</Data>
    <Data Name="ReturnCode">0x0</Data>
  </EventData>
</Event>
Record 354
<?xml version="1.0" encoding="utf-8"?>
<Event xmlns="http://schemas.microsoft.com/win/2004/08/events/event">
  <System>
    <Provider Name="Microsoft-Windows-Security-Auditing" Guid="54849625-5478-4994-A5BA-3E3B0328C30D">
    </Provider>
    <EventID>5058</EventID>
    <Version>1</Version>
    <Level>0</Level>
    <Task>12292</Task>
    <Opcode>0</Opcode>
    <Keywords>0x8020000000000000</Keywords>
    <TimeCreated SystemTime="2025-07-02T21:52:49.702483Z">
    </TimeCreated>
    <EventRecordID>354</EventRecordID>
    <Correlation ActivityID="942C7457-EB9B-0000-1675-2C949BEBDB01">
    </Correlation>
    <Execution ProcessID="652" ThreadID="720">
    </Execution>
    <Channel>Security</Channel>
    <Computer>DESKTOP-P5L8521</Computer>
    <Security>
    </Security>
  </System>
  <EventData>
    <Data Name="SubjectUserSid">S-1-5-18</Data>
    <Data Name="SubjectUserName">WIN-201SCGOAP7Q$</Data>
    <Data Name="SubjectDomainName">WORKGROUP</Data>
    <Data Name="SubjectLogonId">0x3e7</Data>
    <Data Name="ClientProcessId">1468</Data>
    <Data Name="ClientCreationTime">2025-07-02T21:52:30.430415Z</Data>
    <Data Name="ProviderName">Microsoft Software Key Storage Provider</Data>
    <Data Name="AlgorithmName">UNKNOWN</Data>
    <Data Name="KeyName">5c7b937f-91c0-6525-e29a-2650ef892e40</Data>
    <Data Name="KeyType">%%2500</Data>
    <Data Name="KeyFilePath">C:\ProgramData\Microsoft\Crypto\SystemKeys\a202e34b7c2cc21b2b81249487bcadac_a3790695-7242-44c0-bb02-e83ead2283c6</Data>
    <Data Name="Operation">%%2458</Data>
    <Data Name="ReturnCode">0x0</Data>
  </EventData>
</Event>
Record 355
<?xml version="1.0" encoding="utf-8"?>
<Event xmlns="http://schemas.microsoft.com/win/2004/08/events/event">
  <System>
    <Provider Name="Microsoft-Windows-Security-Auditing" Guid="54849625-5478-4994-A5BA-3E3B0328C30D">
    </Provider>
    <EventID>5061</EventID>
    <Version>0</Version>
    <Level>0</Level>
    <Task>12290</Task>
    <Opcode>0</Opcode>
    <Keywords>0x8020000000000000</Keywords>
    <TimeCreated SystemTime="2025-07-02T21:52:49.702721Z">
    </TimeCreated>
    <EventRecordID>355</EventRecordID>
    <Correlation ActivityID="942C7457-EB9B-0000-1675-2C949BEBDB01">
    </Correlation>
    <Execution ProcessID="652" ThreadID="720">
    </Execution>
    <Channel>Security</Channel>
    <Computer>DESKTOP-P5L8521</Computer>
    <Security>
    </Security>
  </System>
  <EventData>
    <Data Name="SubjectUserSid">S-1-5-18</Data>
    <Data Name="SubjectUserName">WIN-201SCGOAP7Q$</Data>
    <Data Name="SubjectDomainName">WORKGROUP</Data>
    <Data Name="SubjectLogonId">0x3e7</Data>
    <Data Name="ProviderName">Microsoft Software Key Storage Provider</Data>
    <Data Name="AlgorithmName">RSA</Data>
    <Data Name="KeyName">5c7b937f-91c0-6525-e29a-2650ef892e40</Data>
    <Data Name="KeyType">%%2500</Data>
    <Data Name="Operation">%%2480</Data>
    <Data Name="ReturnCode">0x0</Data>
  </EventData>
</Event>
Record 356
<?xml version="1.0" encoding="utf-8"?>
<Event xmlns="http://schemas.microsoft.com/win/2004/08/events/event">
  <System>
    <Provider Name="Microsoft-Windows-Security-Auditing" Guid="54849625-5478-4994-A5BA-3E3B0328C30D">
    </Provider>
    <EventID>5059</EventID>
    <Version>1</Version>
    <Level>0</Level>
    <Task>12292</Task>
    <Opcode>0</Opcode>
    <Keywords>0x8020000000000000</Keywords>
    <TimeCreated SystemTime="2025-07-02T21:52:49.702765Z">
    </TimeCreated>
    <EventRecordID>356</EventRecordID>
    <Correlation ActivityID="942C7457-EB9B-0000-1675-2C949BEBDB01">
    </Correlation>
    <Execution ProcessID="652" ThreadID="720">
    </Execution>
    <Channel>Security</Channel>
    <Computer>DESKTOP-P5L8521</Computer>
    <Security>
    </Security>
  </System>
  <EventData>
    <Data Name="SubjectUserSid">S-1-5-18</Data>
    <Data Name="SubjectUserName">WIN-201SCGOAP7Q$</Data>
    <Data Name="SubjectDomainName">WORKGROUP</Data>
    <Data Name="SubjectLogonId">0x3e7</Data>
    <Data Name="ClientProcessId">1468</Data>
    <Data Name="ClientCreationTime">2025-07-02T21:52:30.430415Z</Data>
    <Data Name="ProviderName">Microsoft Software Key Storage Provider</Data>
    <Data Name="AlgorithmName">RSA</Data>
    <Data Name="KeyName">5c7b937f-91c0-6525-e29a-2650ef892e40</Data>
    <Data Name="KeyType">%%2500</Data>
    <Data Name="Operation">%%2464</Data>
    <Data Name="ReturnCode">0x0</Data>
  </EventData>
</Event>
Record 357
<?xml version="1.0" encoding="utf-8"?>
<Event xmlns="http://schemas.microsoft.com/win/2004/08/events/event">
  <System>
    <Provider Name="Microsoft-Windows-Security-Auditing" Guid="54849625-5478-4994-A5BA-3E3B0328C30D">
    </Provider>
    <EventID>5379</EventID>
    <Version>0</Version>
    <Level>0</Level>
    <Task>13824</Task>
    <Opcode>0</Opcode>
    <Keywords>0x8020000000000000</Keywords>
    <TimeCreated SystemTime="2025-07-02T21:52:56.540122Z">
    </TimeCreated>
    <EventRecordID>357</EventRecordID>
    <Correlation ActivityID="942C7457-EB9B-0000-1675-2C949BEBDB01">
    </Correlation>
    <Execution ProcessID="652" ThreadID="756">
    </Execution>
    <Channel>Security</Channel>
    <Computer>DESKTOP-P5L8521</Computer>
    <Security>
    </Security>
  </System>
  <EventData>
    <Data Name="SubjectUserSid">S-1-5-18</Data>
    <Data Name="SubjectUserName">WIN-201SCGOAP7Q$</Data>
    <Data Name="SubjectDomainName">WORKGROUP</Data>
    <Data Name="SubjectLogonId">0x3e7</Data>
    <Data Name="TargetName">MicrosoftAccount:user=02uiiypiqjnzhprf</Data>
    <Data Name="Type">0</Data>
    <Data Name="CountOfCredentialsReturned">0</Data>
    <Data Name="ReadOperation">%%8100</Data>
    <Data Name="ReturnCode">3221226021</Data>
    <Data Name="ProcessCreationTime">2025-07-02T21:52:30.430415Z</Data>
    <Data Name="ClientProcessId">1468</Data>
  </EventData>
</Event>
Record 358
<?xml version="1.0" encoding="utf-8"?>
<Event xmlns="http://schemas.microsoft.com/win/2004/08/events/event">
  <System>
    <Provider Name="Microsoft-Windows-Security-Auditing" Guid="54849625-5478-4994-A5BA-3E3B0328C30D">
    </Provider>
    <EventID>5058</EventID>
    <Version>1</Version>
    <Level>0</Level>
    <Task>12292</Task>
    <Opcode>0</Opcode>
    <Keywords>0x8020000000000000</Keywords>
    <TimeCreated SystemTime="2025-07-02T21:52:56.543452Z">
    </TimeCreated>
    <EventRecordID>358</EventRecordID>
    <Correlation ActivityID="942C7457-EB9B-0000-1675-2C949BEBDB01">
    </Correlation>
    <Execution ProcessID="652" ThreadID="756">
    </Execution>
    <Channel>Security</Channel>
    <Computer>DESKTOP-P5L8521</Computer>
    <Security>
    </Security>
  </System>
  <EventData>
    <Data Name="SubjectUserSid">S-1-5-18</Data>
    <Data Name="SubjectUserName">WIN-201SCGOAP7Q$</Data>
    <Data Name="SubjectDomainName">WORKGROUP</Data>
    <Data Name="SubjectLogonId">0x3e7</Data>
    <Data Name="ClientProcessId">1468</Data>
    <Data Name="ClientCreationTime">2025-07-02T21:52:30.430415Z</Data>
    <Data Name="ProviderName">Microsoft Software Key Storage Provider</Data>
    <Data Name="AlgorithmName">UNKNOWN</Data>
    <Data Name="KeyName">5c7b937f-91c0-6525-e29a-2650ef892e40</Data>
    <Data Name="KeyType">%%2500</Data>
    <Data Name="KeyFilePath">C:\ProgramData\Microsoft\Crypto\SystemKeys\a202e34b7c2cc21b2b81249487bcadac_a3790695-7242-44c0-bb02-e83ead2283c6</Data>
    <Data Name="Operation">%%2458</Data>
    <Data Name="ReturnCode">0x0</Data>
  </EventData>
</Event>
Record 359
<?xml version="1.0" encoding="utf-8"?>
<Event xmlns="http://schemas.microsoft.com/win/2004/08/events/event">
  <System>
    <Provider Name="Microsoft-Windows-Security-Auditing" Guid="54849625-5478-4994-A5BA-3E3B0328C30D">
    </Provider>
    <EventID>5061</EventID>
    <Version>0</Version>
    <Level>0</Level>
    <Task>12290</Task>
    <Opcode>0</Opcode>
    <Keywords>0x8020000000000000</Keywords>
    <TimeCreated SystemTime="2025-07-02T21:52:56.543909Z">
    </TimeCreated>
    <EventRecordID>359</EventRecordID>
    <Correlation ActivityID="942C7457-EB9B-0000-1675-2C949BEBDB01">
    </Correlation>
    <Execution ProcessID="652" ThreadID="756">
    </Execution>
    <Channel>Security</Channel>
    <Computer>DESKTOP-P5L8521</Computer>
    <Security>
    </Security>
  </System>
  <EventData>
    <Data Name="SubjectUserSid">S-1-5-18</Data>
    <Data Name="SubjectUserName">WIN-201SCGOAP7Q$</Data>
    <Data Name="SubjectDomainName">WORKGROUP</Data>
    <Data Name="SubjectLogonId">0x3e7</Data>
    <Data Name="ProviderName">Microsoft Software Key Storage Provider</Data>
    <Data Name="AlgorithmName">RSA</Data>
    <Data Name="KeyName">5c7b937f-91c0-6525-e29a-2650ef892e40</Data>
    <Data Name="KeyType">%%2500</Data>
    <Data Name="Operation">%%2480</Data>
    <Data Name="ReturnCode">0x0</Data>
  </EventData>
</Event>
Record 360
<?xml version="1.0" encoding="utf-8"?>
<Event xmlns="http://schemas.microsoft.com/win/2004/08/events/event">
  <System>
    <Provider Name="Microsoft-Windows-Security-Auditing" Guid="54849625-5478-4994-A5BA-3E3B0328C30D">
    </Provider>
    <EventID>5379</EventID>
    <Version>0</Version>
    <Level>0</Level>
    <Task>13824</Task>
    <Opcode>0</Opcode>
    <Keywords>0x8020000000000000</Keywords>
    <TimeCreated SystemTime="2025-07-02T21:52:56.546831Z">
    </TimeCreated>
    <EventRecordID>360</EventRecordID>
    <Correlation ActivityID="942C7457-EB9B-0000-1675-2C949BEBDB01">
    </Correlation>
    <Execution ProcessID="652" ThreadID="756">
    </Execution>
    <Channel>Security</Channel>
    <Computer>DESKTOP-P5L8521</Computer>
    <Security>
    </Security>
  </System>
  <EventData>
    <Data Name="SubjectUserSid">S-1-5-18</Data>
    <Data Name="SubjectUserName">WIN-201SCGOAP7Q$</Data>
    <Data Name="SubjectDomainName">WORKGROUP</Data>
    <Data Name="SubjectLogonId">0x3e7</Data>
    <Data Name="TargetName">MicrosoftAccount:user=02uiiypiqjnzhprf</Data>
    <Data Name="Type">1</Data>
    <Data Name="CountOfCredentialsReturned">1</Data>
    <Data Name="ReadOperation">%%8099</Data>
    <Data Name="ReturnCode">3221226021</Data>
    <Data Name="ProcessCreationTime">2025-07-02T21:52:30.430415Z</Data>
    <Data Name="ClientProcessId">1468</Data>
  </EventData>
</Event>
Record 361
<?xml version="1.0" encoding="utf-8"?>
<Event xmlns="http://schemas.microsoft.com/win/2004/08/events/event">
  <System>
    <Provider Name="Microsoft-Windows-Security-Auditing" Guid="54849625-5478-4994-A5BA-3E3B0328C30D">
    </Provider>
    <EventID>5379</EventID>
    <Version>0</Version>
    <Level>0</Level>
    <Task>13824</Task>
    <Opcode>0</Opcode>
    <Keywords>0x8020000000000000</Keywords>
    <TimeCreated SystemTime="2025-07-02T21:52:56.547156Z">
    </TimeCreated>
    <EventRecordID>361</EventRecordID>
    <Correlation ActivityID="942C7457-EB9B-0000-1675-2C949BEBDB01">
    </Correlation>
    <Execution ProcessID="652" ThreadID="756">
    </Execution>
    <Channel>Security</Channel>
    <Computer>DESKTOP-P5L8521</Computer>
    <Security>
    </Security>
  </System>
  <EventData>
    <Data Name="SubjectUserSid">S-1-5-18</Data>
    <Data Name="SubjectUserName">WIN-201SCGOAP7Q$</Data>
    <Data Name="SubjectDomainName">WORKGROUP</Data>
    <Data Name="SubjectLogonId">0x3e7</Data>
    <Data Name="TargetName">MicrosoftAccount:user=02uiiypiqjnzhprf</Data>
    <Data Name="Type">0</Data>
    <Data Name="CountOfCredentialsReturned">0</Data>
    <Data Name="ReadOperation">%%8100</Data>
    <Data Name="ReturnCode">3221226021</Data>
    <Data Name="ProcessCreationTime">2025-07-02T21:52:30.430415Z</Data>
    <Data Name="ClientProcessId">1468</Data>
  </EventData>
</Event>
Record 362
<?xml version="1.0" encoding="utf-8"?>
<Event xmlns="http://schemas.microsoft.com/win/2004/08/events/event">
  <System>
    <Provider Name="Microsoft-Windows-Security-Auditing" Guid="54849625-5478-4994-A5BA-3E3B0328C30D">
    </Provider>
    <EventID>5379</EventID>
    <Version>0</Version>
    <Level>0</Level>
    <Task>13824</Task>
    <Opcode>0</Opcode>
    <Keywords>0x8020000000000000</Keywords>
    <TimeCreated SystemTime="2025-07-02T21:52:56.547534Z">
    </TimeCreated>
    <EventRecordID>362</EventRecordID>
    <Correlation ActivityID="942C7457-EB9B-0000-1675-2C949BEBDB01">
    </Correlation>
    <Execution ProcessID="652" ThreadID="756">
    </Execution>
    <Channel>Security</Channel>
    <Computer>DESKTOP-P5L8521</Computer>
    <Security>
    </Security>
  </System>
  <EventData>
    <Data Name="SubjectUserSid">S-1-5-18</Data>
    <Data Name="SubjectUserName">WIN-201SCGOAP7Q$</Data>
    <Data Name="SubjectDomainName">WORKGROUP</Data>
    <Data Name="SubjectLogonId">0x3e7</Data>
    <Data Name="TargetName">WindowsLive:target=virtualapp/didlogical</Data>
    <Data Name="Type">0</Data>
    <Data Name="CountOfCredentialsReturned">0</Data>
    <Data Name="ReadOperation">%%8100</Data>
    <Data Name="ReturnCode">3221226021</Data>
    <Data Name="ProcessCreationTime">2025-07-02T21:52:30.430415Z</Data>
    <Data Name="ClientProcessId">1468</Data>
  </EventData>
</Event>
Record 363
<?xml version="1.0" encoding="utf-8"?>
<Event xmlns="http://schemas.microsoft.com/win/2004/08/events/event">
  <System>
    <Provider Name="Microsoft-Windows-Security-Auditing" Guid="54849625-5478-4994-A5BA-3E3B0328C30D">
    </Provider>
    <EventID>5379</EventID>
    <Version>0</Version>
    <Level>0</Level>
    <Task>13824</Task>
    <Opcode>0</Opcode>
    <Keywords>0x8020000000000000</Keywords>
    <TimeCreated SystemTime="2025-07-02T21:52:56.553463Z">
    </TimeCreated>
    <EventRecordID>363</EventRecordID>
    <Correlation ActivityID="942C7457-EB9B-0000-1675-2C949BEBDB01">
    </Correlation>
    <Execution ProcessID="652" ThreadID="756">
    </Execution>
    <Channel>Security</Channel>
    <Computer>DESKTOP-P5L8521</Computer>
    <Security>
    </Security>
  </System>
  <EventData>
    <Data Name="SubjectUserSid">S-1-5-18</Data>
    <Data Name="SubjectUserName">WIN-201SCGOAP7Q$</Data>
    <Data Name="SubjectDomainName">WORKGROUP</Data>
    <Data Name="SubjectLogonId">0x3e7</Data>
    <Data Name="TargetName">MicrosoftAccount:user=02uiiypiqjnzhprf</Data>
    <Data Name="Type">0</Data>
    <Data Name="CountOfCredentialsReturned">0</Data>
    <Data Name="ReadOperation">%%8100</Data>
    <Data Name="ReturnCode">3221226021</Data>
    <Data Name="ProcessCreationTime">2025-07-02T21:52:30.430415Z</Data>
    <Data Name="ClientProcessId">1468</Data>
  </EventData>
</Event>
Record 364
<?xml version="1.0" encoding="utf-8"?>
<Event xmlns="http://schemas.microsoft.com/win/2004/08/events/event">
  <System>
    <Provider Name="Microsoft-Windows-Security-Auditing" Guid="54849625-5478-4994-A5BA-3E3B0328C30D">
    </Provider>
    <EventID>5379</EventID>
    <Version>0</Version>
    <Level>0</Level>
    <Task>13824</Task>
    <Opcode>0</Opcode>
    <Keywords>0x8020000000000000</Keywords>
    <TimeCreated SystemTime="2025-07-02T21:52:56.553513Z">
    </TimeCreated>
    <EventRecordID>364</EventRecordID>
    <Correlation ActivityID="942C7457-EB9B-0000-1675-2C949BEBDB01">
    </Correlation>
    <Execution ProcessID="652" ThreadID="756">
    </Execution>
    <Channel>Security</Channel>
    <Computer>DESKTOP-P5L8521</Computer>
    <Security>
    </Security>
  </System>
  <EventData>
    <Data Name="SubjectUserSid">S-1-5-18</Data>
    <Data Name="SubjectUserName">WIN-201SCGOAP7Q$</Data>
    <Data Name="SubjectDomainName">WORKGROUP</Data>
    <Data Name="SubjectLogonId">0x3e7</Data>
    <Data Name="TargetName">WindowsLive:(token):name=02uiiypiqjnzhprf;serviceuri=*</Data>
    <Data Name="Type">0</Data>
    <Data Name="CountOfCredentialsReturned">0</Data>
    <Data Name="ReadOperation">%%8100</Data>
    <Data Name="ReturnCode">3221226021</Data>
    <Data Name="ProcessCreationTime">2025-07-02T21:52:30.430415Z</Data>
    <Data Name="ClientProcessId">1468</Data>
  </EventData>
</Event>
Record 365
<?xml version="1.0" encoding="utf-8"?>
<Event xmlns="http://schemas.microsoft.com/win/2004/08/events/event">
  <System>
    <Provider Name="Microsoft-Windows-Security-Auditing" Guid="54849625-5478-4994-A5BA-3E3B0328C30D">
    </Provider>
    <EventID>5379</EventID>
    <Version>0</Version>
    <Level>0</Level>
    <Task>13824</Task>
    <Opcode>0</Opcode>
    <Keywords>0x8020000000000000</Keywords>
    <TimeCreated SystemTime="2025-07-02T21:52:56.553671Z">
    </TimeCreated>
    <EventRecordID>365</EventRecordID>
    <Correlation ActivityID="942C7457-EB9B-0000-1675-2C949BEBDB01">
    </Correlation>
    <Execution ProcessID="652" ThreadID="756">
    </Execution>
    <Channel>Security</Channel>
    <Computer>DESKTOP-P5L8521</Computer>
    <Security>
    </Security>
  </System>
  <EventData>
    <Data Name="SubjectUserSid">S-1-5-18</Data>
    <Data Name="SubjectUserName">WIN-201SCGOAP7Q$</Data>
    <Data Name="SubjectDomainName">WORKGROUP</Data>
    <Data Name="SubjectLogonId">0x3e7</Data>
    <Data Name="TargetName">WindowsLive:(cert):name=02uiiypiqjnzhprf;serviceuri=*</Data>
    <Data Name="Type">0</Data>
    <Data Name="CountOfCredentialsReturned">0</Data>
    <Data Name="ReadOperation">%%8100</Data>
    <Data Name="ReturnCode">3221226021</Data>
    <Data Name="ProcessCreationTime">2025-07-02T21:52:30.430415Z</Data>
    <Data Name="ClientProcessId">1468</Data>
  </EventData>
</Event>
Record 366
<?xml version="1.0" encoding="utf-8"?>
<Event xmlns="http://schemas.microsoft.com/win/2004/08/events/event">
  <System>
    <Provider Name="Microsoft-Windows-Security-Auditing" Guid="54849625-5478-4994-A5BA-3E3B0328C30D">
    </Provider>
    <EventID>5379</EventID>
    <Version>0</Version>
    <Level>0</Level>
    <Task>13824</Task>
    <Opcode>0</Opcode>
    <Keywords>0x8020000000000000</Keywords>
    <TimeCreated SystemTime="2025-07-02T21:52:56.648703Z">
    </TimeCreated>
    <EventRecordID>366</EventRecordID>
    <Correlation ActivityID="942C7457-EB9B-0000-1675-2C949BEBDB01">
    </Correlation>
    <Execution ProcessID="652" ThreadID="756">
    </Execution>
    <Channel>Security</Channel>
    <Computer>DESKTOP-P5L8521</Computer>
    <Security>
    </Security>
  </System>
  <EventData>
    <Data Name="SubjectUserSid">S-1-5-19</Data>
    <Data Name="SubjectUserName">LOCAL SERVICE</Data>
    <Data Name="SubjectDomainName">NT AUTHORITY</Data>
    <Data Name="SubjectLogonId">0x3e5</Data>
    <Data Name="TargetName">WindowsLive:(token):name=02rzuaoumgvdkqfq;serviceuri=*</Data>
    <Data Name="Type">0</Data>
    <Data Name="CountOfCredentialsReturned">0</Data>
    <Data Name="ReadOperation">%%8100</Data>
    <Data Name="ReturnCode">3221226021</Data>
    <Data Name="ProcessCreationTime">2025-07-02T21:52:30.430415Z</Data>
    <Data Name="ClientProcessId">1468</Data>
  </EventData>
</Event>
Record 367
<?xml version="1.0" encoding="utf-8"?>
<Event xmlns="http://schemas.microsoft.com/win/2004/08/events/event">
  <System>
    <Provider Name="Microsoft-Windows-Security-Auditing" Guid="54849625-5478-4994-A5BA-3E3B0328C30D">
    </Provider>
    <EventID>5379</EventID>
    <Version>0</Version>
    <Level>0</Level>
    <Task>13824</Task>
    <Opcode>0</Opcode>
    <Keywords>0x8020000000000000</Keywords>
    <TimeCreated SystemTime="2025-07-02T21:52:56.648930Z">
    </TimeCreated>
    <EventRecordID>367</EventRecordID>
    <Correlation ActivityID="942C7457-EB9B-0000-1675-2C949BEBDB01">
    </Correlation>
    <Execution ProcessID="652" ThreadID="756">
    </Execution>
    <Channel>Security</Channel>
    <Computer>DESKTOP-P5L8521</Computer>
    <Security>
    </Security>
  </System>
  <EventData>
    <Data Name="SubjectUserSid">S-1-5-19</Data>
    <Data Name="SubjectUserName">LOCAL SERVICE</Data>
    <Data Name="SubjectDomainName">NT AUTHORITY</Data>
    <Data Name="SubjectLogonId">0x3e5</Data>
    <Data Name="TargetName">WindowsLive:(cert):name=02rzuaoumgvdkqfq;serviceuri=*</Data>
    <Data Name="Type">0</Data>
    <Data Name="CountOfCredentialsReturned">0</Data>
    <Data Name="ReadOperation">%%8100</Data>
    <Data Name="ReturnCode">3221226021</Data>
    <Data Name="ProcessCreationTime">2025-07-02T21:52:30.430415Z</Data>
    <Data Name="ClientProcessId">1468</Data>
  </EventData>
</Event>
Record 368
<?xml version="1.0" encoding="utf-8"?>
<Event xmlns="http://schemas.microsoft.com/win/2004/08/events/event">
  <System>
    <Provider Name="Microsoft-Windows-Security-Auditing" Guid="54849625-5478-4994-A5BA-3E3B0328C30D">
    </Provider>
    <EventID>5379</EventID>
    <Version>0</Version>
    <Level>0</Level>
    <Task>13824</Task>
    <Opcode>0</Opcode>
    <Keywords>0x8020000000000000</Keywords>
    <TimeCreated SystemTime="2025-07-02T21:52:56.648982Z">
    </TimeCreated>
    <EventRecordID>368</EventRecordID>
    <Correlation ActivityID="942C7457-EB9B-0000-1675-2C949BEBDB01">
    </Correlation>
    <Execution ProcessID="652" ThreadID="756">
    </Execution>
    <Channel>Security</Channel>
    <Computer>DESKTOP-P5L8521</Computer>
    <Security>
    </Security>
  </System>
  <EventData>
    <Data Name="SubjectUserSid">S-1-5-19</Data>
    <Data Name="SubjectUserName">LOCAL SERVICE</Data>
    <Data Name="SubjectDomainName">NT AUTHORITY</Data>
    <Data Name="SubjectLogonId">0x3e5</Data>
    <Data Name="TargetName">WindowsLive:target=virtualapp/didlogical</Data>
    <Data Name="Type">0</Data>
    <Data Name="CountOfCredentialsReturned">0</Data>
    <Data Name="ReadOperation">%%8100</Data>
    <Data Name="ReturnCode">3221226021</Data>
    <Data Name="ProcessCreationTime">2025-07-02T21:52:30.430415Z</Data>
    <Data Name="ClientProcessId">1468</Data>
  </EventData>
</Event>
Record 369
<?xml version="1.0" encoding="utf-8"?>
<Event xmlns="http://schemas.microsoft.com/win/2004/08/events/event">
  <System>
    <Provider Name="Microsoft-Windows-Security-Auditing" Guid="54849625-5478-4994-A5BA-3E3B0328C30D">
    </Provider>
    <EventID>5379</EventID>
    <Version>0</Version>
    <Level>0</Level>
    <Task>13824</Task>
    <Opcode>0</Opcode>
    <Keywords>0x8020000000000000</Keywords>
    <TimeCreated SystemTime="2025-07-02T21:52:56.724770Z">
    </TimeCreated>
    <EventRecordID>369</EventRecordID>
    <Correlation ActivityID="942C7457-EB9B-0000-1675-2C949BEBDB01">
    </Correlation>
    <Execution ProcessID="652" ThreadID="720">
    </Execution>
    <Channel>Security</Channel>
    <Computer>DESKTOP-P5L8521</Computer>
    <Security>
    </Security>
  </System>
  <EventData>
    <Data Name="SubjectUserSid">S-1-5-18</Data>
    <Data Name="SubjectUserName">WIN-201SCGOAP7Q$</Data>
    <Data Name="SubjectDomainName">WORKGROUP</Data>
    <Data Name="SubjectLogonId">0x3e7</Data>
    <Data Name="TargetName">MicrosoftAccount:user=02uiiypiqjnzhprf</Data>
    <Data Name="Type">0</Data>
    <Data Name="CountOfCredentialsReturned">0</Data>
    <Data Name="ReadOperation">%%8100</Data>
    <Data Name="ReturnCode">3221226021</Data>
    <Data Name="ProcessCreationTime">2025-07-02T21:52:30.430415Z</Data>
    <Data Name="ClientProcessId">1468</Data>
  </EventData>
</Event>
Record 370
<?xml version="1.0" encoding="utf-8"?>
<Event xmlns="http://schemas.microsoft.com/win/2004/08/events/event">
  <System>
    <Provider Name="Microsoft-Windows-Security-Auditing" Guid="54849625-5478-4994-A5BA-3E3B0328C30D">
    </Provider>
    <EventID>5379</EventID>
    <Version>0</Version>
    <Level>0</Level>
    <Task>13824</Task>
    <Opcode>0</Opcode>
    <Keywords>0x8020000000000000</Keywords>
    <TimeCreated SystemTime="2025-07-02T21:52:56.736695Z">
    </TimeCreated>
    <EventRecordID>370</EventRecordID>
    <Correlation ActivityID="942C7457-EB9B-0000-1675-2C949BEBDB01">
    </Correlation>
    <Execution ProcessID="652" ThreadID="720">
    </Execution>
    <Channel>Security</Channel>
    <Computer>DESKTOP-P5L8521</Computer>
    <Security>
    </Security>
  </System>
  <EventData>
    <Data Name="SubjectUserSid">S-1-5-18</Data>
    <Data Name="SubjectUserName">WIN-201SCGOAP7Q$</Data>
    <Data Name="SubjectDomainName">WORKGROUP</Data>
    <Data Name="SubjectLogonId">0x3e7</Data>
    <Data Name="TargetName">MicrosoftAccount:user=02uiiypiqjnzhprf</Data>
    <Data Name="Type">0</Data>
    <Data Name="CountOfCredentialsReturned">0</Data>
    <Data Name="ReadOperation">%%8100</Data>
    <Data Name="ReturnCode">3221226021</Data>
    <Data Name="ProcessCreationTime">2025-07-02T21:52:30.430415Z</Data>
    <Data Name="ClientProcessId">1468</Data>
  </EventData>
</Event>
Record 371
<?xml version="1.0" encoding="utf-8"?>
<Event xmlns="http://schemas.microsoft.com/win/2004/08/events/event">
  <System>
    <Provider Name="Microsoft-Windows-Security-Auditing" Guid="54849625-5478-4994-A5BA-3E3B0328C30D">
    </Provider>
    <EventID>5379</EventID>
    <Version>0</Version>
    <Level>0</Level>
    <Task>13824</Task>
    <Opcode>0</Opcode>
    <Keywords>0x8020000000000000</Keywords>
    <TimeCreated SystemTime="2025-07-02T21:52:56.738610Z">
    </TimeCreated>
    <EventRecordID>371</EventRecordID>
    <Correlation ActivityID="942C7457-EB9B-0000-1675-2C949BEBDB01">
    </Correlation>
    <Execution ProcessID="652" ThreadID="720">
    </Execution>
    <Channel>Security</Channel>
    <Computer>DESKTOP-P5L8521</Computer>
    <Security>
    </Security>
  </System>
  <EventData>
    <Data Name="SubjectUserSid">S-1-5-18</Data>
    <Data Name="SubjectUserName">WIN-201SCGOAP7Q$</Data>
    <Data Name="SubjectDomainName">WORKGROUP</Data>
    <Data Name="SubjectLogonId">0x3e7</Data>
    <Data Name="TargetName">MicrosoftAccount:user=02uiiypiqjnzhprf</Data>
    <Data Name="Type">0</Data>
    <Data Name="CountOfCredentialsReturned">0</Data>
    <Data Name="ReadOperation">%%8100</Data>
    <Data Name="ReturnCode">3221226021</Data>
    <Data Name="ProcessCreationTime">2025-07-02T21:52:30.430415Z</Data>
    <Data Name="ClientProcessId">1468</Data>
  </EventData>
</Event>
Record 372
<?xml version="1.0" encoding="utf-8"?>
<Event xmlns="http://schemas.microsoft.com/win/2004/08/events/event">
  <System>
    <Provider Name="Microsoft-Windows-Security-Auditing" Guid="54849625-5478-4994-A5BA-3E3B0328C30D">
    </Provider>
    <EventID>5379</EventID>
    <Version>0</Version>
    <Level>0</Level>
    <Task>13824</Task>
    <Opcode>0</Opcode>
    <Keywords>0x8020000000000000</Keywords>
    <TimeCreated SystemTime="2025-07-02T21:52:56.738721Z">
    </TimeCreated>
    <EventRecordID>372</EventRecordID>
    <Correlation ActivityID="942C7457-EB9B-0000-1675-2C949BEBDB01">
    </Correlation>
    <Execution ProcessID="652" ThreadID="720">
    </Execution>
    <Channel>Security</Channel>
    <Computer>DESKTOP-P5L8521</Computer>
    <Security>
    </Security>
  </System>
  <EventData>
    <Data Name="SubjectUserSid">S-1-5-18</Data>
    <Data Name="SubjectUserName">WIN-201SCGOAP7Q$</Data>
    <Data Name="SubjectDomainName">WORKGROUP</Data>
    <Data Name="SubjectLogonId">0x3e7</Data>
    <Data Name="TargetName">MicrosoftAccount:user=02uiiypiqjnzhprf</Data>
    <Data Name="Type">0</Data>
    <Data Name="CountOfCredentialsReturned">0</Data>
    <Data Name="ReadOperation">%%8100</Data>
    <Data Name="ReturnCode">3221226021</Data>
    <Data Name="ProcessCreationTime">2025-07-02T21:52:30.430415Z</Data>
    <Data Name="ClientProcessId">1468</Data>
  </EventData>
</Event>
Record 373
<?xml version="1.0" encoding="utf-8"?>
<Event xmlns="http://schemas.microsoft.com/win/2004/08/events/event">
  <System>
    <Provider Name="Microsoft-Windows-Security-Auditing" Guid="54849625-5478-4994-A5BA-3E3B0328C30D">
    </Provider>
    <EventID>5379</EventID>
    <Version>0</Version>
    <Level>0</Level>
    <Task>13824</Task>
    <Opcode>0</Opcode>
    <Keywords>0x8020000000000000</Keywords>
    <TimeCreated SystemTime="2025-07-02T21:52:57.352346Z">
    </TimeCreated>
    <EventRecordID>373</EventRecordID>
    <Correlation ActivityID="942C7457-EB9B-0000-1675-2C949BEBDB01">
    </Correlation>
    <Execution ProcessID="652" ThreadID="720">
    </Execution>
    <Channel>Security</Channel>
    <Computer>DESKTOP-P5L8521</Computer>
    <Security>
    </Security>
  </System>
  <EventData>
    <Data Name="SubjectUserSid">S-1-5-19</Data>
    <Data Name="SubjectUserName">LOCAL SERVICE</Data>
    <Data Name="SubjectDomainName">NT AUTHORITY</Data>
    <Data Name="SubjectLogonId">0x3e5</Data>
    <Data Name="TargetName">MicrosoftAccount:user=02rzuaoumgvdkqfq</Data>
    <Data Name="Type">0</Data>
    <Data Name="CountOfCredentialsReturned">0</Data>
    <Data Name="ReadOperation">%%8100</Data>
    <Data Name="ReturnCode">3221226021</Data>
    <Data Name="ProcessCreationTime">2025-07-02T21:52:30.430415Z</Data>
    <Data Name="ClientProcessId">1468</Data>
  </EventData>
</Event>
Record 374
<?xml version="1.0" encoding="utf-8"?>
<Event xmlns="http://schemas.microsoft.com/win/2004/08/events/event">
  <System>
    <Provider Name="Microsoft-Windows-Security-Auditing" Guid="54849625-5478-4994-A5BA-3E3B0328C30D">
    </Provider>
    <EventID>5058</EventID>
    <Version>1</Version>
    <Level>0</Level>
    <Task>12292</Task>
    <Opcode>0</Opcode>
    <Keywords>0x8020000000000000</Keywords>
    <TimeCreated SystemTime="2025-07-02T21:52:57.399247Z">
    </TimeCreated>
    <EventRecordID>374</EventRecordID>
    <Correlation ActivityID="942C7457-EB9B-0000-1675-2C949BEBDB01">
    </Correlation>
    <Execution ProcessID="652" ThreadID="720">
    </Execution>
    <Channel>Security</Channel>
    <Computer>DESKTOP-P5L8521</Computer>
    <Security>
    </Security>
  </System>
  <EventData>
    <Data Name="SubjectUserSid">S-1-5-18</Data>
    <Data Name="SubjectUserName">WIN-201SCGOAP7Q$</Data>
    <Data Name="SubjectDomainName">WORKGROUP</Data>
    <Data Name="SubjectLogonId">0x3e7</Data>
    <Data Name="ClientProcessId">1468</Data>
    <Data Name="ClientCreationTime">2025-07-02T21:52:30.430415Z</Data>
    <Data Name="ProviderName">Microsoft Software Key Storage Provider</Data>
    <Data Name="AlgorithmName">UNKNOWN</Data>
    <Data Name="KeyName">5c7b937f-91c0-6525-e29a-2650ef892e40</Data>
    <Data Name="KeyType">%%2500</Data>
    <Data Name="KeyFilePath">C:\ProgramData\Microsoft\Crypto\SystemKeys\a202e34b7c2cc21b2b81249487bcadac_a3790695-7242-44c0-bb02-e83ead2283c6</Data>
    <Data Name="Operation">%%2458</Data>
    <Data Name="ReturnCode">0x0</Data>
  </EventData>
</Event>
Record 375
<?xml version="1.0" encoding="utf-8"?>
<Event xmlns="http://schemas.microsoft.com/win/2004/08/events/event">
  <System>
    <Provider Name="Microsoft-Windows-Security-Auditing" Guid="54849625-5478-4994-A5BA-3E3B0328C30D">
    </Provider>
    <EventID>5061</EventID>
    <Version>0</Version>
    <Level>0</Level>
    <Task>12290</Task>
    <Opcode>0</Opcode>
    <Keywords>0x8020000000000000</Keywords>
    <TimeCreated SystemTime="2025-07-02T21:52:57.399542Z">
    </TimeCreated>
    <EventRecordID>375</EventRecordID>
    <Correlation ActivityID="942C7457-EB9B-0000-1675-2C949BEBDB01">
    </Correlation>
    <Execution ProcessID="652" ThreadID="720">
    </Execution>
    <Channel>Security</Channel>
    <Computer>DESKTOP-P5L8521</Computer>
    <Security>
    </Security>
  </System>
  <EventData>
    <Data Name="SubjectUserSid">S-1-5-18</Data>
    <Data Name="SubjectUserName">WIN-201SCGOAP7Q$</Data>
    <Data Name="SubjectDomainName">WORKGROUP</Data>
    <Data Name="SubjectLogonId">0x3e7</Data>
    <Data Name="ProviderName">Microsoft Software Key Storage Provider</Data>
    <Data Name="AlgorithmName">RSA</Data>
    <Data Name="KeyName">5c7b937f-91c0-6525-e29a-2650ef892e40</Data>
    <Data Name="KeyType">%%2500</Data>
    <Data Name="Operation">%%2480</Data>
    <Data Name="ReturnCode">0x0</Data>
  </EventData>
</Event>
Record 376
<?xml version="1.0" encoding="utf-8"?>
<Event xmlns="http://schemas.microsoft.com/win/2004/08/events/event">
  <System>
    <Provider Name="Microsoft-Windows-Security-Auditing" Guid="54849625-5478-4994-A5BA-3E3B0328C30D">
    </Provider>
    <EventID>5379</EventID>
    <Version>0</Version>
    <Level>0</Level>
    <Task>13824</Task>
    <Opcode>0</Opcode>
    <Keywords>0x8020000000000000</Keywords>
    <TimeCreated SystemTime="2025-07-02T21:52:57.401822Z">
    </TimeCreated>
    <EventRecordID>376</EventRecordID>
    <Correlation ActivityID="942C7457-EB9B-0000-1675-2C949BEBDB01">
    </Correlation>
    <Execution ProcessID="652" ThreadID="720">
    </Execution>
    <Channel>Security</Channel>
    <Computer>DESKTOP-P5L8521</Computer>
    <Security>
    </Security>
  </System>
  <EventData>
    <Data Name="SubjectUserSid">S-1-5-19</Data>
    <Data Name="SubjectUserName">LOCAL SERVICE</Data>
    <Data Name="SubjectDomainName">NT AUTHORITY</Data>
    <Data Name="SubjectLogonId">0x3e5</Data>
    <Data Name="TargetName">MicrosoftAccount:user=02rzuaoumgvdkqfq</Data>
    <Data Name="Type">1</Data>
    <Data Name="CountOfCredentialsReturned">1</Data>
    <Data Name="ReadOperation">%%8099</Data>
    <Data Name="ReturnCode">3221226021</Data>
    <Data Name="ProcessCreationTime">2025-07-02T21:52:30.430415Z</Data>
    <Data Name="ClientProcessId">1468</Data>
  </EventData>
</Event>
Record 377
<?xml version="1.0" encoding="utf-8"?>
<Event xmlns="http://schemas.microsoft.com/win/2004/08/events/event">
  <System>
    <Provider Name="Microsoft-Windows-Security-Auditing" Guid="54849625-5478-4994-A5BA-3E3B0328C30D">
    </Provider>
    <EventID>5379</EventID>
    <Version>0</Version>
    <Level>0</Level>
    <Task>13824</Task>
    <Opcode>0</Opcode>
    <Keywords>0x8020000000000000</Keywords>
    <TimeCreated SystemTime="2025-07-02T21:52:57.456633Z">
    </TimeCreated>
    <EventRecordID>377</EventRecordID>
    <Correlation ActivityID="942C7457-EB9B-0000-1675-2C949BEBDB01">
    </Correlation>
    <Execution ProcessID="652" ThreadID="720">
    </Execution>
    <Channel>Security</Channel>
    <Computer>DESKTOP-P5L8521</Computer>
    <Security>
    </Security>
  </System>
  <EventData>
    <Data Name="SubjectUserSid">S-1-5-19</Data>
    <Data Name="SubjectUserName">LOCAL SERVICE</Data>
    <Data Name="SubjectDomainName">NT AUTHORITY</Data>
    <Data Name="SubjectLogonId">0x3e5</Data>
    <Data Name="TargetName">MicrosoftAccount:user=02rzuaoumgvdkqfq</Data>
    <Data Name="Type">0</Data>
    <Data Name="CountOfCredentialsReturned">0</Data>
    <Data Name="ReadOperation">%%8100</Data>
    <Data Name="ReturnCode">3221226021</Data>
    <Data Name="ProcessCreationTime">2025-07-02T21:52:30.430415Z</Data>
    <Data Name="ClientProcessId">1468</Data>
  </EventData>
</Event>
Record 378
<?xml version="1.0" encoding="utf-8"?>
<Event xmlns="http://schemas.microsoft.com/win/2004/08/events/event">
  <System>
    <Provider Name="Microsoft-Windows-Security-Auditing" Guid="54849625-5478-4994-A5BA-3E3B0328C30D">
    </Provider>
    <EventID>5379</EventID>
    <Version>0</Version>
    <Level>0</Level>
    <Task>13824</Task>
    <Opcode>0</Opcode>
    <Keywords>0x8020000000000000</Keywords>
    <TimeCreated SystemTime="2025-07-02T21:52:57.456937Z">
    </TimeCreated>
    <EventRecordID>378</EventRecordID>
    <Correlation ActivityID="942C7457-EB9B-0000-1675-2C949BEBDB01">
    </Correlation>
    <Execution ProcessID="652" ThreadID="720">
    </Execution>
    <Channel>Security</Channel>
    <Computer>DESKTOP-P5L8521</Computer>
    <Security>
    </Security>
  </System>
  <EventData>
    <Data Name="SubjectUserSid">S-1-5-19</Data>
    <Data Name="SubjectUserName">LOCAL SERVICE</Data>
    <Data Name="SubjectDomainName">NT AUTHORITY</Data>
    <Data Name="SubjectLogonId">0x3e5</Data>
    <Data Name="TargetName">WindowsLive:target=virtualapp/didlogical</Data>
    <Data Name="Type">0</Data>
    <Data Name="CountOfCredentialsReturned">0</Data>
    <Data Name="ReadOperation">%%8100</Data>
    <Data Name="ReturnCode">3221226021</Data>
    <Data Name="ProcessCreationTime">2025-07-02T21:52:30.430415Z</Data>
    <Data Name="ClientProcessId">1468</Data>
  </EventData>
</Event>
Record 379
<?xml version="1.0" encoding="utf-8"?>
<Event xmlns="http://schemas.microsoft.com/win/2004/08/events/event">
  <System>
    <Provider Name="Microsoft-Windows-Security-Auditing" Guid="54849625-5478-4994-A5BA-3E3B0328C30D">
    </Provider>
    <EventID>5379</EventID>
    <Version>0</Version>
    <Level>0</Level>
    <Task>13824</Task>
    <Opcode>0</Opcode>
    <Keywords>0x8020000000000000</Keywords>
    <TimeCreated SystemTime="2025-07-02T21:52:57.514014Z">
    </TimeCreated>
    <EventRecordID>379</EventRecordID>
    <Correlation ActivityID="942C7457-EB9B-0000-1675-2C949BEBDB01">
    </Correlation>
    <Execution ProcessID="652" ThreadID="720">
    </Execution>
    <Channel>Security</Channel>
    <Computer>DESKTOP-P5L8521</Computer>
    <Security>
    </Security>
  </System>
  <EventData>
    <Data Name="SubjectUserSid">S-1-5-19</Data>
    <Data Name="SubjectUserName">LOCAL SERVICE</Data>
    <Data Name="SubjectDomainName">NT AUTHORITY</Data>
    <Data Name="SubjectLogonId">0x3e5</Data>
    <Data Name="TargetName">MicrosoftAccount:user=02rzuaoumgvdkqfq</Data>
    <Data Name="Type">0</Data>
    <Data Name="CountOfCredentialsReturned">0</Data>
    <Data Name="ReadOperation">%%8100</Data>
    <Data Name="ReturnCode">3221226021</Data>
    <Data Name="ProcessCreationTime">2025-07-02T21:52:30.430415Z</Data>
    <Data Name="ClientProcessId">1468</Data>
  </EventData>
</Event>
Record 380
<?xml version="1.0" encoding="utf-8"?>
<Event xmlns="http://schemas.microsoft.com/win/2004/08/events/event">
  <System>
    <Provider Name="Microsoft-Windows-Security-Auditing" Guid="54849625-5478-4994-A5BA-3E3B0328C30D">
    </Provider>
    <EventID>5379</EventID>
    <Version>0</Version>
    <Level>0</Level>
    <Task>13824</Task>
    <Opcode>0</Opcode>
    <Keywords>0x8020000000000000</Keywords>
    <TimeCreated SystemTime="2025-07-02T21:52:57.514073Z">
    </TimeCreated>
    <EventRecordID>380</EventRecordID>
    <Correlation ActivityID="942C7457-EB9B-0000-1675-2C949BEBDB01">
    </Correlation>
    <Execution ProcessID="652" ThreadID="720">
    </Execution>
    <Channel>Security</Channel>
    <Computer>DESKTOP-P5L8521</Computer>
    <Security>
    </Security>
  </System>
  <EventData>
    <Data Name="SubjectUserSid">S-1-5-19</Data>
    <Data Name="SubjectUserName">LOCAL SERVICE</Data>
    <Data Name="SubjectDomainName">NT AUTHORITY</Data>
    <Data Name="SubjectLogonId">0x3e5</Data>
    <Data Name="TargetName">WindowsLive:(token):name=02rzuaoumgvdkqfq;serviceuri=*</Data>
    <Data Name="Type">0</Data>
    <Data Name="CountOfCredentialsReturned">0</Data>
    <Data Name="ReadOperation">%%8100</Data>
    <Data Name="ReturnCode">3221226021</Data>
    <Data Name="ProcessCreationTime">2025-07-02T21:52:30.430415Z</Data>
    <Data Name="ClientProcessId">1468</Data>
  </EventData>
</Event>
Record 381
<?xml version="1.0" encoding="utf-8"?>
<Event xmlns="http://schemas.microsoft.com/win/2004/08/events/event">
  <System>
    <Provider Name="Microsoft-Windows-Security-Auditing" Guid="54849625-5478-4994-A5BA-3E3B0328C30D">
    </Provider>
    <EventID>5379</EventID>
    <Version>0</Version>
    <Level>0</Level>
    <Task>13824</Task>
    <Opcode>0</Opcode>
    <Keywords>0x8020000000000000</Keywords>
    <TimeCreated SystemTime="2025-07-02T21:52:57.514215Z">
    </TimeCreated>
    <EventRecordID>381</EventRecordID>
    <Correlation ActivityID="942C7457-EB9B-0000-1675-2C949BEBDB01">
    </Correlation>
    <Execution ProcessID="652" ThreadID="720">
    </Execution>
    <Channel>Security</Channel>
    <Computer>DESKTOP-P5L8521</Computer>
    <Security>
    </Security>
  </System>
  <EventData>
    <Data Name="SubjectUserSid">S-1-5-19</Data>
    <Data Name="SubjectUserName">LOCAL SERVICE</Data>
    <Data Name="SubjectDomainName">NT AUTHORITY</Data>
    <Data Name="SubjectLogonId">0x3e5</Data>
    <Data Name="TargetName">WindowsLive:(cert):name=02rzuaoumgvdkqfq;serviceuri=*</Data>
    <Data Name="Type">0</Data>
    <Data Name="CountOfCredentialsReturned">0</Data>
    <Data Name="ReadOperation">%%8100</Data>
    <Data Name="ReturnCode">3221226021</Data>
    <Data Name="ProcessCreationTime">2025-07-02T21:52:30.430415Z</Data>
    <Data Name="ClientProcessId">1468</Data>
  </EventData>
</Event>
Record 382
<?xml version="1.0" encoding="utf-8"?>
<Event xmlns="http://schemas.microsoft.com/win/2004/08/events/event">
  <System>
    <Provider Name="Microsoft-Windows-Security-Auditing" Guid="54849625-5478-4994-A5BA-3E3B0328C30D">
    </Provider>
    <EventID>5379</EventID>
    <Version>0</Version>
    <Level>0</Level>
    <Task>13824</Task>
    <Opcode>0</Opcode>
    <Keywords>0x8020000000000000</Keywords>
    <TimeCreated SystemTime="2025-07-02T21:52:58.243083Z">
    </TimeCreated>
    <EventRecordID>382</EventRecordID>
    <Correlation ActivityID="942C7457-EB9B-0000-1675-2C949BEBDB01">
    </Correlation>
    <Execution ProcessID="652" ThreadID="720">
    </Execution>
    <Channel>Security</Channel>
    <Computer>DESKTOP-P5L8521</Computer>
    <Security>
    </Security>
  </System>
  <EventData>
    <Data Name="SubjectUserSid">S-1-5-19</Data>
    <Data Name="SubjectUserName">LOCAL SERVICE</Data>
    <Data Name="SubjectDomainName">NT AUTHORITY</Data>
    <Data Name="SubjectLogonId">0x3e5</Data>
    <Data Name="TargetName">MicrosoftAccount:user=02rzuaoumgvdkqfq</Data>
    <Data Name="Type">0</Data>
    <Data Name="CountOfCredentialsReturned">0</Data>
    <Data Name="ReadOperation">%%8100</Data>
    <Data Name="ReturnCode">3221226021</Data>
    <Data Name="ProcessCreationTime">2025-07-02T21:52:30.430415Z</Data>
    <Data Name="ClientProcessId">1468</Data>
  </EventData>
</Event>
Record 383
<?xml version="1.0" encoding="utf-8"?>
<Event xmlns="http://schemas.microsoft.com/win/2004/08/events/event">
  <System>
    <Provider Name="Microsoft-Windows-Security-Auditing" Guid="54849625-5478-4994-A5BA-3E3B0328C30D">
    </Provider>
    <EventID>5379</EventID>
    <Version>0</Version>
    <Level>0</Level>
    <Task>13824</Task>
    <Opcode>0</Opcode>
    <Keywords>0x8020000000000000</Keywords>
    <TimeCreated SystemTime="2025-07-02T21:52:58.245509Z">
    </TimeCreated>
    <EventRecordID>383</EventRecordID>
    <Correlation ActivityID="942C7457-EB9B-0000-1675-2C949BEBDB01">
    </Correlation>
    <Execution ProcessID="652" ThreadID="720">
    </Execution>
    <Channel>Security</Channel>
    <Computer>DESKTOP-P5L8521</Computer>
    <Security>
    </Security>
  </System>
  <EventData>
    <Data Name="SubjectUserSid">S-1-5-19</Data>
    <Data Name="SubjectUserName">LOCAL SERVICE</Data>
    <Data Name="SubjectDomainName">NT AUTHORITY</Data>
    <Data Name="SubjectLogonId">0x3e5</Data>
    <Data Name="TargetName">MicrosoftAccount:user=02rzuaoumgvdkqfq</Data>
    <Data Name="Type">0</Data>
    <Data Name="CountOfCredentialsReturned">0</Data>
    <Data Name="ReadOperation">%%8100</Data>
    <Data Name="ReturnCode">3221226021</Data>
    <Data Name="ProcessCreationTime">2025-07-02T21:52:30.430415Z</Data>
    <Data Name="ClientProcessId">1468</Data>
  </EventData>
</Event>
Record 384
<?xml version="1.0" encoding="utf-8"?>
<Event xmlns="http://schemas.microsoft.com/win/2004/08/events/event">
  <System>
    <Provider Name="Microsoft-Windows-Security-Auditing" Guid="54849625-5478-4994-A5BA-3E3B0328C30D">
    </Provider>
    <EventID>5379</EventID>
    <Version>0</Version>
    <Level>0</Level>
    <Task>13824</Task>
    <Opcode>0</Opcode>
    <Keywords>0x8020000000000000</Keywords>
    <TimeCreated SystemTime="2025-07-02T21:52:58.250097Z">
    </TimeCreated>
    <EventRecordID>384</EventRecordID>
    <Correlation ActivityID="942C7457-EB9B-0000-1675-2C949BEBDB01">
    </Correlation>
    <Execution ProcessID="652" ThreadID="720">
    </Execution>
    <Channel>Security</Channel>
    <Computer>DESKTOP-P5L8521</Computer>
    <Security>
    </Security>
  </System>
  <EventData>
    <Data Name="SubjectUserSid">S-1-5-19</Data>
    <Data Name="SubjectUserName">LOCAL SERVICE</Data>
    <Data Name="SubjectDomainName">NT AUTHORITY</Data>
    <Data Name="SubjectLogonId">0x3e5</Data>
    <Data Name="TargetName">MicrosoftAccount:user=02rzuaoumgvdkqfq</Data>
    <Data Name="Type">0</Data>
    <Data Name="CountOfCredentialsReturned">0</Data>
    <Data Name="ReadOperation">%%8100</Data>
    <Data Name="ReturnCode">3221226021</Data>
    <Data Name="ProcessCreationTime">2025-07-02T21:52:30.430415Z</Data>
    <Data Name="ClientProcessId">1468</Data>
  </EventData>
</Event>
Record 385
<?xml version="1.0" encoding="utf-8"?>
<Event xmlns="http://schemas.microsoft.com/win/2004/08/events/event">
  <System>
    <Provider Name="Microsoft-Windows-Security-Auditing" Guid="54849625-5478-4994-A5BA-3E3B0328C30D">
    </Provider>
    <EventID>5379</EventID>
    <Version>0</Version>
    <Level>0</Level>
    <Task>13824</Task>
    <Opcode>0</Opcode>
    <Keywords>0x8020000000000000</Keywords>
    <TimeCreated SystemTime="2025-07-02T21:52:58.250148Z">
    </TimeCreated>
    <EventRecordID>385</EventRecordID>
    <Correlation ActivityID="942C7457-EB9B-0000-1675-2C949BEBDB01">
    </Correlation>
    <Execution ProcessID="652" ThreadID="720">
    </Execution>
    <Channel>Security</Channel>
    <Computer>DESKTOP-P5L8521</Computer>
    <Security>
    </Security>
  </System>
  <EventData>
    <Data Name="SubjectUserSid">S-1-5-19</Data>
    <Data Name="SubjectUserName">LOCAL SERVICE</Data>
    <Data Name="SubjectDomainName">NT AUTHORITY</Data>
    <Data Name="SubjectLogonId">0x3e5</Data>
    <Data Name="TargetName">MicrosoftAccount:user=02rzuaoumgvdkqfq</Data>
    <Data Name="Type">0</Data>
    <Data Name="CountOfCredentialsReturned">0</Data>
    <Data Name="ReadOperation">%%8100</Data>
    <Data Name="ReturnCode">3221226021</Data>
    <Data Name="ProcessCreationTime">2025-07-02T21:52:30.430415Z</Data>
    <Data Name="ClientProcessId">1468</Data>
  </EventData>
</Event>
