Record 37
<?xml version="1.0" encoding="utf-8"?>
<Event xmlns="http://schemas.microsoft.com/win/2004/08/events/event">
  <System>
    <Provider Name="Microsoft-Windows-Security-Auditing" Guid="54849625-5478-4994-A5BA-3E3B0328C30D">
    </Provider>
    <EventID>4735</EventID>
    <Version>0</Version>
    <Level>0</Level>
    <Task>13826</Task>
    <Opcode>0</Opcode>
    <Keywords>0x8020000000000000</Keywords>
    <TimeCreated SystemTime="2025-07-02T21:51:11.699719Z">
    </TimeCreated>
    <EventRecordID>37</EventRecordID>
    <Correlation ActivityID="676C99D0-EB9B-0001-C79C-6C679BEBDB01">
    </Correlation>
    <Execution ProcessID="680" ThreadID="684">
    </Execution>
    <Channel>Security</Channel>
    <Computer>WIN-201SCGOAP7Q</Computer>
    <Security>
    </Security>
  </System>
  <EventData>
    <Data Name="TargetUserName">Hyper-V Administrators</Data>
    <Data Name="TargetDomainName">Builtin</Data>
    <Data Name="TargetSid">S-1-5-32-578</Data>
    <Data Name="SubjectUserSid">S-1-5-18</Data>
    <Data Name="SubjectUserName">MINWINPC$</Data>
    <Data Name="SubjectDomainName"></Data>
    <Data Name="SubjectLogonId">0x3e7</Data>
    <Data Name="PrivilegeList">-</Data>
    <Data Name="SamAccountName">-</Data>
    <Data Name="SidHistory">-</Data>
  </EventData>
</Event>
Record 38
<?xml version="1.0" encoding="utf-8"?>
<Event xmlns="http://schemas.microsoft.com/win/2004/08/events/event">
  <System>
    <Provider Name="Microsoft-Windows-Security-Auditing" Guid="54849625-5478-4994-A5BA-3E3B0328C30D">
    </Provider>
    <EventID>4731</EventID>
    <Version>0</Version>
    <Level>0</Level>
    <Task>13826</Task>
    <Opcode>0</Opcode>
    <Keywords>0x8020000000000000</Keywords>
    <TimeCreated SystemTime="2025-07-02T21:51:11.699844Z">
    </TimeCreated>
    <EventRecordID>38</EventRecordID>
    <Correlation ActivityID="676C99D0-EB9B-0001-C79C-6C679BEBDB01">
    </Correlation>
    <Execution ProcessID="680" ThreadID="684">
    </Execution>
    <Channel>Security</Channel>
    <Computer>WIN-201SCGOAP7Q</Computer>
    <Security>
    </Security>
  </System>
  <EventData>
    <Data Name="TargetUserName">Access Control Assistance Operators</Data>
    <Data Name="TargetDomainName">Builtin</Data>
    <Data Name="TargetSid">S-1-5-32-579</Data>
    <Data Name="SubjectUserSid">S-1-5-18</Data>
    <Data Name="SubjectUserName">MINWINPC$</Data>
    <Data Name="SubjectDomainName"></Data>
    <Data Name="SubjectLogonId">0x3e7</Data>
    <Data Name="PrivilegeList">-</Data>
    <Data Name="SamAccountName">Access Control Assistance Operators</Data>
    <Data Name="SidHistory">-</Data>
  </EventData>
</Event>
Record 39
<?xml version="1.0" encoding="utf-8"?>
<Event xmlns="http://schemas.microsoft.com/win/2004/08/events/event">
  <System>
    <Provider Name="Microsoft-Windows-Security-Auditing" Guid="54849625-5478-4994-A5BA-3E3B0328C30D">
    </Provider>
    <EventID>4735</EventID>
    <Version>0</Version>
    <Level>0</Level>
    <Task>13826</Task>
    <Opcode>0</Opcode>
    <Keywords>0x8020000000000000</Keywords>
    <TimeCreated SystemTime="2025-07-02T21:51:11.699860Z">
    </TimeCreated>
    <EventRecordID>39</EventRecordID>
    <Correlation ActivityID="676C99D0-EB9B-0001-C79C-6C679BEBDB01">
    </Correlation>
    <Execution ProcessID="680" ThreadID="684">
    </Execution>
    <Channel>Security</Channel>
    <Computer>WIN-201SCGOAP7Q</Computer>
    <Security>
    </Security>
  </System>
  <EventData>
    <Data Name="TargetUserName">Access Control Assistance Operators</Data>
    <Data Name="TargetDomainName">Builtin</Data>
    <Data Name="TargetSid">S-1-5-32-579</Data>
    <Data Name="SubjectUserSid">S-1-5-18</Data>
    <Data Name="SubjectUserName">MINWINPC$</Data>
    <Data Name="SubjectDomainName"></Data>
    <Data Name="SubjectLogonId">0x3e7</Data>
    <Data Name="PrivilegeList">-</Data>
    <Data Name="SamAccountName">-</Data>
    <Data Name="SidHistory">-</Data>
  </EventData>
</Event>
Record 40
<?xml version="1.0" encoding="utf-8"?>
<Event xmlns="http://schemas.microsoft.com/win/2004/08/events/event">
  <System>
    <Provider Name="Microsoft-Windows-Security-Auditing" Guid="54849625-5478-4994-A5BA-3E3B0328C30D">
    </Provider>
    <EventID>4731</EventID>
    <Version>0</Version>
    <Level>0</Level>
    <Task>13826</Task>
    <Opcode>0</Opcode>
    <Keywords>0x8020000000000000</Keywords>
    <TimeCreated SystemTime="2025-07-02T21:51:11.699943Z">
    </TimeCreated>
    <EventRecordID>40</EventRecordID>
    <Correlation ActivityID="676C99D0-EB9B-0001-C79C-6C679BEBDB01">
    </Correlation>
    <Execution ProcessID="680" ThreadID="684">
    </Execution>
    <Channel>Security</Channel>
    <Computer>WIN-201SCGOAP7Q</Computer>
    <Security>
    </Security>
  </System>
  <EventData>
    <Data Name="TargetUserName">Remote Management Users</Data>
    <Data Name="TargetDomainName">Builtin</Data>
    <Data Name="TargetSid">S-1-5-32-580</Data>
    <Data Name="SubjectUserSid">S-1-5-18</Data>
    <Data Name="SubjectUserName">MINWINPC$</Data>
    <Data Name="SubjectDomainName"></Data>
    <Data Name="SubjectLogonId">0x3e7</Data>
    <Data Name="PrivilegeList">-</Data>
    <Data Name="SamAccountName">Remote Management Users</Data>
    <Data Name="SidHistory">-</Data>
  </EventData>
</Event>
Record 41
<?xml version="1.0" encoding="utf-8"?>
<Event xmlns="http://schemas.microsoft.com/win/2004/08/events/event">
  <System>
    <Provider Name="Microsoft-Windows-Security-Auditing" Guid="54849625-5478-4994-A5BA-3E3B0328C30D">
    </Provider>
    <EventID>4735</EventID>
    <Version>0</Version>
    <Level>0</Level>
    <Task>13826</Task>
    <Opcode>0</Opcode>
    <Keywords>0x8020000000000000</Keywords>
    <TimeCreated SystemTime="2025-07-02T21:51:11.699959Z">
    </TimeCreated>
    <EventRecordID>41</EventRecordID>
    <Correlation ActivityID="676C99D0-EB9B-0001-C79C-6C679BEBDB01">
    </Correlation>
    <Execution ProcessID="680" ThreadID="684">
    </Execution>
    <Channel>Security</Channel>
    <Computer>WIN-201SCGOAP7Q</Computer>
    <Security>
    </Security>
  </System>
  <EventData>
    <Data Name="TargetUserName">Remote Management Users</Data>
    <Data Name="TargetDomainName">Builtin</Data>
    <Data Name="TargetSid">S-1-5-32-580</Data>
    <Data Name="SubjectUserSid">S-1-5-18</Data>
    <Data Name="SubjectUserName">MINWINPC$</Data>
    <Data Name="SubjectDomainName"></Data>
    <Data Name="SubjectLogonId">0x3e7</Data>
    <Data Name="PrivilegeList">-</Data>
    <Data Name="SamAccountName">-</Data>
    <Data Name="SidHistory">-</Data>
  </EventData>
</Event>
Record 42
<?xml version="1.0" encoding="utf-8"?>
<Event xmlns="http://schemas.microsoft.com/win/2004/08/events/event">
  <System>
    <Provider Name="Microsoft-Windows-Security-Auditing" Guid="54849625-5478-4994-A5BA-3E3B0328C30D">
    </Provider>
    <EventID>4728</EventID>
    <Version>0</Version>
    <Level>0</Level>
    <Task>13826</Task>
    <Opcode>0</Opcode>
    <Keywords>0x8020000000000000</Keywords>
    <TimeCreated SystemTime="2025-07-02T21:51:11.700166Z">
    </TimeCreated>
    <EventRecordID>42</EventRecordID>
    <Correlation ActivityID="676C99D0-EB9B-0001-C79C-6C679BEBDB01">
    </Correlation>
    <Execution ProcessID="680" ThreadID="684">
    </Execution>
    <Channel>Security</Channel>
    <Computer>WIN-201SCGOAP7Q</Computer>
    <Security>
    </Security>
  </System>
  <EventData>
    <Data Name="MemberName">-</Data>
    <Data Name="MemberSid">S-1-5-21-2584721208-1353900670-1627748517-504</Data>
    <Data Name="TargetUserName">None</Data>
    <Data Name="TargetDomainName">MINWINPC</Data>
    <Data Name="TargetSid">S-1-5-21-2584721208-1353900670-1627748517-513</Data>
    <Data Name="SubjectUserSid">S-1-5-18</Data>
    <Data Name="SubjectUserName">MINWINPC$</Data>
    <Data Name="SubjectDomainName"></Data>
    <Data Name="SubjectLogonId">0x3e7</Data>
    <Data Name="PrivilegeList">-</Data>
  </EventData>
</Event>
Record 43
<?xml version="1.0" encoding="utf-8"?>
<Event xmlns="http://schemas.microsoft.com/win/2004/08/events/event">
  <System>
    <Provider Name="Microsoft-Windows-Security-Auditing" Guid="54849625-5478-4994-A5BA-3E3B0328C30D">
    </Provider>
    <EventID>4720</EventID>
    <Version>0</Version>
    <Level>0</Level>
    <Task>13824</Task>
    <Opcode>0</Opcode>
    <Keywords>0x8020000000000000</Keywords>
    <TimeCreated SystemTime="2025-07-02T21:51:11.700674Z">
    </TimeCreated>
    <EventRecordID>43</EventRecordID>
    <Correlation ActivityID="676C99D0-EB9B-0001-C79C-6C679BEBDB01">
    </Correlation>
    <Execution ProcessID="680" ThreadID="684">
    </Execution>
    <Channel>Security</Channel>
    <Computer>WIN-201SCGOAP7Q</Computer>
    <Security>
    </Security>
  </System>
  <EventData>
    <Data Name="TargetUserName">WDAGUtilityAccount</Data>
    <Data Name="TargetDomainName">MINWINPC</Data>
    <Data Name="TargetSid">S-1-5-21-2584721208-1353900670-1627748517-504</Data>
    <Data Name="SubjectUserSid">S-1-5-18</Data>
    <Data Name="SubjectUserName">MINWINPC$</Data>
    <Data Name="SubjectDomainName"></Data>
    <Data Name="SubjectLogonId">0x3e7</Data>
    <Data Name="PrivilegeList">-</Data>
    <Data Name="SamAccountName">WDAGUtilityAccount</Data>
    <Data Name="DisplayName">%%1793</Data>
    <Data Name="UserPrincipalName">-</Data>
    <Data Name="HomeDirectory">%%1793</Data>
    <Data Name="HomePath">%%1793</Data>
    <Data Name="ScriptPath">%%1793</Data>
    <Data Name="ProfilePath">%%1793</Data>
    <Data Name="UserWorkstations">%%1793</Data>
    <Data Name="PasswordLastSet">%%1794</Data>
    <Data Name="AccountExpires">%%1794</Data>
    <Data Name="PrimaryGroupId">513</Data>
    <Data Name="AllowedToDelegateTo">-</Data>
    <Data Name="OldUacValue">0x0</Data>
    <Data Name="NewUacValue">0x15</Data>
    <Data Name="UserAccountControl">
		%%2080
		%%2082
		%%2084</Data>
    <Data Name="UserParameters">%%1793</Data>
    <Data Name="SidHistory">-</Data>
    <Data Name="LogonHours">%%1797</Data>
  </EventData>
</Event>
Record 44
<?xml version="1.0" encoding="utf-8"?>
<Event xmlns="http://schemas.microsoft.com/win/2004/08/events/event">
  <System>
    <Provider Name="Microsoft-Windows-Security-Auditing" Guid="54849625-5478-4994-A5BA-3E3B0328C30D">
    </Provider>
    <EventID>4738</EventID>
    <Version>0</Version>
    <Level>0</Level>
    <Task>13824</Task>
    <Opcode>0</Opcode>
    <Keywords>0x8020000000000000</Keywords>
    <TimeCreated SystemTime="2025-07-02T21:51:11.700777Z">
    </TimeCreated>
    <EventRecordID>44</EventRecordID>
    <Correlation ActivityID="676C99D0-EB9B-0001-C79C-6C679BEBDB01">
    </Correlation>
    <Execution ProcessID="680" ThreadID="684">
    </Execution>
    <Channel>Security</Channel>
    <Computer>WIN-201SCGOAP7Q</Computer>
    <Security>
    </Security>
  </System>
  <EventData>
    <Data Name="Dummy">-</Data>
    <Data Name="TargetUserName">WDAGUtilityAccount</Data>
    <Data Name="TargetDomainName">MINWINPC</Data>
    <Data Name="TargetSid">S-1-5-21-2584721208-1353900670-1627748517-504</Data>
    <Data Name="SubjectUserSid">S-1-5-18</Data>
    <Data Name="SubjectUserName">MINWINPC$</Data>
    <Data Name="SubjectDomainName"></Data>
    <Data Name="SubjectLogonId">0x3e7</Data>
    <Data Name="PrivilegeList">-</Data>
    <Data Name="SamAccountName">-</Data>
    <Data Name="DisplayName">-</Data>
    <Data Name="UserPrincipalName">-</Data>
    <Data Name="HomeDirectory">-</Data>
    <Data Name="HomePath">-</Data>
    <Data Name="ScriptPath">-</Data>
    <Data Name="ProfilePath">-</Data>
    <Data Name="UserWorkstations">-</Data>
    <Data Name="PasswordLastSet">-</Data>
    <Data Name="AccountExpires">-</Data>
    <Data Name="PrimaryGroupId">-</Data>
    <Data Name="AllowedToDelegateTo">-</Data>
    <Data Name="OldUacValue">0x15</Data>
    <Data Name="NewUacValue">0x11</Data>
    <Data Name="UserAccountControl">
		%%2050</Data>
    <Data Name="UserParameters">-</Data>
    <Data Name="SidHistory">-</Data>
    <Data Name="LogonHours">-</Data>
  </EventData>
</Event>
Record 45
<?xml version="1.0" encoding="utf-8"?>
<Event xmlns="http://schemas.microsoft.com/win/2004/08/events/event">
  <System>
    <Provider Name="Microsoft-Windows-Security-Auditing" Guid="54849625-5478-4994-A5BA-3E3B0328C30D">
    </Provider>
    <EventID>4738</EventID>
    <Version>0</Version>
    <Level>0</Level>
    <Task>13824</Task>
    <Opcode>0</Opcode>
    <Keywords>0x8020000000000000</Keywords>
    <TimeCreated SystemTime="2025-07-02T21:51:11.730546Z">
    </TimeCreated>
    <EventRecordID>45</EventRecordID>
    <Correlation ActivityID="676C99D0-EB9B-0001-C79C-6C679BEBDB01">
    </Correlation>
    <Execution ProcessID="680" ThreadID="684">
    </Execution>
    <Channel>Security</Channel>
    <Computer>WIN-201SCGOAP7Q</Computer>
    <Security>
    </Security>
  </System>
  <EventData>
    <Data Name="Dummy">-</Data>
    <Data Name="TargetUserName">WDAGUtilityAccount</Data>
    <Data Name="TargetDomainName">MINWINPC</Data>
    <Data Name="TargetSid">S-1-5-21-2584721208-1353900670-1627748517-504</Data>
    <Data Name="SubjectUserSid">S-1-5-18</Data>
    <Data Name="SubjectUserName">MINWINPC$</Data>
    <Data Name="SubjectDomainName"></Data>
    <Data Name="SubjectLogonId">0x3e7</Data>
    <Data Name="PrivilegeList">-</Data>
    <Data Name="SamAccountName">-</Data>
    <Data Name="DisplayName">-</Data>
    <Data Name="UserPrincipalName">-</Data>
    <Data Name="HomeDirectory">-</Data>
    <Data Name="HomePath">-</Data>
    <Data Name="ScriptPath">-</Data>
    <Data Name="ProfilePath">-</Data>
    <Data Name="UserWorkstations">-</Data>
    <Data Name="PasswordLastSet">-</Data>
    <Data Name="AccountExpires">-</Data>
    <Data Name="PrimaryGroupId">-</Data>
    <Data Name="AllowedToDelegateTo">-</Data>
    <Data Name="OldUacValue">-</Data>
    <Data Name="NewUacValue">-</Data>
    <Data Name="UserAccountControl">-</Data>
    <Data Name="UserParameters">-</Data>
    <Data Name="SidHistory">-</Data>
    <Data Name="LogonHours">-</Data>
  </EventData>
</Event>
Record 46
<?xml version="1.0" encoding="utf-8"?>
<Event xmlns="http://schemas.microsoft.com/win/2004/08/events/event">
  <System>
    <Provider Name="Microsoft-Windows-Security-Auditing" Guid="54849625-5478-4994-A5BA-3E3B0328C30D">
    </Provider>
    <EventID>4738</EventID>
    <Version>0</Version>
    <Level>0</Level>
    <Task>13824</Task>
    <Opcode>0</Opcode>
    <Keywords>0x8020000000000000</Keywords>
    <TimeCreated SystemTime="2025-07-02T21:51:11.730600Z">
    </TimeCreated>
    <EventRecordID>46</EventRecordID>
    <Correlation ActivityID="676C99D0-EB9B-0001-C79C-6C679BEBDB01">
    </Correlation>
    <Execution ProcessID="680" ThreadID="684">
    </Execution>
    <Channel>Security</Channel>
    <Computer>WIN-201SCGOAP7Q</Computer>
    <Security>
    </Security>
  </System>
  <EventData>
    <Data Name="Dummy">-</Data>
    <Data Name="TargetUserName">WDAGUtilityAccount</Data>
    <Data Name="TargetDomainName">MINWINPC</Data>
    <Data Name="TargetSid">S-1-5-21-2584721208-1353900670-1627748517-504</Data>
    <Data Name="SubjectUserSid">S-1-5-18</Data>
    <Data Name="SubjectUserName">MINWINPC$</Data>
    <Data Name="SubjectDomainName"></Data>
    <Data Name="SubjectLogonId">0x3e7</Data>
    <Data Name="PrivilegeList">-</Data>
    <Data Name="SamAccountName">-</Data>
    <Data Name="DisplayName">-</Data>
    <Data Name="UserPrincipalName">-</Data>
    <Data Name="HomeDirectory">-</Data>
    <Data Name="HomePath">-</Data>
    <Data Name="ScriptPath">-</Data>
    <Data Name="ProfilePath">-</Data>
    <Data Name="UserWorkstations">-</Data>
    <Data Name="PasswordLastSet">-</Data>
    <Data Name="AccountExpires">-</Data>
    <Data Name="PrimaryGroupId">-</Data>
    <Data Name="AllowedToDelegateTo">-</Data>
    <Data Name="OldUacValue">-</Data>
    <Data Name="NewUacValue">-</Data>
    <Data Name="UserAccountControl">-</Data>
    <Data Name="UserParameters">-</Data>
    <Data Name="SidHistory">-</Data>
    <Data Name="LogonHours">-</Data>
  </EventData>
</Event>
Record 47
<?xml version="1.0" encoding="utf-8"?>
<Event xmlns="http://schemas.microsoft.com/win/2004/08/events/event">
  <System>
    <Provider Name="Microsoft-Windows-Security-Auditing" Guid="54849625-5478-4994-A5BA-3E3B0328C30D">
    </Provider>
    <EventID>4624</EventID>
    <Version>2</Version>
    <Level>0</Level>
    <Task>12544</Task>
    <Opcode>0</Opcode>
    <Keywords>0x8020000000000000</Keywords>
    <TimeCreated SystemTime="2025-07-02T21:51:11.734484Z">
    </TimeCreated>
    <EventRecordID>47</EventRecordID>
    <Correlation ActivityID="676C99D0-EB9B-0001-C79C-6C679BEBDB01">
    </Correlation>
    <Execution ProcessID="680" ThreadID="720">
    </Execution>
    <Channel>Security</Channel>
    <Computer>WIN-201SCGOAP7Q</Computer>
    <Security>
    </Security>
  </System>
  <EventData>
    <Data Name="SubjectUserSid">S-1-5-18</Data>
    <Data Name="SubjectUserName">MINWINPC$</Data>
    <Data Name="SubjectDomainName"></Data>
    <Data Name="SubjectLogonId">0x3e7</Data>
    <Data Name="TargetUserSid">S-1-5-18</Data>
    <Data Name="TargetUserName">SYSTEM</Data>
    <Data Name="TargetDomainName">NT AUTHORITY</Data>
    <Data Name="TargetLogonId">0x3e7</Data>
    <Data Name="LogonType">5</Data>
    <Data Name="LogonProcessName">Advapi</Data>
    <Data Name="AuthenticationPackageName">Negotiate</Data>
    <Data Name="WorkstationName">-</Data>
    <Data Name="LogonGuid">00000000-0000-0000-0000-000000000000</Data>
    <Data Name="TransmittedServices">-</Data>
    <Data Name="LmPackageName">-</Data>
    <Data Name="KeyLength">0</Data>
    <Data Name="ProcessId">0x294</Data>
    <Data Name="ProcessName">C:\Windows\System32\services.exe</Data>
    <Data Name="IpAddress">-</Data>
    <Data Name="IpPort">-</Data>
    <Data Name="ImpersonationLevel">%%1833</Data>
    <Data Name="RestrictedAdminMode">-</Data>
    <Data Name="TargetOutboundUserName">-</Data>
    <Data Name="TargetOutboundDomainName">-</Data>
    <Data Name="VirtualAccount">%%1843</Data>
    <Data Name="TargetLinkedLogonId">0x0</Data>
    <Data Name="ElevatedToken">%%1842</Data>
  </EventData>
</Event>
Record 48
<?xml version="1.0" encoding="utf-8"?>
<Event xmlns="http://schemas.microsoft.com/win/2004/08/events/event">
  <System>
    <Provider Name="Microsoft-Windows-Security-Auditing" Guid="54849625-5478-4994-A5BA-3E3B0328C30D">
    </Provider>
    <EventID>4672</EventID>
    <Version>0</Version>
    <Level>0</Level>
    <Task>12548</Task>
    <Opcode>0</Opcode>
    <Keywords>0x8020000000000000</Keywords>
    <TimeCreated SystemTime="2025-07-02T21:51:11.734490Z">
    </TimeCreated>
    <EventRecordID>48</EventRecordID>
    <Correlation ActivityID="676C99D0-EB9B-0001-C79C-6C679BEBDB01">
    </Correlation>
    <Execution ProcessID="680" ThreadID="720">
    </Execution>
    <Channel>Security</Channel>
    <Computer>WIN-201SCGOAP7Q</Computer>
    <Security>
    </Security>
  </System>
  <EventData>
    <Data Name="SubjectUserSid">S-1-5-18</Data>
    <Data Name="SubjectUserName">SYSTEM</Data>
    <Data Name="SubjectDomainName">NT AUTHORITY</Data>
    <Data Name="SubjectLogonId">0x3e7</Data>
    <Data Name="PrivilegeList">SeAssignPrimaryTokenPrivilege
			SeTcbPrivilege
			SeSecurityPrivilege
			SeTakeOwnershipPrivilege
			SeLoadDriverPrivilege
			SeBackupPrivilege
			SeRestorePrivilege
			SeDebugPrivilege
			SeAuditPrivilege
			SeSystemEnvironmentPrivilege
			SeImpersonatePrivilege
			SeDelegateSessionUserImpersonatePrivilege</Data>
  </EventData>
</Event>
Record 49
<?xml version="1.0" encoding="utf-8"?>
<Event xmlns="http://schemas.microsoft.com/win/2004/08/events/event">
  <System>
    <Provider Name="Microsoft-Windows-Security-Auditing" Guid="54849625-5478-4994-A5BA-3E3B0328C30D">
    </Provider>
    <EventID>4648</EventID>
    <Version>0</Version>
    <Level>0</Level>
    <Task>12544</Task>
    <Opcode>0</Opcode>
    <Keywords>0x8020000000000000</Keywords>
    <TimeCreated SystemTime="2025-07-02T21:51:11.736122Z">
    </TimeCreated>
    <EventRecordID>49</EventRecordID>
    <Correlation ActivityID="676C99D0-EB9B-0001-C79C-6C679BEBDB01">
    </Correlation>
    <Execution ProcessID="680" ThreadID="780">
    </Execution>
    <Channel>Security</Channel>
    <Computer>WIN-201SCGOAP7Q</Computer>
    <Security>
    </Security>
  </System>
  <EventData>
    <Data Name="SubjectUserSid">S-1-5-18</Data>
    <Data Name="SubjectUserName">MINWINPC$</Data>
    <Data Name="SubjectDomainName"></Data>
    <Data Name="SubjectLogonId">0x3e7</Data>
    <Data Name="LogonGuid">00000000-0000-0000-0000-000000000000</Data>
    <Data Name="TargetUserName">UMFD-0</Data>
    <Data Name="TargetDomainName">Font Driver Host</Data>
    <Data Name="TargetLogonGuid">00000000-0000-0000-0000-000000000000</Data>
    <Data Name="TargetServerName">localhost</Data>
    <Data Name="TargetInfo">localhost</Data>
    <Data Name="ProcessId">0x208</Data>
    <Data Name="ProcessName">C:\Windows\System32\wininit.exe</Data>
    <Data Name="IpAddress">-</Data>
    <Data Name="IpPort">-</Data>
  </EventData>
</Event>
Record 50
<?xml version="1.0" encoding="utf-8"?>
<Event xmlns="http://schemas.microsoft.com/win/2004/08/events/event">
  <System>
    <Provider Name="Microsoft-Windows-Security-Auditing" Guid="54849625-5478-4994-A5BA-3E3B0328C30D">
    </Provider>
    <EventID>4624</EventID>
    <Version>2</Version>
    <Level>0</Level>
    <Task>12544</Task>
    <Opcode>0</Opcode>
    <Keywords>0x8020000000000000</Keywords>
    <TimeCreated SystemTime="2025-07-02T21:51:11.736133Z">
    </TimeCreated>
    <EventRecordID>50</EventRecordID>
    <Correlation ActivityID="676C99D0-EB9B-0001-C79C-6C679BEBDB01">
    </Correlation>
    <Execution ProcessID="680" ThreadID="780">
    </Execution>
    <Channel>Security</Channel>
    <Computer>WIN-201SCGOAP7Q</Computer>
    <Security>
    </Security>
  </System>
  <EventData>
    <Data Name="SubjectUserSid">S-1-5-18</Data>
    <Data Name="SubjectUserName">MINWINPC$</Data>
    <Data Name="SubjectDomainName"></Data>
    <Data Name="SubjectLogonId">0x3e7</Data>
    <Data Name="TargetUserSid">S-1-5-96-0-0</Data>
    <Data Name="TargetUserName">UMFD-0</Data>
    <Data Name="TargetDomainName">Font Driver Host</Data>
    <Data Name="TargetLogonId">0x19c14</Data>
    <Data Name="LogonType">2</Data>
    <Data Name="LogonProcessName">Advapi</Data>
    <Data Name="AuthenticationPackageName">Negotiate</Data>
    <Data Name="WorkstationName">-</Data>
    <Data Name="LogonGuid">00000000-0000-0000-0000-000000000000</Data>
    <Data Name="TransmittedServices">-</Data>
    <Data Name="LmPackageName">-</Data>
    <Data Name="KeyLength">0</Data>
    <Data Name="ProcessId">0x208</Data>
    <Data Name="ProcessName">C:\Windows\System32\wininit.exe</Data>
    <Data Name="IpAddress">-</Data>
    <Data Name="IpPort">-</Data>
    <Data Name="ImpersonationLevel">%%1833</Data>
    <Data Name="RestrictedAdminMode">-</Data>
    <Data Name="TargetOutboundUserName">-</Data>
    <Data Name="TargetOutboundDomainName">-</Data>
    <Data Name="VirtualAccount">%%1842</Data>
    <Data Name="TargetLinkedLogonId">0x0</Data>
    <Data Name="ElevatedToken">%%1843</Data>
  </EventData>
</Event>
Record 51
<?xml version="1.0" encoding="utf-8"?>
<Event xmlns="http://schemas.microsoft.com/win/2004/08/events/event">
  <System>
    <Provider Name="Microsoft-Windows-Security-Auditing" Guid="54849625-5478-4994-A5BA-3E3B0328C30D">
    </Provider>
    <EventID>4648</EventID>
    <Version>0</Version>
    <Level>0</Level>
    <Task>12544</Task>
    <Opcode>0</Opcode>
    <Keywords>0x8020000000000000</Keywords>
    <TimeCreated SystemTime="2025-07-02T21:51:11.737203Z">
    </TimeCreated>
    <EventRecordID>51</EventRecordID>
    <Correlation ActivityID="676C99D0-EB9B-0001-C79C-6C679BEBDB01">
    </Correlation>
    <Execution ProcessID="680" ThreadID="720">
    </Execution>
    <Channel>Security</Channel>
    <Computer>WIN-201SCGOAP7Q</Computer>
    <Security>
    </Security>
  </System>
  <EventData>
    <Data Name="SubjectUserSid">S-1-5-18</Data>
    <Data Name="SubjectUserName">MINWINPC$</Data>
    <Data Name="SubjectDomainName"></Data>
    <Data Name="SubjectLogonId">0x3e7</Data>
    <Data Name="LogonGuid">00000000-0000-0000-0000-000000000000</Data>
    <Data Name="TargetUserName">UMFD-1</Data>
    <Data Name="TargetDomainName">Font Driver Host</Data>
    <Data Name="TargetLogonGuid">00000000-0000-0000-0000-000000000000</Data>
    <Data Name="TargetServerName">localhost</Data>
    <Data Name="TargetInfo">localhost</Data>
    <Data Name="ProcessId">0x268</Data>
    <Data Name="ProcessName">C:\Windows\System32\winlogon.exe</Data>
    <Data Name="IpAddress">-</Data>
    <Data Name="IpPort">-</Data>
  </EventData>
</Event>
Record 52
<?xml version="1.0" encoding="utf-8"?>
<Event xmlns="http://schemas.microsoft.com/win/2004/08/events/event">
  <System>
    <Provider Name="Microsoft-Windows-Security-Auditing" Guid="54849625-5478-4994-A5BA-3E3B0328C30D">
    </Provider>
    <EventID>4624</EventID>
    <Version>2</Version>
    <Level>0</Level>
    <Task>12544</Task>
    <Opcode>0</Opcode>
    <Keywords>0x8020000000000000</Keywords>
    <TimeCreated SystemTime="2025-07-02T21:51:11.737213Z">
    </TimeCreated>
    <EventRecordID>52</EventRecordID>
    <Correlation ActivityID="676C99D0-EB9B-0001-C79C-6C679BEBDB01">
    </Correlation>
    <Execution ProcessID="680" ThreadID="720">
    </Execution>
    <Channel>Security</Channel>
    <Computer>WIN-201SCGOAP7Q</Computer>
    <Security>
    </Security>
  </System>
  <EventData>
    <Data Name="SubjectUserSid">S-1-5-18</Data>
    <Data Name="SubjectUserName">MINWINPC$</Data>
    <Data Name="SubjectDomainName"></Data>
    <Data Name="SubjectLogonId">0x3e7</Data>
    <Data Name="TargetUserSid">S-1-5-96-0-1</Data>
    <Data Name="TargetUserName">UMFD-1</Data>
    <Data Name="TargetDomainName">Font Driver Host</Data>
    <Data Name="TargetLogonId">0x19c6d</Data>
    <Data Name="LogonType">2</Data>
    <Data Name="LogonProcessName">Advapi</Data>
    <Data Name="AuthenticationPackageName">Negotiate</Data>
    <Data Name="WorkstationName">-</Data>
    <Data Name="LogonGuid">00000000-0000-0000-0000-000000000000</Data>
    <Data Name="TransmittedServices">-</Data>
    <Data Name="LmPackageName">-</Data>
    <Data Name="KeyLength">0</Data>
    <Data Name="ProcessId">0x268</Data>
    <Data Name="ProcessName">C:\Windows\System32\winlogon.exe</Data>
    <Data Name="IpAddress">-</Data>
    <Data Name="IpPort">-</Data>
    <Data Name="ImpersonationLevel">%%1833</Data>
    <Data Name="RestrictedAdminMode">-</Data>
    <Data Name="TargetOutboundUserName">-</Data>
    <Data Name="TargetOutboundDomainName">-</Data>
    <Data Name="VirtualAccount">%%1842</Data>
    <Data Name="TargetLinkedLogonId">0x0</Data>
    <Data Name="ElevatedToken">%%1843</Data>
  </EventData>
</Event>
Record 53
<?xml version="1.0" encoding="utf-8"?>
<Event xmlns="http://schemas.microsoft.com/win/2004/08/events/event">
  <System>
    <Provider Name="Microsoft-Windows-Security-Auditing" Guid="54849625-5478-4994-A5BA-3E3B0328C30D">
    </Provider>
    <EventID>4624</EventID>
    <Version>2</Version>
    <Level>0</Level>
    <Task>12544</Task>
    <Opcode>0</Opcode>
    <Keywords>0x8020000000000000</Keywords>
    <TimeCreated SystemTime="2025-07-02T21:51:11.988621Z">
    </TimeCreated>
    <EventRecordID>53</EventRecordID>
    <Correlation ActivityID="676C99D0-EB9B-0001-C79C-6C679BEBDB01">
    </Correlation>
    <Execution ProcessID="680" ThreadID="780">
    </Execution>
    <Channel>Security</Channel>
    <Computer>WIN-201SCGOAP7Q</Computer>
    <Security>
    </Security>
  </System>
  <EventData>
    <Data Name="SubjectUserSid">S-1-5-18</Data>
    <Data Name="SubjectUserName">MINWINPC$</Data>
    <Data Name="SubjectDomainName"></Data>
    <Data Name="SubjectLogonId">0x3e7</Data>
    <Data Name="TargetUserSid">S-1-5-20</Data>
    <Data Name="TargetUserName">NETWORK SERVICE</Data>
    <Data Name="TargetDomainName">NT AUTHORITY</Data>
    <Data Name="TargetLogonId">0x3e4</Data>
    <Data Name="LogonType">5</Data>
    <Data Name="LogonProcessName">Advapi</Data>
    <Data Name="AuthenticationPackageName">Negotiate</Data>
    <Data Name="WorkstationName">-</Data>
    <Data Name="LogonGuid">00000000-0000-0000-0000-000000000000</Data>
    <Data Name="TransmittedServices">-</Data>
    <Data Name="LmPackageName">-</Data>
    <Data Name="KeyLength">0</Data>
    <Data Name="ProcessId">0x294</Data>
    <Data Name="ProcessName">C:\Windows\System32\services.exe</Data>
    <Data Name="IpAddress">-</Data>
    <Data Name="IpPort">-</Data>
    <Data Name="ImpersonationLevel">%%1833</Data>
    <Data Name="RestrictedAdminMode">-</Data>
    <Data Name="TargetOutboundUserName">-</Data>
    <Data Name="TargetOutboundDomainName">-</Data>
    <Data Name="VirtualAccount">%%1843</Data>
    <Data Name="TargetLinkedLogonId">0x0</Data>
    <Data Name="ElevatedToken">%%1842</Data>
  </EventData>
</Event>
Record 54
<?xml version="1.0" encoding="utf-8"?>
<Event xmlns="http://schemas.microsoft.com/win/2004/08/events/event">
  <System>
    <Provider Name="Microsoft-Windows-Security-Auditing" Guid="54849625-5478-4994-A5BA-3E3B0328C30D">
    </Provider>
    <EventID>4672</EventID>
    <Version>0</Version>
    <Level>0</Level>
    <Task>12548</Task>
    <Opcode>0</Opcode>
    <Keywords>0x8020000000000000</Keywords>
    <TimeCreated SystemTime="2025-07-02T21:51:11.988625Z">
    </TimeCreated>
    <EventRecordID>54</EventRecordID>
    <Correlation ActivityID="676C99D0-EB9B-0001-C79C-6C679BEBDB01">
    </Correlation>
    <Execution ProcessID="680" ThreadID="780">
    </Execution>
    <Channel>Security</Channel>
    <Computer>WIN-201SCGOAP7Q</Computer>
    <Security>
    </Security>
  </System>
  <EventData>
    <Data Name="SubjectUserSid">S-1-5-20</Data>
    <Data Name="SubjectUserName">NETWORK SERVICE</Data>
    <Data Name="SubjectDomainName">NT AUTHORITY</Data>
    <Data Name="SubjectLogonId">0x3e4</Data>
    <Data Name="PrivilegeList">SeAssignPrimaryTokenPrivilege
			SeAuditPrivilege
			SeImpersonatePrivilege</Data>
  </EventData>
</Event>
Record 55
<?xml version="1.0" encoding="utf-8"?>
<Event xmlns="http://schemas.microsoft.com/win/2004/08/events/event">
  <System>
    <Provider Name="Microsoft-Windows-Security-Auditing" Guid="54849625-5478-4994-A5BA-3E3B0328C30D">
    </Provider>
    <EventID>4624</EventID>
    <Version>2</Version>
    <Level>0</Level>
    <Task>12544</Task>
    <Opcode>0</Opcode>
    <Keywords>0x8020000000000000</Keywords>
    <TimeCreated SystemTime="2025-07-02T21:51:12.245975Z">
    </TimeCreated>
    <EventRecordID>55</EventRecordID>
    <Correlation ActivityID="676C99D0-EB9B-0001-C79C-6C679BEBDB01">
    </Correlation>
    <Execution ProcessID="680" ThreadID="776">
    </Execution>
    <Channel>Security</Channel>
    <Computer>WIN-201SCGOAP7Q</Computer>
    <Security>
    </Security>
  </System>
  <EventData>
    <Data Name="SubjectUserSid">S-1-5-18</Data>
    <Data Name="SubjectUserName">MINWINPC$</Data>
    <Data Name="SubjectDomainName"></Data>
    <Data Name="SubjectLogonId">0x3e7</Data>
    <Data Name="TargetUserSid">S-1-5-18</Data>
    <Data Name="TargetUserName">SYSTEM</Data>
    <Data Name="TargetDomainName">NT AUTHORITY</Data>
    <Data Name="TargetLogonId">0x3e7</Data>
    <Data Name="LogonType">5</Data>
    <Data Name="LogonProcessName">Advapi</Data>
    <Data Name="AuthenticationPackageName">Negotiate</Data>
    <Data Name="WorkstationName">-</Data>
    <Data Name="LogonGuid">00000000-0000-0000-0000-000000000000</Data>
    <Data Name="TransmittedServices">-</Data>
    <Data Name="LmPackageName">-</Data>
    <Data Name="KeyLength">0</Data>
    <Data Name="ProcessId">0x294</Data>
    <Data Name="ProcessName">C:\Windows\System32\services.exe</Data>
    <Data Name="IpAddress">-</Data>
    <Data Name="IpPort">-</Data>
    <Data Name="ImpersonationLevel">%%1833</Data>
    <Data Name="RestrictedAdminMode">-</Data>
    <Data Name="TargetOutboundUserName">-</Data>
    <Data Name="TargetOutboundDomainName">-</Data>
    <Data Name="VirtualAccount">%%1843</Data>
    <Data Name="TargetLinkedLogonId">0x0</Data>
    <Data Name="ElevatedToken">%%1842</Data>
  </EventData>
</Event>
Record 56
<?xml version="1.0" encoding="utf-8"?>
<Event xmlns="http://schemas.microsoft.com/win/2004/08/events/event">
  <System>
    <Provider Name="Microsoft-Windows-Security-Auditing" Guid="54849625-5478-4994-A5BA-3E3B0328C30D">
    </Provider>
    <EventID>4672</EventID>
    <Version>0</Version>
    <Level>0</Level>
    <Task>12548</Task>
    <Opcode>0</Opcode>
    <Keywords>0x8020000000000000</Keywords>
    <TimeCreated SystemTime="2025-07-02T21:51:12.245980Z">
    </TimeCreated>
    <EventRecordID>56</EventRecordID>
    <Correlation ActivityID="676C99D0-EB9B-0001-C79C-6C679BEBDB01">
    </Correlation>
    <Execution ProcessID="680" ThreadID="776">
    </Execution>
    <Channel>Security</Channel>
    <Computer>WIN-201SCGOAP7Q</Computer>
    <Security>
    </Security>
  </System>
  <EventData>
    <Data Name="SubjectUserSid">S-1-5-18</Data>
    <Data Name="SubjectUserName">SYSTEM</Data>
    <Data Name="SubjectDomainName">NT AUTHORITY</Data>
    <Data Name="SubjectLogonId">0x3e7</Data>
    <Data Name="PrivilegeList">SeAssignPrimaryTokenPrivilege
			SeTcbPrivilege
			SeSecurityPrivilege
			SeTakeOwnershipPrivilege
			SeLoadDriverPrivilege
			SeBackupPrivilege
			SeRestorePrivilege
			SeDebugPrivilege
			SeAuditPrivilege
			SeSystemEnvironmentPrivilege
			SeImpersonatePrivilege
			SeDelegateSessionUserImpersonatePrivilege</Data>
  </EventData>
</Event>
Record 57
<?xml version="1.0" encoding="utf-8"?>
<Event xmlns="http://schemas.microsoft.com/win/2004/08/events/event">
  <System>
    <Provider Name="Microsoft-Windows-Security-Auditing" Guid="54849625-5478-4994-A5BA-3E3B0328C30D">
    </Provider>
    <EventID>4648</EventID>
    <Version>0</Version>
    <Level>0</Level>
    <Task>12544</Task>
    <Opcode>0</Opcode>
    <Keywords>0x8020000000000000</Keywords>
    <TimeCreated SystemTime="2025-07-02T21:51:12.672219Z">
    </TimeCreated>
    <EventRecordID>57</EventRecordID>
    <Correlation ActivityID="676C99D0-EB9B-0001-C79C-6C679BEBDB01">
    </Correlation>
    <Execution ProcessID="680" ThreadID="720">
    </Execution>
    <Channel>Security</Channel>
    <Computer>WIN-201SCGOAP7Q</Computer>
    <Security>
    </Security>
  </System>
  <EventData>
    <Data Name="SubjectUserSid">S-1-5-18</Data>
    <Data Name="SubjectUserName">MINWINPC$</Data>
    <Data Name="SubjectDomainName"></Data>
    <Data Name="SubjectLogonId">0x3e7</Data>
    <Data Name="LogonGuid">00000000-0000-0000-0000-000000000000</Data>
    <Data Name="TargetUserName">DWM-1</Data>
    <Data Name="TargetDomainName">Window Manager</Data>
    <Data Name="TargetLogonGuid">00000000-0000-0000-0000-000000000000</Data>
    <Data Name="TargetServerName">localhost</Data>
    <Data Name="TargetInfo">localhost</Data>
    <Data Name="ProcessId">0x268</Data>
    <Data Name="ProcessName">C:\Windows\System32\winlogon.exe</Data>
    <Data Name="IpAddress">-</Data>
    <Data Name="IpPort">-</Data>
  </EventData>
</Event>
Record 58
<?xml version="1.0" encoding="utf-8"?>
<Event xmlns="http://schemas.microsoft.com/win/2004/08/events/event">
  <System>
    <Provider Name="Microsoft-Windows-Security-Auditing" Guid="54849625-5478-4994-A5BA-3E3B0328C30D">
    </Provider>
    <EventID>4624</EventID>
    <Version>2</Version>
    <Level>0</Level>
    <Task>12544</Task>
    <Opcode>0</Opcode>
    <Keywords>0x8020000000000000</Keywords>
    <TimeCreated SystemTime="2025-07-02T21:51:12.672229Z">
    </TimeCreated>
    <EventRecordID>58</EventRecordID>
    <Correlation ActivityID="676C99D0-EB9B-0001-C79C-6C679BEBDB01">
    </Correlation>
    <Execution ProcessID="680" ThreadID="720">
    </Execution>
    <Channel>Security</Channel>
    <Computer>WIN-201SCGOAP7Q</Computer>
    <Security>
    </Security>
  </System>
  <EventData>
    <Data Name="SubjectUserSid">S-1-5-18</Data>
    <Data Name="SubjectUserName">MINWINPC$</Data>
    <Data Name="SubjectDomainName"></Data>
    <Data Name="SubjectLogonId">0x3e7</Data>
    <Data Name="TargetUserSid">S-1-5-90-0-1</Data>
    <Data Name="TargetUserName">DWM-1</Data>
    <Data Name="TargetDomainName">Window Manager</Data>
    <Data Name="TargetLogonId">0x2164a</Data>
    <Data Name="LogonType">2</Data>
    <Data Name="LogonProcessName">Advapi</Data>
    <Data Name="AuthenticationPackageName">Negotiate</Data>
    <Data Name="WorkstationName">-</Data>
    <Data Name="LogonGuid">00000000-0000-0000-0000-000000000000</Data>
    <Data Name="TransmittedServices">-</Data>
    <Data Name="LmPackageName">-</Data>
    <Data Name="KeyLength">0</Data>
    <Data Name="ProcessId">0x268</Data>
    <Data Name="ProcessName">C:\Windows\System32\winlogon.exe</Data>
    <Data Name="IpAddress">-</Data>
    <Data Name="IpPort">-</Data>
    <Data Name="ImpersonationLevel">%%1833</Data>
    <Data Name="RestrictedAdminMode">-</Data>
    <Data Name="TargetOutboundUserName">-</Data>
    <Data Name="TargetOutboundDomainName">-</Data>
    <Data Name="VirtualAccount">%%1842</Data>
    <Data Name="TargetLinkedLogonId">0x21665</Data>
    <Data Name="ElevatedToken">%%1842</Data>
  </EventData>
</Event>
Record 59
<?xml version="1.0" encoding="utf-8"?>
<Event xmlns="http://schemas.microsoft.com/win/2004/08/events/event">
  <System>
    <Provider Name="Microsoft-Windows-Security-Auditing" Guid="54849625-5478-4994-A5BA-3E3B0328C30D">
    </Provider>
    <EventID>4624</EventID>
    <Version>2</Version>
    <Level>0</Level>
    <Task>12544</Task>
    <Opcode>0</Opcode>
    <Keywords>0x8020000000000000</Keywords>
    <TimeCreated SystemTime="2025-07-02T21:51:12.672237Z">
    </TimeCreated>
    <EventRecordID>59</EventRecordID>
    <Correlation ActivityID="676C99D0-EB9B-0001-C79C-6C679BEBDB01">
    </Correlation>
    <Execution ProcessID="680" ThreadID="720">
    </Execution>
    <Channel>Security</Channel>
    <Computer>WIN-201SCGOAP7Q</Computer>
    <Security>
    </Security>
  </System>
  <EventData>
    <Data Name="SubjectUserSid">S-1-5-18</Data>
    <Data Name="SubjectUserName">MINWINPC$</Data>
    <Data Name="SubjectDomainName"></Data>
    <Data Name="SubjectLogonId">0x3e7</Data>
    <Data Name="TargetUserSid">S-1-5-90-0-1</Data>
    <Data Name="TargetUserName">DWM-1</Data>
    <Data Name="TargetDomainName">Window Manager</Data>
    <Data Name="TargetLogonId">0x21665</Data>
    <Data Name="LogonType">2</Data>
    <Data Name="LogonProcessName">Advapi</Data>
    <Data Name="AuthenticationPackageName">Negotiate</Data>
    <Data Name="WorkstationName">-</Data>
    <Data Name="LogonGuid">00000000-0000-0000-0000-000000000000</Data>
    <Data Name="TransmittedServices">-</Data>
    <Data Name="LmPackageName">-</Data>
    <Data Name="KeyLength">0</Data>
    <Data Name="ProcessId">0x268</Data>
    <Data Name="ProcessName">C:\Windows\System32\winlogon.exe</Data>
    <Data Name="IpAddress">-</Data>
    <Data Name="IpPort">-</Data>
    <Data Name="ImpersonationLevel">%%1833</Data>
    <Data Name="RestrictedAdminMode">-</Data>
    <Data Name="TargetOutboundUserName">-</Data>
    <Data Name="TargetOutboundDomainName">-</Data>
    <Data Name="VirtualAccount">%%1842</Data>
    <Data Name="TargetLinkedLogonId">0x2164a</Data>
    <Data Name="ElevatedToken">%%1843</Data>
  </EventData>
</Event>
Record 60
<?xml version="1.0" encoding="utf-8"?>
<Event xmlns="http://schemas.microsoft.com/win/2004/08/events/event">
  <System>
    <Provider Name="Microsoft-Windows-Security-Auditing" Guid="54849625-5478-4994-A5BA-3E3B0328C30D">
    </Provider>
    <EventID>4672</EventID>
    <Version>0</Version>
    <Level>0</Level>
    <Task>12548</Task>
    <Opcode>0</Opcode>
    <Keywords>0x8020000000000000</Keywords>
    <TimeCreated SystemTime="2025-07-02T21:51:12.672240Z">
    </TimeCreated>
    <EventRecordID>60</EventRecordID>
    <Correlation ActivityID="676C99D0-EB9B-0001-C79C-6C679BEBDB01">
    </Correlation>
    <Execution ProcessID="680" ThreadID="720">
    </Execution>
    <Channel>Security</Channel>
    <Computer>WIN-201SCGOAP7Q</Computer>
    <Security>
    </Security>
  </System>
  <EventData>
    <Data Name="SubjectUserSid">S-1-5-90-0-1</Data>
    <Data Name="SubjectUserName">DWM-1</Data>
    <Data Name="SubjectDomainName">Window Manager</Data>
    <Data Name="SubjectLogonId">0x2164a</Data>
    <Data Name="PrivilegeList">SeAssignPrimaryTokenPrivilege
			SeAuditPrivilege
			SeImpersonatePrivilege</Data>
  </EventData>
</Event>
Record 61
<?xml version="1.0" encoding="utf-8"?>
<Event xmlns="http://schemas.microsoft.com/win/2004/08/events/event">
  <System>
    <Provider Name="Microsoft-Windows-Security-Auditing" Guid="54849625-5478-4994-A5BA-3E3B0328C30D">
    </Provider>
    <EventID>4672</EventID>
    <Version>0</Version>
    <Level>0</Level>
    <Task>12548</Task>
    <Opcode>0</Opcode>
    <Keywords>0x8020000000000000</Keywords>
    <TimeCreated SystemTime="2025-07-02T21:51:12.672241Z">
    </TimeCreated>
    <EventRecordID>61</EventRecordID>
    <Correlation ActivityID="676C99D0-EB9B-0001-C79C-6C679BEBDB01">
    </Correlation>
    <Execution ProcessID="680" ThreadID="720">
    </Execution>
    <Channel>Security</Channel>
    <Computer>WIN-201SCGOAP7Q</Computer>
    <Security>
    </Security>
  </System>
  <EventData>
    <Data Name="SubjectUserSid">S-1-5-90-0-1</Data>
    <Data Name="SubjectUserName">DWM-1</Data>
    <Data Name="SubjectDomainName">Window Manager</Data>
    <Data Name="SubjectLogonId">0x21665</Data>
    <Data Name="PrivilegeList">SeAssignPrimaryTokenPrivilege
			SeAuditPrivilege</Data>
  </EventData>
</Event>
Record 62
<?xml version="1.0" encoding="utf-8"?>
<Event xmlns="http://schemas.microsoft.com/win/2004/08/events/event">
  <System>
    <Provider Name="Microsoft-Windows-Security-Auditing" Guid="54849625-5478-4994-A5BA-3E3B0328C30D">
    </Provider>
    <EventID>4624</EventID>
    <Version>2</Version>
    <Level>0</Level>
    <Task>12544</Task>
    <Opcode>0</Opcode>
    <Keywords>0x8020000000000000</Keywords>
    <TimeCreated SystemTime="2025-07-02T21:51:12.822639Z">
    </TimeCreated>
    <EventRecordID>62</EventRecordID>
    <Correlation ActivityID="676C99D0-EB9B-0001-C79C-6C679BEBDB01">
    </Correlation>
    <Execution ProcessID="680" ThreadID="720">
    </Execution>
    <Channel>Security</Channel>
    <Computer>WIN-201SCGOAP7Q</Computer>
    <Security>
    </Security>
  </System>
  <EventData>
    <Data Name="SubjectUserSid">S-1-5-18</Data>
    <Data Name="SubjectUserName">MINWINPC$</Data>
    <Data Name="SubjectDomainName"></Data>
    <Data Name="SubjectLogonId">0x3e7</Data>
    <Data Name="TargetUserSid">S-1-5-18</Data>
    <Data Name="TargetUserName">SYSTEM</Data>
    <Data Name="TargetDomainName">NT AUTHORITY</Data>
    <Data Name="TargetLogonId">0x3e7</Data>
    <Data Name="LogonType">5</Data>
    <Data Name="LogonProcessName">Advapi</Data>
    <Data Name="AuthenticationPackageName">Negotiate</Data>
    <Data Name="WorkstationName">-</Data>
    <Data Name="LogonGuid">00000000-0000-0000-0000-000000000000</Data>
    <Data Name="TransmittedServices">-</Data>
    <Data Name="LmPackageName">-</Data>
    <Data Name="KeyLength">0</Data>
    <Data Name="ProcessId">0x294</Data>
    <Data Name="ProcessName">C:\Windows\System32\services.exe</Data>
    <Data Name="IpAddress">-</Data>
    <Data Name="IpPort">-</Data>
    <Data Name="ImpersonationLevel">%%1833</Data>
    <Data Name="RestrictedAdminMode">-</Data>
    <Data Name="TargetOutboundUserName">-</Data>
    <Data Name="TargetOutboundDomainName">-</Data>
    <Data Name="VirtualAccount">%%1843</Data>
    <Data Name="TargetLinkedLogonId">0x0</Data>
    <Data Name="ElevatedToken">%%1842</Data>
  </EventData>
</Event>
Record 63
<?xml version="1.0" encoding="utf-8"?>
<Event xmlns="http://schemas.microsoft.com/win/2004/08/events/event">
  <System>
    <Provider Name="Microsoft-Windows-Security-Auditing" Guid="54849625-5478-4994-A5BA-3E3B0328C30D">
    </Provider>
    <EventID>4672</EventID>
    <Version>0</Version>
    <Level>0</Level>
    <Task>12548</Task>
    <Opcode>0</Opcode>
    <Keywords>0x8020000000000000</Keywords>
    <TimeCreated SystemTime="2025-07-02T21:51:12.822643Z">
    </TimeCreated>
    <EventRecordID>63</EventRecordID>
    <Correlation ActivityID="676C99D0-EB9B-0001-C79C-6C679BEBDB01">
    </Correlation>
    <Execution ProcessID="680" ThreadID="720">
    </Execution>
    <Channel>Security</Channel>
    <Computer>WIN-201SCGOAP7Q</Computer>
    <Security>
    </Security>
  </System>
  <EventData>
    <Data Name="SubjectUserSid">S-1-5-18</Data>
    <Data Name="SubjectUserName">SYSTEM</Data>
    <Data Name="SubjectDomainName">NT AUTHORITY</Data>
    <Data Name="SubjectLogonId">0x3e7</Data>
    <Data Name="PrivilegeList">SeAssignPrimaryTokenPrivilege
			SeTcbPrivilege
			SeSecurityPrivilege
			SeTakeOwnershipPrivilege
			SeLoadDriverPrivilege
			SeBackupPrivilege
			SeRestorePrivilege
			SeDebugPrivilege
			SeAuditPrivilege
			SeSystemEnvironmentPrivilege
			SeImpersonatePrivilege
			SeDelegateSessionUserImpersonatePrivilege</Data>
  </EventData>
</Event>
Record 64
<?xml version="1.0" encoding="utf-8"?>
<Event xmlns="http://schemas.microsoft.com/win/2004/08/events/event">
  <System>
    <Provider Name="Microsoft-Windows-Security-Auditing" Guid="54849625-5478-4994-A5BA-3E3B0328C30D">
    </Provider>
    <EventID>4624</EventID>
    <Version>2</Version>
    <Level>0</Level>
    <Task>12544</Task>
    <Opcode>0</Opcode>
    <Keywords>0x8020000000000000</Keywords>
    <TimeCreated SystemTime="2025-07-02T21:51:12.849044Z">
    </TimeCreated>
    <EventRecordID>64</EventRecordID>
    <Correlation ActivityID="676C99D0-EB9B-0001-C79C-6C679BEBDB01">
    </Correlation>
    <Execution ProcessID="680" ThreadID="720">
    </Execution>
    <Channel>Security</Channel>
    <Computer>WIN-201SCGOAP7Q</Computer>
    <Security>
    </Security>
  </System>
  <EventData>
    <Data Name="SubjectUserSid">S-1-5-18</Data>
    <Data Name="SubjectUserName">MINWINPC$</Data>
    <Data Name="SubjectDomainName"></Data>
    <Data Name="SubjectLogonId">0x3e7</Data>
    <Data Name="TargetUserSid">S-1-5-18</Data>
    <Data Name="TargetUserName">SYSTEM</Data>
    <Data Name="TargetDomainName">NT AUTHORITY</Data>
    <Data Name="TargetLogonId">0x3e7</Data>
    <Data Name="LogonType">5</Data>
    <Data Name="LogonProcessName">Advapi</Data>
    <Data Name="AuthenticationPackageName">Negotiate</Data>
    <Data Name="WorkstationName">-</Data>
    <Data Name="LogonGuid">00000000-0000-0000-0000-000000000000</Data>
    <Data Name="TransmittedServices">-</Data>
    <Data Name="LmPackageName">-</Data>
    <Data Name="KeyLength">0</Data>
    <Data Name="ProcessId">0x294</Data>
    <Data Name="ProcessName">C:\Windows\System32\services.exe</Data>
    <Data Name="IpAddress">-</Data>
    <Data Name="IpPort">-</Data>
    <Data Name="ImpersonationLevel">%%1833</Data>
    <Data Name="RestrictedAdminMode">-</Data>
    <Data Name="TargetOutboundUserName">-</Data>
    <Data Name="TargetOutboundDomainName">-</Data>
    <Data Name="VirtualAccount">%%1843</Data>
    <Data Name="TargetLinkedLogonId">0x0</Data>
    <Data Name="ElevatedToken">%%1842</Data>
  </EventData>
</Event>
Record 65
<?xml version="1.0" encoding="utf-8"?>
<Event xmlns="http://schemas.microsoft.com/win/2004/08/events/event">
  <System>
    <Provider Name="Microsoft-Windows-Security-Auditing" Guid="54849625-5478-4994-A5BA-3E3B0328C30D">
    </Provider>
    <EventID>4672</EventID>
    <Version>0</Version>
    <Level>0</Level>
    <Task>12548</Task>
    <Opcode>0</Opcode>
    <Keywords>0x8020000000000000</Keywords>
    <TimeCreated SystemTime="2025-07-02T21:51:12.849048Z">
    </TimeCreated>
    <EventRecordID>65</EventRecordID>
    <Correlation ActivityID="676C99D0-EB9B-0001-C79C-6C679BEBDB01">
    </Correlation>
    <Execution ProcessID="680" ThreadID="720">
    </Execution>
    <Channel>Security</Channel>
    <Computer>WIN-201SCGOAP7Q</Computer>
    <Security>
    </Security>
  </System>
  <EventData>
    <Data Name="SubjectUserSid">S-1-5-18</Data>
    <Data Name="SubjectUserName">SYSTEM</Data>
    <Data Name="SubjectDomainName">NT AUTHORITY</Data>
    <Data Name="SubjectLogonId">0x3e7</Data>
    <Data Name="PrivilegeList">SeAssignPrimaryTokenPrivilege
			SeTcbPrivilege
			SeSecurityPrivilege
			SeTakeOwnershipPrivilege
			SeLoadDriverPrivilege
			SeBackupPrivilege
			SeRestorePrivilege
			SeDebugPrivilege
			SeAuditPrivilege
			SeSystemEnvironmentPrivilege
			SeImpersonatePrivilege
			SeDelegateSessionUserImpersonatePrivilege</Data>
  </EventData>
</Event>
