Record 1161
<?xml version="1.0" encoding="utf-8"?>
<Event xmlns="http://schemas.microsoft.com/win/2004/08/events/event">
  <System>
    <Provider Name="Microsoft-Windows-Security-Auditing" Guid="54849625-5478-4994-A5BA-3E3B0328C30D">
    </Provider>
    <EventID>5379</EventID>
    <Version>0</Version>
    <Level>0</Level>
    <Task>13824</Task>
    <Opcode>0</Opcode>
    <Keywords>0x8020000000000000</Keywords>
    <TimeCreated SystemTime="2025-07-02T22:19:04.703155Z">
    </TimeCreated>
    <EventRecordID>1161</EventRecordID>
    <Correlation ActivityID="ECEB6DEC-EB9B-0001-D36E-EBEC9BEBDB01">
    </Correlation>
    <Execution ProcessID="652" ThreadID="692">
    </Execution>
    <Channel>Security</Channel>
    <Computer>DESKTOP-P5L8521</Computer>
    <Security>
    </Security>
  </System>
  <EventData>
    <Data Name="SubjectUserSid">S-1-5-21-2584721208-1353900670-1627748517-1001</Data>
    <Data Name="SubjectUserName">zeus</Data>
    <Data Name="SubjectDomainName">DESKTOP-P5L8521</Data>
    <Data Name="SubjectLogonId">0x640701</Data>
    <Data Name="TargetName">WindowsLive:(cert):name=02pzgftkjtvakphh;serviceuri=*</Data>
    <Data Name="Type">0</Data>
    <Data Name="CountOfCredentialsReturned">0</Data>
    <Data Name="ReadOperation">%%8100</Data>
    <Data Name="ReturnCode">3221226021</Data>
    <Data Name="ProcessCreationTime">2025-07-02T22:18:59.051399Z</Data>
    <Data Name="ClientProcessId">9716</Data>
  </EventData>
</Event>
Record 1162
<?xml version="1.0" encoding="utf-8"?>
<Event xmlns="http://schemas.microsoft.com/win/2004/08/events/event">
  <System>
    <Provider Name="Microsoft-Windows-Security-Auditing" Guid="54849625-5478-4994-A5BA-3E3B0328C30D">
    </Provider>
    <EventID>5379</EventID>
    <Version>0</Version>
    <Level>0</Level>
    <Task>13824</Task>
    <Opcode>0</Opcode>
    <Keywords>0x8020000000000000</Keywords>
    <TimeCreated SystemTime="2025-07-02T22:19:04.854306Z">
    </TimeCreated>
    <EventRecordID>1162</EventRecordID>
    <Correlation ActivityID="ECEB6DEC-EB9B-0001-D36E-EBEC9BEBDB01">
    </Correlation>
    <Execution ProcessID="652" ThreadID="2604">
    </Execution>
    <Channel>Security</Channel>
    <Computer>DESKTOP-P5L8521</Computer>
    <Security>
    </Security>
  </System>
  <EventData>
    <Data Name="SubjectUserSid">S-1-5-21-2584721208-1353900670-1627748517-1001</Data>
    <Data Name="SubjectUserName">zeus</Data>
    <Data Name="SubjectDomainName">DESKTOP-P5L8521</Data>
    <Data Name="SubjectLogonId">0x640701</Data>
    <Data Name="TargetName">MicrosoftAccount:user=02pzgftkjtvakphh</Data>
    <Data Name="Type">0</Data>
    <Data Name="CountOfCredentialsReturned">0</Data>
    <Data Name="ReadOperation">%%8100</Data>
    <Data Name="ReturnCode">3221226021</Data>
    <Data Name="ProcessCreationTime">2025-07-02T22:18:59.051399Z</Data>
    <Data Name="ClientProcessId">9716</Data>
  </EventData>
</Event>
Record 1163
<?xml version="1.0" encoding="utf-8"?>
<Event xmlns="http://schemas.microsoft.com/win/2004/08/events/event">
  <System>
    <Provider Name="Microsoft-Windows-Security-Auditing" Guid="54849625-5478-4994-A5BA-3E3B0328C30D">
    </Provider>
    <EventID>5379</EventID>
    <Version>0</Version>
    <Level>0</Level>
    <Task>13824</Task>
    <Opcode>0</Opcode>
    <Keywords>0x8020000000000000</Keywords>
    <TimeCreated SystemTime="2025-07-02T22:19:04.858474Z">
    </TimeCreated>
    <EventRecordID>1163</EventRecordID>
    <Correlation ActivityID="ECEB6DEC-EB9B-0001-D36E-EBEC9BEBDB01">
    </Correlation>
    <Execution ProcessID="652" ThreadID="2604">
    </Execution>
    <Channel>Security</Channel>
    <Computer>DESKTOP-P5L8521</Computer>
    <Security>
    </Security>
  </System>
  <EventData>
    <Data Name="SubjectUserSid">S-1-5-21-2584721208-1353900670-1627748517-1001</Data>
    <Data Name="SubjectUserName">zeus</Data>
    <Data Name="SubjectDomainName">DESKTOP-P5L8521</Data>
    <Data Name="SubjectLogonId">0x640701</Data>
    <Data Name="TargetName">MicrosoftAccount:user=02pzgftkjtvakphh</Data>
    <Data Name="Type">0</Data>
    <Data Name="CountOfCredentialsReturned">0</Data>
    <Data Name="ReadOperation">%%8100</Data>
    <Data Name="ReturnCode">3221226021</Data>
    <Data Name="ProcessCreationTime">2025-07-02T22:18:59.051399Z</Data>
    <Data Name="ClientProcessId">9716</Data>
  </EventData>
</Event>
Record 1164
<?xml version="1.0" encoding="utf-8"?>
<Event xmlns="http://schemas.microsoft.com/win/2004/08/events/event">
  <System>
    <Provider Name="Microsoft-Windows-Security-Auditing" Guid="54849625-5478-4994-A5BA-3E3B0328C30D">
    </Provider>
    <EventID>5379</EventID>
    <Version>0</Version>
    <Level>0</Level>
    <Task>13824</Task>
    <Opcode>0</Opcode>
    <Keywords>0x8020000000000000</Keywords>
    <TimeCreated SystemTime="2025-07-02T22:19:04.871173Z">
    </TimeCreated>
    <EventRecordID>1164</EventRecordID>
    <Correlation ActivityID="ECEB6DEC-EB9B-0001-D36E-EBEC9BEBDB01">
    </Correlation>
    <Execution ProcessID="652" ThreadID="2604">
    </Execution>
    <Channel>Security</Channel>
    <Computer>DESKTOP-P5L8521</Computer>
    <Security>
    </Security>
  </System>
  <EventData>
    <Data Name="SubjectUserSid">S-1-5-21-2584721208-1353900670-1627748517-1001</Data>
    <Data Name="SubjectUserName">zeus</Data>
    <Data Name="SubjectDomainName">DESKTOP-P5L8521</Data>
    <Data Name="SubjectLogonId">0x640701</Data>
    <Data Name="TargetName">MicrosoftAccount:user=02pzgftkjtvakphh</Data>
    <Data Name="Type">0</Data>
    <Data Name="CountOfCredentialsReturned">0</Data>
    <Data Name="ReadOperation">%%8100</Data>
    <Data Name="ReturnCode">3221226021</Data>
    <Data Name="ProcessCreationTime">2025-07-02T22:18:59.051399Z</Data>
    <Data Name="ClientProcessId">9716</Data>
  </EventData>
</Event>
Record 1165
<?xml version="1.0" encoding="utf-8"?>
<Event xmlns="http://schemas.microsoft.com/win/2004/08/events/event">
  <System>
    <Provider Name="Microsoft-Windows-Security-Auditing" Guid="54849625-5478-4994-A5BA-3E3B0328C30D">
    </Provider>
    <EventID>5379</EventID>
    <Version>0</Version>
    <Level>0</Level>
    <Task>13824</Task>
    <Opcode>0</Opcode>
    <Keywords>0x8020000000000000</Keywords>
    <TimeCreated SystemTime="2025-07-02T22:19:04.871225Z">
    </TimeCreated>
    <EventRecordID>1165</EventRecordID>
    <Correlation ActivityID="ECEB6DEC-EB9B-0001-D36E-EBEC9BEBDB01">
    </Correlation>
    <Execution ProcessID="652" ThreadID="2604">
    </Execution>
    <Channel>Security</Channel>
    <Computer>DESKTOP-P5L8521</Computer>
    <Security>
    </Security>
  </System>
  <EventData>
    <Data Name="SubjectUserSid">S-1-5-21-2584721208-1353900670-1627748517-1001</Data>
    <Data Name="SubjectUserName">zeus</Data>
    <Data Name="SubjectDomainName">DESKTOP-P5L8521</Data>
    <Data Name="SubjectLogonId">0x640701</Data>
    <Data Name="TargetName">MicrosoftAccount:user=02pzgftkjtvakphh</Data>
    <Data Name="Type">0</Data>
    <Data Name="CountOfCredentialsReturned">0</Data>
    <Data Name="ReadOperation">%%8100</Data>
    <Data Name="ReturnCode">3221226021</Data>
    <Data Name="ProcessCreationTime">2025-07-02T22:18:59.051399Z</Data>
    <Data Name="ClientProcessId">9716</Data>
  </EventData>
</Event>
Record 1166
<?xml version="1.0" encoding="utf-8"?>
<Event xmlns="http://schemas.microsoft.com/win/2004/08/events/event">
  <System>
    <Provider Name="Microsoft-Windows-Security-Auditing" Guid="54849625-5478-4994-A5BA-3E3B0328C30D">
    </Provider>
    <EventID>4624</EventID>
    <Version>2</Version>
    <Level>0</Level>
    <Task>12544</Task>
    <Opcode>0</Opcode>
    <Keywords>0x8020000000000000</Keywords>
    <TimeCreated SystemTime="2025-07-02T22:19:05.305071Z">
    </TimeCreated>
    <EventRecordID>1166</EventRecordID>
    <Correlation ActivityID="ECEB6DEC-EB9B-0001-D36E-EBEC9BEBDB01">
    </Correlation>
    <Execution ProcessID="652" ThreadID="2604">
    </Execution>
    <Channel>Security</Channel>
    <Computer>DESKTOP-P5L8521</Computer>
    <Security>
    </Security>
  </System>
  <EventData>
    <Data Name="SubjectUserSid">S-1-5-18</Data>
    <Data Name="SubjectUserName">DESKTOP-P5L8521$</Data>
    <Data Name="SubjectDomainName">WORKGROUP</Data>
    <Data Name="SubjectLogonId">0x3e7</Data>
    <Data Name="TargetUserSid">S-1-5-18</Data>
    <Data Name="TargetUserName">SYSTEM</Data>
    <Data Name="TargetDomainName">NT AUTHORITY</Data>
    <Data Name="TargetLogonId">0x3e7</Data>
    <Data Name="LogonType">5</Data>
    <Data Name="LogonProcessName">Advapi</Data>
    <Data Name="AuthenticationPackageName">Negotiate</Data>
    <Data Name="WorkstationName">-</Data>
    <Data Name="LogonGuid">00000000-0000-0000-0000-000000000000</Data>
    <Data Name="TransmittedServices">-</Data>
    <Data Name="LmPackageName">-</Data>
    <Data Name="KeyLength">0</Data>
    <Data Name="ProcessId">0x26c</Data>
    <Data Name="ProcessName">C:\Windows\System32\services.exe</Data>
    <Data Name="IpAddress">-</Data>
    <Data Name="IpPort">-</Data>
    <Data Name="ImpersonationLevel">%%1833</Data>
    <Data Name="RestrictedAdminMode">-</Data>
    <Data Name="TargetOutboundUserName">-</Data>
    <Data Name="TargetOutboundDomainName">-</Data>
    <Data Name="VirtualAccount">%%1843</Data>
    <Data Name="TargetLinkedLogonId">0x0</Data>
    <Data Name="ElevatedToken">%%1842</Data>
  </EventData>
</Event>
Record 1167
<?xml version="1.0" encoding="utf-8"?>
<Event xmlns="http://schemas.microsoft.com/win/2004/08/events/event">
  <System>
    <Provider Name="Microsoft-Windows-Security-Auditing" Guid="54849625-5478-4994-A5BA-3E3B0328C30D">
    </Provider>
    <EventID>4672</EventID>
    <Version>0</Version>
    <Level>0</Level>
    <Task>12548</Task>
    <Opcode>0</Opcode>
    <Keywords>0x8020000000000000</Keywords>
    <TimeCreated SystemTime="2025-07-02T22:19:05.305075Z">
    </TimeCreated>
    <EventRecordID>1167</EventRecordID>
    <Correlation ActivityID="ECEB6DEC-EB9B-0001-D36E-EBEC9BEBDB01">
    </Correlation>
    <Execution ProcessID="652" ThreadID="2604">
    </Execution>
    <Channel>Security</Channel>
    <Computer>DESKTOP-P5L8521</Computer>
    <Security>
    </Security>
  </System>
  <EventData>
    <Data Name="SubjectUserSid">S-1-5-18</Data>
    <Data Name="SubjectUserName">SYSTEM</Data>
    <Data Name="SubjectDomainName">NT AUTHORITY</Data>
    <Data Name="SubjectLogonId">0x3e7</Data>
    <Data Name="PrivilegeList">SeAssignPrimaryTokenPrivilege
			SeTcbPrivilege
			SeSecurityPrivilege
			SeTakeOwnershipPrivilege
			SeLoadDriverPrivilege
			SeBackupPrivilege
			SeRestorePrivilege
			SeDebugPrivilege
			SeAuditPrivilege
			SeSystemEnvironmentPrivilege
			SeImpersonatePrivilege
			SeDelegateSessionUserImpersonatePrivilege</Data>
  </EventData>
</Event>
Record 1168
<?xml version="1.0" encoding="utf-8"?>
<Event xmlns="http://schemas.microsoft.com/win/2004/08/events/event">
  <System>
    <Provider Name="Microsoft-Windows-Security-Auditing" Guid="54849625-5478-4994-A5BA-3E3B0328C30D">
    </Provider>
    <EventID>5379</EventID>
    <Version>0</Version>
    <Level>0</Level>
    <Task>13824</Task>
    <Opcode>0</Opcode>
    <Keywords>0x8020000000000000</Keywords>
    <TimeCreated SystemTime="2025-07-02T22:19:05.330072Z">
    </TimeCreated>
    <EventRecordID>1168</EventRecordID>
    <Correlation ActivityID="ECEB6DEC-EB9B-0001-D36E-EBEC9BEBDB01">
    </Correlation>
    <Execution ProcessID="652" ThreadID="2604">
    </Execution>
    <Channel>Security</Channel>
    <Computer>DESKTOP-P5L8521</Computer>
    <Security>
    </Security>
  </System>
  <EventData>
    <Data Name="SubjectUserSid">S-1-5-21-2584721208-1353900670-1627748517-1001</Data>
    <Data Name="SubjectUserName">zeus</Data>
    <Data Name="SubjectDomainName">DESKTOP-P5L8521</Data>
    <Data Name="SubjectLogonId">0x640701</Data>
    <Data Name="TargetName">MicrosoftAccount:user=02pzgftkjtvakphh</Data>
    <Data Name="Type">0</Data>
    <Data Name="CountOfCredentialsReturned">0</Data>
    <Data Name="ReadOperation">%%8100</Data>
    <Data Name="ReturnCode">3221226021</Data>
    <Data Name="ProcessCreationTime">2025-07-02T22:18:59.051399Z</Data>
    <Data Name="ClientProcessId">9716</Data>
  </EventData>
</Event>
Record 1169
<?xml version="1.0" encoding="utf-8"?>
<Event xmlns="http://schemas.microsoft.com/win/2004/08/events/event">
  <System>
    <Provider Name="Microsoft-Windows-Security-Auditing" Guid="54849625-5478-4994-A5BA-3E3B0328C30D">
    </Provider>
    <EventID>5379</EventID>
    <Version>0</Version>
    <Level>0</Level>
    <Task>13824</Task>
    <Opcode>0</Opcode>
    <Keywords>0x8020000000000000</Keywords>
    <TimeCreated SystemTime="2025-07-02T22:19:05.330111Z">
    </TimeCreated>
    <EventRecordID>1169</EventRecordID>
    <Correlation ActivityID="ECEB6DEC-EB9B-0001-D36E-EBEC9BEBDB01">
    </Correlation>
    <Execution ProcessID="652" ThreadID="2604">
    </Execution>
    <Channel>Security</Channel>
    <Computer>DESKTOP-P5L8521</Computer>
    <Security>
    </Security>
  </System>
  <EventData>
    <Data Name="SubjectUserSid">S-1-5-21-2584721208-1353900670-1627748517-1001</Data>
    <Data Name="SubjectUserName">zeus</Data>
    <Data Name="SubjectDomainName">DESKTOP-P5L8521</Data>
    <Data Name="SubjectLogonId">0x640701</Data>
    <Data Name="TargetName">WindowsLive:(token):name=02pzgftkjtvakphh;serviceuri=*</Data>
    <Data Name="Type">0</Data>
    <Data Name="CountOfCredentialsReturned">0</Data>
    <Data Name="ReadOperation">%%8100</Data>
    <Data Name="ReturnCode">3221226021</Data>
    <Data Name="ProcessCreationTime">2025-07-02T22:18:59.051399Z</Data>
    <Data Name="ClientProcessId">9716</Data>
  </EventData>
</Event>
Record 1170
<?xml version="1.0" encoding="utf-8"?>
<Event xmlns="http://schemas.microsoft.com/win/2004/08/events/event">
  <System>
    <Provider Name="Microsoft-Windows-Security-Auditing" Guid="54849625-5478-4994-A5BA-3E3B0328C30D">
    </Provider>
    <EventID>5379</EventID>
    <Version>0</Version>
    <Level>0</Level>
    <Task>13824</Task>
    <Opcode>0</Opcode>
    <Keywords>0x8020000000000000</Keywords>
    <TimeCreated SystemTime="2025-07-02T22:19:05.330327Z">
    </TimeCreated>
    <EventRecordID>1170</EventRecordID>
    <Correlation ActivityID="ECEB6DEC-EB9B-0001-D36E-EBEC9BEBDB01">
    </Correlation>
    <Execution ProcessID="652" ThreadID="2604">
    </Execution>
    <Channel>Security</Channel>
    <Computer>DESKTOP-P5L8521</Computer>
    <Security>
    </Security>
  </System>
  <EventData>
    <Data Name="SubjectUserSid">S-1-5-21-2584721208-1353900670-1627748517-1001</Data>
    <Data Name="SubjectUserName">zeus</Data>
    <Data Name="SubjectDomainName">DESKTOP-P5L8521</Data>
    <Data Name="SubjectLogonId">0x640701</Data>
    <Data Name="TargetName">WindowsLive:(cert):name=02pzgftkjtvakphh;serviceuri=*</Data>
    <Data Name="Type">0</Data>
    <Data Name="CountOfCredentialsReturned">0</Data>
    <Data Name="ReadOperation">%%8100</Data>
    <Data Name="ReturnCode">3221226021</Data>
    <Data Name="ProcessCreationTime">2025-07-02T22:18:59.051399Z</Data>
    <Data Name="ClientProcessId">9716</Data>
  </EventData>
</Event>
Record 1171
<?xml version="1.0" encoding="utf-8"?>
<Event xmlns="http://schemas.microsoft.com/win/2004/08/events/event">
  <System>
    <Provider Name="Microsoft-Windows-Security-Auditing" Guid="54849625-5478-4994-A5BA-3E3B0328C30D">
    </Provider>
    <EventID>5379</EventID>
    <Version>0</Version>
    <Level>0</Level>
    <Task>13824</Task>
    <Opcode>0</Opcode>
    <Keywords>0x8020000000000000</Keywords>
    <TimeCreated SystemTime="2025-07-02T22:19:05.512768Z">
    </TimeCreated>
    <EventRecordID>1171</EventRecordID>
    <Correlation ActivityID="ECEB6DEC-EB9B-0001-D36E-EBEC9BEBDB01">
    </Correlation>
    <Execution ProcessID="652" ThreadID="2604">
    </Execution>
    <Channel>Security</Channel>
    <Computer>DESKTOP-P5L8521</Computer>
    <Security>
    </Security>
  </System>
  <EventData>
    <Data Name="SubjectUserSid">S-1-5-21-2584721208-1353900670-1627748517-1001</Data>
    <Data Name="SubjectUserName">zeus</Data>
    <Data Name="SubjectDomainName">DESKTOP-P5L8521</Data>
    <Data Name="SubjectLogonId">0x640701</Data>
    <Data Name="TargetName">MicrosoftAccount:user=02pzgftkjtvakphh</Data>
    <Data Name="Type">0</Data>
    <Data Name="CountOfCredentialsReturned">0</Data>
    <Data Name="ReadOperation">%%8100</Data>
    <Data Name="ReturnCode">3221226021</Data>
    <Data Name="ProcessCreationTime">2025-07-02T22:18:59.051399Z</Data>
    <Data Name="ClientProcessId">9716</Data>
  </EventData>
</Event>
Record 1172
<?xml version="1.0" encoding="utf-8"?>
<Event xmlns="http://schemas.microsoft.com/win/2004/08/events/event">
  <System>
    <Provider Name="Microsoft-Windows-Security-Auditing" Guid="54849625-5478-4994-A5BA-3E3B0328C30D">
    </Provider>
    <EventID>5379</EventID>
    <Version>0</Version>
    <Level>0</Level>
    <Task>13824</Task>
    <Opcode>0</Opcode>
    <Keywords>0x8020000000000000</Keywords>
    <TimeCreated SystemTime="2025-07-02T22:19:05.515570Z">
    </TimeCreated>
    <EventRecordID>1172</EventRecordID>
    <Correlation ActivityID="ECEB6DEC-EB9B-0001-D36E-EBEC9BEBDB01">
    </Correlation>
    <Execution ProcessID="652" ThreadID="2604">
    </Execution>
    <Channel>Security</Channel>
    <Computer>DESKTOP-P5L8521</Computer>
    <Security>
    </Security>
  </System>
  <EventData>
    <Data Name="SubjectUserSid">S-1-5-21-2584721208-1353900670-1627748517-1001</Data>
    <Data Name="SubjectUserName">zeus</Data>
    <Data Name="SubjectDomainName">DESKTOP-P5L8521</Data>
    <Data Name="SubjectLogonId">0x640701</Data>
    <Data Name="TargetName">MicrosoftAccount:user=02pzgftkjtvakphh</Data>
    <Data Name="Type">0</Data>
    <Data Name="CountOfCredentialsReturned">0</Data>
    <Data Name="ReadOperation">%%8100</Data>
    <Data Name="ReturnCode">3221226021</Data>
    <Data Name="ProcessCreationTime">2025-07-02T22:18:59.051399Z</Data>
    <Data Name="ClientProcessId">9716</Data>
  </EventData>
</Event>
Record 1173
<?xml version="1.0" encoding="utf-8"?>
<Event xmlns="http://schemas.microsoft.com/win/2004/08/events/event">
  <System>
    <Provider Name="Microsoft-Windows-Security-Auditing" Guid="54849625-5478-4994-A5BA-3E3B0328C30D">
    </Provider>
    <EventID>5379</EventID>
    <Version>0</Version>
    <Level>0</Level>
    <Task>13824</Task>
    <Opcode>0</Opcode>
    <Keywords>0x8020000000000000</Keywords>
    <TimeCreated SystemTime="2025-07-02T22:19:05.537373Z">
    </TimeCreated>
    <EventRecordID>1173</EventRecordID>
    <Correlation ActivityID="ECEB6DEC-EB9B-0001-D36E-EBEC9BEBDB01">
    </Correlation>
    <Execution ProcessID="652" ThreadID="2604">
    </Execution>
    <Channel>Security</Channel>
    <Computer>DESKTOP-P5L8521</Computer>
    <Security>
    </Security>
  </System>
  <EventData>
    <Data Name="SubjectUserSid">S-1-5-21-2584721208-1353900670-1627748517-1001</Data>
    <Data Name="SubjectUserName">zeus</Data>
    <Data Name="SubjectDomainName">DESKTOP-P5L8521</Data>
    <Data Name="SubjectLogonId">0x640701</Data>
    <Data Name="TargetName">MicrosoftAccount:user=02pzgftkjtvakphh</Data>
    <Data Name="Type">0</Data>
    <Data Name="CountOfCredentialsReturned">0</Data>
    <Data Name="ReadOperation">%%8100</Data>
    <Data Name="ReturnCode">3221226021</Data>
    <Data Name="ProcessCreationTime">2025-07-02T22:18:59.051399Z</Data>
    <Data Name="ClientProcessId">9716</Data>
  </EventData>
</Event>
Record 1174
<?xml version="1.0" encoding="utf-8"?>
<Event xmlns="http://schemas.microsoft.com/win/2004/08/events/event">
  <System>
    <Provider Name="Microsoft-Windows-Security-Auditing" Guid="54849625-5478-4994-A5BA-3E3B0328C30D">
    </Provider>
    <EventID>5379</EventID>
    <Version>0</Version>
    <Level>0</Level>
    <Task>13824</Task>
    <Opcode>0</Opcode>
    <Keywords>0x8020000000000000</Keywords>
    <TimeCreated SystemTime="2025-07-02T22:19:05.537421Z">
    </TimeCreated>
    <EventRecordID>1174</EventRecordID>
    <Correlation ActivityID="ECEB6DEC-EB9B-0001-D36E-EBEC9BEBDB01">
    </Correlation>
    <Execution ProcessID="652" ThreadID="2604">
    </Execution>
    <Channel>Security</Channel>
    <Computer>DESKTOP-P5L8521</Computer>
    <Security>
    </Security>
  </System>
  <EventData>
    <Data Name="SubjectUserSid">S-1-5-21-2584721208-1353900670-1627748517-1001</Data>
    <Data Name="SubjectUserName">zeus</Data>
    <Data Name="SubjectDomainName">DESKTOP-P5L8521</Data>
    <Data Name="SubjectLogonId">0x640701</Data>
    <Data Name="TargetName">MicrosoftAccount:user=02pzgftkjtvakphh</Data>
    <Data Name="Type">0</Data>
    <Data Name="CountOfCredentialsReturned">0</Data>
    <Data Name="ReadOperation">%%8100</Data>
    <Data Name="ReturnCode">3221226021</Data>
    <Data Name="ProcessCreationTime">2025-07-02T22:18:59.051399Z</Data>
    <Data Name="ClientProcessId">9716</Data>
  </EventData>
</Event>
Record 1175
<?xml version="1.0" encoding="utf-8"?>
<Event xmlns="http://schemas.microsoft.com/win/2004/08/events/event">
  <System>
    <Provider Name="Microsoft-Windows-Security-Auditing" Guid="54849625-5478-4994-A5BA-3E3B0328C30D">
    </Provider>
    <EventID>5382</EventID>
    <Version>0</Version>
    <Level>0</Level>
    <Task>13824</Task>
    <Opcode>0</Opcode>
    <Keywords>0x8020000000000000</Keywords>
    <TimeCreated SystemTime="2025-07-02T22:19:29.847967Z">
    </TimeCreated>
    <EventRecordID>1175</EventRecordID>
    <Correlation>
    </Correlation>
    <Execution ProcessID="652" ThreadID="8412">
    </Execution>
    <Channel>Security</Channel>
    <Computer>DESKTOP-P5L8521</Computer>
    <Security>
    </Security>
  </System>
  <EventData>
    <Data Name="SubjectUserSid">S-1-5-18</Data>
    <Data Name="SubjectUserName">DESKTOP-P5L8521$</Data>
    <Data Name="SubjectDomainName">WORKGROUP</Data>
    <Data Name="SubjectLogonId">0x3e7</Data>
    <Data Name="SchemaFriendlyName">NGC Local Accoount Logon Vault Resource Schema</Data>
    <Data Name="Schema">1D4350A3-330D-4AF9-B3FF-A927A45998AC</Data>
    <Data Name="Resource">NGC Local Accoount Logon Vault Resource</Data>
    <Data Name="Identity">01050000000000051500000038B70F9A7EE2B250A5780561E9030000</Data>
    <Data Name="PackageSid"></Data>
    <Data Name="Flags">0</Data>
    <Data Name="ReturnCode">1168</Data>
    <Data Name="ProcessCreationTime">2025-07-02T22:18:50.203468Z</Data>
    <Data Name="ClientProcessId">4920</Data>
  </EventData>
</Event>
Record 1176
<?xml version="1.0" encoding="utf-8"?>
<Event xmlns="http://schemas.microsoft.com/win/2004/08/events/event">
  <System>
    <Provider Name="Microsoft-Windows-Security-Auditing" Guid="54849625-5478-4994-A5BA-3E3B0328C30D">
    </Provider>
    <EventID>5379</EventID>
    <Version>0</Version>
    <Level>0</Level>
    <Task>13824</Task>
    <Opcode>0</Opcode>
    <Keywords>0x8020000000000000</Keywords>
    <TimeCreated SystemTime="2025-07-02T22:19:33.017552Z">
    </TimeCreated>
    <EventRecordID>1176</EventRecordID>
    <Correlation ActivityID="ECEB6DEC-EB9B-0001-D36E-EBEC9BEBDB01">
    </Correlation>
    <Execution ProcessID="652" ThreadID="8412">
    </Execution>
    <Channel>Security</Channel>
    <Computer>DESKTOP-P5L8521</Computer>
    <Security>
    </Security>
  </System>
  <EventData>
    <Data Name="SubjectUserSid">S-1-5-21-2584721208-1353900670-1627748517-1001</Data>
    <Data Name="SubjectUserName">zeus</Data>
    <Data Name="SubjectDomainName">DESKTOP-P5L8521</Data>
    <Data Name="SubjectLogonId">0x640701</Data>
    <Data Name="TargetName">OneDriveCachedCredential*</Data>
    <Data Name="Type">0</Data>
    <Data Name="CountOfCredentialsReturned">0</Data>
    <Data Name="ReadOperation">%%8100</Data>
    <Data Name="ReturnCode">3221226021</Data>
    <Data Name="ProcessCreationTime">2025-07-02T22:19:30.761573Z</Data>
    <Data Name="ClientProcessId">11960</Data>
  </EventData>
</Event>
Record 1177
<?xml version="1.0" encoding="utf-8"?>
<Event xmlns="http://schemas.microsoft.com/win/2004/08/events/event">
  <System>
    <Provider Name="Microsoft-Windows-Security-Auditing" Guid="54849625-5478-4994-A5BA-3E3B0328C30D">
    </Provider>
    <EventID>5379</EventID>
    <Version>0</Version>
    <Level>0</Level>
    <Task>13824</Task>
    <Opcode>0</Opcode>
    <Keywords>0x8020000000000000</Keywords>
    <TimeCreated SystemTime="2025-07-02T22:19:33.017740Z">
    </TimeCreated>
    <EventRecordID>1177</EventRecordID>
    <Correlation ActivityID="ECEB6DEC-EB9B-0001-D36E-EBEC9BEBDB01">
    </Correlation>
    <Execution ProcessID="652" ThreadID="8412">
    </Execution>
    <Channel>Security</Channel>
    <Computer>DESKTOP-P5L8521</Computer>
    <Security>
    </Security>
  </System>
  <EventData>
    <Data Name="SubjectUserSid">S-1-5-21-2584721208-1353900670-1627748517-1001</Data>
    <Data Name="SubjectUserName">zeus</Data>
    <Data Name="SubjectDomainName">DESKTOP-P5L8521</Data>
    <Data Name="SubjectLogonId">0x640701</Data>
    <Data Name="TargetName">OneDrive-INTCachedCredential*</Data>
    <Data Name="Type">0</Data>
    <Data Name="CountOfCredentialsReturned">0</Data>
    <Data Name="ReadOperation">%%8100</Data>
    <Data Name="ReturnCode">3221226021</Data>
    <Data Name="ProcessCreationTime">2025-07-02T22:19:30.761573Z</Data>
    <Data Name="ClientProcessId">11960</Data>
  </EventData>
</Event>
Record 1178
<?xml version="1.0" encoding="utf-8"?>
<Event xmlns="http://schemas.microsoft.com/win/2004/08/events/event">
  <System>
    <Provider Name="Microsoft-Windows-Security-Auditing" Guid="54849625-5478-4994-A5BA-3E3B0328C30D">
    </Provider>
    <EventID>5379</EventID>
    <Version>0</Version>
    <Level>0</Level>
    <Task>13824</Task>
    <Opcode>0</Opcode>
    <Keywords>0x8020000000000000</Keywords>
    <TimeCreated SystemTime="2025-07-02T22:19:33.080175Z">
    </TimeCreated>
    <EventRecordID>1178</EventRecordID>
    <Correlation ActivityID="ECEB6DEC-EB9B-0001-D36E-EBEC9BEBDB01">
    </Correlation>
    <Execution ProcessID="652" ThreadID="8412">
    </Execution>
    <Channel>Security</Channel>
    <Computer>DESKTOP-P5L8521</Computer>
    <Security>
    </Security>
  </System>
  <EventData>
    <Data Name="SubjectUserSid">S-1-5-21-2584721208-1353900670-1627748517-1001</Data>
    <Data Name="SubjectUserName">zeus</Data>
    <Data Name="SubjectDomainName">DESKTOP-P5L8521</Data>
    <Data Name="SubjectLogonId">0x640701</Data>
    <Data Name="TargetName">OneDriveCachedCredential*</Data>
    <Data Name="Type">0</Data>
    <Data Name="CountOfCredentialsReturned">0</Data>
    <Data Name="ReadOperation">%%8100</Data>
    <Data Name="ReturnCode">3221226021</Data>
    <Data Name="ProcessCreationTime">2025-07-02T22:19:30.761573Z</Data>
    <Data Name="ClientProcessId">11960</Data>
  </EventData>
</Event>
Record 1179
<?xml version="1.0" encoding="utf-8"?>
<Event xmlns="http://schemas.microsoft.com/win/2004/08/events/event">
  <System>
    <Provider Name="Microsoft-Windows-Security-Auditing" Guid="54849625-5478-4994-A5BA-3E3B0328C30D">
    </Provider>
    <EventID>5379</EventID>
    <Version>0</Version>
    <Level>0</Level>
    <Task>13824</Task>
    <Opcode>0</Opcode>
    <Keywords>0x8020000000000000</Keywords>
    <TimeCreated SystemTime="2025-07-02T22:19:33.080231Z">
    </TimeCreated>
    <EventRecordID>1179</EventRecordID>
    <Correlation ActivityID="ECEB6DEC-EB9B-0001-D36E-EBEC9BEBDB01">
    </Correlation>
    <Execution ProcessID="652" ThreadID="8412">
    </Execution>
    <Channel>Security</Channel>
    <Computer>DESKTOP-P5L8521</Computer>
    <Security>
    </Security>
  </System>
  <EventData>
    <Data Name="SubjectUserSid">S-1-5-21-2584721208-1353900670-1627748517-1001</Data>
    <Data Name="SubjectUserName">zeus</Data>
    <Data Name="SubjectDomainName">DESKTOP-P5L8521</Data>
    <Data Name="SubjectLogonId">0x640701</Data>
    <Data Name="TargetName">OneDrive-INTCachedCredential*</Data>
    <Data Name="Type">0</Data>
    <Data Name="CountOfCredentialsReturned">0</Data>
    <Data Name="ReadOperation">%%8100</Data>
    <Data Name="ReturnCode">3221226021</Data>
    <Data Name="ProcessCreationTime">2025-07-02T22:19:30.761573Z</Data>
    <Data Name="ClientProcessId">11960</Data>
  </EventData>
</Event>
Record 1180
<?xml version="1.0" encoding="utf-8"?>
<Event xmlns="http://schemas.microsoft.com/win/2004/08/events/event">
  <System>
    <Provider Name="Microsoft-Windows-Security-Auditing" Guid="54849625-5478-4994-A5BA-3E3B0328C30D">
    </Provider>
    <EventID>5379</EventID>
    <Version>0</Version>
    <Level>0</Level>
    <Task>13824</Task>
    <Opcode>0</Opcode>
    <Keywords>0x8020000000000000</Keywords>
    <TimeCreated SystemTime="2025-07-02T22:19:33.404456Z">
    </TimeCreated>
    <EventRecordID>1180</EventRecordID>
    <Correlation ActivityID="ECEB6DEC-EB9B-0001-D36E-EBEC9BEBDB01">
    </Correlation>
    <Execution ProcessID="652" ThreadID="2604">
    </Execution>
    <Channel>Security</Channel>
    <Computer>DESKTOP-P5L8521</Computer>
    <Security>
    </Security>
  </System>
  <EventData>
    <Data Name="SubjectUserSid">S-1-5-21-2584721208-1353900670-1627748517-1001</Data>
    <Data Name="SubjectUserName">zeus</Data>
    <Data Name="SubjectDomainName">DESKTOP-P5L8521</Data>
    <Data Name="SubjectLogonId">0x640701</Data>
    <Data Name="TargetName">OneDrive Cached Credential</Data>
    <Data Name="Type">0</Data>
    <Data Name="CountOfCredentialsReturned">0</Data>
    <Data Name="ReadOperation">%%8100</Data>
    <Data Name="ReturnCode">3221226021</Data>
    <Data Name="ProcessCreationTime">2025-07-02T22:19:33.170046Z</Data>
    <Data Name="ClientProcessId">12104</Data>
  </EventData>
</Event>
Record 1181
<?xml version="1.0" encoding="utf-8"?>
<Event xmlns="http://schemas.microsoft.com/win/2004/08/events/event">
  <System>
    <Provider Name="Microsoft-Windows-Security-Auditing" Guid="54849625-5478-4994-A5BA-3E3B0328C30D">
    </Provider>
    <EventID>5379</EventID>
    <Version>0</Version>
    <Level>0</Level>
    <Task>13824</Task>
    <Opcode>0</Opcode>
    <Keywords>0x8020000000000000</Keywords>
    <TimeCreated SystemTime="2025-07-02T22:19:33.590846Z">
    </TimeCreated>
    <EventRecordID>1181</EventRecordID>
    <Correlation ActivityID="ECEB6DEC-EB9B-0001-D36E-EBEC9BEBDB01">
    </Correlation>
    <Execution ProcessID="652" ThreadID="8412">
    </Execution>
    <Channel>Security</Channel>
    <Computer>DESKTOP-P5L8521</Computer>
    <Security>
    </Security>
  </System>
  <EventData>
    <Data Name="SubjectUserSid">S-1-5-21-2584721208-1353900670-1627748517-1001</Data>
    <Data Name="SubjectUserName">zeus</Data>
    <Data Name="SubjectDomainName">DESKTOP-P5L8521</Data>
    <Data Name="SubjectLogonId">0x640701</Data>
    <Data Name="TargetName">MicrosoftOffice15_Data:orgid*</Data>
    <Data Name="Type">0</Data>
    <Data Name="CountOfCredentialsReturned">0</Data>
    <Data Name="ReadOperation">%%8100</Data>
    <Data Name="ReturnCode">3221226021</Data>
    <Data Name="ProcessCreationTime">2025-07-02T22:19:33.170046Z</Data>
    <Data Name="ClientProcessId">12104</Data>
  </EventData>
</Event>
Record 1182
<?xml version="1.0" encoding="utf-8"?>
<Event xmlns="http://schemas.microsoft.com/win/2004/08/events/event">
  <System>
    <Provider Name="Microsoft-Windows-Security-Auditing" Guid="54849625-5478-4994-A5BA-3E3B0328C30D">
    </Provider>
    <EventID>5379</EventID>
    <Version>0</Version>
    <Level>0</Level>
    <Task>13824</Task>
    <Opcode>0</Opcode>
    <Keywords>0x8020000000000000</Keywords>
    <TimeCreated SystemTime="2025-07-02T22:19:33.591165Z">
    </TimeCreated>
    <EventRecordID>1182</EventRecordID>
    <Correlation ActivityID="ECEB6DEC-EB9B-0001-D36E-EBEC9BEBDB01">
    </Correlation>
    <Execution ProcessID="652" ThreadID="2604">
    </Execution>
    <Channel>Security</Channel>
    <Computer>DESKTOP-P5L8521</Computer>
    <Security>
    </Security>
  </System>
  <EventData>
    <Data Name="SubjectUserSid">S-1-5-21-2584721208-1353900670-1627748517-1001</Data>
    <Data Name="SubjectUserName">zeus</Data>
    <Data Name="SubjectDomainName">DESKTOP-P5L8521</Data>
    <Data Name="SubjectLogonId">0x640701</Data>
    <Data Name="TargetName">MicrosoftOffice*</Data>
    <Data Name="Type">0</Data>
    <Data Name="CountOfCredentialsReturned">0</Data>
    <Data Name="ReadOperation">%%8100</Data>
    <Data Name="ReturnCode">3221226021</Data>
    <Data Name="ProcessCreationTime">2025-07-02T22:19:33.170046Z</Data>
    <Data Name="ClientProcessId">12104</Data>
  </EventData>
</Event>
Record 1183
<?xml version="1.0" encoding="utf-8"?>
<Event xmlns="http://schemas.microsoft.com/win/2004/08/events/event">
  <System>
    <Provider Name="Microsoft-Windows-Security-Auditing" Guid="54849625-5478-4994-A5BA-3E3B0328C30D">
    </Provider>
    <EventID>5379</EventID>
    <Version>0</Version>
    <Level>0</Level>
    <Task>13824</Task>
    <Opcode>0</Opcode>
    <Keywords>0x8020000000000000</Keywords>
    <TimeCreated SystemTime="2025-07-02T22:19:58.116033Z">
    </TimeCreated>
    <EventRecordID>1183</EventRecordID>
    <Correlation ActivityID="ECEB6DEC-EB9B-0001-D36E-EBEC9BEBDB01">
    </Correlation>
    <Execution ProcessID="652" ThreadID="8412">
    </Execution>
    <Channel>Security</Channel>
    <Computer>DESKTOP-P5L8521</Computer>
    <Security>
    </Security>
  </System>
  <EventData>
    <Data Name="SubjectUserSid">S-1-5-21-2584721208-1353900670-1627748517-1001</Data>
    <Data Name="SubjectUserName">zeus</Data>
    <Data Name="SubjectDomainName">DESKTOP-P5L8521</Data>
    <Data Name="SubjectLogonId">0x640701</Data>
    <Data Name="TargetName">OneDriveCachedCredential*</Data>
    <Data Name="Type">0</Data>
    <Data Name="CountOfCredentialsReturned">0</Data>
    <Data Name="ReadOperation">%%8100</Data>
    <Data Name="ReturnCode">3221226021</Data>
    <Data Name="ProcessCreationTime">2025-07-02T22:19:54.907985Z</Data>
    <Data Name="ClientProcessId">10088</Data>
  </EventData>
</Event>
Record 1184
<?xml version="1.0" encoding="utf-8"?>
<Event xmlns="http://schemas.microsoft.com/win/2004/08/events/event">
  <System>
    <Provider Name="Microsoft-Windows-Security-Auditing" Guid="54849625-5478-4994-A5BA-3E3B0328C30D">
    </Provider>
    <EventID>5379</EventID>
    <Version>0</Version>
    <Level>0</Level>
    <Task>13824</Task>
    <Opcode>0</Opcode>
    <Keywords>0x8020000000000000</Keywords>
    <TimeCreated SystemTime="2025-07-02T22:19:58.116106Z">
    </TimeCreated>
    <EventRecordID>1184</EventRecordID>
    <Correlation ActivityID="ECEB6DEC-EB9B-0001-D36E-EBEC9BEBDB01">
    </Correlation>
    <Execution ProcessID="652" ThreadID="8412">
    </Execution>
    <Channel>Security</Channel>
    <Computer>DESKTOP-P5L8521</Computer>
    <Security>
    </Security>
  </System>
  <EventData>
    <Data Name="SubjectUserSid">S-1-5-21-2584721208-1353900670-1627748517-1001</Data>
    <Data Name="SubjectUserName">zeus</Data>
    <Data Name="SubjectDomainName">DESKTOP-P5L8521</Data>
    <Data Name="SubjectLogonId">0x640701</Data>
    <Data Name="TargetName">OneDrive-INTCachedCredential*</Data>
    <Data Name="Type">0</Data>
    <Data Name="CountOfCredentialsReturned">0</Data>
    <Data Name="ReadOperation">%%8100</Data>
    <Data Name="ReturnCode">3221226021</Data>
    <Data Name="ProcessCreationTime">2025-07-02T22:19:54.907985Z</Data>
    <Data Name="ClientProcessId">10088</Data>
  </EventData>
</Event>
Record 1185
<?xml version="1.0" encoding="utf-8"?>
<Event xmlns="http://schemas.microsoft.com/win/2004/08/events/event">
  <System>
    <Provider Name="Microsoft-Windows-Security-Auditing" Guid="54849625-5478-4994-A5BA-3E3B0328C30D">
    </Provider>
    <EventID>5379</EventID>
    <Version>0</Version>
    <Level>0</Level>
    <Task>13824</Task>
    <Opcode>0</Opcode>
    <Keywords>0x8020000000000000</Keywords>
    <TimeCreated SystemTime="2025-07-02T22:19:58.160033Z">
    </TimeCreated>
    <EventRecordID>1185</EventRecordID>
    <Correlation ActivityID="ECEB6DEC-EB9B-0001-D36E-EBEC9BEBDB01">
    </Correlation>
    <Execution ProcessID="652" ThreadID="8412">
    </Execution>
    <Channel>Security</Channel>
    <Computer>DESKTOP-P5L8521</Computer>
    <Security>
    </Security>
  </System>
  <EventData>
    <Data Name="SubjectUserSid">S-1-5-21-2584721208-1353900670-1627748517-1001</Data>
    <Data Name="SubjectUserName">zeus</Data>
    <Data Name="SubjectDomainName">DESKTOP-P5L8521</Data>
    <Data Name="SubjectLogonId">0x640701</Data>
    <Data Name="TargetName">SkyDrive Cached Credential</Data>
    <Data Name="Type">1</Data>
    <Data Name="CountOfCredentialsReturned">1</Data>
    <Data Name="ReadOperation">%%8099</Data>
    <Data Name="ReturnCode">3221226021</Data>
    <Data Name="ProcessCreationTime">2025-07-02T22:19:54.907985Z</Data>
    <Data Name="ClientProcessId">10088</Data>
  </EventData>
</Event>
Record 1186
<?xml version="1.0" encoding="utf-8"?>
<Event xmlns="http://schemas.microsoft.com/win/2004/08/events/event">
  <System>
    <Provider Name="Microsoft-Windows-Security-Auditing" Guid="54849625-5478-4994-A5BA-3E3B0328C30D">
    </Provider>
    <EventID>5379</EventID>
    <Version>0</Version>
    <Level>0</Level>
    <Task>13824</Task>
    <Opcode>0</Opcode>
    <Keywords>0x8020000000000000</Keywords>
    <TimeCreated SystemTime="2025-07-02T22:19:58.160127Z">
    </TimeCreated>
    <EventRecordID>1186</EventRecordID>
    <Correlation ActivityID="ECEB6DEC-EB9B-0001-D36E-EBEC9BEBDB01">
    </Correlation>
    <Execution ProcessID="652" ThreadID="8412">
    </Execution>
    <Channel>Security</Channel>
    <Computer>DESKTOP-P5L8521</Computer>
    <Security>
    </Security>
  </System>
  <EventData>
    <Data Name="SubjectUserSid">S-1-5-21-2584721208-1353900670-1627748517-1001</Data>
    <Data Name="SubjectUserName">zeus</Data>
    <Data Name="SubjectDomainName">DESKTOP-P5L8521</Data>
    <Data Name="SubjectLogonId">0x640701</Data>
    <Data Name="TargetName">SkyDrive-INT Cached Credential</Data>
    <Data Name="Type">1</Data>
    <Data Name="CountOfCredentialsReturned">1</Data>
    <Data Name="ReadOperation">%%8099</Data>
    <Data Name="ReturnCode">3221226021</Data>
    <Data Name="ProcessCreationTime">2025-07-02T22:19:54.907985Z</Data>
    <Data Name="ClientProcessId">10088</Data>
  </EventData>
</Event>
Record 1187
<?xml version="1.0" encoding="utf-8"?>
<Event xmlns="http://schemas.microsoft.com/win/2004/08/events/event">
  <System>
    <Provider Name="Microsoft-Windows-Security-Auditing" Guid="54849625-5478-4994-A5BA-3E3B0328C30D">
    </Provider>
    <EventID>5379</EventID>
    <Version>0</Version>
    <Level>0</Level>
    <Task>13824</Task>
    <Opcode>0</Opcode>
    <Keywords>0x8020000000000000</Keywords>
    <TimeCreated SystemTime="2025-07-02T22:19:58.238795Z">
    </TimeCreated>
    <EventRecordID>1187</EventRecordID>
    <Correlation ActivityID="ECEB6DEC-EB9B-0001-D36E-EBEC9BEBDB01">
    </Correlation>
    <Execution ProcessID="652" ThreadID="2604">
    </Execution>
    <Channel>Security</Channel>
    <Computer>DESKTOP-P5L8521</Computer>
    <Security>
    </Security>
  </System>
  <EventData>
    <Data Name="SubjectUserSid">S-1-5-21-2584721208-1353900670-1627748517-1001</Data>
    <Data Name="SubjectUserName">zeus</Data>
    <Data Name="SubjectDomainName">DESKTOP-P5L8521</Data>
    <Data Name="SubjectLogonId">0x640701</Data>
    <Data Name="TargetName">OneDriveCachedCredential*</Data>
    <Data Name="Type">0</Data>
    <Data Name="CountOfCredentialsReturned">0</Data>
    <Data Name="ReadOperation">%%8100</Data>
    <Data Name="ReturnCode">3221226021</Data>
    <Data Name="ProcessCreationTime">2025-07-02T22:19:54.907985Z</Data>
    <Data Name="ClientProcessId">10088</Data>
  </EventData>
</Event>
Record 1188
<?xml version="1.0" encoding="utf-8"?>
<Event xmlns="http://schemas.microsoft.com/win/2004/08/events/event">
  <System>
    <Provider Name="Microsoft-Windows-Security-Auditing" Guid="54849625-5478-4994-A5BA-3E3B0328C30D">
    </Provider>
    <EventID>5379</EventID>
    <Version>0</Version>
    <Level>0</Level>
    <Task>13824</Task>
    <Opcode>0</Opcode>
    <Keywords>0x8020000000000000</Keywords>
    <TimeCreated SystemTime="2025-07-02T22:19:58.238861Z">
    </TimeCreated>
    <EventRecordID>1188</EventRecordID>
    <Correlation ActivityID="ECEB6DEC-EB9B-0001-D36E-EBEC9BEBDB01">
    </Correlation>
    <Execution ProcessID="652" ThreadID="2604">
    </Execution>
    <Channel>Security</Channel>
    <Computer>DESKTOP-P5L8521</Computer>
    <Security>
    </Security>
  </System>
  <EventData>
    <Data Name="SubjectUserSid">S-1-5-21-2584721208-1353900670-1627748517-1001</Data>
    <Data Name="SubjectUserName">zeus</Data>
    <Data Name="SubjectDomainName">DESKTOP-P5L8521</Data>
    <Data Name="SubjectLogonId">0x640701</Data>
    <Data Name="TargetName">OneDrive-INTCachedCredential*</Data>
    <Data Name="Type">0</Data>
    <Data Name="CountOfCredentialsReturned">0</Data>
    <Data Name="ReadOperation">%%8100</Data>
    <Data Name="ReturnCode">3221226021</Data>
    <Data Name="ProcessCreationTime">2025-07-02T22:19:54.907985Z</Data>
    <Data Name="ClientProcessId">10088</Data>
  </EventData>
</Event>
Record 1189
<?xml version="1.0" encoding="utf-8"?>
<Event xmlns="http://schemas.microsoft.com/win/2004/08/events/event">
  <System>
    <Provider Name="Microsoft-Windows-Security-Auditing" Guid="54849625-5478-4994-A5BA-3E3B0328C30D">
    </Provider>
    <EventID>5379</EventID>
    <Version>0</Version>
    <Level>0</Level>
    <Task>13824</Task>
    <Opcode>0</Opcode>
    <Keywords>0x8020000000000000</Keywords>
    <TimeCreated SystemTime="2025-07-02T22:19:58.708092Z">
    </TimeCreated>
    <EventRecordID>1189</EventRecordID>
    <Correlation ActivityID="ECEB6DEC-EB9B-0001-D36E-EBEC9BEBDB01">
    </Correlation>
    <Execution ProcessID="652" ThreadID="8412">
    </Execution>
    <Channel>Security</Channel>
    <Computer>DESKTOP-P5L8521</Computer>
    <Security>
    </Security>
  </System>
  <EventData>
    <Data Name="SubjectUserSid">S-1-5-21-2584721208-1353900670-1627748517-1001</Data>
    <Data Name="SubjectUserName">zeus</Data>
    <Data Name="SubjectDomainName">DESKTOP-P5L8521</Data>
    <Data Name="SubjectLogonId">0x640701</Data>
    <Data Name="TargetName">OneDrive Cached Credential</Data>
    <Data Name="Type">0</Data>
    <Data Name="CountOfCredentialsReturned">0</Data>
    <Data Name="ReadOperation">%%8100</Data>
    <Data Name="ReturnCode">3221226021</Data>
    <Data Name="ProcessCreationTime">2025-07-02T22:19:58.437491Z</Data>
    <Data Name="ClientProcessId">3880</Data>
  </EventData>
</Event>
Record 1190
<?xml version="1.0" encoding="utf-8"?>
<Event xmlns="http://schemas.microsoft.com/win/2004/08/events/event">
  <System>
    <Provider Name="Microsoft-Windows-Security-Auditing" Guid="54849625-5478-4994-A5BA-3E3B0328C30D">
    </Provider>
    <EventID>5379</EventID>
    <Version>0</Version>
    <Level>0</Level>
    <Task>13824</Task>
    <Opcode>0</Opcode>
    <Keywords>0x8020000000000000</Keywords>
    <TimeCreated SystemTime="2025-07-02T22:19:58.725520Z">
    </TimeCreated>
    <EventRecordID>1190</EventRecordID>
    <Correlation ActivityID="ECEB6DEC-EB9B-0001-D36E-EBEC9BEBDB01">
    </Correlation>
    <Execution ProcessID="652" ThreadID="8412">
    </Execution>
    <Channel>Security</Channel>
    <Computer>DESKTOP-P5L8521</Computer>
    <Security>
    </Security>
  </System>
  <EventData>
    <Data Name="SubjectUserSid">S-1-5-21-2584721208-1353900670-1627748517-1001</Data>
    <Data Name="SubjectUserName">zeus</Data>
    <Data Name="SubjectDomainName">DESKTOP-P5L8521</Data>
    <Data Name="SubjectLogonId">0x640701</Data>
    <Data Name="TargetName">OneDrive Cached Credential*</Data>
    <Data Name="Type">0</Data>
    <Data Name="CountOfCredentialsReturned">0</Data>
    <Data Name="ReadOperation">%%8100</Data>
    <Data Name="ReturnCode">3221226021</Data>
    <Data Name="ProcessCreationTime">2025-07-02T22:19:58.437491Z</Data>
    <Data Name="ClientProcessId">3880</Data>
  </EventData>
</Event>
Record 1191
<?xml version="1.0" encoding="utf-8"?>
<Event xmlns="http://schemas.microsoft.com/win/2004/08/events/event">
  <System>
    <Provider Name="Microsoft-Windows-Security-Auditing" Guid="54849625-5478-4994-A5BA-3E3B0328C30D">
    </Provider>
    <EventID>5379</EventID>
    <Version>0</Version>
    <Level>0</Level>
    <Task>13824</Task>
    <Opcode>0</Opcode>
    <Keywords>0x8020000000000000</Keywords>
    <TimeCreated SystemTime="2025-07-02T22:19:59.434808Z">
    </TimeCreated>
    <EventRecordID>1191</EventRecordID>
    <Correlation ActivityID="ECEB6DEC-EB9B-0001-D36E-EBEC9BEBDB01">
    </Correlation>
    <Execution ProcessID="652" ThreadID="692">
    </Execution>
    <Channel>Security</Channel>
    <Computer>DESKTOP-P5L8521</Computer>
    <Security>
    </Security>
  </System>
  <EventData>
    <Data Name="SubjectUserSid">S-1-5-21-2584721208-1353900670-1627748517-1001</Data>
    <Data Name="SubjectUserName">zeus</Data>
    <Data Name="SubjectDomainName">DESKTOP-P5L8521</Data>
    <Data Name="SubjectLogonId">0x640701</Data>
    <Data Name="TargetName">OneDrive Cached Credential</Data>
    <Data Name="Type">0</Data>
    <Data Name="CountOfCredentialsReturned">0</Data>
    <Data Name="ReadOperation">%%8100</Data>
    <Data Name="ReturnCode">3221226021</Data>
    <Data Name="ProcessCreationTime">2025-07-02T22:19:58.437491Z</Data>
    <Data Name="ClientProcessId">3880</Data>
  </EventData>
</Event>
Record 1192
<?xml version="1.0" encoding="utf-8"?>
<Event xmlns="http://schemas.microsoft.com/win/2004/08/events/event">
  <System>
    <Provider Name="Microsoft-Windows-Security-Auditing" Guid="54849625-5478-4994-A5BA-3E3B0328C30D">
    </Provider>
    <EventID>5379</EventID>
    <Version>0</Version>
    <Level>0</Level>
    <Task>13824</Task>
    <Opcode>0</Opcode>
    <Keywords>0x8020000000000000</Keywords>
    <TimeCreated SystemTime="2025-07-02T22:20:00.153363Z">
    </TimeCreated>
    <EventRecordID>1192</EventRecordID>
    <Correlation ActivityID="ECEB6DEC-EB9B-0001-D36E-EBEC9BEBDB01">
    </Correlation>
    <Execution ProcessID="652" ThreadID="8412">
    </Execution>
    <Channel>Security</Channel>
    <Computer>DESKTOP-P5L8521</Computer>
    <Security>
    </Security>
  </System>
  <EventData>
    <Data Name="SubjectUserSid">S-1-5-21-2584721208-1353900670-1627748517-1001</Data>
    <Data Name="SubjectUserName">zeus</Data>
    <Data Name="SubjectDomainName">DESKTOP-P5L8521</Data>
    <Data Name="SubjectLogonId">0x640701</Data>
    <Data Name="TargetName">MicrosoftOffice*</Data>
    <Data Name="Type">0</Data>
    <Data Name="CountOfCredentialsReturned">0</Data>
    <Data Name="ReadOperation">%%8100</Data>
    <Data Name="ReturnCode">3221226021</Data>
    <Data Name="ProcessCreationTime">2025-07-02T22:19:58.437491Z</Data>
    <Data Name="ClientProcessId">3880</Data>
  </EventData>
</Event>
Record 1193
<?xml version="1.0" encoding="utf-8"?>
<Event xmlns="http://schemas.microsoft.com/win/2004/08/events/event">
  <System>
    <Provider Name="Microsoft-Windows-Security-Auditing" Guid="54849625-5478-4994-A5BA-3E3B0328C30D">
    </Provider>
    <EventID>5379</EventID>
    <Version>0</Version>
    <Level>0</Level>
    <Task>13824</Task>
    <Opcode>0</Opcode>
    <Keywords>0x8020000000000000</Keywords>
    <TimeCreated SystemTime="2025-07-02T22:20:06.007604Z">
    </TimeCreated>
    <EventRecordID>1193</EventRecordID>
    <Correlation ActivityID="ECEB6DEC-EB9B-0001-D36E-EBEC9BEBDB01">
    </Correlation>
    <Execution ProcessID="652" ThreadID="8412">
    </Execution>
    <Channel>Security</Channel>
    <Computer>DESKTOP-P5L8521</Computer>
    <Security>
    </Security>
  </System>
  <EventData>
    <Data Name="SubjectUserSid">S-1-5-21-2584721208-1353900670-1627748517-1001</Data>
    <Data Name="SubjectUserName">zeus</Data>
    <Data Name="SubjectDomainName">DESKTOP-P5L8521</Data>
    <Data Name="SubjectLogonId">0x640701</Data>
    <Data Name="TargetName">MicrosoftAccount:user=02pzgftkjtvakphh</Data>
    <Data Name="Type">0</Data>
    <Data Name="CountOfCredentialsReturned">0</Data>
    <Data Name="ReadOperation">%%8100</Data>
    <Data Name="ReturnCode">3221226021</Data>
    <Data Name="ProcessCreationTime">2025-07-02T22:18:59.051399Z</Data>
    <Data Name="ClientProcessId">9716</Data>
  </EventData>
</Event>
Record 1194
<?xml version="1.0" encoding="utf-8"?>
<Event xmlns="http://schemas.microsoft.com/win/2004/08/events/event">
  <System>
    <Provider Name="Microsoft-Windows-Security-Auditing" Guid="54849625-5478-4994-A5BA-3E3B0328C30D">
    </Provider>
    <EventID>5379</EventID>
    <Version>0</Version>
    <Level>0</Level>
    <Task>13824</Task>
    <Opcode>0</Opcode>
    <Keywords>0x8020000000000000</Keywords>
    <TimeCreated SystemTime="2025-07-02T22:20:06.007664Z">
    </TimeCreated>
    <EventRecordID>1194</EventRecordID>
    <Correlation ActivityID="ECEB6DEC-EB9B-0001-D36E-EBEC9BEBDB01">
    </Correlation>
    <Execution ProcessID="652" ThreadID="8412">
    </Execution>
    <Channel>Security</Channel>
    <Computer>DESKTOP-P5L8521</Computer>
    <Security>
    </Security>
  </System>
  <EventData>
    <Data Name="SubjectUserSid">S-1-5-21-2584721208-1353900670-1627748517-1001</Data>
    <Data Name="SubjectUserName">zeus</Data>
    <Data Name="SubjectDomainName">DESKTOP-P5L8521</Data>
    <Data Name="SubjectLogonId">0x640701</Data>
    <Data Name="TargetName">WindowsLive:(token):name=02pzgftkjtvakphh;serviceuri=*</Data>
    <Data Name="Type">0</Data>
    <Data Name="CountOfCredentialsReturned">0</Data>
    <Data Name="ReadOperation">%%8100</Data>
    <Data Name="ReturnCode">3221226021</Data>
    <Data Name="ProcessCreationTime">2025-07-02T22:18:59.051399Z</Data>
    <Data Name="ClientProcessId">9716</Data>
  </EventData>
</Event>
