Record 865
<?xml version="1.0" encoding="utf-8"?>
<Event xmlns="http://schemas.microsoft.com/win/2004/08/events/event">
  <System>
    <Provider Name="Microsoft-Windows-Security-Auditing" Guid="54849625-5478-4994-A5BA-3E3B0328C30D">
    </Provider>
    <EventID>4799</EventID>
    <Version>0</Version>
    <Level>0</Level>
    <Task>13826</Task>
    <Opcode>0</Opcode>
    <Keywords>0x8020000000000000</Keywords>
    <TimeCreated SystemTime="2025-07-02T22:05:01.764127Z">
    </TimeCreated>
    <EventRecordID>865</EventRecordID>
    <Correlation ActivityID="ECEB6DEC-EB9B-0001-D36E-EBEC9BEBDB01">
    </Correlation>
    <Execution ProcessID="652" ThreadID="7696">
    </Execution>
    <Channel>Security</Channel>
    <Computer>DESKTOP-P5L8521</Computer>
    <Security>
    </Security>
  </System>
  <EventData>
    <Data Name="TargetUserName">Administrators</Data>
    <Data Name="TargetDomainName">Builtin</Data>
    <Data Name="TargetSid">S-1-5-32-544</Data>
    <Data Name="SubjectUserSid">S-1-5-18</Data>
    <Data Name="SubjectUserName">DESKTOP-P5L8521$</Data>
    <Data Name="SubjectDomainName">WORKGROUP</Data>
    <Data Name="SubjectLogonId">0x3e7</Data>
    <Data Name="CallerProcessId">0x1bf0</Data>
    <Data Name="CallerProcessName">C:\Windows\System32\VSSVC.exe</Data>
  </EventData>
</Event>
Record 866
<?xml version="1.0" encoding="utf-8"?>
<Event xmlns="http://schemas.microsoft.com/win/2004/08/events/event">
  <System>
    <Provider Name="Microsoft-Windows-Security-Auditing" Guid="54849625-5478-4994-A5BA-3E3B0328C30D">
    </Provider>
    <EventID>4799</EventID>
    <Version>0</Version>
    <Level>0</Level>
    <Task>13826</Task>
    <Opcode>0</Opcode>
    <Keywords>0x8020000000000000</Keywords>
    <TimeCreated SystemTime="2025-07-02T22:05:01.764371Z">
    </TimeCreated>
    <EventRecordID>866</EventRecordID>
    <Correlation ActivityID="ECEB6DEC-EB9B-0001-D36E-EBEC9BEBDB01">
    </Correlation>
    <Execution ProcessID="652" ThreadID="7696">
    </Execution>
    <Channel>Security</Channel>
    <Computer>DESKTOP-P5L8521</Computer>
    <Security>
    </Security>
  </System>
  <EventData>
    <Data Name="TargetUserName">Backup Operators</Data>
    <Data Name="TargetDomainName">Builtin</Data>
    <Data Name="TargetSid">S-1-5-32-551</Data>
    <Data Name="SubjectUserSid">S-1-5-18</Data>
    <Data Name="SubjectUserName">DESKTOP-P5L8521$</Data>
    <Data Name="SubjectDomainName">WORKGROUP</Data>
    <Data Name="SubjectLogonId">0x3e7</Data>
    <Data Name="CallerProcessId">0x1bf0</Data>
    <Data Name="CallerProcessName">C:\Windows\System32\VSSVC.exe</Data>
  </EventData>
</Event>
Record 867
<?xml version="1.0" encoding="utf-8"?>
<Event xmlns="http://schemas.microsoft.com/win/2004/08/events/event">
  <System>
    <Provider Name="Microsoft-Windows-Security-Auditing" Guid="54849625-5478-4994-A5BA-3E3B0328C30D">
    </Provider>
    <EventID>4799</EventID>
    <Version>0</Version>
    <Level>0</Level>
    <Task>13826</Task>
    <Opcode>0</Opcode>
    <Keywords>0x8020000000000000</Keywords>
    <TimeCreated SystemTime="2025-07-02T22:05:01.775443Z">
    </TimeCreated>
    <EventRecordID>867</EventRecordID>
    <Correlation ActivityID="ECEB6DEC-EB9B-0001-D36E-EBEC9BEBDB01">
    </Correlation>
    <Execution ProcessID="652" ThreadID="7696">
    </Execution>
    <Channel>Security</Channel>
    <Computer>DESKTOP-P5L8521</Computer>
    <Security>
    </Security>
  </System>
  <EventData>
    <Data Name="TargetUserName">Administrators</Data>
    <Data Name="TargetDomainName">Builtin</Data>
    <Data Name="TargetSid">S-1-5-32-544</Data>
    <Data Name="SubjectUserSid">S-1-5-18</Data>
    <Data Name="SubjectUserName">DESKTOP-P5L8521$</Data>
    <Data Name="SubjectDomainName">WORKGROUP</Data>
    <Data Name="SubjectLogonId">0x3e7</Data>
    <Data Name="CallerProcessId">0x1bf0</Data>
    <Data Name="CallerProcessName">C:\Windows\System32\VSSVC.exe</Data>
  </EventData>
</Event>
Record 868
<?xml version="1.0" encoding="utf-8"?>
<Event xmlns="http://schemas.microsoft.com/win/2004/08/events/event">
  <System>
    <Provider Name="Microsoft-Windows-Security-Auditing" Guid="54849625-5478-4994-A5BA-3E3B0328C30D">
    </Provider>
    <EventID>4799</EventID>
    <Version>0</Version>
    <Level>0</Level>
    <Task>13826</Task>
    <Opcode>0</Opcode>
    <Keywords>0x8020000000000000</Keywords>
    <TimeCreated SystemTime="2025-07-02T22:05:01.775728Z">
    </TimeCreated>
    <EventRecordID>868</EventRecordID>
    <Correlation ActivityID="ECEB6DEC-EB9B-0001-D36E-EBEC9BEBDB01">
    </Correlation>
    <Execution ProcessID="652" ThreadID="7696">
    </Execution>
    <Channel>Security</Channel>
    <Computer>DESKTOP-P5L8521</Computer>
    <Security>
    </Security>
  </System>
  <EventData>
    <Data Name="TargetUserName">Backup Operators</Data>
    <Data Name="TargetDomainName">Builtin</Data>
    <Data Name="TargetSid">S-1-5-32-551</Data>
    <Data Name="SubjectUserSid">S-1-5-18</Data>
    <Data Name="SubjectUserName">DESKTOP-P5L8521$</Data>
    <Data Name="SubjectDomainName">WORKGROUP</Data>
    <Data Name="SubjectLogonId">0x3e7</Data>
    <Data Name="CallerProcessId">0x1bf0</Data>
    <Data Name="CallerProcessName">C:\Windows\System32\VSSVC.exe</Data>
  </EventData>
</Event>
Record 869
<?xml version="1.0" encoding="utf-8"?>
<Event xmlns="http://schemas.microsoft.com/win/2004/08/events/event">
  <System>
    <Provider Name="Microsoft-Windows-Security-Auditing" Guid="54849625-5478-4994-A5BA-3E3B0328C30D">
    </Provider>
    <EventID>4728</EventID>
    <Version>0</Version>
    <Level>0</Level>
    <Task>13826</Task>
    <Opcode>0</Opcode>
    <Keywords>0x8020000000000000</Keywords>
    <TimeCreated SystemTime="2025-07-02T22:05:27.607657Z">
    </TimeCreated>
    <EventRecordID>869</EventRecordID>
    <Correlation ActivityID="ECEB6DEC-EB9B-0001-D36E-EBEC9BEBDB01">
    </Correlation>
    <Execution ProcessID="652" ThreadID="692">
    </Execution>
    <Channel>Security</Channel>
    <Computer>DESKTOP-P5L8521</Computer>
    <Security>
    </Security>
  </System>
  <EventData>
    <Data Name="MemberName">-</Data>
    <Data Name="MemberSid">S-1-5-21-2584721208-1353900670-1627748517-1003</Data>
    <Data Name="TargetUserName">None</Data>
    <Data Name="TargetDomainName">DESKTOP-P5L8521</Data>
    <Data Name="TargetSid">S-1-5-21-2584721208-1353900670-1627748517-513</Data>
    <Data Name="SubjectUserSid">S-1-5-21-2584721208-1353900670-1627748517-1000</Data>
    <Data Name="SubjectUserName">agent</Data>
    <Data Name="SubjectDomainName">DESKTOP-P5L8521</Data>
    <Data Name="SubjectLogonId">0x2838c</Data>
    <Data Name="PrivilegeList">-</Data>
  </EventData>
</Event>
Record 870
<?xml version="1.0" encoding="utf-8"?>
<Event xmlns="http://schemas.microsoft.com/win/2004/08/events/event">
  <System>
    <Provider Name="Microsoft-Windows-Security-Auditing" Guid="54849625-5478-4994-A5BA-3E3B0328C30D">
    </Provider>
    <EventID>4720</EventID>
    <Version>0</Version>
    <Level>0</Level>
    <Task>13824</Task>
    <Opcode>0</Opcode>
    <Keywords>0x8020000000000000</Keywords>
    <TimeCreated SystemTime="2025-07-02T22:05:27.608049Z">
    </TimeCreated>
    <EventRecordID>870</EventRecordID>
    <Correlation ActivityID="ECEB6DEC-EB9B-0001-D36E-EBEC9BEBDB01">
    </Correlation>
    <Execution ProcessID="652" ThreadID="692">
    </Execution>
    <Channel>Security</Channel>
    <Computer>DESKTOP-P5L8521</Computer>
    <Security>
    </Security>
  </System>
  <EventData>
    <Data Name="TargetUserName">thom</Data>
    <Data Name="TargetDomainName">DESKTOP-P5L8521</Data>
    <Data Name="TargetSid">S-1-5-21-2584721208-1353900670-1627748517-1003</Data>
    <Data Name="SubjectUserSid">S-1-5-21-2584721208-1353900670-1627748517-1000</Data>
    <Data Name="SubjectUserName">agent</Data>
    <Data Name="SubjectDomainName">DESKTOP-P5L8521</Data>
    <Data Name="SubjectLogonId">0x2838c</Data>
    <Data Name="PrivilegeList">-</Data>
    <Data Name="SamAccountName">thom</Data>
    <Data Name="DisplayName">%%1793</Data>
    <Data Name="UserPrincipalName">-</Data>
    <Data Name="HomeDirectory">%%1793</Data>
    <Data Name="HomePath">%%1793</Data>
    <Data Name="ScriptPath">%%1793</Data>
    <Data Name="ProfilePath">%%1793</Data>
    <Data Name="UserWorkstations">%%1793</Data>
    <Data Name="PasswordLastSet">%%1794</Data>
    <Data Name="AccountExpires">%%1794</Data>
    <Data Name="PrimaryGroupId">513</Data>
    <Data Name="AllowedToDelegateTo">-</Data>
    <Data Name="OldUacValue">0x0</Data>
    <Data Name="NewUacValue">0x15</Data>
    <Data Name="UserAccountControl">
		%%2080
		%%2082
		%%2084</Data>
    <Data Name="UserParameters">%%1793</Data>
    <Data Name="SidHistory">-</Data>
    <Data Name="LogonHours">%%1797</Data>
  </EventData>
</Event>
Record 871
<?xml version="1.0" encoding="utf-8"?>
<Event xmlns="http://schemas.microsoft.com/win/2004/08/events/event">
  <System>
    <Provider Name="Microsoft-Windows-Security-Auditing" Guid="54849625-5478-4994-A5BA-3E3B0328C30D">
    </Provider>
    <EventID>4732</EventID>
    <Version>0</Version>
    <Level>0</Level>
    <Task>13826</Task>
    <Opcode>0</Opcode>
    <Keywords>0x8020000000000000</Keywords>
    <TimeCreated SystemTime="2025-07-02T22:05:27.608282Z">
    </TimeCreated>
    <EventRecordID>871</EventRecordID>
    <Correlation ActivityID="ECEB6DEC-EB9B-0001-D36E-EBEC9BEBDB01">
    </Correlation>
    <Execution ProcessID="652" ThreadID="692">
    </Execution>
    <Channel>Security</Channel>
    <Computer>DESKTOP-P5L8521</Computer>
    <Security>
    </Security>
  </System>
  <EventData>
    <Data Name="MemberName">-</Data>
    <Data Name="MemberSid">S-1-5-21-2584721208-1353900670-1627748517-1003</Data>
    <Data Name="TargetUserName">Users</Data>
    <Data Name="TargetDomainName">Builtin</Data>
    <Data Name="TargetSid">S-1-5-32-545</Data>
    <Data Name="SubjectUserSid">S-1-5-21-2584721208-1353900670-1627748517-1000</Data>
    <Data Name="SubjectUserName">agent</Data>
    <Data Name="SubjectDomainName">DESKTOP-P5L8521</Data>
    <Data Name="SubjectLogonId">0x2838c</Data>
    <Data Name="PrivilegeList">-</Data>
  </EventData>
</Event>
Record 872
<?xml version="1.0" encoding="utf-8"?>
<Event xmlns="http://schemas.microsoft.com/win/2004/08/events/event">
  <System>
    <Provider Name="Microsoft-Windows-Security-Auditing" Guid="54849625-5478-4994-A5BA-3E3B0328C30D">
    </Provider>
    <EventID>4722</EventID>
    <Version>0</Version>
    <Level>0</Level>
    <Task>13824</Task>
    <Opcode>0</Opcode>
    <Keywords>0x8020000000000000</Keywords>
    <TimeCreated SystemTime="2025-07-02T22:05:27.610222Z">
    </TimeCreated>
    <EventRecordID>872</EventRecordID>
    <Correlation ActivityID="ECEB6DEC-EB9B-0001-D36E-EBEC9BEBDB01">
    </Correlation>
    <Execution ProcessID="652" ThreadID="692">
    </Execution>
    <Channel>Security</Channel>
    <Computer>DESKTOP-P5L8521</Computer>
    <Security>
    </Security>
  </System>
  <EventData>
    <Data Name="TargetUserName">thom</Data>
    <Data Name="TargetDomainName">DESKTOP-P5L8521</Data>
    <Data Name="TargetSid">S-1-5-21-2584721208-1353900670-1627748517-1003</Data>
    <Data Name="SubjectUserSid">S-1-5-21-2584721208-1353900670-1627748517-1000</Data>
    <Data Name="SubjectUserName">agent</Data>
    <Data Name="SubjectDomainName">DESKTOP-P5L8521</Data>
    <Data Name="SubjectLogonId">0x2838c</Data>
  </EventData>
</Event>
Record 873
<?xml version="1.0" encoding="utf-8"?>
<Event xmlns="http://schemas.microsoft.com/win/2004/08/events/event">
  <System>
    <Provider Name="Microsoft-Windows-Security-Auditing" Guid="54849625-5478-4994-A5BA-3E3B0328C30D">
    </Provider>
    <EventID>4738</EventID>
    <Version>0</Version>
    <Level>0</Level>
    <Task>13824</Task>
    <Opcode>0</Opcode>
    <Keywords>0x8020000000000000</Keywords>
    <TimeCreated SystemTime="2025-07-02T22:05:27.610252Z">
    </TimeCreated>
    <EventRecordID>873</EventRecordID>
    <Correlation ActivityID="ECEB6DEC-EB9B-0001-D36E-EBEC9BEBDB01">
    </Correlation>
    <Execution ProcessID="652" ThreadID="692">
    </Execution>
    <Channel>Security</Channel>
    <Computer>DESKTOP-P5L8521</Computer>
    <Security>
    </Security>
  </System>
  <EventData>
    <Data Name="Dummy">-</Data>
    <Data Name="TargetUserName">thom</Data>
    <Data Name="TargetDomainName">DESKTOP-P5L8521</Data>
    <Data Name="TargetSid">S-1-5-21-2584721208-1353900670-1627748517-1003</Data>
    <Data Name="SubjectUserSid">S-1-5-21-2584721208-1353900670-1627748517-1000</Data>
    <Data Name="SubjectUserName">agent</Data>
    <Data Name="SubjectDomainName">DESKTOP-P5L8521</Data>
    <Data Name="SubjectLogonId">0x2838c</Data>
    <Data Name="PrivilegeList">-</Data>
    <Data Name="SamAccountName">thom</Data>
    <Data Name="DisplayName">%%1793</Data>
    <Data Name="UserPrincipalName">-</Data>
    <Data Name="HomeDirectory">%%1793</Data>
    <Data Name="HomePath">%%1793</Data>
    <Data Name="ScriptPath">%%1793</Data>
    <Data Name="ProfilePath">%%1793</Data>
    <Data Name="UserWorkstations">%%1793</Data>
    <Data Name="PasswordLastSet">%%1794</Data>
    <Data Name="AccountExpires">%%1794</Data>
    <Data Name="PrimaryGroupId">513</Data>
    <Data Name="AllowedToDelegateTo">-</Data>
    <Data Name="OldUacValue">0x15</Data>
    <Data Name="NewUacValue">0x14</Data>
    <Data Name="UserAccountControl">
		%%2048</Data>
    <Data Name="UserParameters">%%1793</Data>
    <Data Name="SidHistory">-</Data>
    <Data Name="LogonHours">%%1797</Data>
  </EventData>
</Event>
Record 874
<?xml version="1.0" encoding="utf-8"?>
<Event xmlns="http://schemas.microsoft.com/win/2004/08/events/event">
  <System>
    <Provider Name="Microsoft-Windows-Security-Auditing" Guid="54849625-5478-4994-A5BA-3E3B0328C30D">
    </Provider>
    <EventID>4738</EventID>
    <Version>0</Version>
    <Level>0</Level>
    <Task>13824</Task>
    <Opcode>0</Opcode>
    <Keywords>0x8020000000000000</Keywords>
    <TimeCreated SystemTime="2025-07-02T22:05:27.621056Z">
    </TimeCreated>
    <EventRecordID>874</EventRecordID>
    <Correlation ActivityID="ECEB6DEC-EB9B-0001-D36E-EBEC9BEBDB01">
    </Correlation>
    <Execution ProcessID="652" ThreadID="692">
    </Execution>
    <Channel>Security</Channel>
    <Computer>DESKTOP-P5L8521</Computer>
    <Security>
    </Security>
  </System>
  <EventData>
    <Data Name="Dummy">-</Data>
    <Data Name="TargetUserName">thom</Data>
    <Data Name="TargetDomainName">DESKTOP-P5L8521</Data>
    <Data Name="TargetSid">S-1-5-21-2584721208-1353900670-1627748517-1003</Data>
    <Data Name="SubjectUserSid">S-1-5-21-2584721208-1353900670-1627748517-1000</Data>
    <Data Name="SubjectUserName">agent</Data>
    <Data Name="SubjectDomainName">DESKTOP-P5L8521</Data>
    <Data Name="SubjectLogonId">0x2838c</Data>
    <Data Name="PrivilegeList">-</Data>
    <Data Name="SamAccountName">thom</Data>
    <Data Name="DisplayName">%%1793</Data>
    <Data Name="UserPrincipalName">-</Data>
    <Data Name="HomeDirectory">%%1793</Data>
    <Data Name="HomePath">%%1793</Data>
    <Data Name="ScriptPath">%%1793</Data>
    <Data Name="ProfilePath">%%1793</Data>
    <Data Name="UserWorkstations">%%1793</Data>
    <Data Name="PasswordLastSet">02/07/2025 23:05:27</Data>
    <Data Name="AccountExpires">%%1794</Data>
    <Data Name="PrimaryGroupId">513</Data>
    <Data Name="AllowedToDelegateTo">-</Data>
    <Data Name="OldUacValue">0x14</Data>
    <Data Name="NewUacValue">0x14</Data>
    <Data Name="UserAccountControl">-</Data>
    <Data Name="UserParameters">-</Data>
    <Data Name="SidHistory">-</Data>
    <Data Name="LogonHours">%%1797</Data>
  </EventData>
</Event>
Record 875
<?xml version="1.0" encoding="utf-8"?>
<Event xmlns="http://schemas.microsoft.com/win/2004/08/events/event">
  <System>
    <Provider Name="Microsoft-Windows-Security-Auditing" Guid="54849625-5478-4994-A5BA-3E3B0328C30D">
    </Provider>
    <EventID>4724</EventID>
    <Version>0</Version>
    <Level>0</Level>
    <Task>13824</Task>
    <Opcode>0</Opcode>
    <Keywords>0x8020000000000000</Keywords>
    <TimeCreated SystemTime="2025-07-02T22:05:27.621067Z">
    </TimeCreated>
    <EventRecordID>875</EventRecordID>
    <Correlation ActivityID="ECEB6DEC-EB9B-0001-D36E-EBEC9BEBDB01">
    </Correlation>
    <Execution ProcessID="652" ThreadID="692">
    </Execution>
    <Channel>Security</Channel>
    <Computer>DESKTOP-P5L8521</Computer>
    <Security>
    </Security>
  </System>
  <EventData>
    <Data Name="TargetUserName">thom</Data>
    <Data Name="TargetDomainName">DESKTOP-P5L8521</Data>
    <Data Name="TargetSid">S-1-5-21-2584721208-1353900670-1627748517-1003</Data>
    <Data Name="SubjectUserSid">S-1-5-21-2584721208-1353900670-1627748517-1000</Data>
    <Data Name="SubjectUserName">agent</Data>
    <Data Name="SubjectDomainName">DESKTOP-P5L8521</Data>
    <Data Name="SubjectLogonId">0x2838c</Data>
  </EventData>
</Event>
Record 876
<?xml version="1.0" encoding="utf-8"?>
<Event xmlns="http://schemas.microsoft.com/win/2004/08/events/event">
  <System>
    <Provider Name="Microsoft-Windows-Security-Auditing" Guid="54849625-5478-4994-A5BA-3E3B0328C30D">
    </Provider>
    <EventID>4738</EventID>
    <Version>0</Version>
    <Level>0</Level>
    <Task>13824</Task>
    <Opcode>0</Opcode>
    <Keywords>0x8020000000000000</Keywords>
    <TimeCreated SystemTime="2025-07-02T22:05:27.632123Z">
    </TimeCreated>
    <EventRecordID>876</EventRecordID>
    <Correlation ActivityID="ECEB6DEC-EB9B-0001-D36E-EBEC9BEBDB01">
    </Correlation>
    <Execution ProcessID="652" ThreadID="692">
    </Execution>
    <Channel>Security</Channel>
    <Computer>DESKTOP-P5L8521</Computer>
    <Security>
    </Security>
  </System>
  <EventData>
    <Data Name="Dummy">-</Data>
    <Data Name="TargetUserName">thom</Data>
    <Data Name="TargetDomainName">DESKTOP-P5L8521</Data>
    <Data Name="TargetSid">S-1-5-21-2584721208-1353900670-1627748517-1003</Data>
    <Data Name="SubjectUserSid">S-1-5-21-2584721208-1353900670-1627748517-1000</Data>
    <Data Name="SubjectUserName">agent</Data>
    <Data Name="SubjectDomainName">DESKTOP-P5L8521</Data>
    <Data Name="SubjectLogonId">0x2838c</Data>
    <Data Name="PrivilegeList">-</Data>
    <Data Name="SamAccountName">thom</Data>
    <Data Name="DisplayName">%%1793</Data>
    <Data Name="UserPrincipalName">-</Data>
    <Data Name="HomeDirectory">%%1793</Data>
    <Data Name="HomePath">%%1793</Data>
    <Data Name="ScriptPath">%%1793</Data>
    <Data Name="ProfilePath">%%1793</Data>
    <Data Name="UserWorkstations">%%1793</Data>
    <Data Name="PasswordLastSet">02/07/2025 23:05:27</Data>
    <Data Name="AccountExpires">%%1794</Data>
    <Data Name="PrimaryGroupId">513</Data>
    <Data Name="AllowedToDelegateTo">-</Data>
    <Data Name="OldUacValue">0x14</Data>
    <Data Name="NewUacValue">0x214</Data>
    <Data Name="UserAccountControl">
		%%2089</Data>
    <Data Name="UserParameters">-</Data>
    <Data Name="SidHistory">-</Data>
    <Data Name="LogonHours">%%1797</Data>
  </EventData>
</Event>
Record 877
<?xml version="1.0" encoding="utf-8"?>
<Event xmlns="http://schemas.microsoft.com/win/2004/08/events/event">
  <System>
    <Provider Name="Microsoft-Windows-Security-Auditing" Guid="54849625-5478-4994-A5BA-3E3B0328C30D">
    </Provider>
    <EventID>4724</EventID>
    <Version>0</Version>
    <Level>0</Level>
    <Task>13824</Task>
    <Opcode>0</Opcode>
    <Keywords>0x8020000000000000</Keywords>
    <TimeCreated SystemTime="2025-07-02T22:05:27.632147Z">
    </TimeCreated>
    <EventRecordID>877</EventRecordID>
    <Correlation ActivityID="ECEB6DEC-EB9B-0001-D36E-EBEC9BEBDB01">
    </Correlation>
    <Execution ProcessID="652" ThreadID="692">
    </Execution>
    <Channel>Security</Channel>
    <Computer>DESKTOP-P5L8521</Computer>
    <Security>
    </Security>
  </System>
  <EventData>
    <Data Name="TargetUserName">thom</Data>
    <Data Name="TargetDomainName">DESKTOP-P5L8521</Data>
    <Data Name="TargetSid">S-1-5-21-2584721208-1353900670-1627748517-1003</Data>
    <Data Name="SubjectUserSid">S-1-5-21-2584721208-1353900670-1627748517-1000</Data>
    <Data Name="SubjectUserName">agent</Data>
    <Data Name="SubjectDomainName">DESKTOP-P5L8521</Data>
    <Data Name="SubjectLogonId">0x2838c</Data>
  </EventData>
</Event>
Record 878
<?xml version="1.0" encoding="utf-8"?>
<Event xmlns="http://schemas.microsoft.com/win/2004/08/events/event">
  <System>
    <Provider Name="Microsoft-Windows-Security-Auditing" Guid="54849625-5478-4994-A5BA-3E3B0328C30D">
    </Provider>
    <EventID>4738</EventID>
    <Version>0</Version>
    <Level>0</Level>
    <Task>13824</Task>
    <Opcode>0</Opcode>
    <Keywords>0x8020000000000000</Keywords>
    <TimeCreated SystemTime="2025-07-02T22:05:27.634010Z">
    </TimeCreated>
    <EventRecordID>878</EventRecordID>
    <Correlation ActivityID="ECEB6DEC-EB9B-0001-D36E-EBEC9BEBDB01">
    </Correlation>
    <Execution ProcessID="652" ThreadID="692">
    </Execution>
    <Channel>Security</Channel>
    <Computer>DESKTOP-P5L8521</Computer>
    <Security>
    </Security>
  </System>
  <EventData>
    <Data Name="Dummy">-</Data>
    <Data Name="TargetUserName">thom</Data>
    <Data Name="TargetDomainName">DESKTOP-P5L8521</Data>
    <Data Name="TargetSid">S-1-5-21-2584721208-1353900670-1627748517-1003</Data>
    <Data Name="SubjectUserSid">S-1-5-21-2584721208-1353900670-1627748517-1000</Data>
    <Data Name="SubjectUserName">agent</Data>
    <Data Name="SubjectDomainName">DESKTOP-P5L8521</Data>
    <Data Name="SubjectLogonId">0x2838c</Data>
    <Data Name="PrivilegeList">-</Data>
    <Data Name="SamAccountName">-</Data>
    <Data Name="DisplayName">-</Data>
    <Data Name="UserPrincipalName">-</Data>
    <Data Name="HomeDirectory">-</Data>
    <Data Name="HomePath">-</Data>
    <Data Name="ScriptPath">-</Data>
    <Data Name="ProfilePath">-</Data>
    <Data Name="UserWorkstations">-</Data>
    <Data Name="PasswordLastSet">-</Data>
    <Data Name="AccountExpires">-</Data>
    <Data Name="PrimaryGroupId">-</Data>
    <Data Name="AllowedToDelegateTo">-</Data>
    <Data Name="OldUacValue">-</Data>
    <Data Name="NewUacValue">-</Data>
    <Data Name="UserAccountControl">-</Data>
    <Data Name="UserParameters">-</Data>
    <Data Name="SidHistory">-</Data>
    <Data Name="LogonHours">-</Data>
  </EventData>
</Event>
Record 879
<?xml version="1.0" encoding="utf-8"?>
<Event xmlns="http://schemas.microsoft.com/win/2004/08/events/event">
  <System>
    <Provider Name="Microsoft-Windows-Security-Auditing" Guid="54849625-5478-4994-A5BA-3E3B0328C30D">
    </Provider>
    <EventID>4798</EventID>
    <Version>0</Version>
    <Level>0</Level>
    <Task>13824</Task>
    <Opcode>0</Opcode>
    <Keywords>0x8020000000000000</Keywords>
    <TimeCreated SystemTime="2025-07-02T22:05:27.668382Z">
    </TimeCreated>
    <EventRecordID>879</EventRecordID>
    <Correlation ActivityID="ECEB6DEC-EB9B-0001-D36E-EBEC9BEBDB01">
    </Correlation>
    <Execution ProcessID="652" ThreadID="692">
    </Execution>
    <Channel>Security</Channel>
    <Computer>DESKTOP-P5L8521</Computer>
    <Security>
    </Security>
  </System>
  <EventData>
    <Data Name="TargetUserName">Administrator</Data>
    <Data Name="TargetDomainName">DESKTOP-P5L8521</Data>
    <Data Name="TargetSid">S-1-5-21-2584721208-1353900670-1627748517-500</Data>
    <Data Name="SubjectUserSid">S-1-5-21-2584721208-1353900670-1627748517-1000</Data>
    <Data Name="SubjectUserName">agent</Data>
    <Data Name="SubjectDomainName">DESKTOP-P5L8521</Data>
    <Data Name="SubjectLogonId">0x283ed</Data>
    <Data Name="CallerProcessId">0x734</Data>
    <Data Name="CallerProcessName">C:\Windows\ImmersiveControlPanel\SystemSettings.exe</Data>
  </EventData>
</Event>
Record 880
<?xml version="1.0" encoding="utf-8"?>
<Event xmlns="http://schemas.microsoft.com/win/2004/08/events/event">
  <System>
    <Provider Name="Microsoft-Windows-Security-Auditing" Guid="54849625-5478-4994-A5BA-3E3B0328C30D">
    </Provider>
    <EventID>4798</EventID>
    <Version>0</Version>
    <Level>0</Level>
    <Task>13824</Task>
    <Opcode>0</Opcode>
    <Keywords>0x8020000000000000</Keywords>
    <TimeCreated SystemTime="2025-07-02T22:05:27.668572Z">
    </TimeCreated>
    <EventRecordID>880</EventRecordID>
    <Correlation ActivityID="ECEB6DEC-EB9B-0001-D36E-EBEC9BEBDB01">
    </Correlation>
    <Execution ProcessID="652" ThreadID="692">
    </Execution>
    <Channel>Security</Channel>
    <Computer>DESKTOP-P5L8521</Computer>
    <Security>
    </Security>
  </System>
  <EventData>
    <Data Name="TargetUserName">agent</Data>
    <Data Name="TargetDomainName">DESKTOP-P5L8521</Data>
    <Data Name="TargetSid">S-1-5-21-2584721208-1353900670-1627748517-1000</Data>
    <Data Name="SubjectUserSid">S-1-5-21-2584721208-1353900670-1627748517-1000</Data>
    <Data Name="SubjectUserName">agent</Data>
    <Data Name="SubjectDomainName">DESKTOP-P5L8521</Data>
    <Data Name="SubjectLogonId">0x283ed</Data>
    <Data Name="CallerProcessId">0x734</Data>
    <Data Name="CallerProcessName">C:\Windows\ImmersiveControlPanel\SystemSettings.exe</Data>
  </EventData>
</Event>
Record 881
<?xml version="1.0" encoding="utf-8"?>
<Event xmlns="http://schemas.microsoft.com/win/2004/08/events/event">
  <System>
    <Provider Name="Microsoft-Windows-Security-Auditing" Guid="54849625-5478-4994-A5BA-3E3B0328C30D">
    </Provider>
    <EventID>4798</EventID>
    <Version>0</Version>
    <Level>0</Level>
    <Task>13824</Task>
    <Opcode>0</Opcode>
    <Keywords>0x8020000000000000</Keywords>
    <TimeCreated SystemTime="2025-07-02T22:05:27.668823Z">
    </TimeCreated>
    <EventRecordID>881</EventRecordID>
    <Correlation ActivityID="ECEB6DEC-EB9B-0001-D36E-EBEC9BEBDB01">
    </Correlation>
    <Execution ProcessID="652" ThreadID="692">
    </Execution>
    <Channel>Security</Channel>
    <Computer>DESKTOP-P5L8521</Computer>
    <Security>
    </Security>
  </System>
  <EventData>
    <Data Name="TargetUserName">DefaultAccount</Data>
    <Data Name="TargetDomainName">DESKTOP-P5L8521</Data>
    <Data Name="TargetSid">S-1-5-21-2584721208-1353900670-1627748517-503</Data>
    <Data Name="SubjectUserSid">S-1-5-21-2584721208-1353900670-1627748517-1000</Data>
    <Data Name="SubjectUserName">agent</Data>
    <Data Name="SubjectDomainName">DESKTOP-P5L8521</Data>
    <Data Name="SubjectLogonId">0x283ed</Data>
    <Data Name="CallerProcessId">0x734</Data>
    <Data Name="CallerProcessName">C:\Windows\ImmersiveControlPanel\SystemSettings.exe</Data>
  </EventData>
</Event>
Record 882
<?xml version="1.0" encoding="utf-8"?>
<Event xmlns="http://schemas.microsoft.com/win/2004/08/events/event">
  <System>
    <Provider Name="Microsoft-Windows-Security-Auditing" Guid="54849625-5478-4994-A5BA-3E3B0328C30D">
    </Provider>
    <EventID>4798</EventID>
    <Version>0</Version>
    <Level>0</Level>
    <Task>13824</Task>
    <Opcode>0</Opcode>
    <Keywords>0x8020000000000000</Keywords>
    <TimeCreated SystemTime="2025-07-02T22:05:27.669170Z">
    </TimeCreated>
    <EventRecordID>882</EventRecordID>
    <Correlation ActivityID="ECEB6DEC-EB9B-0001-D36E-EBEC9BEBDB01">
    </Correlation>
    <Execution ProcessID="652" ThreadID="692">
    </Execution>
    <Channel>Security</Channel>
    <Computer>DESKTOP-P5L8521</Computer>
    <Security>
    </Security>
  </System>
  <EventData>
    <Data Name="TargetUserName">Guest</Data>
    <Data Name="TargetDomainName">DESKTOP-P5L8521</Data>
    <Data Name="TargetSid">S-1-5-21-2584721208-1353900670-1627748517-501</Data>
    <Data Name="SubjectUserSid">S-1-5-21-2584721208-1353900670-1627748517-1000</Data>
    <Data Name="SubjectUserName">agent</Data>
    <Data Name="SubjectDomainName">DESKTOP-P5L8521</Data>
    <Data Name="SubjectLogonId">0x283ed</Data>
    <Data Name="CallerProcessId">0x734</Data>
    <Data Name="CallerProcessName">C:\Windows\ImmersiveControlPanel\SystemSettings.exe</Data>
  </EventData>
</Event>
Record 883
<?xml version="1.0" encoding="utf-8"?>
<Event xmlns="http://schemas.microsoft.com/win/2004/08/events/event">
  <System>
    <Provider Name="Microsoft-Windows-Security-Auditing" Guid="54849625-5478-4994-A5BA-3E3B0328C30D">
    </Provider>
    <EventID>4798</EventID>
    <Version>0</Version>
    <Level>0</Level>
    <Task>13824</Task>
    <Opcode>0</Opcode>
    <Keywords>0x8020000000000000</Keywords>
    <TimeCreated SystemTime="2025-07-02T22:05:27.669449Z">
    </TimeCreated>
    <EventRecordID>883</EventRecordID>
    <Correlation ActivityID="ECEB6DEC-EB9B-0001-D36E-EBEC9BEBDB01">
    </Correlation>
    <Execution ProcessID="652" ThreadID="692">
    </Execution>
    <Channel>Security</Channel>
    <Computer>DESKTOP-P5L8521</Computer>
    <Security>
    </Security>
  </System>
  <EventData>
    <Data Name="TargetUserName">poseidon</Data>
    <Data Name="TargetDomainName">DESKTOP-P5L8521</Data>
    <Data Name="TargetSid">S-1-5-21-2584721208-1353900670-1627748517-1002</Data>
    <Data Name="SubjectUserSid">S-1-5-21-2584721208-1353900670-1627748517-1000</Data>
    <Data Name="SubjectUserName">agent</Data>
    <Data Name="SubjectDomainName">DESKTOP-P5L8521</Data>
    <Data Name="SubjectLogonId">0x283ed</Data>
    <Data Name="CallerProcessId">0x734</Data>
    <Data Name="CallerProcessName">C:\Windows\ImmersiveControlPanel\SystemSettings.exe</Data>
  </EventData>
</Event>
Record 884
<?xml version="1.0" encoding="utf-8"?>
<Event xmlns="http://schemas.microsoft.com/win/2004/08/events/event">
  <System>
    <Provider Name="Microsoft-Windows-Security-Auditing" Guid="54849625-5478-4994-A5BA-3E3B0328C30D">
    </Provider>
    <EventID>4798</EventID>
    <Version>0</Version>
    <Level>0</Level>
    <Task>13824</Task>
    <Opcode>0</Opcode>
    <Keywords>0x8020000000000000</Keywords>
    <TimeCreated SystemTime="2025-07-02T22:05:27.670025Z">
    </TimeCreated>
    <EventRecordID>884</EventRecordID>
    <Correlation ActivityID="ECEB6DEC-EB9B-0001-D36E-EBEC9BEBDB01">
    </Correlation>
    <Execution ProcessID="652" ThreadID="692">
    </Execution>
    <Channel>Security</Channel>
    <Computer>DESKTOP-P5L8521</Computer>
    <Security>
    </Security>
  </System>
  <EventData>
    <Data Name="TargetUserName">thom</Data>
    <Data Name="TargetDomainName">DESKTOP-P5L8521</Data>
    <Data Name="TargetSid">S-1-5-21-2584721208-1353900670-1627748517-1003</Data>
    <Data Name="SubjectUserSid">S-1-5-21-2584721208-1353900670-1627748517-1000</Data>
    <Data Name="SubjectUserName">agent</Data>
    <Data Name="SubjectDomainName">DESKTOP-P5L8521</Data>
    <Data Name="SubjectLogonId">0x283ed</Data>
    <Data Name="CallerProcessId">0x734</Data>
    <Data Name="CallerProcessName">C:\Windows\ImmersiveControlPanel\SystemSettings.exe</Data>
  </EventData>
</Event>
Record 885
<?xml version="1.0" encoding="utf-8"?>
<Event xmlns="http://schemas.microsoft.com/win/2004/08/events/event">
  <System>
    <Provider Name="Microsoft-Windows-Security-Auditing" Guid="54849625-5478-4994-A5BA-3E3B0328C30D">
    </Provider>
    <EventID>4798</EventID>
    <Version>0</Version>
    <Level>0</Level>
    <Task>13824</Task>
    <Opcode>0</Opcode>
    <Keywords>0x8020000000000000</Keywords>
    <TimeCreated SystemTime="2025-07-02T22:05:27.671286Z">
    </TimeCreated>
    <EventRecordID>885</EventRecordID>
    <Correlation ActivityID="ECEB6DEC-EB9B-0001-D36E-EBEC9BEBDB01">
    </Correlation>
    <Execution ProcessID="652" ThreadID="692">
    </Execution>
    <Channel>Security</Channel>
    <Computer>DESKTOP-P5L8521</Computer>
    <Security>
    </Security>
  </System>
  <EventData>
    <Data Name="TargetUserName">WDAGUtilityAccount</Data>
    <Data Name="TargetDomainName">DESKTOP-P5L8521</Data>
    <Data Name="TargetSid">S-1-5-21-2584721208-1353900670-1627748517-504</Data>
    <Data Name="SubjectUserSid">S-1-5-21-2584721208-1353900670-1627748517-1000</Data>
    <Data Name="SubjectUserName">agent</Data>
    <Data Name="SubjectDomainName">DESKTOP-P5L8521</Data>
    <Data Name="SubjectLogonId">0x283ed</Data>
    <Data Name="CallerProcessId">0x734</Data>
    <Data Name="CallerProcessName">C:\Windows\ImmersiveControlPanel\SystemSettings.exe</Data>
  </EventData>
</Event>
Record 886
<?xml version="1.0" encoding="utf-8"?>
<Event xmlns="http://schemas.microsoft.com/win/2004/08/events/event">
  <System>
    <Provider Name="Microsoft-Windows-Security-Auditing" Guid="54849625-5478-4994-A5BA-3E3B0328C30D">
    </Provider>
    <EventID>4798</EventID>
    <Version>0</Version>
    <Level>0</Level>
    <Task>13824</Task>
    <Opcode>0</Opcode>
    <Keywords>0x8020000000000000</Keywords>
    <TimeCreated SystemTime="2025-07-02T22:05:27.672818Z">
    </TimeCreated>
    <EventRecordID>886</EventRecordID>
    <Correlation ActivityID="ECEB6DEC-EB9B-0001-D36E-EBEC9BEBDB01">
    </Correlation>
    <Execution ProcessID="652" ThreadID="692">
    </Execution>
    <Channel>Security</Channel>
    <Computer>DESKTOP-P5L8521</Computer>
    <Security>
    </Security>
  </System>
  <EventData>
    <Data Name="TargetUserName">zeus</Data>
    <Data Name="TargetDomainName">DESKTOP-P5L8521</Data>
    <Data Name="TargetSid">S-1-5-21-2584721208-1353900670-1627748517-1001</Data>
    <Data Name="SubjectUserSid">S-1-5-21-2584721208-1353900670-1627748517-1000</Data>
    <Data Name="SubjectUserName">agent</Data>
    <Data Name="SubjectDomainName">DESKTOP-P5L8521</Data>
    <Data Name="SubjectLogonId">0x283ed</Data>
    <Data Name="CallerProcessId">0x734</Data>
    <Data Name="CallerProcessName">C:\Windows\ImmersiveControlPanel\SystemSettings.exe</Data>
  </EventData>
</Event>
Record 887
<?xml version="1.0" encoding="utf-8"?>
<Event xmlns="http://schemas.microsoft.com/win/2004/08/events/event">
  <System>
    <Provider Name="Microsoft-Windows-Security-Auditing" Guid="54849625-5478-4994-A5BA-3E3B0328C30D">
    </Provider>
    <EventID>5379</EventID>
    <Version>0</Version>
    <Level>0</Level>
    <Task>13824</Task>
    <Opcode>0</Opcode>
    <Keywords>0x8020000000000000</Keywords>
    <TimeCreated SystemTime="2025-07-02T22:05:37.537018Z">
    </TimeCreated>
    <EventRecordID>887</EventRecordID>
    <Correlation ActivityID="ECEB6DEC-EB9B-0001-D36E-EBEC9BEBDB01">
    </Correlation>
    <Execution ProcessID="652" ThreadID="8412">
    </Execution>
    <Channel>Security</Channel>
    <Computer>DESKTOP-P5L8521</Computer>
    <Security>
    </Security>
  </System>
  <EventData>
    <Data Name="SubjectUserSid">S-1-5-21-2584721208-1353900670-1627748517-1000</Data>
    <Data Name="SubjectUserName">agent</Data>
    <Data Name="SubjectDomainName">DESKTOP-P5L8521</Data>
    <Data Name="SubjectLogonId">0x283ed</Data>
    <Data Name="TargetName">MicrosoftAccount:user=02qqqvkzcakefzjy</Data>
    <Data Name="Type">0</Data>
    <Data Name="CountOfCredentialsReturned">0</Data>
    <Data Name="ReadOperation">%%8100</Data>
    <Data Name="ReturnCode">3221226021</Data>
    <Data Name="ProcessCreationTime">2025-07-02T22:02:28.700772Z</Data>
    <Data Name="ClientProcessId">3300</Data>
  </EventData>
</Event>
Record 888
<?xml version="1.0" encoding="utf-8"?>
<Event xmlns="http://schemas.microsoft.com/win/2004/08/events/event">
  <System>
    <Provider Name="Microsoft-Windows-Security-Auditing" Guid="54849625-5478-4994-A5BA-3E3B0328C30D">
    </Provider>
    <EventID>5379</EventID>
    <Version>0</Version>
    <Level>0</Level>
    <Task>13824</Task>
    <Opcode>0</Opcode>
    <Keywords>0x8020000000000000</Keywords>
    <TimeCreated SystemTime="2025-07-02T22:05:37.537056Z">
    </TimeCreated>
    <EventRecordID>888</EventRecordID>
    <Correlation ActivityID="ECEB6DEC-EB9B-0001-D36E-EBEC9BEBDB01">
    </Correlation>
    <Execution ProcessID="652" ThreadID="8412">
    </Execution>
    <Channel>Security</Channel>
    <Computer>DESKTOP-P5L8521</Computer>
    <Security>
    </Security>
  </System>
  <EventData>
    <Data Name="SubjectUserSid">S-1-5-21-2584721208-1353900670-1627748517-1000</Data>
    <Data Name="SubjectUserName">agent</Data>
    <Data Name="SubjectDomainName">DESKTOP-P5L8521</Data>
    <Data Name="SubjectLogonId">0x283ed</Data>
    <Data Name="TargetName">WindowsLive:(token):name=02qqqvkzcakefzjy;serviceuri=*</Data>
    <Data Name="Type">0</Data>
    <Data Name="CountOfCredentialsReturned">0</Data>
    <Data Name="ReadOperation">%%8100</Data>
    <Data Name="ReturnCode">3221226021</Data>
    <Data Name="ProcessCreationTime">2025-07-02T22:02:28.700772Z</Data>
    <Data Name="ClientProcessId">3300</Data>
  </EventData>
</Event>
Record 889
<?xml version="1.0" encoding="utf-8"?>
<Event xmlns="http://schemas.microsoft.com/win/2004/08/events/event">
  <System>
    <Provider Name="Microsoft-Windows-Security-Auditing" Guid="54849625-5478-4994-A5BA-3E3B0328C30D">
    </Provider>
    <EventID>5379</EventID>
    <Version>0</Version>
    <Level>0</Level>
    <Task>13824</Task>
    <Opcode>0</Opcode>
    <Keywords>0x8020000000000000</Keywords>
    <TimeCreated SystemTime="2025-07-02T22:05:37.537302Z">
    </TimeCreated>
    <EventRecordID>889</EventRecordID>
    <Correlation ActivityID="ECEB6DEC-EB9B-0001-D36E-EBEC9BEBDB01">
    </Correlation>
    <Execution ProcessID="652" ThreadID="8412">
    </Execution>
    <Channel>Security</Channel>
    <Computer>DESKTOP-P5L8521</Computer>
    <Security>
    </Security>
  </System>
  <EventData>
    <Data Name="SubjectUserSid">S-1-5-21-2584721208-1353900670-1627748517-1000</Data>
    <Data Name="SubjectUserName">agent</Data>
    <Data Name="SubjectDomainName">DESKTOP-P5L8521</Data>
    <Data Name="SubjectLogonId">0x283ed</Data>
    <Data Name="TargetName">WindowsLive:(cert):name=02qqqvkzcakefzjy;serviceuri=*</Data>
    <Data Name="Type">0</Data>
    <Data Name="CountOfCredentialsReturned">0</Data>
    <Data Name="ReadOperation">%%8100</Data>
    <Data Name="ReturnCode">3221226021</Data>
    <Data Name="ProcessCreationTime">2025-07-02T22:02:28.700772Z</Data>
    <Data Name="ClientProcessId">3300</Data>
  </EventData>
</Event>
Record 890
<?xml version="1.0" encoding="utf-8"?>
<Event xmlns="http://schemas.microsoft.com/win/2004/08/events/event">
  <System>
    <Provider Name="Microsoft-Windows-Security-Auditing" Guid="54849625-5478-4994-A5BA-3E3B0328C30D">
    </Provider>
    <EventID>5379</EventID>
    <Version>0</Version>
    <Level>0</Level>
    <Task>13824</Task>
    <Opcode>0</Opcode>
    <Keywords>0x8020000000000000</Keywords>
    <TimeCreated SystemTime="2025-07-02T22:05:37.722949Z">
    </TimeCreated>
    <EventRecordID>890</EventRecordID>
    <Correlation ActivityID="ECEB6DEC-EB9B-0001-D36E-EBEC9BEBDB01">
    </Correlation>
    <Execution ProcessID="652" ThreadID="8412">
    </Execution>
    <Channel>Security</Channel>
    <Computer>DESKTOP-P5L8521</Computer>
    <Security>
    </Security>
  </System>
  <EventData>
    <Data Name="SubjectUserSid">S-1-5-21-2584721208-1353900670-1627748517-1000</Data>
    <Data Name="SubjectUserName">agent</Data>
    <Data Name="SubjectDomainName">DESKTOP-P5L8521</Data>
    <Data Name="SubjectLogonId">0x283ed</Data>
    <Data Name="TargetName">MicrosoftAccount:user=02qqqvkzcakefzjy</Data>
    <Data Name="Type">0</Data>
    <Data Name="CountOfCredentialsReturned">0</Data>
    <Data Name="ReadOperation">%%8100</Data>
    <Data Name="ReturnCode">3221226021</Data>
    <Data Name="ProcessCreationTime">2025-07-02T22:02:28.700772Z</Data>
    <Data Name="ClientProcessId">3300</Data>
  </EventData>
</Event>
Record 891
<?xml version="1.0" encoding="utf-8"?>
<Event xmlns="http://schemas.microsoft.com/win/2004/08/events/event">
  <System>
    <Provider Name="Microsoft-Windows-Security-Auditing" Guid="54849625-5478-4994-A5BA-3E3B0328C30D">
    </Provider>
    <EventID>5379</EventID>
    <Version>0</Version>
    <Level>0</Level>
    <Task>13824</Task>
    <Opcode>0</Opcode>
    <Keywords>0x8020000000000000</Keywords>
    <TimeCreated SystemTime="2025-07-02T22:05:37.725667Z">
    </TimeCreated>
    <EventRecordID>891</EventRecordID>
    <Correlation ActivityID="ECEB6DEC-EB9B-0001-D36E-EBEC9BEBDB01">
    </Correlation>
    <Execution ProcessID="652" ThreadID="8412">
    </Execution>
    <Channel>Security</Channel>
    <Computer>DESKTOP-P5L8521</Computer>
    <Security>
    </Security>
  </System>
  <EventData>
    <Data Name="SubjectUserSid">S-1-5-21-2584721208-1353900670-1627748517-1000</Data>
    <Data Name="SubjectUserName">agent</Data>
    <Data Name="SubjectDomainName">DESKTOP-P5L8521</Data>
    <Data Name="SubjectLogonId">0x283ed</Data>
    <Data Name="TargetName">MicrosoftAccount:user=02qqqvkzcakefzjy</Data>
    <Data Name="Type">0</Data>
    <Data Name="CountOfCredentialsReturned">0</Data>
    <Data Name="ReadOperation">%%8100</Data>
    <Data Name="ReturnCode">3221226021</Data>
    <Data Name="ProcessCreationTime">2025-07-02T22:02:28.700772Z</Data>
    <Data Name="ClientProcessId">3300</Data>
  </EventData>
</Event>
Record 892
<?xml version="1.0" encoding="utf-8"?>
<Event xmlns="http://schemas.microsoft.com/win/2004/08/events/event">
  <System>
    <Provider Name="Microsoft-Windows-Security-Auditing" Guid="54849625-5478-4994-A5BA-3E3B0328C30D">
    </Provider>
    <EventID>5379</EventID>
    <Version>0</Version>
    <Level>0</Level>
    <Task>13824</Task>
    <Opcode>0</Opcode>
    <Keywords>0x8020000000000000</Keywords>
    <TimeCreated SystemTime="2025-07-02T22:05:37.726026Z">
    </TimeCreated>
    <EventRecordID>892</EventRecordID>
    <Correlation ActivityID="ECEB6DEC-EB9B-0001-D36E-EBEC9BEBDB01">
    </Correlation>
    <Execution ProcessID="652" ThreadID="8412">
    </Execution>
    <Channel>Security</Channel>
    <Computer>DESKTOP-P5L8521</Computer>
    <Security>
    </Security>
  </System>
  <EventData>
    <Data Name="SubjectUserSid">S-1-5-21-2584721208-1353900670-1627748517-1000</Data>
    <Data Name="SubjectUserName">agent</Data>
    <Data Name="SubjectDomainName">DESKTOP-P5L8521</Data>
    <Data Name="SubjectLogonId">0x283ed</Data>
    <Data Name="TargetName">MicrosoftAccount:user=02qqqvkzcakefzjy</Data>
    <Data Name="Type">0</Data>
    <Data Name="CountOfCredentialsReturned">0</Data>
    <Data Name="ReadOperation">%%8100</Data>
    <Data Name="ReturnCode">3221226021</Data>
    <Data Name="ProcessCreationTime">2025-07-02T22:02:28.700772Z</Data>
    <Data Name="ClientProcessId">3300</Data>
  </EventData>
</Event>
Record 893
<?xml version="1.0" encoding="utf-8"?>
<Event xmlns="http://schemas.microsoft.com/win/2004/08/events/event">
  <System>
    <Provider Name="Microsoft-Windows-Security-Auditing" Guid="54849625-5478-4994-A5BA-3E3B0328C30D">
    </Provider>
    <EventID>5379</EventID>
    <Version>0</Version>
    <Level>0</Level>
    <Task>13824</Task>
    <Opcode>0</Opcode>
    <Keywords>0x8020000000000000</Keywords>
    <TimeCreated SystemTime="2025-07-02T22:05:37.726057Z">
    </TimeCreated>
    <EventRecordID>893</EventRecordID>
    <Correlation ActivityID="ECEB6DEC-EB9B-0001-D36E-EBEC9BEBDB01">
    </Correlation>
    <Execution ProcessID="652" ThreadID="8412">
    </Execution>
    <Channel>Security</Channel>
    <Computer>DESKTOP-P5L8521</Computer>
    <Security>
    </Security>
  </System>
  <EventData>
    <Data Name="SubjectUserSid">S-1-5-21-2584721208-1353900670-1627748517-1000</Data>
    <Data Name="SubjectUserName">agent</Data>
    <Data Name="SubjectDomainName">DESKTOP-P5L8521</Data>
    <Data Name="SubjectLogonId">0x283ed</Data>
    <Data Name="TargetName">MicrosoftAccount:user=02qqqvkzcakefzjy</Data>
    <Data Name="Type">0</Data>
    <Data Name="CountOfCredentialsReturned">0</Data>
    <Data Name="ReadOperation">%%8100</Data>
    <Data Name="ReturnCode">3221226021</Data>
    <Data Name="ProcessCreationTime">2025-07-02T22:02:28.700772Z</Data>
    <Data Name="ClientProcessId">3300</Data>
  </EventData>
</Event>
Record 894
<?xml version="1.0" encoding="utf-8"?>
<Event xmlns="http://schemas.microsoft.com/win/2004/08/events/event">
  <System>
    <Provider Name="Microsoft-Windows-Security-Auditing" Guid="54849625-5478-4994-A5BA-3E3B0328C30D">
    </Provider>
    <EventID>4728</EventID>
    <Version>0</Version>
    <Level>0</Level>
    <Task>13826</Task>
    <Opcode>0</Opcode>
    <Keywords>0x8020000000000000</Keywords>
    <TimeCreated SystemTime="2025-07-02T22:06:05.991171Z">
    </TimeCreated>
    <EventRecordID>894</EventRecordID>
    <Correlation ActivityID="ECEB6DEC-EB9B-0001-D36E-EBEC9BEBDB01">
    </Correlation>
    <Execution ProcessID="652" ThreadID="3612">
    </Execution>
    <Channel>Security</Channel>
    <Computer>DESKTOP-P5L8521</Computer>
    <Security>
    </Security>
  </System>
  <EventData>
    <Data Name="MemberName">-</Data>
    <Data Name="MemberSid">S-1-5-21-2584721208-1353900670-1627748517-1004</Data>
    <Data Name="TargetUserName">None</Data>
    <Data Name="TargetDomainName">DESKTOP-P5L8521</Data>
    <Data Name="TargetSid">S-1-5-21-2584721208-1353900670-1627748517-513</Data>
    <Data Name="SubjectUserSid">S-1-5-21-2584721208-1353900670-1627748517-1000</Data>
    <Data Name="SubjectUserName">agent</Data>
    <Data Name="SubjectDomainName">DESKTOP-P5L8521</Data>
    <Data Name="SubjectLogonId">0x2838c</Data>
    <Data Name="PrivilegeList">-</Data>
  </EventData>
</Event>
Record 895
<?xml version="1.0" encoding="utf-8"?>
<Event xmlns="http://schemas.microsoft.com/win/2004/08/events/event">
  <System>
    <Provider Name="Microsoft-Windows-Security-Auditing" Guid="54849625-5478-4994-A5BA-3E3B0328C30D">
    </Provider>
    <EventID>4720</EventID>
    <Version>0</Version>
    <Level>0</Level>
    <Task>13824</Task>
    <Opcode>0</Opcode>
    <Keywords>0x8020000000000000</Keywords>
    <TimeCreated SystemTime="2025-07-02T22:06:05.991536Z">
    </TimeCreated>
    <EventRecordID>895</EventRecordID>
    <Correlation ActivityID="ECEB6DEC-EB9B-0001-D36E-EBEC9BEBDB01">
    </Correlation>
    <Execution ProcessID="652" ThreadID="3612">
    </Execution>
    <Channel>Security</Channel>
    <Computer>DESKTOP-P5L8521</Computer>
    <Security>
    </Security>
  </System>
  <EventData>
    <Data Name="TargetUserName">jonny</Data>
    <Data Name="TargetDomainName">DESKTOP-P5L8521</Data>
    <Data Name="TargetSid">S-1-5-21-2584721208-1353900670-1627748517-1004</Data>
    <Data Name="SubjectUserSid">S-1-5-21-2584721208-1353900670-1627748517-1000</Data>
    <Data Name="SubjectUserName">agent</Data>
    <Data Name="SubjectDomainName">DESKTOP-P5L8521</Data>
    <Data Name="SubjectLogonId">0x2838c</Data>
    <Data Name="PrivilegeList">-</Data>
    <Data Name="SamAccountName">jonny</Data>
    <Data Name="DisplayName">%%1793</Data>
    <Data Name="UserPrincipalName">-</Data>
    <Data Name="HomeDirectory">%%1793</Data>
    <Data Name="HomePath">%%1793</Data>
    <Data Name="ScriptPath">%%1793</Data>
    <Data Name="ProfilePath">%%1793</Data>
    <Data Name="UserWorkstations">%%1793</Data>
    <Data Name="PasswordLastSet">%%1794</Data>
    <Data Name="AccountExpires">%%1794</Data>
    <Data Name="PrimaryGroupId">513</Data>
    <Data Name="AllowedToDelegateTo">-</Data>
    <Data Name="OldUacValue">0x0</Data>
    <Data Name="NewUacValue">0x15</Data>
    <Data Name="UserAccountControl">
		%%2080
		%%2082
		%%2084</Data>
    <Data Name="UserParameters">%%1793</Data>
    <Data Name="SidHistory">-</Data>
    <Data Name="LogonHours">%%1797</Data>
  </EventData>
</Event>
Record 896
<?xml version="1.0" encoding="utf-8"?>
<Event xmlns="http://schemas.microsoft.com/win/2004/08/events/event">
  <System>
    <Provider Name="Microsoft-Windows-Security-Auditing" Guid="54849625-5478-4994-A5BA-3E3B0328C30D">
    </Provider>
    <EventID>4732</EventID>
    <Version>0</Version>
    <Level>0</Level>
    <Task>13826</Task>
    <Opcode>0</Opcode>
    <Keywords>0x8020000000000000</Keywords>
    <TimeCreated SystemTime="2025-07-02T22:06:05.991727Z">
    </TimeCreated>
    <EventRecordID>896</EventRecordID>
    <Correlation ActivityID="ECEB6DEC-EB9B-0001-D36E-EBEC9BEBDB01">
    </Correlation>
    <Execution ProcessID="652" ThreadID="3612">
    </Execution>
    <Channel>Security</Channel>
    <Computer>DESKTOP-P5L8521</Computer>
    <Security>
    </Security>
  </System>
  <EventData>
    <Data Name="MemberName">-</Data>
    <Data Name="MemberSid">S-1-5-21-2584721208-1353900670-1627748517-1004</Data>
    <Data Name="TargetUserName">Users</Data>
    <Data Name="TargetDomainName">Builtin</Data>
    <Data Name="TargetSid">S-1-5-32-545</Data>
    <Data Name="SubjectUserSid">S-1-5-21-2584721208-1353900670-1627748517-1000</Data>
    <Data Name="SubjectUserName">agent</Data>
    <Data Name="SubjectDomainName">DESKTOP-P5L8521</Data>
    <Data Name="SubjectLogonId">0x2838c</Data>
    <Data Name="PrivilegeList">-</Data>
  </EventData>
</Event>
Record 897
<?xml version="1.0" encoding="utf-8"?>
<Event xmlns="http://schemas.microsoft.com/win/2004/08/events/event">
  <System>
    <Provider Name="Microsoft-Windows-Security-Auditing" Guid="54849625-5478-4994-A5BA-3E3B0328C30D">
    </Provider>
    <EventID>4722</EventID>
    <Version>0</Version>
    <Level>0</Level>
    <Task>13824</Task>
    <Opcode>0</Opcode>
    <Keywords>0x8020000000000000</Keywords>
    <TimeCreated SystemTime="2025-07-02T22:06:05.993678Z">
    </TimeCreated>
    <EventRecordID>897</EventRecordID>
    <Correlation ActivityID="ECEB6DEC-EB9B-0001-D36E-EBEC9BEBDB01">
    </Correlation>
    <Execution ProcessID="652" ThreadID="3612">
    </Execution>
    <Channel>Security</Channel>
    <Computer>DESKTOP-P5L8521</Computer>
    <Security>
    </Security>
  </System>
  <EventData>
    <Data Name="TargetUserName">jonny</Data>
    <Data Name="TargetDomainName">DESKTOP-P5L8521</Data>
    <Data Name="TargetSid">S-1-5-21-2584721208-1353900670-1627748517-1004</Data>
    <Data Name="SubjectUserSid">S-1-5-21-2584721208-1353900670-1627748517-1000</Data>
    <Data Name="SubjectUserName">agent</Data>
    <Data Name="SubjectDomainName">DESKTOP-P5L8521</Data>
    <Data Name="SubjectLogonId">0x2838c</Data>
  </EventData>
</Event>
