Record 1227
<?xml version="1.0" encoding="utf-8"?>
<Event xmlns="http://schemas.microsoft.com/win/2004/08/events/event">
  <System>
    <Provider Name="Microsoft-Windows-Security-Auditing" Guid="54849625-5478-4994-A5BA-3E3B0328C30D">
    </Provider>
    <EventID>4799</EventID>
    <Version>0</Version>
    <Level>0</Level>
    <Task>13826</Task>
    <Opcode>0</Opcode>
    <Keywords>0x8020000000000000</Keywords>
    <TimeCreated SystemTime="2025-07-02T22:29:19.824842Z">
    </TimeCreated>
    <EventRecordID>1227</EventRecordID>
    <Correlation ActivityID="ECEB6DEC-EB9B-0001-D36E-EBEC9BEBDB01">
    </Correlation>
    <Execution ProcessID="652" ThreadID="8412">
    </Execution>
    <Channel>Security</Channel>
    <Computer>DESKTOP-P5L8521</Computer>
    <Security>
    </Security>
  </System>
  <EventData>
    <Data Name="TargetUserName">Administrators</Data>
    <Data Name="TargetDomainName">Builtin</Data>
    <Data Name="TargetSid">S-1-5-32-544</Data>
    <Data Name="SubjectUserSid">S-1-5-18</Data>
    <Data Name="SubjectUserName">DESKTOP-P5L8521$</Data>
    <Data Name="SubjectDomainName">WORKGROUP</Data>
    <Data Name="SubjectLogonId">0x3e7</Data>
    <Data Name="CallerProcessId">0x2e70</Data>
    <Data Name="CallerProcessName">C:\Windows\System32\VSSVC.exe</Data>
  </EventData>
</Event>
Record 1228
<?xml version="1.0" encoding="utf-8"?>
<Event xmlns="http://schemas.microsoft.com/win/2004/08/events/event">
  <System>
    <Provider Name="Microsoft-Windows-Security-Auditing" Guid="54849625-5478-4994-A5BA-3E3B0328C30D">
    </Provider>
    <EventID>4799</EventID>
    <Version>0</Version>
    <Level>0</Level>
    <Task>13826</Task>
    <Opcode>0</Opcode>
    <Keywords>0x8020000000000000</Keywords>
    <TimeCreated SystemTime="2025-07-02T22:29:19.825245Z">
    </TimeCreated>
    <EventRecordID>1228</EventRecordID>
    <Correlation ActivityID="ECEB6DEC-EB9B-0001-D36E-EBEC9BEBDB01">
    </Correlation>
    <Execution ProcessID="652" ThreadID="8412">
    </Execution>
    <Channel>Security</Channel>
    <Computer>DESKTOP-P5L8521</Computer>
    <Security>
    </Security>
  </System>
  <EventData>
    <Data Name="TargetUserName">Backup Operators</Data>
    <Data Name="TargetDomainName">Builtin</Data>
    <Data Name="TargetSid">S-1-5-32-551</Data>
    <Data Name="SubjectUserSid">S-1-5-18</Data>
    <Data Name="SubjectUserName">DESKTOP-P5L8521$</Data>
    <Data Name="SubjectDomainName">WORKGROUP</Data>
    <Data Name="SubjectLogonId">0x3e7</Data>
    <Data Name="CallerProcessId">0x2e70</Data>
    <Data Name="CallerProcessName">C:\Windows\System32\VSSVC.exe</Data>
  </EventData>
</Event>
Record 1229
<?xml version="1.0" encoding="utf-8"?>
<Event xmlns="http://schemas.microsoft.com/win/2004/08/events/event">
  <System>
    <Provider Name="Microsoft-Windows-Security-Auditing" Guid="54849625-5478-4994-A5BA-3E3B0328C30D">
    </Provider>
    <EventID>4799</EventID>
    <Version>0</Version>
    <Level>0</Level>
    <Task>13826</Task>
    <Opcode>0</Opcode>
    <Keywords>0x8020000000000000</Keywords>
    <TimeCreated SystemTime="2025-07-02T22:29:19.835735Z">
    </TimeCreated>
    <EventRecordID>1229</EventRecordID>
    <Correlation ActivityID="ECEB6DEC-EB9B-0001-D36E-EBEC9BEBDB01">
    </Correlation>
    <Execution ProcessID="652" ThreadID="8412">
    </Execution>
    <Channel>Security</Channel>
    <Computer>DESKTOP-P5L8521</Computer>
    <Security>
    </Security>
  </System>
  <EventData>
    <Data Name="TargetUserName">Administrators</Data>
    <Data Name="TargetDomainName">Builtin</Data>
    <Data Name="TargetSid">S-1-5-32-544</Data>
    <Data Name="SubjectUserSid">S-1-5-18</Data>
    <Data Name="SubjectUserName">DESKTOP-P5L8521$</Data>
    <Data Name="SubjectDomainName">WORKGROUP</Data>
    <Data Name="SubjectLogonId">0x3e7</Data>
    <Data Name="CallerProcessId">0x2e70</Data>
    <Data Name="CallerProcessName">C:\Windows\System32\VSSVC.exe</Data>
  </EventData>
</Event>
Record 1230
<?xml version="1.0" encoding="utf-8"?>
<Event xmlns="http://schemas.microsoft.com/win/2004/08/events/event">
  <System>
    <Provider Name="Microsoft-Windows-Security-Auditing" Guid="54849625-5478-4994-A5BA-3E3B0328C30D">
    </Provider>
    <EventID>4799</EventID>
    <Version>0</Version>
    <Level>0</Level>
    <Task>13826</Task>
    <Opcode>0</Opcode>
    <Keywords>0x8020000000000000</Keywords>
    <TimeCreated SystemTime="2025-07-02T22:29:19.836386Z">
    </TimeCreated>
    <EventRecordID>1230</EventRecordID>
    <Correlation ActivityID="ECEB6DEC-EB9B-0001-D36E-EBEC9BEBDB01">
    </Correlation>
    <Execution ProcessID="652" ThreadID="8412">
    </Execution>
    <Channel>Security</Channel>
    <Computer>DESKTOP-P5L8521</Computer>
    <Security>
    </Security>
  </System>
  <EventData>
    <Data Name="TargetUserName">Backup Operators</Data>
    <Data Name="TargetDomainName">Builtin</Data>
    <Data Name="TargetSid">S-1-5-32-551</Data>
    <Data Name="SubjectUserSid">S-1-5-18</Data>
    <Data Name="SubjectUserName">DESKTOP-P5L8521$</Data>
    <Data Name="SubjectDomainName">WORKGROUP</Data>
    <Data Name="SubjectLogonId">0x3e7</Data>
    <Data Name="CallerProcessId">0x2e70</Data>
    <Data Name="CallerProcessName">C:\Windows\System32\VSSVC.exe</Data>
  </EventData>
</Event>
Record 1231
<?xml version="1.0" encoding="utf-8"?>
<Event xmlns="http://schemas.microsoft.com/win/2004/08/events/event">
  <System>
    <Provider Name="Microsoft-Windows-Security-Auditing" Guid="54849625-5478-4994-A5BA-3E3B0328C30D">
    </Provider>
    <EventID>4799</EventID>
    <Version>0</Version>
    <Level>0</Level>
    <Task>13826</Task>
    <Opcode>0</Opcode>
    <Keywords>0x8020000000000000</Keywords>
    <TimeCreated SystemTime="2025-07-02T22:29:19.847755Z">
    </TimeCreated>
    <EventRecordID>1231</EventRecordID>
    <Correlation ActivityID="ECEB6DEC-EB9B-0001-D36E-EBEC9BEBDB01">
    </Correlation>
    <Execution ProcessID="652" ThreadID="8412">
    </Execution>
    <Channel>Security</Channel>
    <Computer>DESKTOP-P5L8521</Computer>
    <Security>
    </Security>
  </System>
  <EventData>
    <Data Name="TargetUserName">Administrators</Data>
    <Data Name="TargetDomainName">Builtin</Data>
    <Data Name="TargetSid">S-1-5-32-544</Data>
    <Data Name="SubjectUserSid">S-1-5-18</Data>
    <Data Name="SubjectUserName">DESKTOP-P5L8521$</Data>
    <Data Name="SubjectDomainName">WORKGROUP</Data>
    <Data Name="SubjectLogonId">0x3e7</Data>
    <Data Name="CallerProcessId">0x2e70</Data>
    <Data Name="CallerProcessName">C:\Windows\System32\VSSVC.exe</Data>
  </EventData>
</Event>
Record 1232
<?xml version="1.0" encoding="utf-8"?>
<Event xmlns="http://schemas.microsoft.com/win/2004/08/events/event">
  <System>
    <Provider Name="Microsoft-Windows-Security-Auditing" Guid="54849625-5478-4994-A5BA-3E3B0328C30D">
    </Provider>
    <EventID>4799</EventID>
    <Version>0</Version>
    <Level>0</Level>
    <Task>13826</Task>
    <Opcode>0</Opcode>
    <Keywords>0x8020000000000000</Keywords>
    <TimeCreated SystemTime="2025-07-02T22:29:19.848194Z">
    </TimeCreated>
    <EventRecordID>1232</EventRecordID>
    <Correlation ActivityID="ECEB6DEC-EB9B-0001-D36E-EBEC9BEBDB01">
    </Correlation>
    <Execution ProcessID="652" ThreadID="8412">
    </Execution>
    <Channel>Security</Channel>
    <Computer>DESKTOP-P5L8521</Computer>
    <Security>
    </Security>
  </System>
  <EventData>
    <Data Name="TargetUserName">Backup Operators</Data>
    <Data Name="TargetDomainName">Builtin</Data>
    <Data Name="TargetSid">S-1-5-32-551</Data>
    <Data Name="SubjectUserSid">S-1-5-18</Data>
    <Data Name="SubjectUserName">DESKTOP-P5L8521$</Data>
    <Data Name="SubjectDomainName">WORKGROUP</Data>
    <Data Name="SubjectLogonId">0x3e7</Data>
    <Data Name="CallerProcessId">0x2e70</Data>
    <Data Name="CallerProcessName">C:\Windows\System32\VSSVC.exe</Data>
  </EventData>
</Event>
Record 1233
<?xml version="1.0" encoding="utf-8"?>
<Event xmlns="http://schemas.microsoft.com/win/2004/08/events/event">
  <System>
    <Provider Name="Microsoft-Windows-Security-Auditing" Guid="54849625-5478-4994-A5BA-3E3B0328C30D">
    </Provider>
    <EventID>5379</EventID>
    <Version>0</Version>
    <Level>0</Level>
    <Task>13824</Task>
    <Opcode>0</Opcode>
    <Keywords>0x8020000000000000</Keywords>
    <TimeCreated SystemTime="2025-07-02T22:29:24.600292Z">
    </TimeCreated>
    <EventRecordID>1233</EventRecordID>
    <Correlation ActivityID="ECEB6DEC-EB9B-0001-D36E-EBEC9BEBDB01">
    </Correlation>
    <Execution ProcessID="652" ThreadID="8412">
    </Execution>
    <Channel>Security</Channel>
    <Computer>DESKTOP-P5L8521</Computer>
    <Security>
    </Security>
  </System>
  <EventData>
    <Data Name="SubjectUserSid">S-1-5-21-2584721208-1353900670-1627748517-1001</Data>
    <Data Name="SubjectUserName">zeus</Data>
    <Data Name="SubjectDomainName">DESKTOP-P5L8521</Data>
    <Data Name="SubjectLogonId">0x6406e4</Data>
    <Data Name="TargetName"></Data>
    <Data Name="Type">0</Data>
    <Data Name="CountOfCredentialsReturned">0</Data>
    <Data Name="ReadOperation">%%8100</Data>
    <Data Name="ReturnCode">3221226021</Data>
    <Data Name="ProcessCreationTime">2025-07-02T22:21:19.382394Z</Data>
    <Data Name="ClientProcessId">11672</Data>
  </EventData>
</Event>
Record 1234
<?xml version="1.0" encoding="utf-8"?>
<Event xmlns="http://schemas.microsoft.com/win/2004/08/events/event">
  <System>
    <Provider Name="Microsoft-Windows-Security-Auditing" Guid="54849625-5478-4994-A5BA-3E3B0328C30D">
    </Provider>
    <EventID>4625</EventID>
    <Version>0</Version>
    <Level>0</Level>
    <Task>12544</Task>
    <Opcode>0</Opcode>
    <Keywords>0x8010000000000000</Keywords>
    <TimeCreated SystemTime="2025-07-02T22:29:29.325325Z">
    </TimeCreated>
    <EventRecordID>1234</EventRecordID>
    <Correlation ActivityID="ECEB6DEC-EB9B-0001-D36E-EBEC9BEBDB01">
    </Correlation>
    <Execution ProcessID="652" ThreadID="8412">
    </Execution>
    <Channel>Security</Channel>
    <Computer>DESKTOP-P5L8521</Computer>
    <Security>
    </Security>
  </System>
  <EventData>
    <Data Name="SubjectUserSid">S-1-5-18</Data>
    <Data Name="SubjectUserName">DESKTOP-P5L8521$</Data>
    <Data Name="SubjectDomainName">WORKGROUP</Data>
    <Data Name="SubjectLogonId">0x3e7</Data>
    <Data Name="TargetUserSid">S-1-0-0</Data>
    <Data Name="TargetUserName">poseidon</Data>
    <Data Name="TargetDomainName">DESKTOP-P5L8521</Data>
    <Data Name="Status">0xc000015b</Data>
    <Data Name="FailureReason">%%2308</Data>
    <Data Name="SubStatus">0x0</Data>
    <Data Name="LogonType">4</Data>
    <Data Name="LogonProcessName">Advapi</Data>
    <Data Name="AuthenticationPackageName">Negotiate</Data>
    <Data Name="WorkstationName">DESKTOP-P5L8521</Data>
    <Data Name="TransmittedServices">-</Data>
    <Data Name="LmPackageName">-</Data>
    <Data Name="KeyLength">0</Data>
    <Data Name="ProcessId">0x424</Data>
    <Data Name="ProcessName">C:\Windows\System32\svchost.exe</Data>
    <Data Name="IpAddress">-</Data>
    <Data Name="IpPort">-</Data>
  </EventData>
</Event>
Record 1235
<?xml version="1.0" encoding="utf-8"?>
<Event xmlns="http://schemas.microsoft.com/win/2004/08/events/event">
  <System>
    <Provider Name="Microsoft-Windows-Security-Auditing" Guid="54849625-5478-4994-A5BA-3E3B0328C30D">
    </Provider>
    <EventID>4624</EventID>
    <Version>2</Version>
    <Level>0</Level>
    <Task>12544</Task>
    <Opcode>0</Opcode>
    <Keywords>0x8020000000000000</Keywords>
    <TimeCreated SystemTime="2025-07-02T22:29:38.775130Z">
    </TimeCreated>
    <EventRecordID>1235</EventRecordID>
    <Correlation ActivityID="ECEB6DEC-EB9B-0001-D36E-EBEC9BEBDB01">
    </Correlation>
    <Execution ProcessID="652" ThreadID="8412">
    </Execution>
    <Channel>Security</Channel>
    <Computer>DESKTOP-P5L8521</Computer>
    <Security>
    </Security>
  </System>
  <EventData>
    <Data Name="SubjectUserSid">S-1-5-18</Data>
    <Data Name="SubjectUserName">DESKTOP-P5L8521$</Data>
    <Data Name="SubjectDomainName">WORKGROUP</Data>
    <Data Name="SubjectLogonId">0x3e7</Data>
    <Data Name="TargetUserSid">S-1-5-18</Data>
    <Data Name="TargetUserName">SYSTEM</Data>
    <Data Name="TargetDomainName">NT AUTHORITY</Data>
    <Data Name="TargetLogonId">0x3e7</Data>
    <Data Name="LogonType">5</Data>
    <Data Name="LogonProcessName">Advapi</Data>
    <Data Name="AuthenticationPackageName">Negotiate</Data>
    <Data Name="WorkstationName">-</Data>
    <Data Name="LogonGuid">00000000-0000-0000-0000-000000000000</Data>
    <Data Name="TransmittedServices">-</Data>
    <Data Name="LmPackageName">-</Data>
    <Data Name="KeyLength">0</Data>
    <Data Name="ProcessId">0x26c</Data>
    <Data Name="ProcessName">C:\Windows\System32\services.exe</Data>
    <Data Name="IpAddress">-</Data>
    <Data Name="IpPort">-</Data>
    <Data Name="ImpersonationLevel">%%1833</Data>
    <Data Name="RestrictedAdminMode">-</Data>
    <Data Name="TargetOutboundUserName">-</Data>
    <Data Name="TargetOutboundDomainName">-</Data>
    <Data Name="VirtualAccount">%%1843</Data>
    <Data Name="TargetLinkedLogonId">0x0</Data>
    <Data Name="ElevatedToken">%%1842</Data>
  </EventData>
</Event>
Record 1236
<?xml version="1.0" encoding="utf-8"?>
<Event xmlns="http://schemas.microsoft.com/win/2004/08/events/event">
  <System>
    <Provider Name="Microsoft-Windows-Security-Auditing" Guid="54849625-5478-4994-A5BA-3E3B0328C30D">
    </Provider>
    <EventID>4672</EventID>
    <Version>0</Version>
    <Level>0</Level>
    <Task>12548</Task>
    <Opcode>0</Opcode>
    <Keywords>0x8020000000000000</Keywords>
    <TimeCreated SystemTime="2025-07-02T22:29:38.775135Z">
    </TimeCreated>
    <EventRecordID>1236</EventRecordID>
    <Correlation ActivityID="ECEB6DEC-EB9B-0001-D36E-EBEC9BEBDB01">
    </Correlation>
    <Execution ProcessID="652" ThreadID="8412">
    </Execution>
    <Channel>Security</Channel>
    <Computer>DESKTOP-P5L8521</Computer>
    <Security>
    </Security>
  </System>
  <EventData>
    <Data Name="SubjectUserSid">S-1-5-18</Data>
    <Data Name="SubjectUserName">SYSTEM</Data>
    <Data Name="SubjectDomainName">NT AUTHORITY</Data>
    <Data Name="SubjectLogonId">0x3e7</Data>
    <Data Name="PrivilegeList">SeAssignPrimaryTokenPrivilege
			SeTcbPrivilege
			SeSecurityPrivilege
			SeTakeOwnershipPrivilege
			SeLoadDriverPrivilege
			SeBackupPrivilege
			SeRestorePrivilege
			SeDebugPrivilege
			SeAuditPrivilege
			SeSystemEnvironmentPrivilege
			SeImpersonatePrivilege
			SeDelegateSessionUserImpersonatePrivilege</Data>
  </EventData>
</Event>
Record 1237
<?xml version="1.0" encoding="utf-8"?>
<Event xmlns="http://schemas.microsoft.com/win/2004/08/events/event">
  <System>
    <Provider Name="Microsoft-Windows-Security-Auditing" Guid="54849625-5478-4994-A5BA-3E3B0328C30D">
    </Provider>
    <EventID>4797</EventID>
    <Version>0</Version>
    <Level>0</Level>
    <Task>13824</Task>
    <Opcode>0</Opcode>
    <Keywords>0x8020000000000000</Keywords>
    <TimeCreated SystemTime="2025-07-02T22:31:24.257983Z">
    </TimeCreated>
    <EventRecordID>1237</EventRecordID>
    <Correlation ActivityID="ECEB6DEC-EB9B-0001-D36E-EBEC9BEBDB01">
    </Correlation>
    <Execution ProcessID="652" ThreadID="692">
    </Execution>
    <Channel>Security</Channel>
    <Computer>DESKTOP-P5L8521</Computer>
    <Security>
    </Security>
  </System>
  <EventData>
    <Data Name="SubjectUserSid">S-1-5-21-2584721208-1353900670-1627748517-1001</Data>
    <Data Name="SubjectUserName">zeus</Data>
    <Data Name="SubjectDomainName">DESKTOP-P5L8521</Data>
    <Data Name="SubjectLogonId">0x640701</Data>
    <Data Name="Workstation">DESKTOP-P5L8521</Data>
    <Data Name="TargetUserName">Administrator</Data>
    <Data Name="TargetDomainName">DESKTOP-P5L8521</Data>
  </EventData>
</Event>
Record 1238
<?xml version="1.0" encoding="utf-8"?>
<Event xmlns="http://schemas.microsoft.com/win/2004/08/events/event">
  <System>
    <Provider Name="Microsoft-Windows-Security-Auditing" Guid="54849625-5478-4994-A5BA-3E3B0328C30D">
    </Provider>
    <EventID>4797</EventID>
    <Version>0</Version>
    <Level>0</Level>
    <Task>13824</Task>
    <Opcode>0</Opcode>
    <Keywords>0x8020000000000000</Keywords>
    <TimeCreated SystemTime="2025-07-02T22:31:24.258868Z">
    </TimeCreated>
    <EventRecordID>1238</EventRecordID>
    <Correlation ActivityID="ECEB6DEC-EB9B-0001-D36E-EBEC9BEBDB01">
    </Correlation>
    <Execution ProcessID="652" ThreadID="692">
    </Execution>
    <Channel>Security</Channel>
    <Computer>DESKTOP-P5L8521</Computer>
    <Security>
    </Security>
  </System>
  <EventData>
    <Data Name="SubjectUserSid">S-1-5-21-2584721208-1353900670-1627748517-1001</Data>
    <Data Name="SubjectUserName">zeus</Data>
    <Data Name="SubjectDomainName">DESKTOP-P5L8521</Data>
    <Data Name="SubjectLogonId">0x640701</Data>
    <Data Name="Workstation">DESKTOP-P5L8521</Data>
    <Data Name="TargetUserName">agent</Data>
    <Data Name="TargetDomainName">DESKTOP-P5L8521</Data>
  </EventData>
</Event>
Record 1239
<?xml version="1.0" encoding="utf-8"?>
<Event xmlns="http://schemas.microsoft.com/win/2004/08/events/event">
  <System>
    <Provider Name="Microsoft-Windows-Security-Auditing" Guid="54849625-5478-4994-A5BA-3E3B0328C30D">
    </Provider>
    <EventID>4797</EventID>
    <Version>0</Version>
    <Level>0</Level>
    <Task>13824</Task>
    <Opcode>0</Opcode>
    <Keywords>0x8020000000000000</Keywords>
    <TimeCreated SystemTime="2025-07-02T22:31:24.259732Z">
    </TimeCreated>
    <EventRecordID>1239</EventRecordID>
    <Correlation ActivityID="ECEB6DEC-EB9B-0001-D36E-EBEC9BEBDB01">
    </Correlation>
    <Execution ProcessID="652" ThreadID="692">
    </Execution>
    <Channel>Security</Channel>
    <Computer>DESKTOP-P5L8521</Computer>
    <Security>
    </Security>
  </System>
  <EventData>
    <Data Name="SubjectUserSid">S-1-5-21-2584721208-1353900670-1627748517-1001</Data>
    <Data Name="SubjectUserName">zeus</Data>
    <Data Name="SubjectDomainName">DESKTOP-P5L8521</Data>
    <Data Name="SubjectLogonId">0x640701</Data>
    <Data Name="Workstation">DESKTOP-P5L8521</Data>
    <Data Name="TargetUserName">colin</Data>
    <Data Name="TargetDomainName">DESKTOP-P5L8521</Data>
  </EventData>
</Event>
Record 1240
<?xml version="1.0" encoding="utf-8"?>
<Event xmlns="http://schemas.microsoft.com/win/2004/08/events/event">
  <System>
    <Provider Name="Microsoft-Windows-Security-Auditing" Guid="54849625-5478-4994-A5BA-3E3B0328C30D">
    </Provider>
    <EventID>4797</EventID>
    <Version>0</Version>
    <Level>0</Level>
    <Task>13824</Task>
    <Opcode>0</Opcode>
    <Keywords>0x8020000000000000</Keywords>
    <TimeCreated SystemTime="2025-07-02T22:31:24.260571Z">
    </TimeCreated>
    <EventRecordID>1240</EventRecordID>
    <Correlation ActivityID="ECEB6DEC-EB9B-0001-D36E-EBEC9BEBDB01">
    </Correlation>
    <Execution ProcessID="652" ThreadID="692">
    </Execution>
    <Channel>Security</Channel>
    <Computer>DESKTOP-P5L8521</Computer>
    <Security>
    </Security>
  </System>
  <EventData>
    <Data Name="SubjectUserSid">S-1-5-21-2584721208-1353900670-1627748517-1001</Data>
    <Data Name="SubjectUserName">zeus</Data>
    <Data Name="SubjectDomainName">DESKTOP-P5L8521</Data>
    <Data Name="SubjectLogonId">0x640701</Data>
    <Data Name="Workstation">DESKTOP-P5L8521</Data>
    <Data Name="TargetUserName">DefaultAccount</Data>
    <Data Name="TargetDomainName">DESKTOP-P5L8521</Data>
  </EventData>
</Event>
Record 1241
<?xml version="1.0" encoding="utf-8"?>
<Event xmlns="http://schemas.microsoft.com/win/2004/08/events/event">
  <System>
    <Provider Name="Microsoft-Windows-Security-Auditing" Guid="54849625-5478-4994-A5BA-3E3B0328C30D">
    </Provider>
    <EventID>4797</EventID>
    <Version>0</Version>
    <Level>0</Level>
    <Task>13824</Task>
    <Opcode>0</Opcode>
    <Keywords>0x8020000000000000</Keywords>
    <TimeCreated SystemTime="2025-07-02T22:31:24.261238Z">
    </TimeCreated>
    <EventRecordID>1241</EventRecordID>
    <Correlation ActivityID="ECEB6DEC-EB9B-0001-D36E-EBEC9BEBDB01">
    </Correlation>
    <Execution ProcessID="652" ThreadID="692">
    </Execution>
    <Channel>Security</Channel>
    <Computer>DESKTOP-P5L8521</Computer>
    <Security>
    </Security>
  </System>
  <EventData>
    <Data Name="SubjectUserSid">S-1-5-21-2584721208-1353900670-1627748517-1001</Data>
    <Data Name="SubjectUserName">zeus</Data>
    <Data Name="SubjectDomainName">DESKTOP-P5L8521</Data>
    <Data Name="SubjectLogonId">0x640701</Data>
    <Data Name="Workstation">DESKTOP-P5L8521</Data>
    <Data Name="TargetUserName">ed</Data>
    <Data Name="TargetDomainName">DESKTOP-P5L8521</Data>
  </EventData>
</Event>
Record 1242
<?xml version="1.0" encoding="utf-8"?>
<Event xmlns="http://schemas.microsoft.com/win/2004/08/events/event">
  <System>
    <Provider Name="Microsoft-Windows-Security-Auditing" Guid="54849625-5478-4994-A5BA-3E3B0328C30D">
    </Provider>
    <EventID>4797</EventID>
    <Version>0</Version>
    <Level>0</Level>
    <Task>13824</Task>
    <Opcode>0</Opcode>
    <Keywords>0x8020000000000000</Keywords>
    <TimeCreated SystemTime="2025-07-02T22:31:24.262049Z">
    </TimeCreated>
    <EventRecordID>1242</EventRecordID>
    <Correlation ActivityID="ECEB6DEC-EB9B-0001-D36E-EBEC9BEBDB01">
    </Correlation>
    <Execution ProcessID="652" ThreadID="692">
    </Execution>
    <Channel>Security</Channel>
    <Computer>DESKTOP-P5L8521</Computer>
    <Security>
    </Security>
  </System>
  <EventData>
    <Data Name="SubjectUserSid">S-1-5-21-2584721208-1353900670-1627748517-1001</Data>
    <Data Name="SubjectUserName">zeus</Data>
    <Data Name="SubjectDomainName">DESKTOP-P5L8521</Data>
    <Data Name="SubjectLogonId">0x640701</Data>
    <Data Name="Workstation">DESKTOP-P5L8521</Data>
    <Data Name="TargetUserName">Guest</Data>
    <Data Name="TargetDomainName">DESKTOP-P5L8521</Data>
  </EventData>
</Event>
Record 1243
<?xml version="1.0" encoding="utf-8"?>
<Event xmlns="http://schemas.microsoft.com/win/2004/08/events/event">
  <System>
    <Provider Name="Microsoft-Windows-Security-Auditing" Guid="54849625-5478-4994-A5BA-3E3B0328C30D">
    </Provider>
    <EventID>4797</EventID>
    <Version>0</Version>
    <Level>0</Level>
    <Task>13824</Task>
    <Opcode>0</Opcode>
    <Keywords>0x8020000000000000</Keywords>
    <TimeCreated SystemTime="2025-07-02T22:31:24.262796Z">
    </TimeCreated>
    <EventRecordID>1243</EventRecordID>
    <Correlation ActivityID="ECEB6DEC-EB9B-0001-D36E-EBEC9BEBDB01">
    </Correlation>
    <Execution ProcessID="652" ThreadID="692">
    </Execution>
    <Channel>Security</Channel>
    <Computer>DESKTOP-P5L8521</Computer>
    <Security>
    </Security>
  </System>
  <EventData>
    <Data Name="SubjectUserSid">S-1-5-21-2584721208-1353900670-1627748517-1001</Data>
    <Data Name="SubjectUserName">zeus</Data>
    <Data Name="SubjectDomainName">DESKTOP-P5L8521</Data>
    <Data Name="SubjectLogonId">0x640701</Data>
    <Data Name="Workstation">DESKTOP-P5L8521</Data>
    <Data Name="TargetUserName">jonny</Data>
    <Data Name="TargetDomainName">DESKTOP-P5L8521</Data>
  </EventData>
</Event>
Record 1244
<?xml version="1.0" encoding="utf-8"?>
<Event xmlns="http://schemas.microsoft.com/win/2004/08/events/event">
  <System>
    <Provider Name="Microsoft-Windows-Security-Auditing" Guid="54849625-5478-4994-A5BA-3E3B0328C30D">
    </Provider>
    <EventID>4797</EventID>
    <Version>0</Version>
    <Level>0</Level>
    <Task>13824</Task>
    <Opcode>0</Opcode>
    <Keywords>0x8020000000000000</Keywords>
    <TimeCreated SystemTime="2025-07-02T22:31:24.263641Z">
    </TimeCreated>
    <EventRecordID>1244</EventRecordID>
    <Correlation ActivityID="ECEB6DEC-EB9B-0001-D36E-EBEC9BEBDB01">
    </Correlation>
    <Execution ProcessID="652" ThreadID="692">
    </Execution>
    <Channel>Security</Channel>
    <Computer>DESKTOP-P5L8521</Computer>
    <Security>
    </Security>
  </System>
  <EventData>
    <Data Name="SubjectUserSid">S-1-5-21-2584721208-1353900670-1627748517-1001</Data>
    <Data Name="SubjectUserName">zeus</Data>
    <Data Name="SubjectDomainName">DESKTOP-P5L8521</Data>
    <Data Name="SubjectLogonId">0x640701</Data>
    <Data Name="Workstation">DESKTOP-P5L8521</Data>
    <Data Name="TargetUserName">philip</Data>
    <Data Name="TargetDomainName">DESKTOP-P5L8521</Data>
  </EventData>
</Event>
Record 1245
<?xml version="1.0" encoding="utf-8"?>
<Event xmlns="http://schemas.microsoft.com/win/2004/08/events/event">
  <System>
    <Provider Name="Microsoft-Windows-Security-Auditing" Guid="54849625-5478-4994-A5BA-3E3B0328C30D">
    </Provider>
    <EventID>4797</EventID>
    <Version>0</Version>
    <Level>0</Level>
    <Task>13824</Task>
    <Opcode>0</Opcode>
    <Keywords>0x8020000000000000</Keywords>
    <TimeCreated SystemTime="2025-07-02T22:31:24.264426Z">
    </TimeCreated>
    <EventRecordID>1245</EventRecordID>
    <Correlation ActivityID="ECEB6DEC-EB9B-0001-D36E-EBEC9BEBDB01">
    </Correlation>
    <Execution ProcessID="652" ThreadID="692">
    </Execution>
    <Channel>Security</Channel>
    <Computer>DESKTOP-P5L8521</Computer>
    <Security>
    </Security>
  </System>
  <EventData>
    <Data Name="SubjectUserSid">S-1-5-21-2584721208-1353900670-1627748517-1001</Data>
    <Data Name="SubjectUserName">zeus</Data>
    <Data Name="SubjectDomainName">DESKTOP-P5L8521</Data>
    <Data Name="SubjectLogonId">0x640701</Data>
    <Data Name="Workstation">DESKTOP-P5L8521</Data>
    <Data Name="TargetUserName">poseidon</Data>
    <Data Name="TargetDomainName">DESKTOP-P5L8521</Data>
  </EventData>
</Event>
Record 1246
<?xml version="1.0" encoding="utf-8"?>
<Event xmlns="http://schemas.microsoft.com/win/2004/08/events/event">
  <System>
    <Provider Name="Microsoft-Windows-Security-Auditing" Guid="54849625-5478-4994-A5BA-3E3B0328C30D">
    </Provider>
    <EventID>4797</EventID>
    <Version>0</Version>
    <Level>0</Level>
    <Task>13824</Task>
    <Opcode>0</Opcode>
    <Keywords>0x8020000000000000</Keywords>
    <TimeCreated SystemTime="2025-07-02T22:31:24.265455Z">
    </TimeCreated>
    <EventRecordID>1246</EventRecordID>
    <Correlation ActivityID="ECEB6DEC-EB9B-0001-D36E-EBEC9BEBDB01">
    </Correlation>
    <Execution ProcessID="652" ThreadID="692">
    </Execution>
    <Channel>Security</Channel>
    <Computer>DESKTOP-P5L8521</Computer>
    <Security>
    </Security>
  </System>
  <EventData>
    <Data Name="SubjectUserSid">S-1-5-21-2584721208-1353900670-1627748517-1001</Data>
    <Data Name="SubjectUserName">zeus</Data>
    <Data Name="SubjectDomainName">DESKTOP-P5L8521</Data>
    <Data Name="SubjectLogonId">0x640701</Data>
    <Data Name="Workstation">DESKTOP-P5L8521</Data>
    <Data Name="TargetUserName">thom</Data>
    <Data Name="TargetDomainName">DESKTOP-P5L8521</Data>
  </EventData>
</Event>
Record 1247
<?xml version="1.0" encoding="utf-8"?>
<Event xmlns="http://schemas.microsoft.com/win/2004/08/events/event">
  <System>
    <Provider Name="Microsoft-Windows-Security-Auditing" Guid="54849625-5478-4994-A5BA-3E3B0328C30D">
    </Provider>
    <EventID>4797</EventID>
    <Version>0</Version>
    <Level>0</Level>
    <Task>13824</Task>
    <Opcode>0</Opcode>
    <Keywords>0x8020000000000000</Keywords>
    <TimeCreated SystemTime="2025-07-02T22:31:24.266296Z">
    </TimeCreated>
    <EventRecordID>1247</EventRecordID>
    <Correlation ActivityID="ECEB6DEC-EB9B-0001-D36E-EBEC9BEBDB01">
    </Correlation>
    <Execution ProcessID="652" ThreadID="692">
    </Execution>
    <Channel>Security</Channel>
    <Computer>DESKTOP-P5L8521</Computer>
    <Security>
    </Security>
  </System>
  <EventData>
    <Data Name="SubjectUserSid">S-1-5-21-2584721208-1353900670-1627748517-1001</Data>
    <Data Name="SubjectUserName">zeus</Data>
    <Data Name="SubjectDomainName">DESKTOP-P5L8521</Data>
    <Data Name="SubjectLogonId">0x640701</Data>
    <Data Name="Workstation">DESKTOP-P5L8521</Data>
    <Data Name="TargetUserName">WDAGUtilityAccount</Data>
    <Data Name="TargetDomainName">DESKTOP-P5L8521</Data>
  </EventData>
</Event>
Record 1248
<?xml version="1.0" encoding="utf-8"?>
<Event xmlns="http://schemas.microsoft.com/win/2004/08/events/event">
  <System>
    <Provider Name="Microsoft-Windows-Security-Auditing" Guid="54849625-5478-4994-A5BA-3E3B0328C30D">
    </Provider>
    <EventID>4624</EventID>
    <Version>2</Version>
    <Level>0</Level>
    <Task>12544</Task>
    <Opcode>0</Opcode>
    <Keywords>0x8020000000000000</Keywords>
    <TimeCreated SystemTime="2025-07-02T22:32:34.134411Z">
    </TimeCreated>
    <EventRecordID>1248</EventRecordID>
    <Correlation ActivityID="ECEB6DEC-EB9B-0001-D36E-EBEC9BEBDB01">
    </Correlation>
    <Execution ProcessID="652" ThreadID="10724">
    </Execution>
    <Channel>Security</Channel>
    <Computer>DESKTOP-P5L8521</Computer>
    <Security>
    </Security>
  </System>
  <EventData>
    <Data Name="SubjectUserSid">S-1-5-18</Data>
    <Data Name="SubjectUserName">DESKTOP-P5L8521$</Data>
    <Data Name="SubjectDomainName">WORKGROUP</Data>
    <Data Name="SubjectLogonId">0x3e7</Data>
    <Data Name="TargetUserSid">S-1-5-18</Data>
    <Data Name="TargetUserName">SYSTEM</Data>
    <Data Name="TargetDomainName">NT AUTHORITY</Data>
    <Data Name="TargetLogonId">0x3e7</Data>
    <Data Name="LogonType">5</Data>
    <Data Name="LogonProcessName">Advapi</Data>
    <Data Name="AuthenticationPackageName">Negotiate</Data>
    <Data Name="WorkstationName">-</Data>
    <Data Name="LogonGuid">00000000-0000-0000-0000-000000000000</Data>
    <Data Name="TransmittedServices">-</Data>
    <Data Name="LmPackageName">-</Data>
    <Data Name="KeyLength">0</Data>
    <Data Name="ProcessId">0x26c</Data>
    <Data Name="ProcessName">C:\Windows\System32\services.exe</Data>
    <Data Name="IpAddress">-</Data>
    <Data Name="IpPort">-</Data>
    <Data Name="ImpersonationLevel">%%1833</Data>
    <Data Name="RestrictedAdminMode">-</Data>
    <Data Name="TargetOutboundUserName">-</Data>
    <Data Name="TargetOutboundDomainName">-</Data>
    <Data Name="VirtualAccount">%%1843</Data>
    <Data Name="TargetLinkedLogonId">0x0</Data>
    <Data Name="ElevatedToken">%%1842</Data>
  </EventData>
</Event>
Record 1249
<?xml version="1.0" encoding="utf-8"?>
<Event xmlns="http://schemas.microsoft.com/win/2004/08/events/event">
  <System>
    <Provider Name="Microsoft-Windows-Security-Auditing" Guid="54849625-5478-4994-A5BA-3E3B0328C30D">
    </Provider>
    <EventID>4672</EventID>
    <Version>0</Version>
    <Level>0</Level>
    <Task>12548</Task>
    <Opcode>0</Opcode>
    <Keywords>0x8020000000000000</Keywords>
    <TimeCreated SystemTime="2025-07-02T22:32:34.134417Z">
    </TimeCreated>
    <EventRecordID>1249</EventRecordID>
    <Correlation ActivityID="ECEB6DEC-EB9B-0001-D36E-EBEC9BEBDB01">
    </Correlation>
    <Execution ProcessID="652" ThreadID="10724">
    </Execution>
    <Channel>Security</Channel>
    <Computer>DESKTOP-P5L8521</Computer>
    <Security>
    </Security>
  </System>
  <EventData>
    <Data Name="SubjectUserSid">S-1-5-18</Data>
    <Data Name="SubjectUserName">SYSTEM</Data>
    <Data Name="SubjectDomainName">NT AUTHORITY</Data>
    <Data Name="SubjectLogonId">0x3e7</Data>
    <Data Name="PrivilegeList">SeAssignPrimaryTokenPrivilege
			SeTcbPrivilege
			SeSecurityPrivilege
			SeTakeOwnershipPrivilege
			SeLoadDriverPrivilege
			SeBackupPrivilege
			SeRestorePrivilege
			SeDebugPrivilege
			SeAuditPrivilege
			SeSystemEnvironmentPrivilege
			SeImpersonatePrivilege
			SeDelegateSessionUserImpersonatePrivilege</Data>
  </EventData>
</Event>
Record 1250
<?xml version="1.0" encoding="utf-8"?>
<Event xmlns="http://schemas.microsoft.com/win/2004/08/events/event">
  <System>
    <Provider Name="Microsoft-Windows-Security-Auditing" Guid="54849625-5478-4994-A5BA-3E3B0328C30D">
    </Provider>
    <EventID>4624</EventID>
    <Version>2</Version>
    <Level>0</Level>
    <Task>12544</Task>
    <Opcode>0</Opcode>
    <Keywords>0x8020000000000000</Keywords>
    <TimeCreated SystemTime="2025-07-02T22:32:34.224496Z">
    </TimeCreated>
    <EventRecordID>1250</EventRecordID>
    <Correlation ActivityID="ECEB6DEC-EB9B-0001-D36E-EBEC9BEBDB01">
    </Correlation>
    <Execution ProcessID="652" ThreadID="10724">
    </Execution>
    <Channel>Security</Channel>
    <Computer>DESKTOP-P5L8521</Computer>
    <Security>
    </Security>
  </System>
  <EventData>
    <Data Name="SubjectUserSid">S-1-5-18</Data>
    <Data Name="SubjectUserName">DESKTOP-P5L8521$</Data>
    <Data Name="SubjectDomainName">WORKGROUP</Data>
    <Data Name="SubjectLogonId">0x3e7</Data>
    <Data Name="TargetUserSid">S-1-5-18</Data>
    <Data Name="TargetUserName">SYSTEM</Data>
    <Data Name="TargetDomainName">NT AUTHORITY</Data>
    <Data Name="TargetLogonId">0x3e7</Data>
    <Data Name="LogonType">5</Data>
    <Data Name="LogonProcessName">Advapi</Data>
    <Data Name="AuthenticationPackageName">Negotiate</Data>
    <Data Name="WorkstationName">-</Data>
    <Data Name="LogonGuid">00000000-0000-0000-0000-000000000000</Data>
    <Data Name="TransmittedServices">-</Data>
    <Data Name="LmPackageName">-</Data>
    <Data Name="KeyLength">0</Data>
    <Data Name="ProcessId">0x26c</Data>
    <Data Name="ProcessName">C:\Windows\System32\services.exe</Data>
    <Data Name="IpAddress">-</Data>
    <Data Name="IpPort">-</Data>
    <Data Name="ImpersonationLevel">%%1833</Data>
    <Data Name="RestrictedAdminMode">-</Data>
    <Data Name="TargetOutboundUserName">-</Data>
    <Data Name="TargetOutboundDomainName">-</Data>
    <Data Name="VirtualAccount">%%1843</Data>
    <Data Name="TargetLinkedLogonId">0x0</Data>
    <Data Name="ElevatedToken">%%1842</Data>
  </EventData>
</Event>
Record 1251
<?xml version="1.0" encoding="utf-8"?>
<Event xmlns="http://schemas.microsoft.com/win/2004/08/events/event">
  <System>
    <Provider Name="Microsoft-Windows-Security-Auditing" Guid="54849625-5478-4994-A5BA-3E3B0328C30D">
    </Provider>
    <EventID>4672</EventID>
    <Version>0</Version>
    <Level>0</Level>
    <Task>12548</Task>
    <Opcode>0</Opcode>
    <Keywords>0x8020000000000000</Keywords>
    <TimeCreated SystemTime="2025-07-02T22:32:34.224499Z">
    </TimeCreated>
    <EventRecordID>1251</EventRecordID>
    <Correlation ActivityID="ECEB6DEC-EB9B-0001-D36E-EBEC9BEBDB01">
    </Correlation>
    <Execution ProcessID="652" ThreadID="10724">
    </Execution>
    <Channel>Security</Channel>
    <Computer>DESKTOP-P5L8521</Computer>
    <Security>
    </Security>
  </System>
  <EventData>
    <Data Name="SubjectUserSid">S-1-5-18</Data>
    <Data Name="SubjectUserName">SYSTEM</Data>
    <Data Name="SubjectDomainName">NT AUTHORITY</Data>
    <Data Name="SubjectLogonId">0x3e7</Data>
    <Data Name="PrivilegeList">SeAssignPrimaryTokenPrivilege
			SeTcbPrivilege
			SeSecurityPrivilege
			SeTakeOwnershipPrivilege
			SeLoadDriverPrivilege
			SeBackupPrivilege
			SeRestorePrivilege
			SeDebugPrivilege
			SeAuditPrivilege
			SeSystemEnvironmentPrivilege
			SeImpersonatePrivilege
			SeDelegateSessionUserImpersonatePrivilege</Data>
  </EventData>
</Event>
Record 1252
<?xml version="1.0" encoding="utf-8"?>
<Event xmlns="http://schemas.microsoft.com/win/2004/08/events/event">
  <System>
    <Provider Name="Microsoft-Windows-Security-Auditing" Guid="54849625-5478-4994-A5BA-3E3B0328C30D">
    </Provider>
    <EventID>5379</EventID>
    <Version>0</Version>
    <Level>0</Level>
    <Task>13824</Task>
    <Opcode>0</Opcode>
    <Keywords>0x8020000000000000</Keywords>
    <TimeCreated SystemTime="2025-07-02T22:32:34.249346Z">
    </TimeCreated>
    <EventRecordID>1252</EventRecordID>
    <Correlation ActivityID="ECEB6DEC-EB9B-0001-D36E-EBEC9BEBDB01">
    </Correlation>
    <Execution ProcessID="652" ThreadID="10724">
    </Execution>
    <Channel>Security</Channel>
    <Computer>DESKTOP-P5L8521</Computer>
    <Security>
    </Security>
  </System>
  <EventData>
    <Data Name="SubjectUserSid">S-1-5-18</Data>
    <Data Name="SubjectUserName">DESKTOP-P5L8521$</Data>
    <Data Name="SubjectDomainName">WORKGROUP</Data>
    <Data Name="SubjectLogonId">0x3e7</Data>
    <Data Name="TargetName">WindowsLive:(token):name=02uiiypiqjnzhprf;serviceuri=*</Data>
    <Data Name="Type">0</Data>
    <Data Name="CountOfCredentialsReturned">0</Data>
    <Data Name="ReadOperation">%%8100</Data>
    <Data Name="ReturnCode">3221226021</Data>
    <Data Name="ProcessCreationTime">2025-07-02T22:32:34.225155Z</Data>
    <Data Name="ClientProcessId">5884</Data>
  </EventData>
</Event>
Record 1253
<?xml version="1.0" encoding="utf-8"?>
<Event xmlns="http://schemas.microsoft.com/win/2004/08/events/event">
  <System>
    <Provider Name="Microsoft-Windows-Security-Auditing" Guid="54849625-5478-4994-A5BA-3E3B0328C30D">
    </Provider>
    <EventID>5379</EventID>
    <Version>0</Version>
    <Level>0</Level>
    <Task>13824</Task>
    <Opcode>0</Opcode>
    <Keywords>0x8020000000000000</Keywords>
    <TimeCreated SystemTime="2025-07-02T22:32:34.249500Z">
    </TimeCreated>
    <EventRecordID>1253</EventRecordID>
    <Correlation ActivityID="ECEB6DEC-EB9B-0001-D36E-EBEC9BEBDB01">
    </Correlation>
    <Execution ProcessID="652" ThreadID="10724">
    </Execution>
    <Channel>Security</Channel>
    <Computer>DESKTOP-P5L8521</Computer>
    <Security>
    </Security>
  </System>
  <EventData>
    <Data Name="SubjectUserSid">S-1-5-18</Data>
    <Data Name="SubjectUserName">DESKTOP-P5L8521$</Data>
    <Data Name="SubjectDomainName">WORKGROUP</Data>
    <Data Name="SubjectLogonId">0x3e7</Data>
    <Data Name="TargetName">WindowsLive:(cert):name=02uiiypiqjnzhprf;serviceuri=*</Data>
    <Data Name="Type">0</Data>
    <Data Name="CountOfCredentialsReturned">0</Data>
    <Data Name="ReadOperation">%%8100</Data>
    <Data Name="ReturnCode">3221226021</Data>
    <Data Name="ProcessCreationTime">2025-07-02T22:32:34.225155Z</Data>
    <Data Name="ClientProcessId">5884</Data>
  </EventData>
</Event>
Record 1254
<?xml version="1.0" encoding="utf-8"?>
<Event xmlns="http://schemas.microsoft.com/win/2004/08/events/event">
  <System>
    <Provider Name="Microsoft-Windows-Security-Auditing" Guid="54849625-5478-4994-A5BA-3E3B0328C30D">
    </Provider>
    <EventID>5379</EventID>
    <Version>0</Version>
    <Level>0</Level>
    <Task>13824</Task>
    <Opcode>0</Opcode>
    <Keywords>0x8020000000000000</Keywords>
    <TimeCreated SystemTime="2025-07-02T22:32:34.249537Z">
    </TimeCreated>
    <EventRecordID>1254</EventRecordID>
    <Correlation ActivityID="ECEB6DEC-EB9B-0001-D36E-EBEC9BEBDB01">
    </Correlation>
    <Execution ProcessID="652" ThreadID="10724">
    </Execution>
    <Channel>Security</Channel>
    <Computer>DESKTOP-P5L8521</Computer>
    <Security>
    </Security>
  </System>
  <EventData>
    <Data Name="SubjectUserSid">S-1-5-18</Data>
    <Data Name="SubjectUserName">DESKTOP-P5L8521$</Data>
    <Data Name="SubjectDomainName">WORKGROUP</Data>
    <Data Name="SubjectLogonId">0x3e7</Data>
    <Data Name="TargetName">WindowsLive:target=virtualapp/didlogical</Data>
    <Data Name="Type">0</Data>
    <Data Name="CountOfCredentialsReturned">1</Data>
    <Data Name="ReadOperation">%%8100</Data>
    <Data Name="ReturnCode">0</Data>
    <Data Name="ProcessCreationTime">2025-07-02T22:32:34.225155Z</Data>
    <Data Name="ClientProcessId">5884</Data>
  </EventData>
</Event>
Record 1255
<?xml version="1.0" encoding="utf-8"?>
<Event xmlns="http://schemas.microsoft.com/win/2004/08/events/event">
  <System>
    <Provider Name="Microsoft-Windows-Security-Auditing" Guid="54849625-5478-4994-A5BA-3E3B0328C30D">
    </Provider>
    <EventID>5379</EventID>
    <Version>0</Version>
    <Level>0</Level>
    <Task>13824</Task>
    <Opcode>0</Opcode>
    <Keywords>0x8020000000000000</Keywords>
    <TimeCreated SystemTime="2025-07-02T22:32:34.251417Z">
    </TimeCreated>
    <EventRecordID>1255</EventRecordID>
    <Correlation ActivityID="ECEB6DEC-EB9B-0001-D36E-EBEC9BEBDB01">
    </Correlation>
    <Execution ProcessID="652" ThreadID="10724">
    </Execution>
    <Channel>Security</Channel>
    <Computer>DESKTOP-P5L8521</Computer>
    <Security>
    </Security>
  </System>
  <EventData>
    <Data Name="SubjectUserSid">S-1-5-21-2584721208-1353900670-1627748517-1001</Data>
    <Data Name="SubjectUserName">zeus</Data>
    <Data Name="SubjectDomainName">DESKTOP-P5L8521</Data>
    <Data Name="SubjectLogonId">0x640701</Data>
    <Data Name="TargetName">WindowsLive:(token):name=02pzgftkjtvakphh;serviceuri=*</Data>
    <Data Name="Type">0</Data>
    <Data Name="CountOfCredentialsReturned">0</Data>
    <Data Name="ReadOperation">%%8100</Data>
    <Data Name="ReturnCode">3221226021</Data>
    <Data Name="ProcessCreationTime">2025-07-02T22:32:34.225155Z</Data>
    <Data Name="ClientProcessId">5884</Data>
  </EventData>
</Event>
Record 1256
<?xml version="1.0" encoding="utf-8"?>
<Event xmlns="http://schemas.microsoft.com/win/2004/08/events/event">
  <System>
    <Provider Name="Microsoft-Windows-Security-Auditing" Guid="54849625-5478-4994-A5BA-3E3B0328C30D">
    </Provider>
    <EventID>5379</EventID>
    <Version>0</Version>
    <Level>0</Level>
    <Task>13824</Task>
    <Opcode>0</Opcode>
    <Keywords>0x8020000000000000</Keywords>
    <TimeCreated SystemTime="2025-07-02T22:32:34.251529Z">
    </TimeCreated>
    <EventRecordID>1256</EventRecordID>
    <Correlation ActivityID="ECEB6DEC-EB9B-0001-D36E-EBEC9BEBDB01">
    </Correlation>
    <Execution ProcessID="652" ThreadID="10724">
    </Execution>
    <Channel>Security</Channel>
    <Computer>DESKTOP-P5L8521</Computer>
    <Security>
    </Security>
  </System>
  <EventData>
    <Data Name="SubjectUserSid">S-1-5-21-2584721208-1353900670-1627748517-1001</Data>
    <Data Name="SubjectUserName">zeus</Data>
    <Data Name="SubjectDomainName">DESKTOP-P5L8521</Data>
    <Data Name="SubjectLogonId">0x640701</Data>
    <Data Name="TargetName">WindowsLive:(cert):name=02pzgftkjtvakphh;serviceuri=*</Data>
    <Data Name="Type">0</Data>
    <Data Name="CountOfCredentialsReturned">0</Data>
    <Data Name="ReadOperation">%%8100</Data>
    <Data Name="ReturnCode">3221226021</Data>
    <Data Name="ProcessCreationTime">2025-07-02T22:32:34.225155Z</Data>
    <Data Name="ClientProcessId">5884</Data>
  </EventData>
</Event>
Record 1257
<?xml version="1.0" encoding="utf-8"?>
<Event xmlns="http://schemas.microsoft.com/win/2004/08/events/event">
  <System>
    <Provider Name="Microsoft-Windows-Security-Auditing" Guid="54849625-5478-4994-A5BA-3E3B0328C30D">
    </Provider>
    <EventID>5379</EventID>
    <Version>0</Version>
    <Level>0</Level>
    <Task>13824</Task>
    <Opcode>0</Opcode>
    <Keywords>0x8020000000000000</Keywords>
    <TimeCreated SystemTime="2025-07-02T22:32:34.251560Z">
    </TimeCreated>
    <EventRecordID>1257</EventRecordID>
    <Correlation ActivityID="ECEB6DEC-EB9B-0001-D36E-EBEC9BEBDB01">
    </Correlation>
    <Execution ProcessID="652" ThreadID="10724">
    </Execution>
    <Channel>Security</Channel>
    <Computer>DESKTOP-P5L8521</Computer>
    <Security>
    </Security>
  </System>
  <EventData>
    <Data Name="SubjectUserSid">S-1-5-21-2584721208-1353900670-1627748517-1001</Data>
    <Data Name="SubjectUserName">zeus</Data>
    <Data Name="SubjectDomainName">DESKTOP-P5L8521</Data>
    <Data Name="SubjectLogonId">0x640701</Data>
    <Data Name="TargetName">WindowsLive:target=virtualapp/didlogical</Data>
    <Data Name="Type">0</Data>
    <Data Name="CountOfCredentialsReturned">1</Data>
    <Data Name="ReadOperation">%%8100</Data>
    <Data Name="ReturnCode">0</Data>
    <Data Name="ProcessCreationTime">2025-07-02T22:32:34.225155Z</Data>
    <Data Name="ClientProcessId">5884</Data>
  </EventData>
</Event>
Record 1258
<?xml version="1.0" encoding="utf-8"?>
<Event xmlns="http://schemas.microsoft.com/win/2004/08/events/event">
  <System>
    <Provider Name="Microsoft-Windows-Security-Auditing" Guid="54849625-5478-4994-A5BA-3E3B0328C30D">
    </Provider>
    <EventID>5379</EventID>
    <Version>0</Version>
    <Level>0</Level>
    <Task>13824</Task>
    <Opcode>0</Opcode>
    <Keywords>0x8020000000000000</Keywords>
    <TimeCreated SystemTime="2025-07-02T22:32:34.252517Z">
    </TimeCreated>
    <EventRecordID>1258</EventRecordID>
    <Correlation ActivityID="ECEB6DEC-EB9B-0001-D36E-EBEC9BEBDB01">
    </Correlation>
    <Execution ProcessID="652" ThreadID="10724">
    </Execution>
    <Channel>Security</Channel>
    <Computer>DESKTOP-P5L8521</Computer>
    <Security>
    </Security>
  </System>
  <EventData>
    <Data Name="SubjectUserSid">S-1-5-21-2584721208-1353900670-1627748517-1001</Data>
    <Data Name="SubjectUserName">zeus</Data>
    <Data Name="SubjectDomainName">DESKTOP-P5L8521</Data>
    <Data Name="SubjectLogonId">0x640701</Data>
    <Data Name="TargetName">MicrosoftAccount:user=02pzgftkjtvakphh</Data>
    <Data Name="Type">0</Data>
    <Data Name="CountOfCredentialsReturned">0</Data>
    <Data Name="ReadOperation">%%8100</Data>
    <Data Name="ReturnCode">3221226021</Data>
    <Data Name="ProcessCreationTime">2025-07-02T22:32:34.225155Z</Data>
    <Data Name="ClientProcessId">5884</Data>
  </EventData>
</Event>
Record 1259
<?xml version="1.0" encoding="utf-8"?>
<Event xmlns="http://schemas.microsoft.com/win/2004/08/events/event">
  <System>
    <Provider Name="Microsoft-Windows-Security-Auditing" Guid="54849625-5478-4994-A5BA-3E3B0328C30D">
    </Provider>
    <EventID>5379</EventID>
    <Version>0</Version>
    <Level>0</Level>
    <Task>13824</Task>
    <Opcode>0</Opcode>
    <Keywords>0x8020000000000000</Keywords>
    <TimeCreated SystemTime="2025-07-02T22:32:34.252605Z">
    </TimeCreated>
    <EventRecordID>1259</EventRecordID>
    <Correlation ActivityID="ECEB6DEC-EB9B-0001-D36E-EBEC9BEBDB01">
    </Correlation>
    <Execution ProcessID="652" ThreadID="10724">
    </Execution>
    <Channel>Security</Channel>
    <Computer>DESKTOP-P5L8521</Computer>
    <Security>
    </Security>
  </System>
  <EventData>
    <Data Name="SubjectUserSid">S-1-5-21-2584721208-1353900670-1627748517-1001</Data>
    <Data Name="SubjectUserName">zeus</Data>
    <Data Name="SubjectDomainName">DESKTOP-P5L8521</Data>
    <Data Name="SubjectLogonId">0x640701</Data>
    <Data Name="TargetName">WindowsLive:(token):name=02pzgftkjtvakphh;serviceuri=*</Data>
    <Data Name="Type">0</Data>
    <Data Name="CountOfCredentialsReturned">0</Data>
    <Data Name="ReadOperation">%%8100</Data>
    <Data Name="ReturnCode">3221226021</Data>
    <Data Name="ProcessCreationTime">2025-07-02T22:32:34.225155Z</Data>
    <Data Name="ClientProcessId">5884</Data>
  </EventData>
</Event>
Record 1260
<?xml version="1.0" encoding="utf-8"?>
<Event xmlns="http://schemas.microsoft.com/win/2004/08/events/event">
  <System>
    <Provider Name="Microsoft-Windows-Security-Auditing" Guid="54849625-5478-4994-A5BA-3E3B0328C30D">
    </Provider>
    <EventID>5379</EventID>
    <Version>0</Version>
    <Level>0</Level>
    <Task>13824</Task>
    <Opcode>0</Opcode>
    <Keywords>0x8020000000000000</Keywords>
    <TimeCreated SystemTime="2025-07-02T22:32:34.252735Z">
    </TimeCreated>
    <EventRecordID>1260</EventRecordID>
    <Correlation ActivityID="ECEB6DEC-EB9B-0001-D36E-EBEC9BEBDB01">
    </Correlation>
    <Execution ProcessID="652" ThreadID="10724">
    </Execution>
    <Channel>Security</Channel>
    <Computer>DESKTOP-P5L8521</Computer>
    <Security>
    </Security>
  </System>
  <EventData>
    <Data Name="SubjectUserSid">S-1-5-21-2584721208-1353900670-1627748517-1001</Data>
    <Data Name="SubjectUserName">zeus</Data>
    <Data Name="SubjectDomainName">DESKTOP-P5L8521</Data>
    <Data Name="SubjectLogonId">0x640701</Data>
    <Data Name="TargetName">WindowsLive:(cert):name=02pzgftkjtvakphh;serviceuri=*</Data>
    <Data Name="Type">0</Data>
    <Data Name="CountOfCredentialsReturned">0</Data>
    <Data Name="ReadOperation">%%8100</Data>
    <Data Name="ReturnCode">3221226021</Data>
    <Data Name="ProcessCreationTime">2025-07-02T22:32:34.225155Z</Data>
    <Data Name="ClientProcessId">5884</Data>
  </EventData>
</Event>
Record 1261
<?xml version="1.0" encoding="utf-8"?>
<Event xmlns="http://schemas.microsoft.com/win/2004/08/events/event">
  <System>
    <Provider Name="Microsoft-Windows-Security-Auditing" Guid="54849625-5478-4994-A5BA-3E3B0328C30D">
    </Provider>
    <EventID>5379</EventID>
    <Version>0</Version>
    <Level>0</Level>
    <Task>13824</Task>
    <Opcode>0</Opcode>
    <Keywords>0x8020000000000000</Keywords>
    <TimeCreated SystemTime="2025-07-02T22:32:34.271170Z">
    </TimeCreated>
    <EventRecordID>1261</EventRecordID>
    <Correlation ActivityID="ECEB6DEC-EB9B-0001-D36E-EBEC9BEBDB01">
    </Correlation>
    <Execution ProcessID="652" ThreadID="8412">
    </Execution>
    <Channel>Security</Channel>
    <Computer>DESKTOP-P5L8521</Computer>
    <Security>
    </Security>
  </System>
  <EventData>
    <Data Name="SubjectUserSid">S-1-5-21-2584721208-1353900670-1627748517-1000</Data>
    <Data Name="SubjectUserName">agent</Data>
    <Data Name="SubjectDomainName">DESKTOP-P5L8521</Data>
    <Data Name="SubjectLogonId">0x283ed</Data>
    <Data Name="TargetName">WindowsLive:(token):name=02qqqvkzcakefzjy;serviceuri=*</Data>
    <Data Name="Type">0</Data>
    <Data Name="CountOfCredentialsReturned">0</Data>
    <Data Name="ReadOperation">%%8100</Data>
    <Data Name="ReturnCode">3221226021</Data>
    <Data Name="ProcessCreationTime">2025-07-02T22:32:34.225155Z</Data>
    <Data Name="ClientProcessId">5884</Data>
  </EventData>
</Event>
