Record 643
<?xml version="1.0" encoding="utf-8"?>
<Event xmlns="http://schemas.microsoft.com/win/2004/08/events/event">
  <System>
    <Provider Name="Microsoft-Windows-Security-Auditing" Guid="54849625-5478-4994-A5BA-3E3B0328C30D">
    </Provider>
    <EventID>4672</EventID>
    <Version>0</Version>
    <Level>0</Level>
    <Task>12548</Task>
    <Opcode>0</Opcode>
    <Keywords>0x8020000000000000</Keywords>
    <TimeCreated SystemTime="2025-07-02T21:54:54.788073Z">
    </TimeCreated>
    <EventRecordID>643</EventRecordID>
    <Correlation ActivityID="ECEB6DEC-EB9B-0001-D36E-EBEC9BEBDB01">
    </Correlation>
    <Execution ProcessID="652" ThreadID="704">
    </Execution>
    <Channel>Security</Channel>
    <Computer>DESKTOP-P5L8521</Computer>
    <Security>
    </Security>
  </System>
  <EventData>
    <Data Name="SubjectUserSid">S-1-5-18</Data>
    <Data Name="SubjectUserName">SYSTEM</Data>
    <Data Name="SubjectDomainName">NT AUTHORITY</Data>
    <Data Name="SubjectLogonId">0x3e7</Data>
    <Data Name="PrivilegeList">SeAssignPrimaryTokenPrivilege
			SeTcbPrivilege
			SeSecurityPrivilege
			SeTakeOwnershipPrivilege
			SeLoadDriverPrivilege
			SeBackupPrivilege
			SeRestorePrivilege
			SeDebugPrivilege
			SeAuditPrivilege
			SeSystemEnvironmentPrivilege
			SeImpersonatePrivilege
			SeDelegateSessionUserImpersonatePrivilege</Data>
  </EventData>
</Event>
Record 644
<?xml version="1.0" encoding="utf-8"?>
<Event xmlns="http://schemas.microsoft.com/win/2004/08/events/event">
  <System>
    <Provider Name="Microsoft-Windows-Security-Auditing" Guid="54849625-5478-4994-A5BA-3E3B0328C30D">
    </Provider>
    <EventID>4624</EventID>
    <Version>2</Version>
    <Level>0</Level>
    <Task>12544</Task>
    <Opcode>0</Opcode>
    <Keywords>0x8020000000000000</Keywords>
    <TimeCreated SystemTime="2025-07-02T21:54:54.813448Z">
    </TimeCreated>
    <EventRecordID>644</EventRecordID>
    <Correlation ActivityID="ECEB6DEC-EB9B-0001-D36E-EBEC9BEBDB01">
    </Correlation>
    <Execution ProcessID="652" ThreadID="732">
    </Execution>
    <Channel>Security</Channel>
    <Computer>DESKTOP-P5L8521</Computer>
    <Security>
    </Security>
  </System>
  <EventData>
    <Data Name="SubjectUserSid">S-1-5-18</Data>
    <Data Name="SubjectUserName">DESKTOP-P5L8521$</Data>
    <Data Name="SubjectDomainName">WORKGROUP</Data>
    <Data Name="SubjectLogonId">0x3e7</Data>
    <Data Name="TargetUserSid">S-1-5-18</Data>
    <Data Name="TargetUserName">SYSTEM</Data>
    <Data Name="TargetDomainName">NT AUTHORITY</Data>
    <Data Name="TargetLogonId">0x3e7</Data>
    <Data Name="LogonType">5</Data>
    <Data Name="LogonProcessName">Advapi</Data>
    <Data Name="AuthenticationPackageName">Negotiate</Data>
    <Data Name="WorkstationName">-</Data>
    <Data Name="LogonGuid">00000000-0000-0000-0000-000000000000</Data>
    <Data Name="TransmittedServices">-</Data>
    <Data Name="LmPackageName">-</Data>
    <Data Name="KeyLength">0</Data>
    <Data Name="ProcessId">0x26c</Data>
    <Data Name="ProcessName">C:\Windows\System32\services.exe</Data>
    <Data Name="IpAddress">-</Data>
    <Data Name="IpPort">-</Data>
    <Data Name="ImpersonationLevel">%%1833</Data>
    <Data Name="RestrictedAdminMode">-</Data>
    <Data Name="TargetOutboundUserName">-</Data>
    <Data Name="TargetOutboundDomainName">-</Data>
    <Data Name="VirtualAccount">%%1843</Data>
    <Data Name="TargetLinkedLogonId">0x0</Data>
    <Data Name="ElevatedToken">%%1842</Data>
  </EventData>
</Event>
Record 645
<?xml version="1.0" encoding="utf-8"?>
<Event xmlns="http://schemas.microsoft.com/win/2004/08/events/event">
  <System>
    <Provider Name="Microsoft-Windows-Security-Auditing" Guid="54849625-5478-4994-A5BA-3E3B0328C30D">
    </Provider>
    <EventID>4672</EventID>
    <Version>0</Version>
    <Level>0</Level>
    <Task>12548</Task>
    <Opcode>0</Opcode>
    <Keywords>0x8020000000000000</Keywords>
    <TimeCreated SystemTime="2025-07-02T21:54:54.813452Z">
    </TimeCreated>
    <EventRecordID>645</EventRecordID>
    <Correlation ActivityID="ECEB6DEC-EB9B-0001-D36E-EBEC9BEBDB01">
    </Correlation>
    <Execution ProcessID="652" ThreadID="732">
    </Execution>
    <Channel>Security</Channel>
    <Computer>DESKTOP-P5L8521</Computer>
    <Security>
    </Security>
  </System>
  <EventData>
    <Data Name="SubjectUserSid">S-1-5-18</Data>
    <Data Name="SubjectUserName">SYSTEM</Data>
    <Data Name="SubjectDomainName">NT AUTHORITY</Data>
    <Data Name="SubjectLogonId">0x3e7</Data>
    <Data Name="PrivilegeList">SeAssignPrimaryTokenPrivilege
			SeTcbPrivilege
			SeSecurityPrivilege
			SeTakeOwnershipPrivilege
			SeLoadDriverPrivilege
			SeBackupPrivilege
			SeRestorePrivilege
			SeDebugPrivilege
			SeAuditPrivilege
			SeSystemEnvironmentPrivilege
			SeImpersonatePrivilege
			SeDelegateSessionUserImpersonatePrivilege</Data>
  </EventData>
</Event>
Record 646
<?xml version="1.0" encoding="utf-8"?>
<Event xmlns="http://schemas.microsoft.com/win/2004/08/events/event">
  <System>
    <Provider Name="Microsoft-Windows-Security-Auditing" Guid="54849625-5478-4994-A5BA-3E3B0328C30D">
    </Provider>
    <EventID>4624</EventID>
    <Version>2</Version>
    <Level>0</Level>
    <Task>12544</Task>
    <Opcode>0</Opcode>
    <Keywords>0x8020000000000000</Keywords>
    <TimeCreated SystemTime="2025-07-02T21:54:54.863834Z">
    </TimeCreated>
    <EventRecordID>646</EventRecordID>
    <Correlation ActivityID="ECEB6DEC-EB9B-0001-D36E-EBEC9BEBDB01">
    </Correlation>
    <Execution ProcessID="652" ThreadID="732">
    </Execution>
    <Channel>Security</Channel>
    <Computer>DESKTOP-P5L8521</Computer>
    <Security>
    </Security>
  </System>
  <EventData>
    <Data Name="SubjectUserSid">S-1-5-18</Data>
    <Data Name="SubjectUserName">DESKTOP-P5L8521$</Data>
    <Data Name="SubjectDomainName">WORKGROUP</Data>
    <Data Name="SubjectLogonId">0x3e7</Data>
    <Data Name="TargetUserSid">S-1-5-18</Data>
    <Data Name="TargetUserName">SYSTEM</Data>
    <Data Name="TargetDomainName">NT AUTHORITY</Data>
    <Data Name="TargetLogonId">0x3e7</Data>
    <Data Name="LogonType">5</Data>
    <Data Name="LogonProcessName">Advapi</Data>
    <Data Name="AuthenticationPackageName">Negotiate</Data>
    <Data Name="WorkstationName">-</Data>
    <Data Name="LogonGuid">00000000-0000-0000-0000-000000000000</Data>
    <Data Name="TransmittedServices">-</Data>
    <Data Name="LmPackageName">-</Data>
    <Data Name="KeyLength">0</Data>
    <Data Name="ProcessId">0x26c</Data>
    <Data Name="ProcessName">C:\Windows\System32\services.exe</Data>
    <Data Name="IpAddress">-</Data>
    <Data Name="IpPort">-</Data>
    <Data Name="ImpersonationLevel">%%1833</Data>
    <Data Name="RestrictedAdminMode">-</Data>
    <Data Name="TargetOutboundUserName">-</Data>
    <Data Name="TargetOutboundDomainName">-</Data>
    <Data Name="VirtualAccount">%%1843</Data>
    <Data Name="TargetLinkedLogonId">0x0</Data>
    <Data Name="ElevatedToken">%%1842</Data>
  </EventData>
</Event>
Record 647
<?xml version="1.0" encoding="utf-8"?>
<Event xmlns="http://schemas.microsoft.com/win/2004/08/events/event">
  <System>
    <Provider Name="Microsoft-Windows-Security-Auditing" Guid="54849625-5478-4994-A5BA-3E3B0328C30D">
    </Provider>
    <EventID>4672</EventID>
    <Version>0</Version>
    <Level>0</Level>
    <Task>12548</Task>
    <Opcode>0</Opcode>
    <Keywords>0x8020000000000000</Keywords>
    <TimeCreated SystemTime="2025-07-02T21:54:54.863838Z">
    </TimeCreated>
    <EventRecordID>647</EventRecordID>
    <Correlation ActivityID="ECEB6DEC-EB9B-0001-D36E-EBEC9BEBDB01">
    </Correlation>
    <Execution ProcessID="652" ThreadID="732">
    </Execution>
    <Channel>Security</Channel>
    <Computer>DESKTOP-P5L8521</Computer>
    <Security>
    </Security>
  </System>
  <EventData>
    <Data Name="SubjectUserSid">S-1-5-18</Data>
    <Data Name="SubjectUserName">SYSTEM</Data>
    <Data Name="SubjectDomainName">NT AUTHORITY</Data>
    <Data Name="SubjectLogonId">0x3e7</Data>
    <Data Name="PrivilegeList">SeAssignPrimaryTokenPrivilege
			SeTcbPrivilege
			SeSecurityPrivilege
			SeTakeOwnershipPrivilege
			SeLoadDriverPrivilege
			SeBackupPrivilege
			SeRestorePrivilege
			SeDebugPrivilege
			SeAuditPrivilege
			SeSystemEnvironmentPrivilege
			SeImpersonatePrivilege
			SeDelegateSessionUserImpersonatePrivilege</Data>
  </EventData>
</Event>
Record 648
<?xml version="1.0" encoding="utf-8"?>
<Event xmlns="http://schemas.microsoft.com/win/2004/08/events/event">
  <System>
    <Provider Name="Microsoft-Windows-Security-Auditing" Guid="54849625-5478-4994-A5BA-3E3B0328C30D">
    </Provider>
    <EventID>4624</EventID>
    <Version>2</Version>
    <Level>0</Level>
    <Task>12544</Task>
    <Opcode>0</Opcode>
    <Keywords>0x8020000000000000</Keywords>
    <TimeCreated SystemTime="2025-07-02T21:54:54.889909Z">
    </TimeCreated>
    <EventRecordID>648</EventRecordID>
    <Correlation ActivityID="ECEB6DEC-EB9B-0001-D36E-EBEC9BEBDB01">
    </Correlation>
    <Execution ProcessID="652" ThreadID="708">
    </Execution>
    <Channel>Security</Channel>
    <Computer>DESKTOP-P5L8521</Computer>
    <Security>
    </Security>
  </System>
  <EventData>
    <Data Name="SubjectUserSid">S-1-5-18</Data>
    <Data Name="SubjectUserName">DESKTOP-P5L8521$</Data>
    <Data Name="SubjectDomainName">WORKGROUP</Data>
    <Data Name="SubjectLogonId">0x3e7</Data>
    <Data Name="TargetUserSid">S-1-5-18</Data>
    <Data Name="TargetUserName">SYSTEM</Data>
    <Data Name="TargetDomainName">NT AUTHORITY</Data>
    <Data Name="TargetLogonId">0x3e7</Data>
    <Data Name="LogonType">5</Data>
    <Data Name="LogonProcessName">Advapi</Data>
    <Data Name="AuthenticationPackageName">Negotiate</Data>
    <Data Name="WorkstationName">-</Data>
    <Data Name="LogonGuid">00000000-0000-0000-0000-000000000000</Data>
    <Data Name="TransmittedServices">-</Data>
    <Data Name="LmPackageName">-</Data>
    <Data Name="KeyLength">0</Data>
    <Data Name="ProcessId">0x26c</Data>
    <Data Name="ProcessName">C:\Windows\System32\services.exe</Data>
    <Data Name="IpAddress">-</Data>
    <Data Name="IpPort">-</Data>
    <Data Name="ImpersonationLevel">%%1833</Data>
    <Data Name="RestrictedAdminMode">-</Data>
    <Data Name="TargetOutboundUserName">-</Data>
    <Data Name="TargetOutboundDomainName">-</Data>
    <Data Name="VirtualAccount">%%1843</Data>
    <Data Name="TargetLinkedLogonId">0x0</Data>
    <Data Name="ElevatedToken">%%1842</Data>
  </EventData>
</Event>
Record 649
<?xml version="1.0" encoding="utf-8"?>
<Event xmlns="http://schemas.microsoft.com/win/2004/08/events/event">
  <System>
    <Provider Name="Microsoft-Windows-Security-Auditing" Guid="54849625-5478-4994-A5BA-3E3B0328C30D">
    </Provider>
    <EventID>4672</EventID>
    <Version>0</Version>
    <Level>0</Level>
    <Task>12548</Task>
    <Opcode>0</Opcode>
    <Keywords>0x8020000000000000</Keywords>
    <TimeCreated SystemTime="2025-07-02T21:54:54.889915Z">
    </TimeCreated>
    <EventRecordID>649</EventRecordID>
    <Correlation ActivityID="ECEB6DEC-EB9B-0001-D36E-EBEC9BEBDB01">
    </Correlation>
    <Execution ProcessID="652" ThreadID="708">
    </Execution>
    <Channel>Security</Channel>
    <Computer>DESKTOP-P5L8521</Computer>
    <Security>
    </Security>
  </System>
  <EventData>
    <Data Name="SubjectUserSid">S-1-5-18</Data>
    <Data Name="SubjectUserName">SYSTEM</Data>
    <Data Name="SubjectDomainName">NT AUTHORITY</Data>
    <Data Name="SubjectLogonId">0x3e7</Data>
    <Data Name="PrivilegeList">SeAssignPrimaryTokenPrivilege
			SeTcbPrivilege
			SeSecurityPrivilege
			SeTakeOwnershipPrivilege
			SeLoadDriverPrivilege
			SeBackupPrivilege
			SeRestorePrivilege
			SeDebugPrivilege
			SeAuditPrivilege
			SeSystemEnvironmentPrivilege
			SeImpersonatePrivilege
			SeDelegateSessionUserImpersonatePrivilege</Data>
  </EventData>
</Event>
Record 650
<?xml version="1.0" encoding="utf-8"?>
<Event xmlns="http://schemas.microsoft.com/win/2004/08/events/event">
  <System>
    <Provider Name="Microsoft-Windows-Security-Auditing" Guid="54849625-5478-4994-A5BA-3E3B0328C30D">
    </Provider>
    <EventID>4624</EventID>
    <Version>2</Version>
    <Level>0</Level>
    <Task>12544</Task>
    <Opcode>0</Opcode>
    <Keywords>0x8020000000000000</Keywords>
    <TimeCreated SystemTime="2025-07-02T21:54:54.929197Z">
    </TimeCreated>
    <EventRecordID>650</EventRecordID>
    <Correlation ActivityID="ECEB6DEC-EB9B-0001-D36E-EBEC9BEBDB01">
    </Correlation>
    <Execution ProcessID="652" ThreadID="732">
    </Execution>
    <Channel>Security</Channel>
    <Computer>DESKTOP-P5L8521</Computer>
    <Security>
    </Security>
  </System>
  <EventData>
    <Data Name="SubjectUserSid">S-1-5-18</Data>
    <Data Name="SubjectUserName">DESKTOP-P5L8521$</Data>
    <Data Name="SubjectDomainName">WORKGROUP</Data>
    <Data Name="SubjectLogonId">0x3e7</Data>
    <Data Name="TargetUserSid">S-1-5-18</Data>
    <Data Name="TargetUserName">SYSTEM</Data>
    <Data Name="TargetDomainName">NT AUTHORITY</Data>
    <Data Name="TargetLogonId">0x3e7</Data>
    <Data Name="LogonType">5</Data>
    <Data Name="LogonProcessName">Advapi</Data>
    <Data Name="AuthenticationPackageName">Negotiate</Data>
    <Data Name="WorkstationName">-</Data>
    <Data Name="LogonGuid">00000000-0000-0000-0000-000000000000</Data>
    <Data Name="TransmittedServices">-</Data>
    <Data Name="LmPackageName">-</Data>
    <Data Name="KeyLength">0</Data>
    <Data Name="ProcessId">0x26c</Data>
    <Data Name="ProcessName">C:\Windows\System32\services.exe</Data>
    <Data Name="IpAddress">-</Data>
    <Data Name="IpPort">-</Data>
    <Data Name="ImpersonationLevel">%%1833</Data>
    <Data Name="RestrictedAdminMode">-</Data>
    <Data Name="TargetOutboundUserName">-</Data>
    <Data Name="TargetOutboundDomainName">-</Data>
    <Data Name="VirtualAccount">%%1843</Data>
    <Data Name="TargetLinkedLogonId">0x0</Data>
    <Data Name="ElevatedToken">%%1842</Data>
  </EventData>
</Event>
Record 651
<?xml version="1.0" encoding="utf-8"?>
<Event xmlns="http://schemas.microsoft.com/win/2004/08/events/event">
  <System>
    <Provider Name="Microsoft-Windows-Security-Auditing" Guid="54849625-5478-4994-A5BA-3E3B0328C30D">
    </Provider>
    <EventID>4672</EventID>
    <Version>0</Version>
    <Level>0</Level>
    <Task>12548</Task>
    <Opcode>0</Opcode>
    <Keywords>0x8020000000000000</Keywords>
    <TimeCreated SystemTime="2025-07-02T21:54:54.929203Z">
    </TimeCreated>
    <EventRecordID>651</EventRecordID>
    <Correlation ActivityID="ECEB6DEC-EB9B-0001-D36E-EBEC9BEBDB01">
    </Correlation>
    <Execution ProcessID="652" ThreadID="732">
    </Execution>
    <Channel>Security</Channel>
    <Computer>DESKTOP-P5L8521</Computer>
    <Security>
    </Security>
  </System>
  <EventData>
    <Data Name="SubjectUserSid">S-1-5-18</Data>
    <Data Name="SubjectUserName">SYSTEM</Data>
    <Data Name="SubjectDomainName">NT AUTHORITY</Data>
    <Data Name="SubjectLogonId">0x3e7</Data>
    <Data Name="PrivilegeList">SeAssignPrimaryTokenPrivilege
			SeTcbPrivilege
			SeSecurityPrivilege
			SeTakeOwnershipPrivilege
			SeLoadDriverPrivilege
			SeBackupPrivilege
			SeRestorePrivilege
			SeDebugPrivilege
			SeAuditPrivilege
			SeSystemEnvironmentPrivilege
			SeImpersonatePrivilege
			SeDelegateSessionUserImpersonatePrivilege</Data>
  </EventData>
</Event>
Record 652
<?xml version="1.0" encoding="utf-8"?>
<Event xmlns="http://schemas.microsoft.com/win/2004/08/events/event">
  <System>
    <Provider Name="Microsoft-Windows-Security-Auditing" Guid="54849625-5478-4994-A5BA-3E3B0328C30D">
    </Provider>
    <EventID>4624</EventID>
    <Version>2</Version>
    <Level>0</Level>
    <Task>12544</Task>
    <Opcode>0</Opcode>
    <Keywords>0x8020000000000000</Keywords>
    <TimeCreated SystemTime="2025-07-02T21:54:54.930277Z">
    </TimeCreated>
    <EventRecordID>652</EventRecordID>
    <Correlation ActivityID="ECEB6DEC-EB9B-0001-D36E-EBEC9BEBDB01">
    </Correlation>
    <Execution ProcessID="652" ThreadID="708">
    </Execution>
    <Channel>Security</Channel>
    <Computer>DESKTOP-P5L8521</Computer>
    <Security>
    </Security>
  </System>
  <EventData>
    <Data Name="SubjectUserSid">S-1-5-18</Data>
    <Data Name="SubjectUserName">DESKTOP-P5L8521$</Data>
    <Data Name="SubjectDomainName">WORKGROUP</Data>
    <Data Name="SubjectLogonId">0x3e7</Data>
    <Data Name="TargetUserSid">S-1-5-18</Data>
    <Data Name="TargetUserName">SYSTEM</Data>
    <Data Name="TargetDomainName">NT AUTHORITY</Data>
    <Data Name="TargetLogonId">0x3e7</Data>
    <Data Name="LogonType">5</Data>
    <Data Name="LogonProcessName">Advapi</Data>
    <Data Name="AuthenticationPackageName">Negotiate</Data>
    <Data Name="WorkstationName">-</Data>
    <Data Name="LogonGuid">00000000-0000-0000-0000-000000000000</Data>
    <Data Name="TransmittedServices">-</Data>
    <Data Name="LmPackageName">-</Data>
    <Data Name="KeyLength">0</Data>
    <Data Name="ProcessId">0x26c</Data>
    <Data Name="ProcessName">C:\Windows\System32\services.exe</Data>
    <Data Name="IpAddress">-</Data>
    <Data Name="IpPort">-</Data>
    <Data Name="ImpersonationLevel">%%1833</Data>
    <Data Name="RestrictedAdminMode">-</Data>
    <Data Name="TargetOutboundUserName">-</Data>
    <Data Name="TargetOutboundDomainName">-</Data>
    <Data Name="VirtualAccount">%%1843</Data>
    <Data Name="TargetLinkedLogonId">0x0</Data>
    <Data Name="ElevatedToken">%%1842</Data>
  </EventData>
</Event>
Record 653
<?xml version="1.0" encoding="utf-8"?>
<Event xmlns="http://schemas.microsoft.com/win/2004/08/events/event">
  <System>
    <Provider Name="Microsoft-Windows-Security-Auditing" Guid="54849625-5478-4994-A5BA-3E3B0328C30D">
    </Provider>
    <EventID>4672</EventID>
    <Version>0</Version>
    <Level>0</Level>
    <Task>12548</Task>
    <Opcode>0</Opcode>
    <Keywords>0x8020000000000000</Keywords>
    <TimeCreated SystemTime="2025-07-02T21:54:54.930282Z">
    </TimeCreated>
    <EventRecordID>653</EventRecordID>
    <Correlation ActivityID="ECEB6DEC-EB9B-0001-D36E-EBEC9BEBDB01">
    </Correlation>
    <Execution ProcessID="652" ThreadID="708">
    </Execution>
    <Channel>Security</Channel>
    <Computer>DESKTOP-P5L8521</Computer>
    <Security>
    </Security>
  </System>
  <EventData>
    <Data Name="SubjectUserSid">S-1-5-18</Data>
    <Data Name="SubjectUserName">SYSTEM</Data>
    <Data Name="SubjectDomainName">NT AUTHORITY</Data>
    <Data Name="SubjectLogonId">0x3e7</Data>
    <Data Name="PrivilegeList">SeAssignPrimaryTokenPrivilege
			SeTcbPrivilege
			SeSecurityPrivilege
			SeTakeOwnershipPrivilege
			SeLoadDriverPrivilege
			SeBackupPrivilege
			SeRestorePrivilege
			SeDebugPrivilege
			SeAuditPrivilege
			SeSystemEnvironmentPrivilege
			SeImpersonatePrivilege
			SeDelegateSessionUserImpersonatePrivilege</Data>
  </EventData>
</Event>
Record 654
<?xml version="1.0" encoding="utf-8"?>
<Event xmlns="http://schemas.microsoft.com/win/2004/08/events/event">
  <System>
    <Provider Name="Microsoft-Windows-Security-Auditing" Guid="54849625-5478-4994-A5BA-3E3B0328C30D">
    </Provider>
    <EventID>4624</EventID>
    <Version>2</Version>
    <Level>0</Level>
    <Task>12544</Task>
    <Opcode>0</Opcode>
    <Keywords>0x8020000000000000</Keywords>
    <TimeCreated SystemTime="2025-07-02T21:54:54.977475Z">
    </TimeCreated>
    <EventRecordID>654</EventRecordID>
    <Correlation ActivityID="ECEB6DEC-EB9B-0001-D36E-EBEC9BEBDB01">
    </Correlation>
    <Execution ProcessID="652" ThreadID="708">
    </Execution>
    <Channel>Security</Channel>
    <Computer>DESKTOP-P5L8521</Computer>
    <Security>
    </Security>
  </System>
  <EventData>
    <Data Name="SubjectUserSid">S-1-5-18</Data>
    <Data Name="SubjectUserName">DESKTOP-P5L8521$</Data>
    <Data Name="SubjectDomainName">WORKGROUP</Data>
    <Data Name="SubjectLogonId">0x3e7</Data>
    <Data Name="TargetUserSid">S-1-5-18</Data>
    <Data Name="TargetUserName">SYSTEM</Data>
    <Data Name="TargetDomainName">NT AUTHORITY</Data>
    <Data Name="TargetLogonId">0x3e7</Data>
    <Data Name="LogonType">5</Data>
    <Data Name="LogonProcessName">Advapi</Data>
    <Data Name="AuthenticationPackageName">Negotiate</Data>
    <Data Name="WorkstationName">-</Data>
    <Data Name="LogonGuid">00000000-0000-0000-0000-000000000000</Data>
    <Data Name="TransmittedServices">-</Data>
    <Data Name="LmPackageName">-</Data>
    <Data Name="KeyLength">0</Data>
    <Data Name="ProcessId">0x26c</Data>
    <Data Name="ProcessName">C:\Windows\System32\services.exe</Data>
    <Data Name="IpAddress">-</Data>
    <Data Name="IpPort">-</Data>
    <Data Name="ImpersonationLevel">%%1833</Data>
    <Data Name="RestrictedAdminMode">-</Data>
    <Data Name="TargetOutboundUserName">-</Data>
    <Data Name="TargetOutboundDomainName">-</Data>
    <Data Name="VirtualAccount">%%1843</Data>
    <Data Name="TargetLinkedLogonId">0x0</Data>
    <Data Name="ElevatedToken">%%1842</Data>
  </EventData>
</Event>
Record 655
<?xml version="1.0" encoding="utf-8"?>
<Event xmlns="http://schemas.microsoft.com/win/2004/08/events/event">
  <System>
    <Provider Name="Microsoft-Windows-Security-Auditing" Guid="54849625-5478-4994-A5BA-3E3B0328C30D">
    </Provider>
    <EventID>4672</EventID>
    <Version>0</Version>
    <Level>0</Level>
    <Task>12548</Task>
    <Opcode>0</Opcode>
    <Keywords>0x8020000000000000</Keywords>
    <TimeCreated SystemTime="2025-07-02T21:54:54.977479Z">
    </TimeCreated>
    <EventRecordID>655</EventRecordID>
    <Correlation ActivityID="ECEB6DEC-EB9B-0001-D36E-EBEC9BEBDB01">
    </Correlation>
    <Execution ProcessID="652" ThreadID="708">
    </Execution>
    <Channel>Security</Channel>
    <Computer>DESKTOP-P5L8521</Computer>
    <Security>
    </Security>
  </System>
  <EventData>
    <Data Name="SubjectUserSid">S-1-5-18</Data>
    <Data Name="SubjectUserName">SYSTEM</Data>
    <Data Name="SubjectDomainName">NT AUTHORITY</Data>
    <Data Name="SubjectLogonId">0x3e7</Data>
    <Data Name="PrivilegeList">SeAssignPrimaryTokenPrivilege
			SeTcbPrivilege
			SeSecurityPrivilege
			SeTakeOwnershipPrivilege
			SeLoadDriverPrivilege
			SeBackupPrivilege
			SeRestorePrivilege
			SeDebugPrivilege
			SeAuditPrivilege
			SeSystemEnvironmentPrivilege
			SeImpersonatePrivilege
			SeDelegateSessionUserImpersonatePrivilege</Data>
  </EventData>
</Event>
Record 656
<?xml version="1.0" encoding="utf-8"?>
<Event xmlns="http://schemas.microsoft.com/win/2004/08/events/event">
  <System>
    <Provider Name="Microsoft-Windows-Security-Auditing" Guid="54849625-5478-4994-A5BA-3E3B0328C30D">
    </Provider>
    <EventID>4799</EventID>
    <Version>0</Version>
    <Level>0</Level>
    <Task>13826</Task>
    <Opcode>0</Opcode>
    <Keywords>0x8020000000000000</Keywords>
    <TimeCreated SystemTime="2025-07-02T21:54:55.088957Z">
    </TimeCreated>
    <EventRecordID>656</EventRecordID>
    <Correlation ActivityID="ECEB6DEC-EB9B-0001-D36E-EBEC9BEBDB01">
    </Correlation>
    <Execution ProcessID="652" ThreadID="732">
    </Execution>
    <Channel>Security</Channel>
    <Computer>DESKTOP-P5L8521</Computer>
    <Security>
    </Security>
  </System>
  <EventData>
    <Data Name="TargetUserName">Administrators</Data>
    <Data Name="TargetDomainName">Builtin</Data>
    <Data Name="TargetSid">S-1-5-32-544</Data>
    <Data Name="SubjectUserSid">S-1-5-20</Data>
    <Data Name="SubjectUserName">DESKTOP-P5L8521$</Data>
    <Data Name="SubjectDomainName">WORKGROUP</Data>
    <Data Name="SubjectLogonId">0x3e4</Data>
    <Data Name="CallerProcessId">0xc0c</Data>
    <Data Name="CallerProcessName">C:\Windows\System32\svchost.exe</Data>
  </EventData>
</Event>
Record 657
<?xml version="1.0" encoding="utf-8"?>
<Event xmlns="http://schemas.microsoft.com/win/2004/08/events/event">
  <System>
    <Provider Name="Microsoft-Windows-Security-Auditing" Guid="54849625-5478-4994-A5BA-3E3B0328C30D">
    </Provider>
    <EventID>4799</EventID>
    <Version>0</Version>
    <Level>0</Level>
    <Task>13826</Task>
    <Opcode>0</Opcode>
    <Keywords>0x8020000000000000</Keywords>
    <TimeCreated SystemTime="2025-07-02T21:54:55.089006Z">
    </TimeCreated>
    <EventRecordID>657</EventRecordID>
    <Correlation ActivityID="ECEB6DEC-EB9B-0001-D36E-EBEC9BEBDB01">
    </Correlation>
    <Execution ProcessID="652" ThreadID="704">
    </Execution>
    <Channel>Security</Channel>
    <Computer>DESKTOP-P5L8521</Computer>
    <Security>
    </Security>
  </System>
  <EventData>
    <Data Name="TargetUserName">Administrators</Data>
    <Data Name="TargetDomainName">Builtin</Data>
    <Data Name="TargetSid">S-1-5-32-544</Data>
    <Data Name="SubjectUserSid">S-1-5-18</Data>
    <Data Name="SubjectUserName">DESKTOP-P5L8521$</Data>
    <Data Name="SubjectDomainName">WORKGROUP</Data>
    <Data Name="SubjectLogonId">0x3e7</Data>
    <Data Name="CallerProcessId">0xc30</Data>
    <Data Name="CallerProcessName">C:\Windows\System32\svchost.exe</Data>
  </EventData>
</Event>
Record 658
<?xml version="1.0" encoding="utf-8"?>
<Event xmlns="http://schemas.microsoft.com/win/2004/08/events/event">
  <System>
    <Provider Name="Microsoft-Windows-Security-Auditing" Guid="54849625-5478-4994-A5BA-3E3B0328C30D">
    </Provider>
    <EventID>4799</EventID>
    <Version>0</Version>
    <Level>0</Level>
    <Task>13826</Task>
    <Opcode>0</Opcode>
    <Keywords>0x8020000000000000</Keywords>
    <TimeCreated SystemTime="2025-07-02T21:54:55.089558Z">
    </TimeCreated>
    <EventRecordID>658</EventRecordID>
    <Correlation ActivityID="ECEB6DEC-EB9B-0001-D36E-EBEC9BEBDB01">
    </Correlation>
    <Execution ProcessID="652" ThreadID="704">
    </Execution>
    <Channel>Security</Channel>
    <Computer>DESKTOP-P5L8521</Computer>
    <Security>
    </Security>
  </System>
  <EventData>
    <Data Name="TargetUserName">Backup Operators</Data>
    <Data Name="TargetDomainName">Builtin</Data>
    <Data Name="TargetSid">S-1-5-32-551</Data>
    <Data Name="SubjectUserSid">S-1-5-20</Data>
    <Data Name="SubjectUserName">DESKTOP-P5L8521$</Data>
    <Data Name="SubjectDomainName">WORKGROUP</Data>
    <Data Name="SubjectLogonId">0x3e4</Data>
    <Data Name="CallerProcessId">0xc0c</Data>
    <Data Name="CallerProcessName">C:\Windows\System32\svchost.exe</Data>
  </EventData>
</Event>
Record 659
<?xml version="1.0" encoding="utf-8"?>
<Event xmlns="http://schemas.microsoft.com/win/2004/08/events/event">
  <System>
    <Provider Name="Microsoft-Windows-Security-Auditing" Guid="54849625-5478-4994-A5BA-3E3B0328C30D">
    </Provider>
    <EventID>4799</EventID>
    <Version>0</Version>
    <Level>0</Level>
    <Task>13826</Task>
    <Opcode>0</Opcode>
    <Keywords>0x8020000000000000</Keywords>
    <TimeCreated SystemTime="2025-07-02T21:54:55.089595Z">
    </TimeCreated>
    <EventRecordID>659</EventRecordID>
    <Correlation ActivityID="ECEB6DEC-EB9B-0001-D36E-EBEC9BEBDB01">
    </Correlation>
    <Execution ProcessID="652" ThreadID="732">
    </Execution>
    <Channel>Security</Channel>
    <Computer>DESKTOP-P5L8521</Computer>
    <Security>
    </Security>
  </System>
  <EventData>
    <Data Name="TargetUserName">Backup Operators</Data>
    <Data Name="TargetDomainName">Builtin</Data>
    <Data Name="TargetSid">S-1-5-32-551</Data>
    <Data Name="SubjectUserSid">S-1-5-18</Data>
    <Data Name="SubjectUserName">DESKTOP-P5L8521$</Data>
    <Data Name="SubjectDomainName">WORKGROUP</Data>
    <Data Name="SubjectLogonId">0x3e7</Data>
    <Data Name="CallerProcessId">0xc30</Data>
    <Data Name="CallerProcessName">C:\Windows\System32\svchost.exe</Data>
  </EventData>
</Event>
Record 660
<?xml version="1.0" encoding="utf-8"?>
<Event xmlns="http://schemas.microsoft.com/win/2004/08/events/event">
  <System>
    <Provider Name="Microsoft-Windows-Security-Auditing" Guid="54849625-5478-4994-A5BA-3E3B0328C30D">
    </Provider>
    <EventID>4624</EventID>
    <Version>2</Version>
    <Level>0</Level>
    <Task>12544</Task>
    <Opcode>0</Opcode>
    <Keywords>0x8020000000000000</Keywords>
    <TimeCreated SystemTime="2025-07-02T21:54:55.093629Z">
    </TimeCreated>
    <EventRecordID>660</EventRecordID>
    <Correlation ActivityID="ECEB6DEC-EB9B-0001-D36E-EBEC9BEBDB01">
    </Correlation>
    <Execution ProcessID="652" ThreadID="692">
    </Execution>
    <Channel>Security</Channel>
    <Computer>DESKTOP-P5L8521</Computer>
    <Security>
    </Security>
  </System>
  <EventData>
    <Data Name="SubjectUserSid">S-1-5-18</Data>
    <Data Name="SubjectUserName">DESKTOP-P5L8521$</Data>
    <Data Name="SubjectDomainName">WORKGROUP</Data>
    <Data Name="SubjectLogonId">0x3e7</Data>
    <Data Name="TargetUserSid">S-1-5-18</Data>
    <Data Name="TargetUserName">SYSTEM</Data>
    <Data Name="TargetDomainName">NT AUTHORITY</Data>
    <Data Name="TargetLogonId">0x3e7</Data>
    <Data Name="LogonType">5</Data>
    <Data Name="LogonProcessName">Advapi</Data>
    <Data Name="AuthenticationPackageName">Negotiate</Data>
    <Data Name="WorkstationName">-</Data>
    <Data Name="LogonGuid">00000000-0000-0000-0000-000000000000</Data>
    <Data Name="TransmittedServices">-</Data>
    <Data Name="LmPackageName">-</Data>
    <Data Name="KeyLength">0</Data>
    <Data Name="ProcessId">0x26c</Data>
    <Data Name="ProcessName">C:\Windows\System32\services.exe</Data>
    <Data Name="IpAddress">-</Data>
    <Data Name="IpPort">-</Data>
    <Data Name="ImpersonationLevel">%%1833</Data>
    <Data Name="RestrictedAdminMode">-</Data>
    <Data Name="TargetOutboundUserName">-</Data>
    <Data Name="TargetOutboundDomainName">-</Data>
    <Data Name="VirtualAccount">%%1843</Data>
    <Data Name="TargetLinkedLogonId">0x0</Data>
    <Data Name="ElevatedToken">%%1842</Data>
  </EventData>
</Event>
Record 661
<?xml version="1.0" encoding="utf-8"?>
<Event xmlns="http://schemas.microsoft.com/win/2004/08/events/event">
  <System>
    <Provider Name="Microsoft-Windows-Security-Auditing" Guid="54849625-5478-4994-A5BA-3E3B0328C30D">
    </Provider>
    <EventID>4672</EventID>
    <Version>0</Version>
    <Level>0</Level>
    <Task>12548</Task>
    <Opcode>0</Opcode>
    <Keywords>0x8020000000000000</Keywords>
    <TimeCreated SystemTime="2025-07-02T21:54:55.093634Z">
    </TimeCreated>
    <EventRecordID>661</EventRecordID>
    <Correlation ActivityID="ECEB6DEC-EB9B-0001-D36E-EBEC9BEBDB01">
    </Correlation>
    <Execution ProcessID="652" ThreadID="692">
    </Execution>
    <Channel>Security</Channel>
    <Computer>DESKTOP-P5L8521</Computer>
    <Security>
    </Security>
  </System>
  <EventData>
    <Data Name="SubjectUserSid">S-1-5-18</Data>
    <Data Name="SubjectUserName">SYSTEM</Data>
    <Data Name="SubjectDomainName">NT AUTHORITY</Data>
    <Data Name="SubjectLogonId">0x3e7</Data>
    <Data Name="PrivilegeList">SeAssignPrimaryTokenPrivilege
			SeTcbPrivilege
			SeSecurityPrivilege
			SeTakeOwnershipPrivilege
			SeLoadDriverPrivilege
			SeBackupPrivilege
			SeRestorePrivilege
			SeDebugPrivilege
			SeAuditPrivilege
			SeSystemEnvironmentPrivilege
			SeImpersonatePrivilege
			SeDelegateSessionUserImpersonatePrivilege</Data>
  </EventData>
</Event>
Record 662
<?xml version="1.0" encoding="utf-8"?>
<Event xmlns="http://schemas.microsoft.com/win/2004/08/events/event">
  <System>
    <Provider Name="Microsoft-Windows-Security-Auditing" Guid="54849625-5478-4994-A5BA-3E3B0328C30D">
    </Provider>
    <EventID>4624</EventID>
    <Version>2</Version>
    <Level>0</Level>
    <Task>12544</Task>
    <Opcode>0</Opcode>
    <Keywords>0x8020000000000000</Keywords>
    <TimeCreated SystemTime="2025-07-02T21:54:55.654924Z">
    </TimeCreated>
    <EventRecordID>662</EventRecordID>
    <Correlation ActivityID="ECEB6DEC-EB9B-0001-D36E-EBEC9BEBDB01">
    </Correlation>
    <Execution ProcessID="652" ThreadID="704">
    </Execution>
    <Channel>Security</Channel>
    <Computer>DESKTOP-P5L8521</Computer>
    <Security>
    </Security>
  </System>
  <EventData>
    <Data Name="SubjectUserSid">S-1-5-18</Data>
    <Data Name="SubjectUserName">DESKTOP-P5L8521$</Data>
    <Data Name="SubjectDomainName">WORKGROUP</Data>
    <Data Name="SubjectLogonId">0x3e7</Data>
    <Data Name="TargetUserSid">S-1-5-18</Data>
    <Data Name="TargetUserName">SYSTEM</Data>
    <Data Name="TargetDomainName">NT AUTHORITY</Data>
    <Data Name="TargetLogonId">0x3e7</Data>
    <Data Name="LogonType">5</Data>
    <Data Name="LogonProcessName">Advapi</Data>
    <Data Name="AuthenticationPackageName">Negotiate</Data>
    <Data Name="WorkstationName">-</Data>
    <Data Name="LogonGuid">00000000-0000-0000-0000-000000000000</Data>
    <Data Name="TransmittedServices">-</Data>
    <Data Name="LmPackageName">-</Data>
    <Data Name="KeyLength">0</Data>
    <Data Name="ProcessId">0x26c</Data>
    <Data Name="ProcessName">C:\Windows\System32\services.exe</Data>
    <Data Name="IpAddress">-</Data>
    <Data Name="IpPort">-</Data>
    <Data Name="ImpersonationLevel">%%1833</Data>
    <Data Name="RestrictedAdminMode">-</Data>
    <Data Name="TargetOutboundUserName">-</Data>
    <Data Name="TargetOutboundDomainName">-</Data>
    <Data Name="VirtualAccount">%%1843</Data>
    <Data Name="TargetLinkedLogonId">0x0</Data>
    <Data Name="ElevatedToken">%%1842</Data>
  </EventData>
</Event>
Record 663
<?xml version="1.0" encoding="utf-8"?>
<Event xmlns="http://schemas.microsoft.com/win/2004/08/events/event">
  <System>
    <Provider Name="Microsoft-Windows-Security-Auditing" Guid="54849625-5478-4994-A5BA-3E3B0328C30D">
    </Provider>
    <EventID>4672</EventID>
    <Version>0</Version>
    <Level>0</Level>
    <Task>12548</Task>
    <Opcode>0</Opcode>
    <Keywords>0x8020000000000000</Keywords>
    <TimeCreated SystemTime="2025-07-02T21:54:55.654927Z">
    </TimeCreated>
    <EventRecordID>663</EventRecordID>
    <Correlation ActivityID="ECEB6DEC-EB9B-0001-D36E-EBEC9BEBDB01">
    </Correlation>
    <Execution ProcessID="652" ThreadID="704">
    </Execution>
    <Channel>Security</Channel>
    <Computer>DESKTOP-P5L8521</Computer>
    <Security>
    </Security>
  </System>
  <EventData>
    <Data Name="SubjectUserSid">S-1-5-18</Data>
    <Data Name="SubjectUserName">SYSTEM</Data>
    <Data Name="SubjectDomainName">NT AUTHORITY</Data>
    <Data Name="SubjectLogonId">0x3e7</Data>
    <Data Name="PrivilegeList">SeAssignPrimaryTokenPrivilege
			SeTcbPrivilege
			SeSecurityPrivilege
			SeTakeOwnershipPrivilege
			SeLoadDriverPrivilege
			SeBackupPrivilege
			SeRestorePrivilege
			SeDebugPrivilege
			SeAuditPrivilege
			SeSystemEnvironmentPrivilege
			SeImpersonatePrivilege
			SeDelegateSessionUserImpersonatePrivilege</Data>
  </EventData>
</Event>
Record 664
<?xml version="1.0" encoding="utf-8"?>
<Event xmlns="http://schemas.microsoft.com/win/2004/08/events/event">
  <System>
    <Provider Name="Microsoft-Windows-Security-Auditing" Guid="54849625-5478-4994-A5BA-3E3B0328C30D">
    </Provider>
    <EventID>4624</EventID>
    <Version>2</Version>
    <Level>0</Level>
    <Task>12544</Task>
    <Opcode>0</Opcode>
    <Keywords>0x8020000000000000</Keywords>
    <TimeCreated SystemTime="2025-07-02T21:54:55.993878Z">
    </TimeCreated>
    <EventRecordID>664</EventRecordID>
    <Correlation ActivityID="ECEB6DEC-EB9B-0001-D36E-EBEC9BEBDB01">
    </Correlation>
    <Execution ProcessID="652" ThreadID="692">
    </Execution>
    <Channel>Security</Channel>
    <Computer>DESKTOP-P5L8521</Computer>
    <Security>
    </Security>
  </System>
  <EventData>
    <Data Name="SubjectUserSid">S-1-5-18</Data>
    <Data Name="SubjectUserName">DESKTOP-P5L8521$</Data>
    <Data Name="SubjectDomainName">WORKGROUP</Data>
    <Data Name="SubjectLogonId">0x3e7</Data>
    <Data Name="TargetUserSid">S-1-5-18</Data>
    <Data Name="TargetUserName">SYSTEM</Data>
    <Data Name="TargetDomainName">NT AUTHORITY</Data>
    <Data Name="TargetLogonId">0x3e7</Data>
    <Data Name="LogonType">5</Data>
    <Data Name="LogonProcessName">Advapi</Data>
    <Data Name="AuthenticationPackageName">Negotiate</Data>
    <Data Name="WorkstationName">-</Data>
    <Data Name="LogonGuid">00000000-0000-0000-0000-000000000000</Data>
    <Data Name="TransmittedServices">-</Data>
    <Data Name="LmPackageName">-</Data>
    <Data Name="KeyLength">0</Data>
    <Data Name="ProcessId">0x26c</Data>
    <Data Name="ProcessName">C:\Windows\System32\services.exe</Data>
    <Data Name="IpAddress">-</Data>
    <Data Name="IpPort">-</Data>
    <Data Name="ImpersonationLevel">%%1833</Data>
    <Data Name="RestrictedAdminMode">-</Data>
    <Data Name="TargetOutboundUserName">-</Data>
    <Data Name="TargetOutboundDomainName">-</Data>
    <Data Name="VirtualAccount">%%1843</Data>
    <Data Name="TargetLinkedLogonId">0x0</Data>
    <Data Name="ElevatedToken">%%1842</Data>
  </EventData>
</Event>
Record 665
<?xml version="1.0" encoding="utf-8"?>
<Event xmlns="http://schemas.microsoft.com/win/2004/08/events/event">
  <System>
    <Provider Name="Microsoft-Windows-Security-Auditing" Guid="54849625-5478-4994-A5BA-3E3B0328C30D">
    </Provider>
    <EventID>4672</EventID>
    <Version>0</Version>
    <Level>0</Level>
    <Task>12548</Task>
    <Opcode>0</Opcode>
    <Keywords>0x8020000000000000</Keywords>
    <TimeCreated SystemTime="2025-07-02T21:54:55.993882Z">
    </TimeCreated>
    <EventRecordID>665</EventRecordID>
    <Correlation ActivityID="ECEB6DEC-EB9B-0001-D36E-EBEC9BEBDB01">
    </Correlation>
    <Execution ProcessID="652" ThreadID="692">
    </Execution>
    <Channel>Security</Channel>
    <Computer>DESKTOP-P5L8521</Computer>
    <Security>
    </Security>
  </System>
  <EventData>
    <Data Name="SubjectUserSid">S-1-5-18</Data>
    <Data Name="SubjectUserName">SYSTEM</Data>
    <Data Name="SubjectDomainName">NT AUTHORITY</Data>
    <Data Name="SubjectLogonId">0x3e7</Data>
    <Data Name="PrivilegeList">SeAssignPrimaryTokenPrivilege
			SeTcbPrivilege
			SeSecurityPrivilege
			SeTakeOwnershipPrivilege
			SeLoadDriverPrivilege
			SeBackupPrivilege
			SeRestorePrivilege
			SeDebugPrivilege
			SeAuditPrivilege
			SeSystemEnvironmentPrivilege
			SeImpersonatePrivilege
			SeDelegateSessionUserImpersonatePrivilege</Data>
  </EventData>
</Event>
Record 666
<?xml version="1.0" encoding="utf-8"?>
<Event xmlns="http://schemas.microsoft.com/win/2004/08/events/event">
  <System>
    <Provider Name="Microsoft-Windows-Security-Auditing" Guid="54849625-5478-4994-A5BA-3E3B0328C30D">
    </Provider>
    <EventID>5024</EventID>
    <Version>0</Version>
    <Level>0</Level>
    <Task>12292</Task>
    <Opcode>0</Opcode>
    <Keywords>0x8020000000000000</Keywords>
    <TimeCreated SystemTime="2025-07-02T21:54:56.131288Z">
    </TimeCreated>
    <EventRecordID>666</EventRecordID>
    <Correlation ActivityID="ECEB6DEC-EB9B-0001-D36E-EBEC9BEBDB01">
    </Correlation>
    <Execution ProcessID="652" ThreadID="692">
    </Execution>
    <Channel>Security</Channel>
    <Computer>DESKTOP-P5L8521</Computer>
    <Security>
    </Security>
  </System>
  <EventData>
  </EventData>
</Event>
Record 667
<?xml version="1.0" encoding="utf-8"?>
<Event xmlns="http://schemas.microsoft.com/win/2004/08/events/event">
  <System>
    <Provider Name="Microsoft-Windows-Security-Auditing" Guid="54849625-5478-4994-A5BA-3E3B0328C30D">
    </Provider>
    <EventID>4624</EventID>
    <Version>2</Version>
    <Level>0</Level>
    <Task>12544</Task>
    <Opcode>0</Opcode>
    <Keywords>0x8020000000000000</Keywords>
    <TimeCreated SystemTime="2025-07-02T21:54:56.659003Z">
    </TimeCreated>
    <EventRecordID>667</EventRecordID>
    <Correlation ActivityID="ECEB6DEC-EB9B-0001-D36E-EBEC9BEBDB01">
    </Correlation>
    <Execution ProcessID="652" ThreadID="692">
    </Execution>
    <Channel>Security</Channel>
    <Computer>DESKTOP-P5L8521</Computer>
    <Security>
    </Security>
  </System>
  <EventData>
    <Data Name="SubjectUserSid">S-1-5-18</Data>
    <Data Name="SubjectUserName">DESKTOP-P5L8521$</Data>
    <Data Name="SubjectDomainName">WORKGROUP</Data>
    <Data Name="SubjectLogonId">0x3e7</Data>
    <Data Name="TargetUserSid">S-1-5-18</Data>
    <Data Name="TargetUserName">SYSTEM</Data>
    <Data Name="TargetDomainName">NT AUTHORITY</Data>
    <Data Name="TargetLogonId">0x3e7</Data>
    <Data Name="LogonType">5</Data>
    <Data Name="LogonProcessName">Advapi</Data>
    <Data Name="AuthenticationPackageName">Negotiate</Data>
    <Data Name="WorkstationName">-</Data>
    <Data Name="LogonGuid">00000000-0000-0000-0000-000000000000</Data>
    <Data Name="TransmittedServices">-</Data>
    <Data Name="LmPackageName">-</Data>
    <Data Name="KeyLength">0</Data>
    <Data Name="ProcessId">0x26c</Data>
    <Data Name="ProcessName">C:\Windows\System32\services.exe</Data>
    <Data Name="IpAddress">-</Data>
    <Data Name="IpPort">-</Data>
    <Data Name="ImpersonationLevel">%%1833</Data>
    <Data Name="RestrictedAdminMode">-</Data>
    <Data Name="TargetOutboundUserName">-</Data>
    <Data Name="TargetOutboundDomainName">-</Data>
    <Data Name="VirtualAccount">%%1843</Data>
    <Data Name="TargetLinkedLogonId">0x0</Data>
    <Data Name="ElevatedToken">%%1842</Data>
  </EventData>
</Event>
Record 668
<?xml version="1.0" encoding="utf-8"?>
<Event xmlns="http://schemas.microsoft.com/win/2004/08/events/event">
  <System>
    <Provider Name="Microsoft-Windows-Security-Auditing" Guid="54849625-5478-4994-A5BA-3E3B0328C30D">
    </Provider>
    <EventID>4672</EventID>
    <Version>0</Version>
    <Level>0</Level>
    <Task>12548</Task>
    <Opcode>0</Opcode>
    <Keywords>0x8020000000000000</Keywords>
    <TimeCreated SystemTime="2025-07-02T21:54:56.659007Z">
    </TimeCreated>
    <EventRecordID>668</EventRecordID>
    <Correlation ActivityID="ECEB6DEC-EB9B-0001-D36E-EBEC9BEBDB01">
    </Correlation>
    <Execution ProcessID="652" ThreadID="692">
    </Execution>
    <Channel>Security</Channel>
    <Computer>DESKTOP-P5L8521</Computer>
    <Security>
    </Security>
  </System>
  <EventData>
    <Data Name="SubjectUserSid">S-1-5-18</Data>
    <Data Name="SubjectUserName">SYSTEM</Data>
    <Data Name="SubjectDomainName">NT AUTHORITY</Data>
    <Data Name="SubjectLogonId">0x3e7</Data>
    <Data Name="PrivilegeList">SeAssignPrimaryTokenPrivilege
			SeTcbPrivilege
			SeSecurityPrivilege
			SeTakeOwnershipPrivilege
			SeLoadDriverPrivilege
			SeBackupPrivilege
			SeRestorePrivilege
			SeDebugPrivilege
			SeAuditPrivilege
			SeSystemEnvironmentPrivilege
			SeImpersonatePrivilege
			SeDelegateSessionUserImpersonatePrivilege</Data>
  </EventData>
</Event>
Record 669
<?xml version="1.0" encoding="utf-8"?>
<Event xmlns="http://schemas.microsoft.com/win/2004/08/events/event">
  <System>
    <Provider Name="Microsoft-Windows-Security-Auditing" Guid="54849625-5478-4994-A5BA-3E3B0328C30D">
    </Provider>
    <EventID>5058</EventID>
    <Version>1</Version>
    <Level>0</Level>
    <Task>12292</Task>
    <Opcode>0</Opcode>
    <Keywords>0x8020000000000000</Keywords>
    <TimeCreated SystemTime="2025-07-02T21:54:57.214565Z">
    </TimeCreated>
    <EventRecordID>669</EventRecordID>
    <Correlation ActivityID="ECEB6DEC-EB9B-0001-D36E-EBEC9BEBDB01">
    </Correlation>
    <Execution ProcessID="652" ThreadID="692">
    </Execution>
    <Channel>Security</Channel>
    <Computer>DESKTOP-P5L8521</Computer>
    <Security>
    </Security>
  </System>
  <EventData>
    <Data Name="SubjectUserSid">S-1-5-21-2584721208-1353900670-1627748517-1000</Data>
    <Data Name="SubjectUserName">agent</Data>
    <Data Name="SubjectDomainName">DESKTOP-P5L8521</Data>
    <Data Name="SubjectLogonId">0x283ed</Data>
    <Data Name="ClientProcessId">3440</Data>
    <Data Name="ClientCreationTime">2025-07-02T21:54:55.043224Z</Data>
    <Data Name="ProviderName">Microsoft Software Key Storage Provider</Data>
    <Data Name="AlgorithmName">UNKNOWN</Data>
    <Data Name="KeyName">Microsoft Connected Devices Platform device certificate</Data>
    <Data Name="KeyType">%%2500</Data>
    <Data Name="KeyFilePath">C:\Users\agent\AppData\Roaming\Microsoft\Crypto\Keys\de7cf8a7901d2ad13e5c67c29e5d1662_a3790695-7242-44c0-bb02-e83ead2283c6</Data>
    <Data Name="Operation">%%2458</Data>
    <Data Name="ReturnCode">0x0</Data>
  </EventData>
</Event>
Record 670
<?xml version="1.0" encoding="utf-8"?>
<Event xmlns="http://schemas.microsoft.com/win/2004/08/events/event">
  <System>
    <Provider Name="Microsoft-Windows-Security-Auditing" Guid="54849625-5478-4994-A5BA-3E3B0328C30D">
    </Provider>
    <EventID>5061</EventID>
    <Version>0</Version>
    <Level>0</Level>
    <Task>12290</Task>
    <Opcode>0</Opcode>
    <Keywords>0x8020000000000000</Keywords>
    <TimeCreated SystemTime="2025-07-02T21:54:57.218746Z">
    </TimeCreated>
    <EventRecordID>670</EventRecordID>
    <Correlation ActivityID="ECEB6DEC-EB9B-0001-D36E-EBEC9BEBDB01">
    </Correlation>
    <Execution ProcessID="652" ThreadID="692">
    </Execution>
    <Channel>Security</Channel>
    <Computer>DESKTOP-P5L8521</Computer>
    <Security>
    </Security>
  </System>
  <EventData>
    <Data Name="SubjectUserSid">S-1-5-21-2584721208-1353900670-1627748517-1000</Data>
    <Data Name="SubjectUserName">agent</Data>
    <Data Name="SubjectDomainName">DESKTOP-P5L8521</Data>
    <Data Name="SubjectLogonId">0x283ed</Data>
    <Data Name="ProviderName">Microsoft Software Key Storage Provider</Data>
    <Data Name="AlgorithmName">ECDSA_P256</Data>
    <Data Name="KeyName">Microsoft Connected Devices Platform device certificate</Data>
    <Data Name="KeyType">%%2500</Data>
    <Data Name="Operation">%%2480</Data>
    <Data Name="ReturnCode">0x0</Data>
  </EventData>
</Event>
Record 671
<?xml version="1.0" encoding="utf-8"?>
<Event xmlns="http://schemas.microsoft.com/win/2004/08/events/event">
  <System>
    <Provider Name="Microsoft-Windows-Security-Auditing" Guid="54849625-5478-4994-A5BA-3E3B0328C30D">
    </Provider>
    <EventID>5059</EventID>
    <Version>1</Version>
    <Level>0</Level>
    <Task>12292</Task>
    <Opcode>0</Opcode>
    <Keywords>0x8020000000000000</Keywords>
    <TimeCreated SystemTime="2025-07-02T21:54:57.219050Z">
    </TimeCreated>
    <EventRecordID>671</EventRecordID>
    <Correlation ActivityID="ECEB6DEC-EB9B-0001-D36E-EBEC9BEBDB01">
    </Correlation>
    <Execution ProcessID="652" ThreadID="692">
    </Execution>
    <Channel>Security</Channel>
    <Computer>DESKTOP-P5L8521</Computer>
    <Security>
    </Security>
  </System>
  <EventData>
    <Data Name="SubjectUserSid">S-1-5-21-2584721208-1353900670-1627748517-1000</Data>
    <Data Name="SubjectUserName">agent</Data>
    <Data Name="SubjectDomainName">DESKTOP-P5L8521</Data>
    <Data Name="SubjectLogonId">0x283ed</Data>
    <Data Name="ClientProcessId">3440</Data>
    <Data Name="ClientCreationTime">2025-07-02T21:54:55.043224Z</Data>
    <Data Name="ProviderName">Microsoft Software Key Storage Provider</Data>
    <Data Name="AlgorithmName">ECDSA_P256</Data>
    <Data Name="KeyName">Microsoft Connected Devices Platform device certificate</Data>
    <Data Name="KeyType">%%2500</Data>
    <Data Name="Operation">%%2464</Data>
    <Data Name="ReturnCode">0x0</Data>
  </EventData>
</Event>
Record 672
<?xml version="1.0" encoding="utf-8"?>
<Event xmlns="http://schemas.microsoft.com/win/2004/08/events/event">
  <System>
    <Provider Name="Microsoft-Windows-Security-Auditing" Guid="54849625-5478-4994-A5BA-3E3B0328C30D">
    </Provider>
    <EventID>5058</EventID>
    <Version>1</Version>
    <Level>0</Level>
    <Task>12292</Task>
    <Opcode>0</Opcode>
    <Keywords>0x8020000000000000</Keywords>
    <TimeCreated SystemTime="2025-07-02T21:54:57.463579Z">
    </TimeCreated>
    <EventRecordID>672</EventRecordID>
    <Correlation ActivityID="ECEB6DEC-EB9B-0001-D36E-EBEC9BEBDB01">
    </Correlation>
    <Execution ProcessID="652" ThreadID="732">
    </Execution>
    <Channel>Security</Channel>
    <Computer>DESKTOP-P5L8521</Computer>
    <Security>
    </Security>
  </System>
  <EventData>
    <Data Name="SubjectUserSid">S-1-5-19</Data>
    <Data Name="SubjectUserName">LOCAL SERVICE</Data>
    <Data Name="SubjectDomainName">NT AUTHORITY</Data>
    <Data Name="SubjectLogonId">0x3e5</Data>
    <Data Name="ClientProcessId">4744</Data>
    <Data Name="ClientCreationTime">2025-07-02T21:54:57.241417Z</Data>
    <Data Name="ProviderName">Microsoft Software Key Storage Provider</Data>
    <Data Name="AlgorithmName">UNKNOWN</Data>
    <Data Name="KeyName">Microsoft Connected Devices Platform device certificate</Data>
    <Data Name="KeyType">%%2500</Data>
    <Data Name="KeyFilePath">C:\Windows\ServiceProfiles\LocalService\AppData\Roaming\Microsoft\Crypto\Keys\de7cf8a7901d2ad13e5c67c29e5d1662_a3790695-7242-44c0-bb02-e83ead2283c6</Data>
    <Data Name="Operation">%%2458</Data>
    <Data Name="ReturnCode">0x0</Data>
  </EventData>
</Event>
