Record 673
<?xml version="1.0" encoding="utf-8"?>
<Event xmlns="http://schemas.microsoft.com/win/2004/08/events/event">
  <System>
    <Provider Name="Microsoft-Windows-Security-Auditing" Guid="54849625-5478-4994-A5BA-3E3B0328C30D">
    </Provider>
    <EventID>5061</EventID>
    <Version>0</Version>
    <Level>0</Level>
    <Task>12290</Task>
    <Opcode>0</Opcode>
    <Keywords>0x8020000000000000</Keywords>
    <TimeCreated SystemTime="2025-07-02T21:54:57.463972Z">
    </TimeCreated>
    <EventRecordID>673</EventRecordID>
    <Correlation ActivityID="ECEB6DEC-EB9B-0001-D36E-EBEC9BEBDB01">
    </Correlation>
    <Execution ProcessID="652" ThreadID="732">
    </Execution>
    <Channel>Security</Channel>
    <Computer>DESKTOP-P5L8521</Computer>
    <Security>
    </Security>
  </System>
  <EventData>
    <Data Name="SubjectUserSid">S-1-5-19</Data>
    <Data Name="SubjectUserName">LOCAL SERVICE</Data>
    <Data Name="SubjectDomainName">NT AUTHORITY</Data>
    <Data Name="SubjectLogonId">0x3e5</Data>
    <Data Name="ProviderName">Microsoft Software Key Storage Provider</Data>
    <Data Name="AlgorithmName">ECDSA_P256</Data>
    <Data Name="KeyName">Microsoft Connected Devices Platform device certificate</Data>
    <Data Name="KeyType">%%2500</Data>
    <Data Name="Operation">%%2480</Data>
    <Data Name="ReturnCode">0x0</Data>
  </EventData>
</Event>
Record 674
<?xml version="1.0" encoding="utf-8"?>
<Event xmlns="http://schemas.microsoft.com/win/2004/08/events/event">
  <System>
    <Provider Name="Microsoft-Windows-Security-Auditing" Guid="54849625-5478-4994-A5BA-3E3B0328C30D">
    </Provider>
    <EventID>5059</EventID>
    <Version>1</Version>
    <Level>0</Level>
    <Task>12292</Task>
    <Opcode>0</Opcode>
    <Keywords>0x8020000000000000</Keywords>
    <TimeCreated SystemTime="2025-07-02T21:54:57.464400Z">
    </TimeCreated>
    <EventRecordID>674</EventRecordID>
    <Correlation ActivityID="ECEB6DEC-EB9B-0001-D36E-EBEC9BEBDB01">
    </Correlation>
    <Execution ProcessID="652" ThreadID="732">
    </Execution>
    <Channel>Security</Channel>
    <Computer>DESKTOP-P5L8521</Computer>
    <Security>
    </Security>
  </System>
  <EventData>
    <Data Name="SubjectUserSid">S-1-5-19</Data>
    <Data Name="SubjectUserName">LOCAL SERVICE</Data>
    <Data Name="SubjectDomainName">NT AUTHORITY</Data>
    <Data Name="SubjectLogonId">0x3e5</Data>
    <Data Name="ClientProcessId">4744</Data>
    <Data Name="ClientCreationTime">2025-07-02T21:54:57.241417Z</Data>
    <Data Name="ProviderName">Microsoft Software Key Storage Provider</Data>
    <Data Name="AlgorithmName">ECDSA_P256</Data>
    <Data Name="KeyName">Microsoft Connected Devices Platform device certificate</Data>
    <Data Name="KeyType">%%2500</Data>
    <Data Name="Operation">%%2464</Data>
    <Data Name="ReturnCode">0x0</Data>
  </EventData>
</Event>
Record 675
<?xml version="1.0" encoding="utf-8"?>
<Event xmlns="http://schemas.microsoft.com/win/2004/08/events/event">
  <System>
    <Provider Name="Microsoft-Windows-Security-Auditing" Guid="54849625-5478-4994-A5BA-3E3B0328C30D">
    </Provider>
    <EventID>4624</EventID>
    <Version>2</Version>
    <Level>0</Level>
    <Task>12544</Task>
    <Opcode>0</Opcode>
    <Keywords>0x8020000000000000</Keywords>
    <TimeCreated SystemTime="2025-07-02T21:54:58.098403Z">
    </TimeCreated>
    <EventRecordID>675</EventRecordID>
    <Correlation ActivityID="ECEB6DEC-EB9B-0001-D36E-EBEC9BEBDB01">
    </Correlation>
    <Execution ProcessID="652" ThreadID="732">
    </Execution>
    <Channel>Security</Channel>
    <Computer>DESKTOP-P5L8521</Computer>
    <Security>
    </Security>
  </System>
  <EventData>
    <Data Name="SubjectUserSid">S-1-5-18</Data>
    <Data Name="SubjectUserName">DESKTOP-P5L8521$</Data>
    <Data Name="SubjectDomainName">WORKGROUP</Data>
    <Data Name="SubjectLogonId">0x3e7</Data>
    <Data Name="TargetUserSid">S-1-5-18</Data>
    <Data Name="TargetUserName">SYSTEM</Data>
    <Data Name="TargetDomainName">NT AUTHORITY</Data>
    <Data Name="TargetLogonId">0x3e7</Data>
    <Data Name="LogonType">5</Data>
    <Data Name="LogonProcessName">Advapi</Data>
    <Data Name="AuthenticationPackageName">Negotiate</Data>
    <Data Name="WorkstationName">-</Data>
    <Data Name="LogonGuid">00000000-0000-0000-0000-000000000000</Data>
    <Data Name="TransmittedServices">-</Data>
    <Data Name="LmPackageName">-</Data>
    <Data Name="KeyLength">0</Data>
    <Data Name="ProcessId">0x26c</Data>
    <Data Name="ProcessName">C:\Windows\System32\services.exe</Data>
    <Data Name="IpAddress">-</Data>
    <Data Name="IpPort">-</Data>
    <Data Name="ImpersonationLevel">%%1833</Data>
    <Data Name="RestrictedAdminMode">-</Data>
    <Data Name="TargetOutboundUserName">-</Data>
    <Data Name="TargetOutboundDomainName">-</Data>
    <Data Name="VirtualAccount">%%1843</Data>
    <Data Name="TargetLinkedLogonId">0x0</Data>
    <Data Name="ElevatedToken">%%1842</Data>
  </EventData>
</Event>
Record 676
<?xml version="1.0" encoding="utf-8"?>
<Event xmlns="http://schemas.microsoft.com/win/2004/08/events/event">
  <System>
    <Provider Name="Microsoft-Windows-Security-Auditing" Guid="54849625-5478-4994-A5BA-3E3B0328C30D">
    </Provider>
    <EventID>4672</EventID>
    <Version>0</Version>
    <Level>0</Level>
    <Task>12548</Task>
    <Opcode>0</Opcode>
    <Keywords>0x8020000000000000</Keywords>
    <TimeCreated SystemTime="2025-07-02T21:54:58.098408Z">
    </TimeCreated>
    <EventRecordID>676</EventRecordID>
    <Correlation ActivityID="ECEB6DEC-EB9B-0001-D36E-EBEC9BEBDB01">
    </Correlation>
    <Execution ProcessID="652" ThreadID="732">
    </Execution>
    <Channel>Security</Channel>
    <Computer>DESKTOP-P5L8521</Computer>
    <Security>
    </Security>
  </System>
  <EventData>
    <Data Name="SubjectUserSid">S-1-5-18</Data>
    <Data Name="SubjectUserName">SYSTEM</Data>
    <Data Name="SubjectDomainName">NT AUTHORITY</Data>
    <Data Name="SubjectLogonId">0x3e7</Data>
    <Data Name="PrivilegeList">SeAssignPrimaryTokenPrivilege
			SeTcbPrivilege
			SeSecurityPrivilege
			SeTakeOwnershipPrivilege
			SeLoadDriverPrivilege
			SeBackupPrivilege
			SeRestorePrivilege
			SeDebugPrivilege
			SeAuditPrivilege
			SeSystemEnvironmentPrivilege
			SeImpersonatePrivilege
			SeDelegateSessionUserImpersonatePrivilege</Data>
  </EventData>
</Event>
Record 677
<?xml version="1.0" encoding="utf-8"?>
<Event xmlns="http://schemas.microsoft.com/win/2004/08/events/event">
  <System>
    <Provider Name="Microsoft-Windows-Security-Auditing" Guid="54849625-5478-4994-A5BA-3E3B0328C30D">
    </Provider>
    <EventID>4624</EventID>
    <Version>2</Version>
    <Level>0</Level>
    <Task>12544</Task>
    <Opcode>0</Opcode>
    <Keywords>0x8020000000000000</Keywords>
    <TimeCreated SystemTime="2025-07-02T21:54:58.648734Z">
    </TimeCreated>
    <EventRecordID>677</EventRecordID>
    <Correlation ActivityID="ECEB6DEC-EB9B-0001-D36E-EBEC9BEBDB01">
    </Correlation>
    <Execution ProcessID="652" ThreadID="732">
    </Execution>
    <Channel>Security</Channel>
    <Computer>DESKTOP-P5L8521</Computer>
    <Security>
    </Security>
  </System>
  <EventData>
    <Data Name="SubjectUserSid">S-1-5-18</Data>
    <Data Name="SubjectUserName">DESKTOP-P5L8521$</Data>
    <Data Name="SubjectDomainName">WORKGROUP</Data>
    <Data Name="SubjectLogonId">0x3e7</Data>
    <Data Name="TargetUserSid">S-1-5-18</Data>
    <Data Name="TargetUserName">SYSTEM</Data>
    <Data Name="TargetDomainName">NT AUTHORITY</Data>
    <Data Name="TargetLogonId">0x3e7</Data>
    <Data Name="LogonType">5</Data>
    <Data Name="LogonProcessName">Advapi</Data>
    <Data Name="AuthenticationPackageName">Negotiate</Data>
    <Data Name="WorkstationName">-</Data>
    <Data Name="LogonGuid">00000000-0000-0000-0000-000000000000</Data>
    <Data Name="TransmittedServices">-</Data>
    <Data Name="LmPackageName">-</Data>
    <Data Name="KeyLength">0</Data>
    <Data Name="ProcessId">0x26c</Data>
    <Data Name="ProcessName">C:\Windows\System32\services.exe</Data>
    <Data Name="IpAddress">-</Data>
    <Data Name="IpPort">-</Data>
    <Data Name="ImpersonationLevel">%%1833</Data>
    <Data Name="RestrictedAdminMode">-</Data>
    <Data Name="TargetOutboundUserName">-</Data>
    <Data Name="TargetOutboundDomainName">-</Data>
    <Data Name="VirtualAccount">%%1843</Data>
    <Data Name="TargetLinkedLogonId">0x0</Data>
    <Data Name="ElevatedToken">%%1842</Data>
  </EventData>
</Event>
Record 678
<?xml version="1.0" encoding="utf-8"?>
<Event xmlns="http://schemas.microsoft.com/win/2004/08/events/event">
  <System>
    <Provider Name="Microsoft-Windows-Security-Auditing" Guid="54849625-5478-4994-A5BA-3E3B0328C30D">
    </Provider>
    <EventID>4672</EventID>
    <Version>0</Version>
    <Level>0</Level>
    <Task>12548</Task>
    <Opcode>0</Opcode>
    <Keywords>0x8020000000000000</Keywords>
    <TimeCreated SystemTime="2025-07-02T21:54:58.648738Z">
    </TimeCreated>
    <EventRecordID>678</EventRecordID>
    <Correlation ActivityID="ECEB6DEC-EB9B-0001-D36E-EBEC9BEBDB01">
    </Correlation>
    <Execution ProcessID="652" ThreadID="732">
    </Execution>
    <Channel>Security</Channel>
    <Computer>DESKTOP-P5L8521</Computer>
    <Security>
    </Security>
  </System>
  <EventData>
    <Data Name="SubjectUserSid">S-1-5-18</Data>
    <Data Name="SubjectUserName">SYSTEM</Data>
    <Data Name="SubjectDomainName">NT AUTHORITY</Data>
    <Data Name="SubjectLogonId">0x3e7</Data>
    <Data Name="PrivilegeList">SeAssignPrimaryTokenPrivilege
			SeTcbPrivilege
			SeSecurityPrivilege
			SeTakeOwnershipPrivilege
			SeLoadDriverPrivilege
			SeBackupPrivilege
			SeRestorePrivilege
			SeDebugPrivilege
			SeAuditPrivilege
			SeSystemEnvironmentPrivilege
			SeImpersonatePrivilege
			SeDelegateSessionUserImpersonatePrivilege</Data>
  </EventData>
</Event>
Record 679
<?xml version="1.0" encoding="utf-8"?>
<Event xmlns="http://schemas.microsoft.com/win/2004/08/events/event">
  <System>
    <Provider Name="Microsoft-Windows-Security-Auditing" Guid="54849625-5478-4994-A5BA-3E3B0328C30D">
    </Provider>
    <EventID>4799</EventID>
    <Version>0</Version>
    <Level>0</Level>
    <Task>13826</Task>
    <Opcode>0</Opcode>
    <Keywords>0x8020000000000000</Keywords>
    <TimeCreated SystemTime="2025-07-02T21:54:58.721886Z">
    </TimeCreated>
    <EventRecordID>679</EventRecordID>
    <Correlation ActivityID="ECEB6DEC-EB9B-0001-D36E-EBEC9BEBDB01">
    </Correlation>
    <Execution ProcessID="652" ThreadID="704">
    </Execution>
    <Channel>Security</Channel>
    <Computer>DESKTOP-P5L8521</Computer>
    <Security>
    </Security>
  </System>
  <EventData>
    <Data Name="TargetUserName">Administrators</Data>
    <Data Name="TargetDomainName">Builtin</Data>
    <Data Name="TargetSid">S-1-5-32-544</Data>
    <Data Name="SubjectUserSid">S-1-5-18</Data>
    <Data Name="SubjectUserName">DESKTOP-P5L8521$</Data>
    <Data Name="SubjectDomainName">WORKGROUP</Data>
    <Data Name="SubjectLogonId">0x3e7</Data>
    <Data Name="CallerProcessId">0x1414</Data>
    <Data Name="CallerProcessName">C:\Windows\System32\VSSVC.exe</Data>
  </EventData>
</Event>
Record 680
<?xml version="1.0" encoding="utf-8"?>
<Event xmlns="http://schemas.microsoft.com/win/2004/08/events/event">
  <System>
    <Provider Name="Microsoft-Windows-Security-Auditing" Guid="54849625-5478-4994-A5BA-3E3B0328C30D">
    </Provider>
    <EventID>4799</EventID>
    <Version>0</Version>
    <Level>0</Level>
    <Task>13826</Task>
    <Opcode>0</Opcode>
    <Keywords>0x8020000000000000</Keywords>
    <TimeCreated SystemTime="2025-07-02T21:54:58.723315Z">
    </TimeCreated>
    <EventRecordID>680</EventRecordID>
    <Correlation ActivityID="ECEB6DEC-EB9B-0001-D36E-EBEC9BEBDB01">
    </Correlation>
    <Execution ProcessID="652" ThreadID="704">
    </Execution>
    <Channel>Security</Channel>
    <Computer>DESKTOP-P5L8521</Computer>
    <Security>
    </Security>
  </System>
  <EventData>
    <Data Name="TargetUserName">Backup Operators</Data>
    <Data Name="TargetDomainName">Builtin</Data>
    <Data Name="TargetSid">S-1-5-32-551</Data>
    <Data Name="SubjectUserSid">S-1-5-18</Data>
    <Data Name="SubjectUserName">DESKTOP-P5L8521$</Data>
    <Data Name="SubjectDomainName">WORKGROUP</Data>
    <Data Name="SubjectLogonId">0x3e7</Data>
    <Data Name="CallerProcessId">0x1414</Data>
    <Data Name="CallerProcessName">C:\Windows\System32\VSSVC.exe</Data>
  </EventData>
</Event>
Record 681
<?xml version="1.0" encoding="utf-8"?>
<Event xmlns="http://schemas.microsoft.com/win/2004/08/events/event">
  <System>
    <Provider Name="Microsoft-Windows-Security-Auditing" Guid="54849625-5478-4994-A5BA-3E3B0328C30D">
    </Provider>
    <EventID>4799</EventID>
    <Version>0</Version>
    <Level>0</Level>
    <Task>13826</Task>
    <Opcode>0</Opcode>
    <Keywords>0x8020000000000000</Keywords>
    <TimeCreated SystemTime="2025-07-02T21:54:58.889730Z">
    </TimeCreated>
    <EventRecordID>681</EventRecordID>
    <Correlation ActivityID="ECEB6DEC-EB9B-0001-D36E-EBEC9BEBDB01">
    </Correlation>
    <Execution ProcessID="652" ThreadID="732">
    </Execution>
    <Channel>Security</Channel>
    <Computer>DESKTOP-P5L8521</Computer>
    <Security>
    </Security>
  </System>
  <EventData>
    <Data Name="TargetUserName">Administrators</Data>
    <Data Name="TargetDomainName">Builtin</Data>
    <Data Name="TargetSid">S-1-5-32-544</Data>
    <Data Name="SubjectUserSid">S-1-5-18</Data>
    <Data Name="SubjectUserName">DESKTOP-P5L8521$</Data>
    <Data Name="SubjectDomainName">WORKGROUP</Data>
    <Data Name="SubjectLogonId">0x3e7</Data>
    <Data Name="CallerProcessId">0x1414</Data>
    <Data Name="CallerProcessName">C:\Windows\System32\VSSVC.exe</Data>
  </EventData>
</Event>
Record 682
<?xml version="1.0" encoding="utf-8"?>
<Event xmlns="http://schemas.microsoft.com/win/2004/08/events/event">
  <System>
    <Provider Name="Microsoft-Windows-Security-Auditing" Guid="54849625-5478-4994-A5BA-3E3B0328C30D">
    </Provider>
    <EventID>4799</EventID>
    <Version>0</Version>
    <Level>0</Level>
    <Task>13826</Task>
    <Opcode>0</Opcode>
    <Keywords>0x8020000000000000</Keywords>
    <TimeCreated SystemTime="2025-07-02T21:54:58.890742Z">
    </TimeCreated>
    <EventRecordID>682</EventRecordID>
    <Correlation ActivityID="ECEB6DEC-EB9B-0001-D36E-EBEC9BEBDB01">
    </Correlation>
    <Execution ProcessID="652" ThreadID="732">
    </Execution>
    <Channel>Security</Channel>
    <Computer>DESKTOP-P5L8521</Computer>
    <Security>
    </Security>
  </System>
  <EventData>
    <Data Name="TargetUserName">Backup Operators</Data>
    <Data Name="TargetDomainName">Builtin</Data>
    <Data Name="TargetSid">S-1-5-32-551</Data>
    <Data Name="SubjectUserSid">S-1-5-18</Data>
    <Data Name="SubjectUserName">DESKTOP-P5L8521$</Data>
    <Data Name="SubjectDomainName">WORKGROUP</Data>
    <Data Name="SubjectLogonId">0x3e7</Data>
    <Data Name="CallerProcessId">0x1414</Data>
    <Data Name="CallerProcessName">C:\Windows\System32\VSSVC.exe</Data>
  </EventData>
</Event>
Record 683
<?xml version="1.0" encoding="utf-8"?>
<Event xmlns="http://schemas.microsoft.com/win/2004/08/events/event">
  <System>
    <Provider Name="Microsoft-Windows-Security-Auditing" Guid="54849625-5478-4994-A5BA-3E3B0328C30D">
    </Provider>
    <EventID>4624</EventID>
    <Version>2</Version>
    <Level>0</Level>
    <Task>12544</Task>
    <Opcode>0</Opcode>
    <Keywords>0x8020000000000000</Keywords>
    <TimeCreated SystemTime="2025-07-02T21:54:58.892715Z">
    </TimeCreated>
    <EventRecordID>683</EventRecordID>
    <Correlation ActivityID="ECEB6DEC-EB9B-0001-D36E-EBEC9BEBDB01">
    </Correlation>
    <Execution ProcessID="652" ThreadID="704">
    </Execution>
    <Channel>Security</Channel>
    <Computer>DESKTOP-P5L8521</Computer>
    <Security>
    </Security>
  </System>
  <EventData>
    <Data Name="SubjectUserSid">S-1-5-18</Data>
    <Data Name="SubjectUserName">DESKTOP-P5L8521$</Data>
    <Data Name="SubjectDomainName">WORKGROUP</Data>
    <Data Name="SubjectLogonId">0x3e7</Data>
    <Data Name="TargetUserSid">S-1-5-18</Data>
    <Data Name="TargetUserName">SYSTEM</Data>
    <Data Name="TargetDomainName">NT AUTHORITY</Data>
    <Data Name="TargetLogonId">0x3e7</Data>
    <Data Name="LogonType">5</Data>
    <Data Name="LogonProcessName">Advapi</Data>
    <Data Name="AuthenticationPackageName">Negotiate</Data>
    <Data Name="WorkstationName">-</Data>
    <Data Name="LogonGuid">00000000-0000-0000-0000-000000000000</Data>
    <Data Name="TransmittedServices">-</Data>
    <Data Name="LmPackageName">-</Data>
    <Data Name="KeyLength">0</Data>
    <Data Name="ProcessId">0x26c</Data>
    <Data Name="ProcessName">C:\Windows\System32\services.exe</Data>
    <Data Name="IpAddress">-</Data>
    <Data Name="IpPort">-</Data>
    <Data Name="ImpersonationLevel">%%1833</Data>
    <Data Name="RestrictedAdminMode">-</Data>
    <Data Name="TargetOutboundUserName">-</Data>
    <Data Name="TargetOutboundDomainName">-</Data>
    <Data Name="VirtualAccount">%%1843</Data>
    <Data Name="TargetLinkedLogonId">0x0</Data>
    <Data Name="ElevatedToken">%%1842</Data>
  </EventData>
</Event>
Record 684
<?xml version="1.0" encoding="utf-8"?>
<Event xmlns="http://schemas.microsoft.com/win/2004/08/events/event">
  <System>
    <Provider Name="Microsoft-Windows-Security-Auditing" Guid="54849625-5478-4994-A5BA-3E3B0328C30D">
    </Provider>
    <EventID>4672</EventID>
    <Version>0</Version>
    <Level>0</Level>
    <Task>12548</Task>
    <Opcode>0</Opcode>
    <Keywords>0x8020000000000000</Keywords>
    <TimeCreated SystemTime="2025-07-02T21:54:58.892720Z">
    </TimeCreated>
    <EventRecordID>684</EventRecordID>
    <Correlation ActivityID="ECEB6DEC-EB9B-0001-D36E-EBEC9BEBDB01">
    </Correlation>
    <Execution ProcessID="652" ThreadID="704">
    </Execution>
    <Channel>Security</Channel>
    <Computer>DESKTOP-P5L8521</Computer>
    <Security>
    </Security>
  </System>
  <EventData>
    <Data Name="SubjectUserSid">S-1-5-18</Data>
    <Data Name="SubjectUserName">SYSTEM</Data>
    <Data Name="SubjectDomainName">NT AUTHORITY</Data>
    <Data Name="SubjectLogonId">0x3e7</Data>
    <Data Name="PrivilegeList">SeAssignPrimaryTokenPrivilege
			SeTcbPrivilege
			SeSecurityPrivilege
			SeTakeOwnershipPrivilege
			SeLoadDriverPrivilege
			SeBackupPrivilege
			SeRestorePrivilege
			SeDebugPrivilege
			SeAuditPrivilege
			SeSystemEnvironmentPrivilege
			SeImpersonatePrivilege
			SeDelegateSessionUserImpersonatePrivilege</Data>
  </EventData>
</Event>
Record 685
<?xml version="1.0" encoding="utf-8"?>
<Event xmlns="http://schemas.microsoft.com/win/2004/08/events/event">
  <System>
    <Provider Name="Microsoft-Windows-Security-Auditing" Guid="54849625-5478-4994-A5BA-3E3B0328C30D">
    </Provider>
    <EventID>4799</EventID>
    <Version>0</Version>
    <Level>0</Level>
    <Task>13826</Task>
    <Opcode>0</Opcode>
    <Keywords>0x8020000000000000</Keywords>
    <TimeCreated SystemTime="2025-07-02T21:54:58.940730Z">
    </TimeCreated>
    <EventRecordID>685</EventRecordID>
    <Correlation ActivityID="ECEB6DEC-EB9B-0001-D36E-EBEC9BEBDB01">
    </Correlation>
    <Execution ProcessID="652" ThreadID="704">
    </Execution>
    <Channel>Security</Channel>
    <Computer>DESKTOP-P5L8521</Computer>
    <Security>
    </Security>
  </System>
  <EventData>
    <Data Name="TargetUserName">Administrators</Data>
    <Data Name="TargetDomainName">Builtin</Data>
    <Data Name="TargetSid">S-1-5-32-544</Data>
    <Data Name="SubjectUserSid">S-1-5-18</Data>
    <Data Name="SubjectUserName">DESKTOP-P5L8521$</Data>
    <Data Name="SubjectDomainName">WORKGROUP</Data>
    <Data Name="SubjectLogonId">0x3e7</Data>
    <Data Name="CallerProcessId">0x1414</Data>
    <Data Name="CallerProcessName">C:\Windows\System32\VSSVC.exe</Data>
  </EventData>
</Event>
Record 686
<?xml version="1.0" encoding="utf-8"?>
<Event xmlns="http://schemas.microsoft.com/win/2004/08/events/event">
  <System>
    <Provider Name="Microsoft-Windows-Security-Auditing" Guid="54849625-5478-4994-A5BA-3E3B0328C30D">
    </Provider>
    <EventID>4799</EventID>
    <Version>0</Version>
    <Level>0</Level>
    <Task>13826</Task>
    <Opcode>0</Opcode>
    <Keywords>0x8020000000000000</Keywords>
    <TimeCreated SystemTime="2025-07-02T21:54:58.941385Z">
    </TimeCreated>
    <EventRecordID>686</EventRecordID>
    <Correlation ActivityID="ECEB6DEC-EB9B-0001-D36E-EBEC9BEBDB01">
    </Correlation>
    <Execution ProcessID="652" ThreadID="704">
    </Execution>
    <Channel>Security</Channel>
    <Computer>DESKTOP-P5L8521</Computer>
    <Security>
    </Security>
  </System>
  <EventData>
    <Data Name="TargetUserName">Backup Operators</Data>
    <Data Name="TargetDomainName">Builtin</Data>
    <Data Name="TargetSid">S-1-5-32-551</Data>
    <Data Name="SubjectUserSid">S-1-5-18</Data>
    <Data Name="SubjectUserName">DESKTOP-P5L8521$</Data>
    <Data Name="SubjectDomainName">WORKGROUP</Data>
    <Data Name="SubjectLogonId">0x3e7</Data>
    <Data Name="CallerProcessId">0x1414</Data>
    <Data Name="CallerProcessName">C:\Windows\System32\VSSVC.exe</Data>
  </EventData>
</Event>
Record 687
<?xml version="1.0" encoding="utf-8"?>
<Event xmlns="http://schemas.microsoft.com/win/2004/08/events/event">
  <System>
    <Provider Name="Microsoft-Windows-Security-Auditing" Guid="54849625-5478-4994-A5BA-3E3B0328C30D">
    </Provider>
    <EventID>4799</EventID>
    <Version>0</Version>
    <Level>0</Level>
    <Task>13826</Task>
    <Opcode>0</Opcode>
    <Keywords>0x8020000000000000</Keywords>
    <TimeCreated SystemTime="2025-07-02T21:54:58.974426Z">
    </TimeCreated>
    <EventRecordID>687</EventRecordID>
    <Correlation ActivityID="ECEB6DEC-EB9B-0001-D36E-EBEC9BEBDB01">
    </Correlation>
    <Execution ProcessID="652" ThreadID="704">
    </Execution>
    <Channel>Security</Channel>
    <Computer>DESKTOP-P5L8521</Computer>
    <Security>
    </Security>
  </System>
  <EventData>
    <Data Name="TargetUserName">Administrators</Data>
    <Data Name="TargetDomainName">Builtin</Data>
    <Data Name="TargetSid">S-1-5-32-544</Data>
    <Data Name="SubjectUserSid">S-1-5-18</Data>
    <Data Name="SubjectUserName">DESKTOP-P5L8521$</Data>
    <Data Name="SubjectDomainName">WORKGROUP</Data>
    <Data Name="SubjectLogonId">0x3e7</Data>
    <Data Name="CallerProcessId">0x1414</Data>
    <Data Name="CallerProcessName">C:\Windows\System32\VSSVC.exe</Data>
  </EventData>
</Event>
Record 688
<?xml version="1.0" encoding="utf-8"?>
<Event xmlns="http://schemas.microsoft.com/win/2004/08/events/event">
  <System>
    <Provider Name="Microsoft-Windows-Security-Auditing" Guid="54849625-5478-4994-A5BA-3E3B0328C30D">
    </Provider>
    <EventID>4799</EventID>
    <Version>0</Version>
    <Level>0</Level>
    <Task>13826</Task>
    <Opcode>0</Opcode>
    <Keywords>0x8020000000000000</Keywords>
    <TimeCreated SystemTime="2025-07-02T21:54:58.975622Z">
    </TimeCreated>
    <EventRecordID>688</EventRecordID>
    <Correlation ActivityID="ECEB6DEC-EB9B-0001-D36E-EBEC9BEBDB01">
    </Correlation>
    <Execution ProcessID="652" ThreadID="704">
    </Execution>
    <Channel>Security</Channel>
    <Computer>DESKTOP-P5L8521</Computer>
    <Security>
    </Security>
  </System>
  <EventData>
    <Data Name="TargetUserName">Backup Operators</Data>
    <Data Name="TargetDomainName">Builtin</Data>
    <Data Name="TargetSid">S-1-5-32-551</Data>
    <Data Name="SubjectUserSid">S-1-5-18</Data>
    <Data Name="SubjectUserName">DESKTOP-P5L8521$</Data>
    <Data Name="SubjectDomainName">WORKGROUP</Data>
    <Data Name="SubjectLogonId">0x3e7</Data>
    <Data Name="CallerProcessId">0x1414</Data>
    <Data Name="CallerProcessName">C:\Windows\System32\VSSVC.exe</Data>
  </EventData>
</Event>
Record 689
<?xml version="1.0" encoding="utf-8"?>
<Event xmlns="http://schemas.microsoft.com/win/2004/08/events/event">
  <System>
    <Provider Name="Microsoft-Windows-Security-Auditing" Guid="54849625-5478-4994-A5BA-3E3B0328C30D">
    </Provider>
    <EventID>4624</EventID>
    <Version>2</Version>
    <Level>0</Level>
    <Task>12544</Task>
    <Opcode>0</Opcode>
    <Keywords>0x8020000000000000</Keywords>
    <TimeCreated SystemTime="2025-07-02T21:54:59.865112Z">
    </TimeCreated>
    <EventRecordID>689</EventRecordID>
    <Correlation ActivityID="ECEB6DEC-EB9B-0001-D36E-EBEC9BEBDB01">
    </Correlation>
    <Execution ProcessID="652" ThreadID="732">
    </Execution>
    <Channel>Security</Channel>
    <Computer>DESKTOP-P5L8521</Computer>
    <Security>
    </Security>
  </System>
  <EventData>
    <Data Name="SubjectUserSid">S-1-5-18</Data>
    <Data Name="SubjectUserName">DESKTOP-P5L8521$</Data>
    <Data Name="SubjectDomainName">WORKGROUP</Data>
    <Data Name="SubjectLogonId">0x3e7</Data>
    <Data Name="TargetUserSid">S-1-5-18</Data>
    <Data Name="TargetUserName">SYSTEM</Data>
    <Data Name="TargetDomainName">NT AUTHORITY</Data>
    <Data Name="TargetLogonId">0x3e7</Data>
    <Data Name="LogonType">5</Data>
    <Data Name="LogonProcessName">Advapi</Data>
    <Data Name="AuthenticationPackageName">Negotiate</Data>
    <Data Name="WorkstationName">-</Data>
    <Data Name="LogonGuid">00000000-0000-0000-0000-000000000000</Data>
    <Data Name="TransmittedServices">-</Data>
    <Data Name="LmPackageName">-</Data>
    <Data Name="KeyLength">0</Data>
    <Data Name="ProcessId">0x26c</Data>
    <Data Name="ProcessName">C:\Windows\System32\services.exe</Data>
    <Data Name="IpAddress">-</Data>
    <Data Name="IpPort">-</Data>
    <Data Name="ImpersonationLevel">%%1833</Data>
    <Data Name="RestrictedAdminMode">-</Data>
    <Data Name="TargetOutboundUserName">-</Data>
    <Data Name="TargetOutboundDomainName">-</Data>
    <Data Name="VirtualAccount">%%1843</Data>
    <Data Name="TargetLinkedLogonId">0x0</Data>
    <Data Name="ElevatedToken">%%1842</Data>
  </EventData>
</Event>
Record 690
<?xml version="1.0" encoding="utf-8"?>
<Event xmlns="http://schemas.microsoft.com/win/2004/08/events/event">
  <System>
    <Provider Name="Microsoft-Windows-Security-Auditing" Guid="54849625-5478-4994-A5BA-3E3B0328C30D">
    </Provider>
    <EventID>4672</EventID>
    <Version>0</Version>
    <Level>0</Level>
    <Task>12548</Task>
    <Opcode>0</Opcode>
    <Keywords>0x8020000000000000</Keywords>
    <TimeCreated SystemTime="2025-07-02T21:54:59.865116Z">
    </TimeCreated>
    <EventRecordID>690</EventRecordID>
    <Correlation ActivityID="ECEB6DEC-EB9B-0001-D36E-EBEC9BEBDB01">
    </Correlation>
    <Execution ProcessID="652" ThreadID="732">
    </Execution>
    <Channel>Security</Channel>
    <Computer>DESKTOP-P5L8521</Computer>
    <Security>
    </Security>
  </System>
  <EventData>
    <Data Name="SubjectUserSid">S-1-5-18</Data>
    <Data Name="SubjectUserName">SYSTEM</Data>
    <Data Name="SubjectDomainName">NT AUTHORITY</Data>
    <Data Name="SubjectLogonId">0x3e7</Data>
    <Data Name="PrivilegeList">SeAssignPrimaryTokenPrivilege
			SeTcbPrivilege
			SeSecurityPrivilege
			SeTakeOwnershipPrivilege
			SeLoadDriverPrivilege
			SeBackupPrivilege
			SeRestorePrivilege
			SeDebugPrivilege
			SeAuditPrivilege
			SeSystemEnvironmentPrivilege
			SeImpersonatePrivilege
			SeDelegateSessionUserImpersonatePrivilege</Data>
  </EventData>
</Event>
Record 691
<?xml version="1.0" encoding="utf-8"?>
<Event xmlns="http://schemas.microsoft.com/win/2004/08/events/event">
  <System>
    <Provider Name="Microsoft-Windows-Security-Auditing" Guid="54849625-5478-4994-A5BA-3E3B0328C30D">
    </Provider>
    <EventID>4799</EventID>
    <Version>0</Version>
    <Level>0</Level>
    <Task>13826</Task>
    <Opcode>0</Opcode>
    <Keywords>0x8020000000000000</Keywords>
    <TimeCreated SystemTime="2025-07-02T21:55:00.054678Z">
    </TimeCreated>
    <EventRecordID>691</EventRecordID>
    <Correlation ActivityID="ECEB6DEC-EB9B-0001-D36E-EBEC9BEBDB01">
    </Correlation>
    <Execution ProcessID="652" ThreadID="704">
    </Execution>
    <Channel>Security</Channel>
    <Computer>DESKTOP-P5L8521</Computer>
    <Security>
    </Security>
  </System>
  <EventData>
    <Data Name="TargetUserName">Administrators</Data>
    <Data Name="TargetDomainName">Builtin</Data>
    <Data Name="TargetSid">S-1-5-32-544</Data>
    <Data Name="SubjectUserSid">S-1-5-18</Data>
    <Data Name="SubjectUserName">DESKTOP-P5L8521$</Data>
    <Data Name="SubjectDomainName">WORKGROUP</Data>
    <Data Name="SubjectLogonId">0x3e7</Data>
    <Data Name="CallerProcessId">0x1650</Data>
    <Data Name="CallerProcessName">C:\Windows\System32\SearchIndexer.exe</Data>
  </EventData>
</Event>
Record 692
<?xml version="1.0" encoding="utf-8"?>
<Event xmlns="http://schemas.microsoft.com/win/2004/08/events/event">
  <System>
    <Provider Name="Microsoft-Windows-Security-Auditing" Guid="54849625-5478-4994-A5BA-3E3B0328C30D">
    </Provider>
    <EventID>4799</EventID>
    <Version>0</Version>
    <Level>0</Level>
    <Task>13826</Task>
    <Opcode>0</Opcode>
    <Keywords>0x8020000000000000</Keywords>
    <TimeCreated SystemTime="2025-07-02T21:55:00.055076Z">
    </TimeCreated>
    <EventRecordID>692</EventRecordID>
    <Correlation ActivityID="ECEB6DEC-EB9B-0001-D36E-EBEC9BEBDB01">
    </Correlation>
    <Execution ProcessID="652" ThreadID="704">
    </Execution>
    <Channel>Security</Channel>
    <Computer>DESKTOP-P5L8521</Computer>
    <Security>
    </Security>
  </System>
  <EventData>
    <Data Name="TargetUserName">Backup Operators</Data>
    <Data Name="TargetDomainName">Builtin</Data>
    <Data Name="TargetSid">S-1-5-32-551</Data>
    <Data Name="SubjectUserSid">S-1-5-18</Data>
    <Data Name="SubjectUserName">DESKTOP-P5L8521$</Data>
    <Data Name="SubjectDomainName">WORKGROUP</Data>
    <Data Name="SubjectLogonId">0x3e7</Data>
    <Data Name="CallerProcessId">0x1650</Data>
    <Data Name="CallerProcessName">C:\Windows\System32\SearchIndexer.exe</Data>
  </EventData>
</Event>
Record 693
<?xml version="1.0" encoding="utf-8"?>
<Event xmlns="http://schemas.microsoft.com/win/2004/08/events/event">
  <System>
    <Provider Name="Microsoft-Windows-Security-Auditing" Guid="54849625-5478-4994-A5BA-3E3B0328C30D">
    </Provider>
    <EventID>4624</EventID>
    <Version>2</Version>
    <Level>0</Level>
    <Task>12544</Task>
    <Opcode>0</Opcode>
    <Keywords>0x8020000000000000</Keywords>
    <TimeCreated SystemTime="2025-07-02T21:55:01.127745Z">
    </TimeCreated>
    <EventRecordID>693</EventRecordID>
    <Correlation ActivityID="ECEB6DEC-EB9B-0001-D36E-EBEC9BEBDB01">
    </Correlation>
    <Execution ProcessID="652" ThreadID="704">
    </Execution>
    <Channel>Security</Channel>
    <Computer>DESKTOP-P5L8521</Computer>
    <Security>
    </Security>
  </System>
  <EventData>
    <Data Name="SubjectUserSid">S-1-5-18</Data>
    <Data Name="SubjectUserName">DESKTOP-P5L8521$</Data>
    <Data Name="SubjectDomainName">WORKGROUP</Data>
    <Data Name="SubjectLogonId">0x3e7</Data>
    <Data Name="TargetUserSid">S-1-5-18</Data>
    <Data Name="TargetUserName">SYSTEM</Data>
    <Data Name="TargetDomainName">NT AUTHORITY</Data>
    <Data Name="TargetLogonId">0x3e7</Data>
    <Data Name="LogonType">5</Data>
    <Data Name="LogonProcessName">Advapi</Data>
    <Data Name="AuthenticationPackageName">Negotiate</Data>
    <Data Name="WorkstationName">-</Data>
    <Data Name="LogonGuid">00000000-0000-0000-0000-000000000000</Data>
    <Data Name="TransmittedServices">-</Data>
    <Data Name="LmPackageName">-</Data>
    <Data Name="KeyLength">0</Data>
    <Data Name="ProcessId">0x26c</Data>
    <Data Name="ProcessName">C:\Windows\System32\services.exe</Data>
    <Data Name="IpAddress">-</Data>
    <Data Name="IpPort">-</Data>
    <Data Name="ImpersonationLevel">%%1833</Data>
    <Data Name="RestrictedAdminMode">-</Data>
    <Data Name="TargetOutboundUserName">-</Data>
    <Data Name="TargetOutboundDomainName">-</Data>
    <Data Name="VirtualAccount">%%1843</Data>
    <Data Name="TargetLinkedLogonId">0x0</Data>
    <Data Name="ElevatedToken">%%1842</Data>
  </EventData>
</Event>
Record 694
<?xml version="1.0" encoding="utf-8"?>
<Event xmlns="http://schemas.microsoft.com/win/2004/08/events/event">
  <System>
    <Provider Name="Microsoft-Windows-Security-Auditing" Guid="54849625-5478-4994-A5BA-3E3B0328C30D">
    </Provider>
    <EventID>4672</EventID>
    <Version>0</Version>
    <Level>0</Level>
    <Task>12548</Task>
    <Opcode>0</Opcode>
    <Keywords>0x8020000000000000</Keywords>
    <TimeCreated SystemTime="2025-07-02T21:55:01.127749Z">
    </TimeCreated>
    <EventRecordID>694</EventRecordID>
    <Correlation ActivityID="ECEB6DEC-EB9B-0001-D36E-EBEC9BEBDB01">
    </Correlation>
    <Execution ProcessID="652" ThreadID="704">
    </Execution>
    <Channel>Security</Channel>
    <Computer>DESKTOP-P5L8521</Computer>
    <Security>
    </Security>
  </System>
  <EventData>
    <Data Name="SubjectUserSid">S-1-5-18</Data>
    <Data Name="SubjectUserName">SYSTEM</Data>
    <Data Name="SubjectDomainName">NT AUTHORITY</Data>
    <Data Name="SubjectLogonId">0x3e7</Data>
    <Data Name="PrivilegeList">SeAssignPrimaryTokenPrivilege
			SeTcbPrivilege
			SeSecurityPrivilege
			SeTakeOwnershipPrivilege
			SeLoadDriverPrivilege
			SeBackupPrivilege
			SeRestorePrivilege
			SeDebugPrivilege
			SeAuditPrivilege
			SeSystemEnvironmentPrivilege
			SeImpersonatePrivilege
			SeDelegateSessionUserImpersonatePrivilege</Data>
  </EventData>
</Event>
Record 695
<?xml version="1.0" encoding="utf-8"?>
<Event xmlns="http://schemas.microsoft.com/win/2004/08/events/event">
  <System>
    <Provider Name="Microsoft-Windows-Security-Auditing" Guid="54849625-5478-4994-A5BA-3E3B0328C30D">
    </Provider>
    <EventID>4624</EventID>
    <Version>2</Version>
    <Level>0</Level>
    <Task>12544</Task>
    <Opcode>0</Opcode>
    <Keywords>0x8020000000000000</Keywords>
    <TimeCreated SystemTime="2025-07-02T21:55:04.877483Z">
    </TimeCreated>
    <EventRecordID>695</EventRecordID>
    <Correlation ActivityID="ECEB6DEC-EB9B-0001-D36E-EBEC9BEBDB01">
    </Correlation>
    <Execution ProcessID="652" ThreadID="708">
    </Execution>
    <Channel>Security</Channel>
    <Computer>DESKTOP-P5L8521</Computer>
    <Security>
    </Security>
  </System>
  <EventData>
    <Data Name="SubjectUserSid">S-1-5-18</Data>
    <Data Name="SubjectUserName">DESKTOP-P5L8521$</Data>
    <Data Name="SubjectDomainName">WORKGROUP</Data>
    <Data Name="SubjectLogonId">0x3e7</Data>
    <Data Name="TargetUserSid">S-1-5-18</Data>
    <Data Name="TargetUserName">SYSTEM</Data>
    <Data Name="TargetDomainName">NT AUTHORITY</Data>
    <Data Name="TargetLogonId">0x3e7</Data>
    <Data Name="LogonType">5</Data>
    <Data Name="LogonProcessName">Advapi</Data>
    <Data Name="AuthenticationPackageName">Negotiate</Data>
    <Data Name="WorkstationName">-</Data>
    <Data Name="LogonGuid">00000000-0000-0000-0000-000000000000</Data>
    <Data Name="TransmittedServices">-</Data>
    <Data Name="LmPackageName">-</Data>
    <Data Name="KeyLength">0</Data>
    <Data Name="ProcessId">0x26c</Data>
    <Data Name="ProcessName">C:\Windows\System32\services.exe</Data>
    <Data Name="IpAddress">-</Data>
    <Data Name="IpPort">-</Data>
    <Data Name="ImpersonationLevel">%%1833</Data>
    <Data Name="RestrictedAdminMode">-</Data>
    <Data Name="TargetOutboundUserName">-</Data>
    <Data Name="TargetOutboundDomainName">-</Data>
    <Data Name="VirtualAccount">%%1843</Data>
    <Data Name="TargetLinkedLogonId">0x0</Data>
    <Data Name="ElevatedToken">%%1842</Data>
  </EventData>
</Event>
Record 696
<?xml version="1.0" encoding="utf-8"?>
<Event xmlns="http://schemas.microsoft.com/win/2004/08/events/event">
  <System>
    <Provider Name="Microsoft-Windows-Security-Auditing" Guid="54849625-5478-4994-A5BA-3E3B0328C30D">
    </Provider>
    <EventID>4672</EventID>
    <Version>0</Version>
    <Level>0</Level>
    <Task>12548</Task>
    <Opcode>0</Opcode>
    <Keywords>0x8020000000000000</Keywords>
    <TimeCreated SystemTime="2025-07-02T21:55:04.877719Z">
    </TimeCreated>
    <EventRecordID>696</EventRecordID>
    <Correlation ActivityID="ECEB6DEC-EB9B-0001-D36E-EBEC9BEBDB01">
    </Correlation>
    <Execution ProcessID="652" ThreadID="708">
    </Execution>
    <Channel>Security</Channel>
    <Computer>DESKTOP-P5L8521</Computer>
    <Security>
    </Security>
  </System>
  <EventData>
    <Data Name="SubjectUserSid">S-1-5-18</Data>
    <Data Name="SubjectUserName">SYSTEM</Data>
    <Data Name="SubjectDomainName">NT AUTHORITY</Data>
    <Data Name="SubjectLogonId">0x3e7</Data>
    <Data Name="PrivilegeList">SeAssignPrimaryTokenPrivilege
			SeTcbPrivilege
			SeSecurityPrivilege
			SeTakeOwnershipPrivilege
			SeLoadDriverPrivilege
			SeBackupPrivilege
			SeRestorePrivilege
			SeDebugPrivilege
			SeAuditPrivilege
			SeSystemEnvironmentPrivilege
			SeImpersonatePrivilege
			SeDelegateSessionUserImpersonatePrivilege</Data>
  </EventData>
</Event>
Record 697
<?xml version="1.0" encoding="utf-8"?>
<Event xmlns="http://schemas.microsoft.com/win/2004/08/events/event">
  <System>
    <Provider Name="Microsoft-Windows-Security-Auditing" Guid="54849625-5478-4994-A5BA-3E3B0328C30D">
    </Provider>
    <EventID>4624</EventID>
    <Version>2</Version>
    <Level>0</Level>
    <Task>12544</Task>
    <Opcode>0</Opcode>
    <Keywords>0x8020000000000000</Keywords>
    <TimeCreated SystemTime="2025-07-02T21:55:11.818755Z">
    </TimeCreated>
    <EventRecordID>697</EventRecordID>
    <Correlation ActivityID="ECEB6DEC-EB9B-0001-D36E-EBEC9BEBDB01">
    </Correlation>
    <Execution ProcessID="652" ThreadID="708">
    </Execution>
    <Channel>Security</Channel>
    <Computer>DESKTOP-P5L8521</Computer>
    <Security>
    </Security>
  </System>
  <EventData>
    <Data Name="SubjectUserSid">S-1-5-18</Data>
    <Data Name="SubjectUserName">DESKTOP-P5L8521$</Data>
    <Data Name="SubjectDomainName">WORKGROUP</Data>
    <Data Name="SubjectLogonId">0x3e7</Data>
    <Data Name="TargetUserSid">S-1-5-18</Data>
    <Data Name="TargetUserName">SYSTEM</Data>
    <Data Name="TargetDomainName">NT AUTHORITY</Data>
    <Data Name="TargetLogonId">0x3e7</Data>
    <Data Name="LogonType">5</Data>
    <Data Name="LogonProcessName">Advapi</Data>
    <Data Name="AuthenticationPackageName">Negotiate</Data>
    <Data Name="WorkstationName">-</Data>
    <Data Name="LogonGuid">00000000-0000-0000-0000-000000000000</Data>
    <Data Name="TransmittedServices">-</Data>
    <Data Name="LmPackageName">-</Data>
    <Data Name="KeyLength">0</Data>
    <Data Name="ProcessId">0x26c</Data>
    <Data Name="ProcessName">C:\Windows\System32\services.exe</Data>
    <Data Name="IpAddress">-</Data>
    <Data Name="IpPort">-</Data>
    <Data Name="ImpersonationLevel">%%1833</Data>
    <Data Name="RestrictedAdminMode">-</Data>
    <Data Name="TargetOutboundUserName">-</Data>
    <Data Name="TargetOutboundDomainName">-</Data>
    <Data Name="VirtualAccount">%%1843</Data>
    <Data Name="TargetLinkedLogonId">0x0</Data>
    <Data Name="ElevatedToken">%%1842</Data>
  </EventData>
</Event>
Record 698
<?xml version="1.0" encoding="utf-8"?>
<Event xmlns="http://schemas.microsoft.com/win/2004/08/events/event">
  <System>
    <Provider Name="Microsoft-Windows-Security-Auditing" Guid="54849625-5478-4994-A5BA-3E3B0328C30D">
    </Provider>
    <EventID>4672</EventID>
    <Version>0</Version>
    <Level>0</Level>
    <Task>12548</Task>
    <Opcode>0</Opcode>
    <Keywords>0x8020000000000000</Keywords>
    <TimeCreated SystemTime="2025-07-02T21:55:11.818760Z">
    </TimeCreated>
    <EventRecordID>698</EventRecordID>
    <Correlation ActivityID="ECEB6DEC-EB9B-0001-D36E-EBEC9BEBDB01">
    </Correlation>
    <Execution ProcessID="652" ThreadID="708">
    </Execution>
    <Channel>Security</Channel>
    <Computer>DESKTOP-P5L8521</Computer>
    <Security>
    </Security>
  </System>
  <EventData>
    <Data Name="SubjectUserSid">S-1-5-18</Data>
    <Data Name="SubjectUserName">SYSTEM</Data>
    <Data Name="SubjectDomainName">NT AUTHORITY</Data>
    <Data Name="SubjectLogonId">0x3e7</Data>
    <Data Name="PrivilegeList">SeAssignPrimaryTokenPrivilege
			SeTcbPrivilege
			SeSecurityPrivilege
			SeTakeOwnershipPrivilege
			SeLoadDriverPrivilege
			SeBackupPrivilege
			SeRestorePrivilege
			SeDebugPrivilege
			SeAuditPrivilege
			SeSystemEnvironmentPrivilege
			SeImpersonatePrivilege
			SeDelegateSessionUserImpersonatePrivilege</Data>
  </EventData>
</Event>
Record 699
<?xml version="1.0" encoding="utf-8"?>
<Event xmlns="http://schemas.microsoft.com/win/2004/08/events/event">
  <System>
    <Provider Name="Microsoft-Windows-Security-Auditing" Guid="54849625-5478-4994-A5BA-3E3B0328C30D">
    </Provider>
    <EventID>4624</EventID>
    <Version>2</Version>
    <Level>0</Level>
    <Task>12544</Task>
    <Opcode>0</Opcode>
    <Keywords>0x8020000000000000</Keywords>
    <TimeCreated SystemTime="2025-07-02T21:55:12.028982Z">
    </TimeCreated>
    <EventRecordID>699</EventRecordID>
    <Correlation ActivityID="ECEB6DEC-EB9B-0001-D36E-EBEC9BEBDB01">
    </Correlation>
    <Execution ProcessID="652" ThreadID="708">
    </Execution>
    <Channel>Security</Channel>
    <Computer>DESKTOP-P5L8521</Computer>
    <Security>
    </Security>
  </System>
  <EventData>
    <Data Name="SubjectUserSid">S-1-5-18</Data>
    <Data Name="SubjectUserName">DESKTOP-P5L8521$</Data>
    <Data Name="SubjectDomainName">WORKGROUP</Data>
    <Data Name="SubjectLogonId">0x3e7</Data>
    <Data Name="TargetUserSid">S-1-5-18</Data>
    <Data Name="TargetUserName">SYSTEM</Data>
    <Data Name="TargetDomainName">NT AUTHORITY</Data>
    <Data Name="TargetLogonId">0x3e7</Data>
    <Data Name="LogonType">5</Data>
    <Data Name="LogonProcessName">Advapi</Data>
    <Data Name="AuthenticationPackageName">Negotiate</Data>
    <Data Name="WorkstationName">-</Data>
    <Data Name="LogonGuid">00000000-0000-0000-0000-000000000000</Data>
    <Data Name="TransmittedServices">-</Data>
    <Data Name="LmPackageName">-</Data>
    <Data Name="KeyLength">0</Data>
    <Data Name="ProcessId">0x26c</Data>
    <Data Name="ProcessName">C:\Windows\System32\services.exe</Data>
    <Data Name="IpAddress">-</Data>
    <Data Name="IpPort">-</Data>
    <Data Name="ImpersonationLevel">%%1833</Data>
    <Data Name="RestrictedAdminMode">-</Data>
    <Data Name="TargetOutboundUserName">-</Data>
    <Data Name="TargetOutboundDomainName">-</Data>
    <Data Name="VirtualAccount">%%1843</Data>
    <Data Name="TargetLinkedLogonId">0x0</Data>
    <Data Name="ElevatedToken">%%1842</Data>
  </EventData>
</Event>
Record 700
<?xml version="1.0" encoding="utf-8"?>
<Event xmlns="http://schemas.microsoft.com/win/2004/08/events/event">
  <System>
    <Provider Name="Microsoft-Windows-Security-Auditing" Guid="54849625-5478-4994-A5BA-3E3B0328C30D">
    </Provider>
    <EventID>4672</EventID>
    <Version>0</Version>
    <Level>0</Level>
    <Task>12548</Task>
    <Opcode>0</Opcode>
    <Keywords>0x8020000000000000</Keywords>
    <TimeCreated SystemTime="2025-07-02T21:55:12.028986Z">
    </TimeCreated>
    <EventRecordID>700</EventRecordID>
    <Correlation ActivityID="ECEB6DEC-EB9B-0001-D36E-EBEC9BEBDB01">
    </Correlation>
    <Execution ProcessID="652" ThreadID="708">
    </Execution>
    <Channel>Security</Channel>
    <Computer>DESKTOP-P5L8521</Computer>
    <Security>
    </Security>
  </System>
  <EventData>
    <Data Name="SubjectUserSid">S-1-5-18</Data>
    <Data Name="SubjectUserName">SYSTEM</Data>
    <Data Name="SubjectDomainName">NT AUTHORITY</Data>
    <Data Name="SubjectLogonId">0x3e7</Data>
    <Data Name="PrivilegeList">SeAssignPrimaryTokenPrivilege
			SeTcbPrivilege
			SeSecurityPrivilege
			SeTakeOwnershipPrivilege
			SeLoadDriverPrivilege
			SeBackupPrivilege
			SeRestorePrivilege
			SeDebugPrivilege
			SeAuditPrivilege
			SeSystemEnvironmentPrivilege
			SeImpersonatePrivilege
			SeDelegateSessionUserImpersonatePrivilege</Data>
  </EventData>
</Event>
Record 701
<?xml version="1.0" encoding="utf-8"?>
<Event xmlns="http://schemas.microsoft.com/win/2004/08/events/event">
  <System>
    <Provider Name="Microsoft-Windows-Security-Auditing" Guid="54849625-5478-4994-A5BA-3E3B0328C30D">
    </Provider>
    <EventID>5382</EventID>
    <Version>0</Version>
    <Level>0</Level>
    <Task>13824</Task>
    <Opcode>0</Opcode>
    <Keywords>0x8020000000000000</Keywords>
    <TimeCreated SystemTime="2025-07-02T21:55:12.563007Z">
    </TimeCreated>
    <EventRecordID>701</EventRecordID>
    <Correlation>
    </Correlation>
    <Execution ProcessID="652" ThreadID="708">
    </Execution>
    <Channel>Security</Channel>
    <Computer>DESKTOP-P5L8521</Computer>
    <Security>
    </Security>
  </System>
  <EventData>
    <Data Name="SubjectUserSid">S-1-5-18</Data>
    <Data Name="SubjectUserName">DESKTOP-P5L8521$</Data>
    <Data Name="SubjectDomainName">WORKGROUP</Data>
    <Data Name="SubjectLogonId">0x3e7</Data>
    <Data Name="SchemaFriendlyName">NGC Local Accoount Logon Vault Resource Schema</Data>
    <Data Name="Schema">1D4350A3-330D-4AF9-B3FF-A927A45998AC</Data>
    <Data Name="Resource">NGC Local Accoount Logon Vault Resource</Data>
    <Data Name="Identity">01050000000000051500000038B70F9A7EE2B250A5780561E8030000</Data>
    <Data Name="PackageSid"></Data>
    <Data Name="Flags">0</Data>
    <Data Name="ReturnCode">1168</Data>
    <Data Name="ProcessCreationTime">2025-07-02T21:55:12.030157Z</Data>
    <Data Name="ClientProcessId">7692</Data>
  </EventData>
</Event>
Record 702
<?xml version="1.0" encoding="utf-8"?>
<Event xmlns="http://schemas.microsoft.com/win/2004/08/events/event">
  <System>
    <Provider Name="Microsoft-Windows-Security-Auditing" Guid="54849625-5478-4994-A5BA-3E3B0328C30D">
    </Provider>
    <EventID>4624</EventID>
    <Version>2</Version>
    <Level>0</Level>
    <Task>12544</Task>
    <Opcode>0</Opcode>
    <Keywords>0x8020000000000000</Keywords>
    <TimeCreated SystemTime="2025-07-02T21:55:13.264569Z">
    </TimeCreated>
    <EventRecordID>702</EventRecordID>
    <Correlation ActivityID="ECEB6DEC-EB9B-0001-D36E-EBEC9BEBDB01">
    </Correlation>
    <Execution ProcessID="652" ThreadID="708">
    </Execution>
    <Channel>Security</Channel>
    <Computer>DESKTOP-P5L8521</Computer>
    <Security>
    </Security>
  </System>
  <EventData>
    <Data Name="SubjectUserSid">S-1-5-18</Data>
    <Data Name="SubjectUserName">DESKTOP-P5L8521$</Data>
    <Data Name="SubjectDomainName">WORKGROUP</Data>
    <Data Name="SubjectLogonId">0x3e7</Data>
    <Data Name="TargetUserSid">S-1-5-18</Data>
    <Data Name="TargetUserName">SYSTEM</Data>
    <Data Name="TargetDomainName">NT AUTHORITY</Data>
    <Data Name="TargetLogonId">0x3e7</Data>
    <Data Name="LogonType">5</Data>
    <Data Name="LogonProcessName">Advapi</Data>
    <Data Name="AuthenticationPackageName">Negotiate</Data>
    <Data Name="WorkstationName">-</Data>
    <Data Name="LogonGuid">00000000-0000-0000-0000-000000000000</Data>
    <Data Name="TransmittedServices">-</Data>
    <Data Name="LmPackageName">-</Data>
    <Data Name="KeyLength">0</Data>
    <Data Name="ProcessId">0x26c</Data>
    <Data Name="ProcessName">C:\Windows\System32\services.exe</Data>
    <Data Name="IpAddress">-</Data>
    <Data Name="IpPort">-</Data>
    <Data Name="ImpersonationLevel">%%1833</Data>
    <Data Name="RestrictedAdminMode">-</Data>
    <Data Name="TargetOutboundUserName">-</Data>
    <Data Name="TargetOutboundDomainName">-</Data>
    <Data Name="VirtualAccount">%%1843</Data>
    <Data Name="TargetLinkedLogonId">0x0</Data>
    <Data Name="ElevatedToken">%%1842</Data>
  </EventData>
</Event>
Record 703
<?xml version="1.0" encoding="utf-8"?>
<Event xmlns="http://schemas.microsoft.com/win/2004/08/events/event">
  <System>
    <Provider Name="Microsoft-Windows-Security-Auditing" Guid="54849625-5478-4994-A5BA-3E3B0328C30D">
    </Provider>
    <EventID>4672</EventID>
    <Version>0</Version>
    <Level>0</Level>
    <Task>12548</Task>
    <Opcode>0</Opcode>
    <Keywords>0x8020000000000000</Keywords>
    <TimeCreated SystemTime="2025-07-02T21:55:13.264572Z">
    </TimeCreated>
    <EventRecordID>703</EventRecordID>
    <Correlation ActivityID="ECEB6DEC-EB9B-0001-D36E-EBEC9BEBDB01">
    </Correlation>
    <Execution ProcessID="652" ThreadID="708">
    </Execution>
    <Channel>Security</Channel>
    <Computer>DESKTOP-P5L8521</Computer>
    <Security>
    </Security>
  </System>
  <EventData>
    <Data Name="SubjectUserSid">S-1-5-18</Data>
    <Data Name="SubjectUserName">SYSTEM</Data>
    <Data Name="SubjectDomainName">NT AUTHORITY</Data>
    <Data Name="SubjectLogonId">0x3e7</Data>
    <Data Name="PrivilegeList">SeAssignPrimaryTokenPrivilege
			SeTcbPrivilege
			SeSecurityPrivilege
			SeTakeOwnershipPrivilege
			SeLoadDriverPrivilege
			SeBackupPrivilege
			SeRestorePrivilege
			SeDebugPrivilege
			SeAuditPrivilege
			SeSystemEnvironmentPrivilege
			SeImpersonatePrivilege
			SeDelegateSessionUserImpersonatePrivilege</Data>
  </EventData>
</Event>
