Record 516
<?xml version="1.0" encoding="utf-8"?>
<Event xmlns="http://schemas.microsoft.com/win/2004/08/events/event">
  <System>
    <Provider Name="Microsoft-Windows-Security-Auditing" Guid="54849625-5478-4994-A5BA-3E3B0328C30D">
    </Provider>
    <EventID>5379</EventID>
    <Version>0</Version>
    <Level>0</Level>
    <Task>13824</Task>
    <Opcode>0</Opcode>
    <Keywords>0x8020000000000000</Keywords>
    <TimeCreated SystemTime="2025-07-02T21:53:45.688401Z">
    </TimeCreated>
    <EventRecordID>516</EventRecordID>
    <Correlation ActivityID="942C7457-EB9B-0000-1675-2C949BEBDB01">
    </Correlation>
    <Execution ProcessID="652" ThreadID="756">
    </Execution>
    <Channel>Security</Channel>
    <Computer>DESKTOP-P5L8521</Computer>
    <Security>
    </Security>
  </System>
  <EventData>
    <Data Name="SubjectUserSid">S-1-5-18</Data>
    <Data Name="SubjectUserName">WIN-201SCGOAP7Q$</Data>
    <Data Name="SubjectDomainName">WORKGROUP</Data>
    <Data Name="SubjectLogonId">0x3e7</Data>
    <Data Name="TargetName">MicrosoftAccount:user=02uiiypiqjnzhprf</Data>
    <Data Name="Type">0</Data>
    <Data Name="CountOfCredentialsReturned">0</Data>
    <Data Name="ReadOperation">%%8100</Data>
    <Data Name="ReturnCode">3221226021</Data>
    <Data Name="ProcessCreationTime">2025-07-02T21:52:30.430415Z</Data>
    <Data Name="ClientProcessId">1468</Data>
  </EventData>
</Event>
Record 517
<?xml version="1.0" encoding="utf-8"?>
<Event xmlns="http://schemas.microsoft.com/win/2004/08/events/event">
  <System>
    <Provider Name="Microsoft-Windows-Security-Auditing" Guid="54849625-5478-4994-A5BA-3E3B0328C30D">
    </Provider>
    <EventID>4624</EventID>
    <Version>2</Version>
    <Level>0</Level>
    <Task>12544</Task>
    <Opcode>0</Opcode>
    <Keywords>0x8020000000000000</Keywords>
    <TimeCreated SystemTime="2025-07-02T21:53:50.753801Z">
    </TimeCreated>
    <EventRecordID>517</EventRecordID>
    <Correlation ActivityID="942C7457-EB9B-0000-1675-2C949BEBDB01">
    </Correlation>
    <Execution ProcessID="652" ThreadID="756">
    </Execution>
    <Channel>Security</Channel>
    <Computer>DESKTOP-P5L8521</Computer>
    <Security>
    </Security>
  </System>
  <EventData>
    <Data Name="SubjectUserSid">S-1-5-18</Data>
    <Data Name="SubjectUserName">WIN-201SCGOAP7Q$</Data>
    <Data Name="SubjectDomainName">WORKGROUP</Data>
    <Data Name="SubjectLogonId">0x3e7</Data>
    <Data Name="TargetUserSid">S-1-5-18</Data>
    <Data Name="TargetUserName">SYSTEM</Data>
    <Data Name="TargetDomainName">NT AUTHORITY</Data>
    <Data Name="TargetLogonId">0x3e7</Data>
    <Data Name="LogonType">5</Data>
    <Data Name="LogonProcessName">Advapi</Data>
    <Data Name="AuthenticationPackageName">Negotiate</Data>
    <Data Name="WorkstationName">-</Data>
    <Data Name="LogonGuid">00000000-0000-0000-0000-000000000000</Data>
    <Data Name="TransmittedServices">-</Data>
    <Data Name="LmPackageName">-</Data>
    <Data Name="KeyLength">0</Data>
    <Data Name="ProcessId">0x264</Data>
    <Data Name="ProcessName">C:\Windows\System32\services.exe</Data>
    <Data Name="IpAddress">-</Data>
    <Data Name="IpPort">-</Data>
    <Data Name="ImpersonationLevel">%%1833</Data>
    <Data Name="RestrictedAdminMode">-</Data>
    <Data Name="TargetOutboundUserName">-</Data>
    <Data Name="TargetOutboundDomainName">-</Data>
    <Data Name="VirtualAccount">%%1843</Data>
    <Data Name="TargetLinkedLogonId">0x0</Data>
    <Data Name="ElevatedToken">%%1842</Data>
  </EventData>
</Event>
Record 518
<?xml version="1.0" encoding="utf-8"?>
<Event xmlns="http://schemas.microsoft.com/win/2004/08/events/event">
  <System>
    <Provider Name="Microsoft-Windows-Security-Auditing" Guid="54849625-5478-4994-A5BA-3E3B0328C30D">
    </Provider>
    <EventID>4672</EventID>
    <Version>0</Version>
    <Level>0</Level>
    <Task>12548</Task>
    <Opcode>0</Opcode>
    <Keywords>0x8020000000000000</Keywords>
    <TimeCreated SystemTime="2025-07-02T21:53:50.753806Z">
    </TimeCreated>
    <EventRecordID>518</EventRecordID>
    <Correlation ActivityID="942C7457-EB9B-0000-1675-2C949BEBDB01">
    </Correlation>
    <Execution ProcessID="652" ThreadID="756">
    </Execution>
    <Channel>Security</Channel>
    <Computer>DESKTOP-P5L8521</Computer>
    <Security>
    </Security>
  </System>
  <EventData>
    <Data Name="SubjectUserSid">S-1-5-18</Data>
    <Data Name="SubjectUserName">SYSTEM</Data>
    <Data Name="SubjectDomainName">NT AUTHORITY</Data>
    <Data Name="SubjectLogonId">0x3e7</Data>
    <Data Name="PrivilegeList">SeAssignPrimaryTokenPrivilege
			SeTcbPrivilege
			SeSecurityPrivilege
			SeTakeOwnershipPrivilege
			SeLoadDriverPrivilege
			SeBackupPrivilege
			SeRestorePrivilege
			SeDebugPrivilege
			SeAuditPrivilege
			SeSystemEnvironmentPrivilege
			SeImpersonatePrivilege
			SeDelegateSessionUserImpersonatePrivilege</Data>
  </EventData>
</Event>
Record 519
<?xml version="1.0" encoding="utf-8"?>
<Event xmlns="http://schemas.microsoft.com/win/2004/08/events/event">
  <System>
    <Provider Name="Microsoft-Windows-Security-Auditing" Guid="54849625-5478-4994-A5BA-3E3B0328C30D">
    </Provider>
    <EventID>4624</EventID>
    <Version>2</Version>
    <Level>0</Level>
    <Task>12544</Task>
    <Opcode>0</Opcode>
    <Keywords>0x8020000000000000</Keywords>
    <TimeCreated SystemTime="2025-07-02T21:53:50.798353Z">
    </TimeCreated>
    <EventRecordID>519</EventRecordID>
    <Correlation ActivityID="942C7457-EB9B-0000-1675-2C949BEBDB01">
    </Correlation>
    <Execution ProcessID="652" ThreadID="756">
    </Execution>
    <Channel>Security</Channel>
    <Computer>DESKTOP-P5L8521</Computer>
    <Security>
    </Security>
  </System>
  <EventData>
    <Data Name="SubjectUserSid">S-1-5-18</Data>
    <Data Name="SubjectUserName">WIN-201SCGOAP7Q$</Data>
    <Data Name="SubjectDomainName">WORKGROUP</Data>
    <Data Name="SubjectLogonId">0x3e7</Data>
    <Data Name="TargetUserSid">S-1-5-18</Data>
    <Data Name="TargetUserName">SYSTEM</Data>
    <Data Name="TargetDomainName">NT AUTHORITY</Data>
    <Data Name="TargetLogonId">0x3e7</Data>
    <Data Name="LogonType">5</Data>
    <Data Name="LogonProcessName">Advapi</Data>
    <Data Name="AuthenticationPackageName">Negotiate</Data>
    <Data Name="WorkstationName">-</Data>
    <Data Name="LogonGuid">00000000-0000-0000-0000-000000000000</Data>
    <Data Name="TransmittedServices">-</Data>
    <Data Name="LmPackageName">-</Data>
    <Data Name="KeyLength">0</Data>
    <Data Name="ProcessId">0x264</Data>
    <Data Name="ProcessName">C:\Windows\System32\services.exe</Data>
    <Data Name="IpAddress">-</Data>
    <Data Name="IpPort">-</Data>
    <Data Name="ImpersonationLevel">%%1833</Data>
    <Data Name="RestrictedAdminMode">-</Data>
    <Data Name="TargetOutboundUserName">-</Data>
    <Data Name="TargetOutboundDomainName">-</Data>
    <Data Name="VirtualAccount">%%1843</Data>
    <Data Name="TargetLinkedLogonId">0x0</Data>
    <Data Name="ElevatedToken">%%1842</Data>
  </EventData>
</Event>
Record 520
<?xml version="1.0" encoding="utf-8"?>
<Event xmlns="http://schemas.microsoft.com/win/2004/08/events/event">
  <System>
    <Provider Name="Microsoft-Windows-Security-Auditing" Guid="54849625-5478-4994-A5BA-3E3B0328C30D">
    </Provider>
    <EventID>4672</EventID>
    <Version>0</Version>
    <Level>0</Level>
    <Task>12548</Task>
    <Opcode>0</Opcode>
    <Keywords>0x8020000000000000</Keywords>
    <TimeCreated SystemTime="2025-07-02T21:53:50.798358Z">
    </TimeCreated>
    <EventRecordID>520</EventRecordID>
    <Correlation ActivityID="942C7457-EB9B-0000-1675-2C949BEBDB01">
    </Correlation>
    <Execution ProcessID="652" ThreadID="756">
    </Execution>
    <Channel>Security</Channel>
    <Computer>DESKTOP-P5L8521</Computer>
    <Security>
    </Security>
  </System>
  <EventData>
    <Data Name="SubjectUserSid">S-1-5-18</Data>
    <Data Name="SubjectUserName">SYSTEM</Data>
    <Data Name="SubjectDomainName">NT AUTHORITY</Data>
    <Data Name="SubjectLogonId">0x3e7</Data>
    <Data Name="PrivilegeList">SeAssignPrimaryTokenPrivilege
			SeTcbPrivilege
			SeSecurityPrivilege
			SeTakeOwnershipPrivilege
			SeLoadDriverPrivilege
			SeBackupPrivilege
			SeRestorePrivilege
			SeDebugPrivilege
			SeAuditPrivilege
			SeSystemEnvironmentPrivilege
			SeImpersonatePrivilege
			SeDelegateSessionUserImpersonatePrivilege</Data>
  </EventData>
</Event>
Record 521
<?xml version="1.0" encoding="utf-8"?>
<Event xmlns="http://schemas.microsoft.com/win/2004/08/events/event">
  <System>
    <Provider Name="Microsoft-Windows-Security-Auditing" Guid="54849625-5478-4994-A5BA-3E3B0328C30D">
    </Provider>
    <EventID>5379</EventID>
    <Version>0</Version>
    <Level>0</Level>
    <Task>13824</Task>
    <Opcode>0</Opcode>
    <Keywords>0x8020000000000000</Keywords>
    <TimeCreated SystemTime="2025-07-02T21:53:51.625683Z">
    </TimeCreated>
    <EventRecordID>521</EventRecordID>
    <Correlation ActivityID="942C7457-EB9B-0000-1675-2C949BEBDB01">
    </Correlation>
    <Execution ProcessID="652" ThreadID="752">
    </Execution>
    <Channel>Security</Channel>
    <Computer>DESKTOP-P5L8521</Computer>
    <Security>
    </Security>
  </System>
  <EventData>
    <Data Name="SubjectUserSid">S-1-5-21-2584721208-1353900670-1627748517-1000</Data>
    <Data Name="SubjectUserName">agent</Data>
    <Data Name="SubjectDomainName">DESKTOP-P5L8521</Data>
    <Data Name="SubjectLogonId">0xb0134</Data>
    <Data Name="TargetName">MicrosoftAccount:user=02qqqvkzcakefzjy</Data>
    <Data Name="Type">0</Data>
    <Data Name="CountOfCredentialsReturned">0</Data>
    <Data Name="ReadOperation">%%8100</Data>
    <Data Name="ReturnCode">3221226021</Data>
    <Data Name="ProcessCreationTime">2025-07-02T21:52:30.430415Z</Data>
    <Data Name="ClientProcessId">1468</Data>
  </EventData>
</Event>
Record 522
<?xml version="1.0" encoding="utf-8"?>
<Event xmlns="http://schemas.microsoft.com/win/2004/08/events/event">
  <System>
    <Provider Name="Microsoft-Windows-Security-Auditing" Guid="54849625-5478-4994-A5BA-3E3B0328C30D">
    </Provider>
    <EventID>5379</EventID>
    <Version>0</Version>
    <Level>0</Level>
    <Task>13824</Task>
    <Opcode>0</Opcode>
    <Keywords>0x8020000000000000</Keywords>
    <TimeCreated SystemTime="2025-07-02T21:53:51.625722Z">
    </TimeCreated>
    <EventRecordID>522</EventRecordID>
    <Correlation ActivityID="942C7457-EB9B-0000-1675-2C949BEBDB01">
    </Correlation>
    <Execution ProcessID="652" ThreadID="752">
    </Execution>
    <Channel>Security</Channel>
    <Computer>DESKTOP-P5L8521</Computer>
    <Security>
    </Security>
  </System>
  <EventData>
    <Data Name="SubjectUserSid">S-1-5-21-2584721208-1353900670-1627748517-1000</Data>
    <Data Name="SubjectUserName">agent</Data>
    <Data Name="SubjectDomainName">DESKTOP-P5L8521</Data>
    <Data Name="SubjectLogonId">0xb0134</Data>
    <Data Name="TargetName">WindowsLive:(token):name=02qqqvkzcakefzjy;serviceuri=*</Data>
    <Data Name="Type">0</Data>
    <Data Name="CountOfCredentialsReturned">0</Data>
    <Data Name="ReadOperation">%%8100</Data>
    <Data Name="ReturnCode">3221226021</Data>
    <Data Name="ProcessCreationTime">2025-07-02T21:52:30.430415Z</Data>
    <Data Name="ClientProcessId">1468</Data>
  </EventData>
</Event>
Record 523
<?xml version="1.0" encoding="utf-8"?>
<Event xmlns="http://schemas.microsoft.com/win/2004/08/events/event">
  <System>
    <Provider Name="Microsoft-Windows-Security-Auditing" Guid="54849625-5478-4994-A5BA-3E3B0328C30D">
    </Provider>
    <EventID>5379</EventID>
    <Version>0</Version>
    <Level>0</Level>
    <Task>13824</Task>
    <Opcode>0</Opcode>
    <Keywords>0x8020000000000000</Keywords>
    <TimeCreated SystemTime="2025-07-02T21:53:51.626115Z">
    </TimeCreated>
    <EventRecordID>523</EventRecordID>
    <Correlation ActivityID="942C7457-EB9B-0000-1675-2C949BEBDB01">
    </Correlation>
    <Execution ProcessID="652" ThreadID="752">
    </Execution>
    <Channel>Security</Channel>
    <Computer>DESKTOP-P5L8521</Computer>
    <Security>
    </Security>
  </System>
  <EventData>
    <Data Name="SubjectUserSid">S-1-5-21-2584721208-1353900670-1627748517-1000</Data>
    <Data Name="SubjectUserName">agent</Data>
    <Data Name="SubjectDomainName">DESKTOP-P5L8521</Data>
    <Data Name="SubjectLogonId">0xb0134</Data>
    <Data Name="TargetName">WindowsLive:(cert):name=02qqqvkzcakefzjy;serviceuri=*</Data>
    <Data Name="Type">0</Data>
    <Data Name="CountOfCredentialsReturned">0</Data>
    <Data Name="ReadOperation">%%8100</Data>
    <Data Name="ReturnCode">3221226021</Data>
    <Data Name="ProcessCreationTime">2025-07-02T21:52:30.430415Z</Data>
    <Data Name="ClientProcessId">1468</Data>
  </EventData>
</Event>
Record 524
<?xml version="1.0" encoding="utf-8"?>
<Event xmlns="http://schemas.microsoft.com/win/2004/08/events/event">
  <System>
    <Provider Name="Microsoft-Windows-Security-Auditing" Guid="54849625-5478-4994-A5BA-3E3B0328C30D">
    </Provider>
    <EventID>5379</EventID>
    <Version>0</Version>
    <Level>0</Level>
    <Task>13824</Task>
    <Opcode>0</Opcode>
    <Keywords>0x8020000000000000</Keywords>
    <TimeCreated SystemTime="2025-07-02T21:53:51.815658Z">
    </TimeCreated>
    <EventRecordID>524</EventRecordID>
    <Correlation ActivityID="942C7457-EB9B-0000-1675-2C949BEBDB01">
    </Correlation>
    <Execution ProcessID="652" ThreadID="752">
    </Execution>
    <Channel>Security</Channel>
    <Computer>DESKTOP-P5L8521</Computer>
    <Security>
    </Security>
  </System>
  <EventData>
    <Data Name="SubjectUserSid">S-1-5-21-2584721208-1353900670-1627748517-1000</Data>
    <Data Name="SubjectUserName">agent</Data>
    <Data Name="SubjectDomainName">DESKTOP-P5L8521</Data>
    <Data Name="SubjectLogonId">0xb0134</Data>
    <Data Name="TargetName">MicrosoftAccount:user=02qqqvkzcakefzjy</Data>
    <Data Name="Type">0</Data>
    <Data Name="CountOfCredentialsReturned">0</Data>
    <Data Name="ReadOperation">%%8100</Data>
    <Data Name="ReturnCode">3221226021</Data>
    <Data Name="ProcessCreationTime">2025-07-02T21:52:30.430415Z</Data>
    <Data Name="ClientProcessId">1468</Data>
  </EventData>
</Event>
Record 525
<?xml version="1.0" encoding="utf-8"?>
<Event xmlns="http://schemas.microsoft.com/win/2004/08/events/event">
  <System>
    <Provider Name="Microsoft-Windows-Security-Auditing" Guid="54849625-5478-4994-A5BA-3E3B0328C30D">
    </Provider>
    <EventID>5379</EventID>
    <Version>0</Version>
    <Level>0</Level>
    <Task>13824</Task>
    <Opcode>0</Opcode>
    <Keywords>0x8020000000000000</Keywords>
    <TimeCreated SystemTime="2025-07-02T21:53:51.900292Z">
    </TimeCreated>
    <EventRecordID>525</EventRecordID>
    <Correlation ActivityID="942C7457-EB9B-0000-1675-2C949BEBDB01">
    </Correlation>
    <Execution ProcessID="652" ThreadID="752">
    </Execution>
    <Channel>Security</Channel>
    <Computer>DESKTOP-P5L8521</Computer>
    <Security>
    </Security>
  </System>
  <EventData>
    <Data Name="SubjectUserSid">S-1-5-21-2584721208-1353900670-1627748517-1000</Data>
    <Data Name="SubjectUserName">agent</Data>
    <Data Name="SubjectDomainName">DESKTOP-P5L8521</Data>
    <Data Name="SubjectLogonId">0xb0134</Data>
    <Data Name="TargetName">MicrosoftAccount:user=02qqqvkzcakefzjy</Data>
    <Data Name="Type">0</Data>
    <Data Name="CountOfCredentialsReturned">0</Data>
    <Data Name="ReadOperation">%%8100</Data>
    <Data Name="ReturnCode">3221226021</Data>
    <Data Name="ProcessCreationTime">2025-07-02T21:52:30.430415Z</Data>
    <Data Name="ClientProcessId">1468</Data>
  </EventData>
</Event>
Record 526
<?xml version="1.0" encoding="utf-8"?>
<Event xmlns="http://schemas.microsoft.com/win/2004/08/events/event">
  <System>
    <Provider Name="Microsoft-Windows-Security-Auditing" Guid="54849625-5478-4994-A5BA-3E3B0328C30D">
    </Provider>
    <EventID>5379</EventID>
    <Version>0</Version>
    <Level>0</Level>
    <Task>13824</Task>
    <Opcode>0</Opcode>
    <Keywords>0x8020000000000000</Keywords>
    <TimeCreated SystemTime="2025-07-02T21:53:51.922369Z">
    </TimeCreated>
    <EventRecordID>526</EventRecordID>
    <Correlation ActivityID="942C7457-EB9B-0000-1675-2C949BEBDB01">
    </Correlation>
    <Execution ProcessID="652" ThreadID="752">
    </Execution>
    <Channel>Security</Channel>
    <Computer>DESKTOP-P5L8521</Computer>
    <Security>
    </Security>
  </System>
  <EventData>
    <Data Name="SubjectUserSid">S-1-5-21-2584721208-1353900670-1627748517-1000</Data>
    <Data Name="SubjectUserName">agent</Data>
    <Data Name="SubjectDomainName">DESKTOP-P5L8521</Data>
    <Data Name="SubjectLogonId">0xb0134</Data>
    <Data Name="TargetName">MicrosoftAccount:user=02qqqvkzcakefzjy</Data>
    <Data Name="Type">0</Data>
    <Data Name="CountOfCredentialsReturned">0</Data>
    <Data Name="ReadOperation">%%8100</Data>
    <Data Name="ReturnCode">3221226021</Data>
    <Data Name="ProcessCreationTime">2025-07-02T21:52:30.430415Z</Data>
    <Data Name="ClientProcessId">1468</Data>
  </EventData>
</Event>
Record 527
<?xml version="1.0" encoding="utf-8"?>
<Event xmlns="http://schemas.microsoft.com/win/2004/08/events/event">
  <System>
    <Provider Name="Microsoft-Windows-Security-Auditing" Guid="54849625-5478-4994-A5BA-3E3B0328C30D">
    </Provider>
    <EventID>5379</EventID>
    <Version>0</Version>
    <Level>0</Level>
    <Task>13824</Task>
    <Opcode>0</Opcode>
    <Keywords>0x8020000000000000</Keywords>
    <TimeCreated SystemTime="2025-07-02T21:53:51.922434Z">
    </TimeCreated>
    <EventRecordID>527</EventRecordID>
    <Correlation ActivityID="942C7457-EB9B-0000-1675-2C949BEBDB01">
    </Correlation>
    <Execution ProcessID="652" ThreadID="752">
    </Execution>
    <Channel>Security</Channel>
    <Computer>DESKTOP-P5L8521</Computer>
    <Security>
    </Security>
  </System>
  <EventData>
    <Data Name="SubjectUserSid">S-1-5-21-2584721208-1353900670-1627748517-1000</Data>
    <Data Name="SubjectUserName">agent</Data>
    <Data Name="SubjectDomainName">DESKTOP-P5L8521</Data>
    <Data Name="SubjectLogonId">0xb0134</Data>
    <Data Name="TargetName">MicrosoftAccount:user=02qqqvkzcakefzjy</Data>
    <Data Name="Type">0</Data>
    <Data Name="CountOfCredentialsReturned">0</Data>
    <Data Name="ReadOperation">%%8100</Data>
    <Data Name="ReturnCode">3221226021</Data>
    <Data Name="ProcessCreationTime">2025-07-02T21:52:30.430415Z</Data>
    <Data Name="ClientProcessId">1468</Data>
  </EventData>
</Event>
Record 528
<?xml version="1.0" encoding="utf-8"?>
<Event xmlns="http://schemas.microsoft.com/win/2004/08/events/event">
  <System>
    <Provider Name="Microsoft-Windows-Security-Auditing" Guid="54849625-5478-4994-A5BA-3E3B0328C30D">
    </Provider>
    <EventID>5379</EventID>
    <Version>0</Version>
    <Level>0</Level>
    <Task>13824</Task>
    <Opcode>0</Opcode>
    <Keywords>0x8020000000000000</Keywords>
    <TimeCreated SystemTime="2025-07-02T21:53:52.137749Z">
    </TimeCreated>
    <EventRecordID>528</EventRecordID>
    <Correlation ActivityID="942C7457-EB9B-0000-1675-2C949BEBDB01">
    </Correlation>
    <Execution ProcessID="652" ThreadID="720">
    </Execution>
    <Channel>Security</Channel>
    <Computer>DESKTOP-P5L8521</Computer>
    <Security>
    </Security>
  </System>
  <EventData>
    <Data Name="SubjectUserSid">S-1-5-21-2584721208-1353900670-1627748517-1000</Data>
    <Data Name="SubjectUserName">agent</Data>
    <Data Name="SubjectDomainName">DESKTOP-P5L8521</Data>
    <Data Name="SubjectLogonId">0xb0134</Data>
    <Data Name="TargetName">MicrosoftAccount:user=02qqqvkzcakefzjy</Data>
    <Data Name="Type">0</Data>
    <Data Name="CountOfCredentialsReturned">0</Data>
    <Data Name="ReadOperation">%%8100</Data>
    <Data Name="ReturnCode">3221226021</Data>
    <Data Name="ProcessCreationTime">2025-07-02T21:52:30.430415Z</Data>
    <Data Name="ClientProcessId">1468</Data>
  </EventData>
</Event>
Record 529
<?xml version="1.0" encoding="utf-8"?>
<Event xmlns="http://schemas.microsoft.com/win/2004/08/events/event">
  <System>
    <Provider Name="Microsoft-Windows-Security-Auditing" Guid="54849625-5478-4994-A5BA-3E3B0328C30D">
    </Provider>
    <EventID>5379</EventID>
    <Version>0</Version>
    <Level>0</Level>
    <Task>13824</Task>
    <Opcode>0</Opcode>
    <Keywords>0x8020000000000000</Keywords>
    <TimeCreated SystemTime="2025-07-02T21:53:52.137803Z">
    </TimeCreated>
    <EventRecordID>529</EventRecordID>
    <Correlation ActivityID="942C7457-EB9B-0000-1675-2C949BEBDB01">
    </Correlation>
    <Execution ProcessID="652" ThreadID="720">
    </Execution>
    <Channel>Security</Channel>
    <Computer>DESKTOP-P5L8521</Computer>
    <Security>
    </Security>
  </System>
  <EventData>
    <Data Name="SubjectUserSid">S-1-5-21-2584721208-1353900670-1627748517-1000</Data>
    <Data Name="SubjectUserName">agent</Data>
    <Data Name="SubjectDomainName">DESKTOP-P5L8521</Data>
    <Data Name="SubjectLogonId">0xb0134</Data>
    <Data Name="TargetName">WindowsLive:(token):name=02qqqvkzcakefzjy;serviceuri=*</Data>
    <Data Name="Type">0</Data>
    <Data Name="CountOfCredentialsReturned">0</Data>
    <Data Name="ReadOperation">%%8100</Data>
    <Data Name="ReturnCode">3221226021</Data>
    <Data Name="ProcessCreationTime">2025-07-02T21:52:30.430415Z</Data>
    <Data Name="ClientProcessId">1468</Data>
  </EventData>
</Event>
Record 530
<?xml version="1.0" encoding="utf-8"?>
<Event xmlns="http://schemas.microsoft.com/win/2004/08/events/event">
  <System>
    <Provider Name="Microsoft-Windows-Security-Auditing" Guid="54849625-5478-4994-A5BA-3E3B0328C30D">
    </Provider>
    <EventID>5379</EventID>
    <Version>0</Version>
    <Level>0</Level>
    <Task>13824</Task>
    <Opcode>0</Opcode>
    <Keywords>0x8020000000000000</Keywords>
    <TimeCreated SystemTime="2025-07-02T21:53:52.138145Z">
    </TimeCreated>
    <EventRecordID>530</EventRecordID>
    <Correlation ActivityID="942C7457-EB9B-0000-1675-2C949BEBDB01">
    </Correlation>
    <Execution ProcessID="652" ThreadID="720">
    </Execution>
    <Channel>Security</Channel>
    <Computer>DESKTOP-P5L8521</Computer>
    <Security>
    </Security>
  </System>
  <EventData>
    <Data Name="SubjectUserSid">S-1-5-21-2584721208-1353900670-1627748517-1000</Data>
    <Data Name="SubjectUserName">agent</Data>
    <Data Name="SubjectDomainName">DESKTOP-P5L8521</Data>
    <Data Name="SubjectLogonId">0xb0134</Data>
    <Data Name="TargetName">WindowsLive:(cert):name=02qqqvkzcakefzjy;serviceuri=*</Data>
    <Data Name="Type">0</Data>
    <Data Name="CountOfCredentialsReturned">0</Data>
    <Data Name="ReadOperation">%%8100</Data>
    <Data Name="ReturnCode">3221226021</Data>
    <Data Name="ProcessCreationTime">2025-07-02T21:52:30.430415Z</Data>
    <Data Name="ClientProcessId">1468</Data>
  </EventData>
</Event>
Record 531
<?xml version="1.0" encoding="utf-8"?>
<Event xmlns="http://schemas.microsoft.com/win/2004/08/events/event">
  <System>
    <Provider Name="Microsoft-Windows-Security-Auditing" Guid="54849625-5478-4994-A5BA-3E3B0328C30D">
    </Provider>
    <EventID>5379</EventID>
    <Version>0</Version>
    <Level>0</Level>
    <Task>13824</Task>
    <Opcode>0</Opcode>
    <Keywords>0x8020000000000000</Keywords>
    <TimeCreated SystemTime="2025-07-02T21:53:53.518795Z">
    </TimeCreated>
    <EventRecordID>531</EventRecordID>
    <Correlation ActivityID="942C7457-EB9B-0000-1675-2C949BEBDB01">
    </Correlation>
    <Execution ProcessID="652" ThreadID="752">
    </Execution>
    <Channel>Security</Channel>
    <Computer>DESKTOP-P5L8521</Computer>
    <Security>
    </Security>
  </System>
  <EventData>
    <Data Name="SubjectUserSid">S-1-5-21-2584721208-1353900670-1627748517-1000</Data>
    <Data Name="SubjectUserName">agent</Data>
    <Data Name="SubjectDomainName">DESKTOP-P5L8521</Data>
    <Data Name="SubjectLogonId">0xb0134</Data>
    <Data Name="TargetName">MicrosoftAccount:user=02qqqvkzcakefzjy</Data>
    <Data Name="Type">0</Data>
    <Data Name="CountOfCredentialsReturned">0</Data>
    <Data Name="ReadOperation">%%8100</Data>
    <Data Name="ReturnCode">3221226021</Data>
    <Data Name="ProcessCreationTime">2025-07-02T21:52:30.430415Z</Data>
    <Data Name="ClientProcessId">1468</Data>
  </EventData>
</Event>
Record 532
<?xml version="1.0" encoding="utf-8"?>
<Event xmlns="http://schemas.microsoft.com/win/2004/08/events/event">
  <System>
    <Provider Name="Microsoft-Windows-Security-Auditing" Guid="54849625-5478-4994-A5BA-3E3B0328C30D">
    </Provider>
    <EventID>5379</EventID>
    <Version>0</Version>
    <Level>0</Level>
    <Task>13824</Task>
    <Opcode>0</Opcode>
    <Keywords>0x8020000000000000</Keywords>
    <TimeCreated SystemTime="2025-07-02T21:53:53.521082Z">
    </TimeCreated>
    <EventRecordID>532</EventRecordID>
    <Correlation ActivityID="942C7457-EB9B-0000-1675-2C949BEBDB01">
    </Correlation>
    <Execution ProcessID="652" ThreadID="752">
    </Execution>
    <Channel>Security</Channel>
    <Computer>DESKTOP-P5L8521</Computer>
    <Security>
    </Security>
  </System>
  <EventData>
    <Data Name="SubjectUserSid">S-1-5-21-2584721208-1353900670-1627748517-1000</Data>
    <Data Name="SubjectUserName">agent</Data>
    <Data Name="SubjectDomainName">DESKTOP-P5L8521</Data>
    <Data Name="SubjectLogonId">0xb0134</Data>
    <Data Name="TargetName">MicrosoftAccount:user=02qqqvkzcakefzjy</Data>
    <Data Name="Type">0</Data>
    <Data Name="CountOfCredentialsReturned">0</Data>
    <Data Name="ReadOperation">%%8100</Data>
    <Data Name="ReturnCode">3221226021</Data>
    <Data Name="ProcessCreationTime">2025-07-02T21:52:30.430415Z</Data>
    <Data Name="ClientProcessId">1468</Data>
  </EventData>
</Event>
Record 533
<?xml version="1.0" encoding="utf-8"?>
<Event xmlns="http://schemas.microsoft.com/win/2004/08/events/event">
  <System>
    <Provider Name="Microsoft-Windows-Security-Auditing" Guid="54849625-5478-4994-A5BA-3E3B0328C30D">
    </Provider>
    <EventID>5379</EventID>
    <Version>0</Version>
    <Level>0</Level>
    <Task>13824</Task>
    <Opcode>0</Opcode>
    <Keywords>0x8020000000000000</Keywords>
    <TimeCreated SystemTime="2025-07-02T21:53:53.547849Z">
    </TimeCreated>
    <EventRecordID>533</EventRecordID>
    <Correlation ActivityID="942C7457-EB9B-0000-1675-2C949BEBDB01">
    </Correlation>
    <Execution ProcessID="652" ThreadID="752">
    </Execution>
    <Channel>Security</Channel>
    <Computer>DESKTOP-P5L8521</Computer>
    <Security>
    </Security>
  </System>
  <EventData>
    <Data Name="SubjectUserSid">S-1-5-21-2584721208-1353900670-1627748517-1000</Data>
    <Data Name="SubjectUserName">agent</Data>
    <Data Name="SubjectDomainName">DESKTOP-P5L8521</Data>
    <Data Name="SubjectLogonId">0xb0134</Data>
    <Data Name="TargetName">MicrosoftAccount:user=02qqqvkzcakefzjy</Data>
    <Data Name="Type">0</Data>
    <Data Name="CountOfCredentialsReturned">0</Data>
    <Data Name="ReadOperation">%%8100</Data>
    <Data Name="ReturnCode">3221226021</Data>
    <Data Name="ProcessCreationTime">2025-07-02T21:52:30.430415Z</Data>
    <Data Name="ClientProcessId">1468</Data>
  </EventData>
</Event>
Record 534
<?xml version="1.0" encoding="utf-8"?>
<Event xmlns="http://schemas.microsoft.com/win/2004/08/events/event">
  <System>
    <Provider Name="Microsoft-Windows-Security-Auditing" Guid="54849625-5478-4994-A5BA-3E3B0328C30D">
    </Provider>
    <EventID>5379</EventID>
    <Version>0</Version>
    <Level>0</Level>
    <Task>13824</Task>
    <Opcode>0</Opcode>
    <Keywords>0x8020000000000000</Keywords>
    <TimeCreated SystemTime="2025-07-02T21:53:53.547944Z">
    </TimeCreated>
    <EventRecordID>534</EventRecordID>
    <Correlation ActivityID="942C7457-EB9B-0000-1675-2C949BEBDB01">
    </Correlation>
    <Execution ProcessID="652" ThreadID="752">
    </Execution>
    <Channel>Security</Channel>
    <Computer>DESKTOP-P5L8521</Computer>
    <Security>
    </Security>
  </System>
  <EventData>
    <Data Name="SubjectUserSid">S-1-5-21-2584721208-1353900670-1627748517-1000</Data>
    <Data Name="SubjectUserName">agent</Data>
    <Data Name="SubjectDomainName">DESKTOP-P5L8521</Data>
    <Data Name="SubjectLogonId">0xb0134</Data>
    <Data Name="TargetName">MicrosoftAccount:user=02qqqvkzcakefzjy</Data>
    <Data Name="Type">0</Data>
    <Data Name="CountOfCredentialsReturned">0</Data>
    <Data Name="ReadOperation">%%8100</Data>
    <Data Name="ReturnCode">3221226021</Data>
    <Data Name="ProcessCreationTime">2025-07-02T21:52:30.430415Z</Data>
    <Data Name="ClientProcessId">1468</Data>
  </EventData>
</Event>
Record 535
<?xml version="1.0" encoding="utf-8"?>
<Event xmlns="http://schemas.microsoft.com/win/2004/08/events/event">
  <System>
    <Provider Name="Microsoft-Windows-Security-Auditing" Guid="54849625-5478-4994-A5BA-3E3B0328C30D">
    </Provider>
    <EventID>4624</EventID>
    <Version>2</Version>
    <Level>0</Level>
    <Task>12544</Task>
    <Opcode>0</Opcode>
    <Keywords>0x8020000000000000</Keywords>
    <TimeCreated SystemTime="2025-07-02T21:53:55.424572Z">
    </TimeCreated>
    <EventRecordID>535</EventRecordID>
    <Correlation ActivityID="942C7457-EB9B-0000-1675-2C949BEBDB01">
    </Correlation>
    <Execution ProcessID="652" ThreadID="720">
    </Execution>
    <Channel>Security</Channel>
    <Computer>DESKTOP-P5L8521</Computer>
    <Security>
    </Security>
  </System>
  <EventData>
    <Data Name="SubjectUserSid">S-1-5-18</Data>
    <Data Name="SubjectUserName">WIN-201SCGOAP7Q$</Data>
    <Data Name="SubjectDomainName">WORKGROUP</Data>
    <Data Name="SubjectLogonId">0x3e7</Data>
    <Data Name="TargetUserSid">S-1-5-18</Data>
    <Data Name="TargetUserName">SYSTEM</Data>
    <Data Name="TargetDomainName">NT AUTHORITY</Data>
    <Data Name="TargetLogonId">0x3e7</Data>
    <Data Name="LogonType">5</Data>
    <Data Name="LogonProcessName">Advapi</Data>
    <Data Name="AuthenticationPackageName">Negotiate</Data>
    <Data Name="WorkstationName">-</Data>
    <Data Name="LogonGuid">00000000-0000-0000-0000-000000000000</Data>
    <Data Name="TransmittedServices">-</Data>
    <Data Name="LmPackageName">-</Data>
    <Data Name="KeyLength">0</Data>
    <Data Name="ProcessId">0x264</Data>
    <Data Name="ProcessName">C:\Windows\System32\services.exe</Data>
    <Data Name="IpAddress">-</Data>
    <Data Name="IpPort">-</Data>
    <Data Name="ImpersonationLevel">%%1833</Data>
    <Data Name="RestrictedAdminMode">-</Data>
    <Data Name="TargetOutboundUserName">-</Data>
    <Data Name="TargetOutboundDomainName">-</Data>
    <Data Name="VirtualAccount">%%1843</Data>
    <Data Name="TargetLinkedLogonId">0x0</Data>
    <Data Name="ElevatedToken">%%1842</Data>
  </EventData>
</Event>
Record 536
<?xml version="1.0" encoding="utf-8"?>
<Event xmlns="http://schemas.microsoft.com/win/2004/08/events/event">
  <System>
    <Provider Name="Microsoft-Windows-Security-Auditing" Guid="54849625-5478-4994-A5BA-3E3B0328C30D">
    </Provider>
    <EventID>4672</EventID>
    <Version>0</Version>
    <Level>0</Level>
    <Task>12548</Task>
    <Opcode>0</Opcode>
    <Keywords>0x8020000000000000</Keywords>
    <TimeCreated SystemTime="2025-07-02T21:53:55.424621Z">
    </TimeCreated>
    <EventRecordID>536</EventRecordID>
    <Correlation ActivityID="942C7457-EB9B-0000-1675-2C949BEBDB01">
    </Correlation>
    <Execution ProcessID="652" ThreadID="720">
    </Execution>
    <Channel>Security</Channel>
    <Computer>DESKTOP-P5L8521</Computer>
    <Security>
    </Security>
  </System>
  <EventData>
    <Data Name="SubjectUserSid">S-1-5-18</Data>
    <Data Name="SubjectUserName">SYSTEM</Data>
    <Data Name="SubjectDomainName">NT AUTHORITY</Data>
    <Data Name="SubjectLogonId">0x3e7</Data>
    <Data Name="PrivilegeList">SeAssignPrimaryTokenPrivilege
			SeTcbPrivilege
			SeSecurityPrivilege
			SeTakeOwnershipPrivilege
			SeLoadDriverPrivilege
			SeBackupPrivilege
			SeRestorePrivilege
			SeDebugPrivilege
			SeAuditPrivilege
			SeSystemEnvironmentPrivilege
			SeImpersonatePrivilege
			SeDelegateSessionUserImpersonatePrivilege</Data>
  </EventData>
</Event>
Record 537
<?xml version="1.0" encoding="utf-8"?>
<Event xmlns="http://schemas.microsoft.com/win/2004/08/events/event">
  <System>
    <Provider Name="Microsoft-Windows-Security-Auditing" Guid="54849625-5478-4994-A5BA-3E3B0328C30D">
    </Provider>
    <EventID>4624</EventID>
    <Version>2</Version>
    <Level>0</Level>
    <Task>12544</Task>
    <Opcode>0</Opcode>
    <Keywords>0x8020000000000000</Keywords>
    <TimeCreated SystemTime="2025-07-02T21:54:02.736542Z">
    </TimeCreated>
    <EventRecordID>537</EventRecordID>
    <Correlation ActivityID="942C7457-EB9B-0000-1675-2C949BEBDB01">
    </Correlation>
    <Execution ProcessID="652" ThreadID="756">
    </Execution>
    <Channel>Security</Channel>
    <Computer>DESKTOP-P5L8521</Computer>
    <Security>
    </Security>
  </System>
  <EventData>
    <Data Name="SubjectUserSid">S-1-5-18</Data>
    <Data Name="SubjectUserName">WIN-201SCGOAP7Q$</Data>
    <Data Name="SubjectDomainName">WORKGROUP</Data>
    <Data Name="SubjectLogonId">0x3e7</Data>
    <Data Name="TargetUserSid">S-1-5-18</Data>
    <Data Name="TargetUserName">SYSTEM</Data>
    <Data Name="TargetDomainName">NT AUTHORITY</Data>
    <Data Name="TargetLogonId">0x3e7</Data>
    <Data Name="LogonType">5</Data>
    <Data Name="LogonProcessName">Advapi</Data>
    <Data Name="AuthenticationPackageName">Negotiate</Data>
    <Data Name="WorkstationName">-</Data>
    <Data Name="LogonGuid">00000000-0000-0000-0000-000000000000</Data>
    <Data Name="TransmittedServices">-</Data>
    <Data Name="LmPackageName">-</Data>
    <Data Name="KeyLength">0</Data>
    <Data Name="ProcessId">0x264</Data>
    <Data Name="ProcessName">C:\Windows\System32\services.exe</Data>
    <Data Name="IpAddress">-</Data>
    <Data Name="IpPort">-</Data>
    <Data Name="ImpersonationLevel">%%1833</Data>
    <Data Name="RestrictedAdminMode">-</Data>
    <Data Name="TargetOutboundUserName">-</Data>
    <Data Name="TargetOutboundDomainName">-</Data>
    <Data Name="VirtualAccount">%%1843</Data>
    <Data Name="TargetLinkedLogonId">0x0</Data>
    <Data Name="ElevatedToken">%%1842</Data>
  </EventData>
</Event>
Record 538
<?xml version="1.0" encoding="utf-8"?>
<Event xmlns="http://schemas.microsoft.com/win/2004/08/events/event">
  <System>
    <Provider Name="Microsoft-Windows-Security-Auditing" Guid="54849625-5478-4994-A5BA-3E3B0328C30D">
    </Provider>
    <EventID>4672</EventID>
    <Version>0</Version>
    <Level>0</Level>
    <Task>12548</Task>
    <Opcode>0</Opcode>
    <Keywords>0x8020000000000000</Keywords>
    <TimeCreated SystemTime="2025-07-02T21:54:02.736548Z">
    </TimeCreated>
    <EventRecordID>538</EventRecordID>
    <Correlation ActivityID="942C7457-EB9B-0000-1675-2C949BEBDB01">
    </Correlation>
    <Execution ProcessID="652" ThreadID="756">
    </Execution>
    <Channel>Security</Channel>
    <Computer>DESKTOP-P5L8521</Computer>
    <Security>
    </Security>
  </System>
  <EventData>
    <Data Name="SubjectUserSid">S-1-5-18</Data>
    <Data Name="SubjectUserName">SYSTEM</Data>
    <Data Name="SubjectDomainName">NT AUTHORITY</Data>
    <Data Name="SubjectLogonId">0x3e7</Data>
    <Data Name="PrivilegeList">SeAssignPrimaryTokenPrivilege
			SeTcbPrivilege
			SeSecurityPrivilege
			SeTakeOwnershipPrivilege
			SeLoadDriverPrivilege
			SeBackupPrivilege
			SeRestorePrivilege
			SeDebugPrivilege
			SeAuditPrivilege
			SeSystemEnvironmentPrivilege
			SeImpersonatePrivilege
			SeDelegateSessionUserImpersonatePrivilege</Data>
  </EventData>
</Event>
Record 539
<?xml version="1.0" encoding="utf-8"?>
<Event xmlns="http://schemas.microsoft.com/win/2004/08/events/event">
  <System>
    <Provider Name="Microsoft-Windows-Security-Auditing" Guid="54849625-5478-4994-A5BA-3E3B0328C30D">
    </Provider>
    <EventID>5890</EventID>
    <Version>0</Version>
    <Level>0</Level>
    <Task>12290</Task>
    <Opcode>0</Opcode>
    <Keywords>0x8020000000000000</Keywords>
    <TimeCreated SystemTime="2025-07-02T21:54:03.014496Z">
    </TimeCreated>
    <EventRecordID>539</EventRecordID>
    <Correlation ActivityID="942C7457-EB9B-0000-1675-2C949BEBDB01">
    </Correlation>
    <Execution ProcessID="652" ThreadID="752">
    </Execution>
    <Channel>Security</Channel>
    <Computer>DESKTOP-P5L8521</Computer>
    <Security>
    </Security>
  </System>
  <EventData>
    <Data Name="SubjectUserSid">S-1-5-18</Data>
    <Data Name="SubjectUserName">SYSTEM</Data>
    <Data Name="SubjectUserDomainName">NT AUTHORITY</Data>
    <Data Name="SubjectLogonId">999</Data>
    <Data Name="ObjectCollectionName">Applications</Data>
    <Data Name="ObjectIdentifyingProperties">
		ID = {A82A434A-923F-443C-97BF-1106DBAB4164}
		AppPartitionID = {41E90F3E-56C1-4633-81C3-6E8BAC8BDD70}</Data>
    <Data Name="ObjectProperties">
		Name = VMware Snapshot Provider
		ApplicationProxyServerName = 
		ProcessType = 2
		CommandLine = 
		ServiceName = 
		RunAsUserType = 1
		Identity = Interactive User
		Description = VMware Snapshot Provider
		IsSystem = N
		Authentication = 6
		ShutdownAfter = 3
		RunForever = N
		Password = ********
		Activation = Local
		Changeable = Y
		Deleteable = Y
		CreatedBy = 
		AccessChecksLevel = 1
		ApplicationAccessChecksEnabled = 0
		cCOL_SecurityDescriptor = &lt;Opaque&gt;
		ImpersonationLevel = 2
		AuthenticationCapability = 2
		CRMEnabled = 0
		3GigSupportEnabled = 0
		QueuingEnabled = 0
		QueueListenerEnabled = N
		EventsEnabled = 1
		ProcessFlags = 0
		ThreadMax = 0
		ApplicationProxy = 0
		CRMLogFile = 
		DumpEnabled = 0
		DumpOnException = 0
		DumpOnFailfast = 0
		MaxDumpCount = 5
		DumpPath = %systemroot%\system32\com\dmp
		IsEnabled = 1
		ConcurrentApps = 1
		RecycleLifetimeLimit = 0
		RecycleCallLimit = 0
		RecycleActivationLimit = 0
		RecycleMemoryLimit = 0
		RecycleExpirationTimeout = 15
		QCListenerMaxThreads = 0
		QCAuthenticateMsgs = 0
		ApplicationDirectory = 
		SRPTrustLevel = 262144
		SRPEnabled = 0
		SoapActivated = 0
		SoapVRoot = 
		SoapMailTo = 
		SoapBaseUrl = 
		Replicable = 1</Data>
  </EventData>
</Event>
Record 540
<?xml version="1.0" encoding="utf-8"?>
<Event xmlns="http://schemas.microsoft.com/win/2004/08/events/event">
  <System>
    <Provider Name="Microsoft-Windows-Security-Auditing" Guid="54849625-5478-4994-A5BA-3E3B0328C30D">
    </Provider>
    <EventID>5890</EventID>
    <Version>0</Version>
    <Level>0</Level>
    <Task>12290</Task>
    <Opcode>0</Opcode>
    <Keywords>0x8020000000000000</Keywords>
    <TimeCreated SystemTime="2025-07-02T21:54:03.185248Z">
    </TimeCreated>
    <EventRecordID>540</EventRecordID>
    <Correlation ActivityID="942C7457-EB9B-0000-1675-2C949BEBDB01">
    </Correlation>
    <Execution ProcessID="652" ThreadID="752">
    </Execution>
    <Channel>Security</Channel>
    <Computer>DESKTOP-P5L8521</Computer>
    <Security>
    </Security>
  </System>
  <EventData>
    <Data Name="SubjectUserSid">S-1-5-18</Data>
    <Data Name="SubjectUserName">SYSTEM</Data>
    <Data Name="SubjectUserDomainName">NT AUTHORITY</Data>
    <Data Name="SubjectLogonId">999</Data>
    <Data Name="ObjectCollectionName">Roles</Data>
    <Data Name="ObjectIdentifyingProperties">
		ApplId = {A82A434A-923F-443C-97BF-1106DBAB4164}
		Name = Administrators</Data>
    <Data Name="ObjectProperties">
		Description = Administrators group</Data>
  </EventData>
</Event>
Record 541
<?xml version="1.0" encoding="utf-8"?>
<Event xmlns="http://schemas.microsoft.com/win/2004/08/events/event">
  <System>
    <Provider Name="Microsoft-Windows-Security-Auditing" Guid="54849625-5478-4994-A5BA-3E3B0328C30D">
    </Provider>
    <EventID>4798</EventID>
    <Version>0</Version>
    <Level>0</Level>
    <Task>13824</Task>
    <Opcode>0</Opcode>
    <Keywords>0x8020000000000000</Keywords>
    <TimeCreated SystemTime="2025-07-02T21:54:03.224455Z">
    </TimeCreated>
    <EventRecordID>541</EventRecordID>
    <Correlation ActivityID="942C7457-EB9B-0000-1675-2C949BEBDB01">
    </Correlation>
    <Execution ProcessID="652" ThreadID="756">
    </Execution>
    <Channel>Security</Channel>
    <Computer>DESKTOP-P5L8521</Computer>
    <Security>
    </Security>
  </System>
  <EventData>
    <Data Name="TargetUserName">Administrator</Data>
    <Data Name="TargetDomainName">DESKTOP-P5L8521</Data>
    <Data Name="TargetSid">S-1-5-21-2584721208-1353900670-1627748517-500</Data>
    <Data Name="SubjectUserSid">S-1-5-18</Data>
    <Data Name="SubjectUserName">WIN-201SCGOAP7Q$</Data>
    <Data Name="SubjectDomainName">WORKGROUP</Data>
    <Data Name="SubjectLogonId">0x3e7</Data>
    <Data Name="CallerProcessId">0xfe8</Data>
    <Data Name="CallerProcessName">C:\Windows\System32\wbem\WmiPrvSE.exe</Data>
  </EventData>
</Event>
Record 542
<?xml version="1.0" encoding="utf-8"?>
<Event xmlns="http://schemas.microsoft.com/win/2004/08/events/event">
  <System>
    <Provider Name="Microsoft-Windows-Security-Auditing" Guid="54849625-5478-4994-A5BA-3E3B0328C30D">
    </Provider>
    <EventID>4798</EventID>
    <Version>0</Version>
    <Level>0</Level>
    <Task>13824</Task>
    <Opcode>0</Opcode>
    <Keywords>0x8020000000000000</Keywords>
    <TimeCreated SystemTime="2025-07-02T21:54:03.224651Z">
    </TimeCreated>
    <EventRecordID>542</EventRecordID>
    <Correlation ActivityID="942C7457-EB9B-0000-1675-2C949BEBDB01">
    </Correlation>
    <Execution ProcessID="652" ThreadID="756">
    </Execution>
    <Channel>Security</Channel>
    <Computer>DESKTOP-P5L8521</Computer>
    <Security>
    </Security>
  </System>
  <EventData>
    <Data Name="TargetUserName">agent</Data>
    <Data Name="TargetDomainName">DESKTOP-P5L8521</Data>
    <Data Name="TargetSid">S-1-5-21-2584721208-1353900670-1627748517-1000</Data>
    <Data Name="SubjectUserSid">S-1-5-18</Data>
    <Data Name="SubjectUserName">WIN-201SCGOAP7Q$</Data>
    <Data Name="SubjectDomainName">WORKGROUP</Data>
    <Data Name="SubjectLogonId">0x3e7</Data>
    <Data Name="CallerProcessId">0xfe8</Data>
    <Data Name="CallerProcessName">C:\Windows\System32\wbem\WmiPrvSE.exe</Data>
  </EventData>
</Event>
Record 543
<?xml version="1.0" encoding="utf-8"?>
<Event xmlns="http://schemas.microsoft.com/win/2004/08/events/event">
  <System>
    <Provider Name="Microsoft-Windows-Security-Auditing" Guid="54849625-5478-4994-A5BA-3E3B0328C30D">
    </Provider>
    <EventID>4798</EventID>
    <Version>0</Version>
    <Level>0</Level>
    <Task>13824</Task>
    <Opcode>0</Opcode>
    <Keywords>0x8020000000000000</Keywords>
    <TimeCreated SystemTime="2025-07-02T21:54:03.224805Z">
    </TimeCreated>
    <EventRecordID>543</EventRecordID>
    <Correlation ActivityID="942C7457-EB9B-0000-1675-2C949BEBDB01">
    </Correlation>
    <Execution ProcessID="652" ThreadID="756">
    </Execution>
    <Channel>Security</Channel>
    <Computer>DESKTOP-P5L8521</Computer>
    <Security>
    </Security>
  </System>
  <EventData>
    <Data Name="TargetUserName">DefaultAccount</Data>
    <Data Name="TargetDomainName">DESKTOP-P5L8521</Data>
    <Data Name="TargetSid">S-1-5-21-2584721208-1353900670-1627748517-503</Data>
    <Data Name="SubjectUserSid">S-1-5-18</Data>
    <Data Name="SubjectUserName">WIN-201SCGOAP7Q$</Data>
    <Data Name="SubjectDomainName">WORKGROUP</Data>
    <Data Name="SubjectLogonId">0x3e7</Data>
    <Data Name="CallerProcessId">0xfe8</Data>
    <Data Name="CallerProcessName">C:\Windows\System32\wbem\WmiPrvSE.exe</Data>
  </EventData>
</Event>
Record 544
<?xml version="1.0" encoding="utf-8"?>
<Event xmlns="http://schemas.microsoft.com/win/2004/08/events/event">
  <System>
    <Provider Name="Microsoft-Windows-Security-Auditing" Guid="54849625-5478-4994-A5BA-3E3B0328C30D">
    </Provider>
    <EventID>4798</EventID>
    <Version>0</Version>
    <Level>0</Level>
    <Task>13824</Task>
    <Opcode>0</Opcode>
    <Keywords>0x8020000000000000</Keywords>
    <TimeCreated SystemTime="2025-07-02T21:54:03.224959Z">
    </TimeCreated>
    <EventRecordID>544</EventRecordID>
    <Correlation ActivityID="942C7457-EB9B-0000-1675-2C949BEBDB01">
    </Correlation>
    <Execution ProcessID="652" ThreadID="756">
    </Execution>
    <Channel>Security</Channel>
    <Computer>DESKTOP-P5L8521</Computer>
    <Security>
    </Security>
  </System>
  <EventData>
    <Data Name="TargetUserName">Guest</Data>
    <Data Name="TargetDomainName">DESKTOP-P5L8521</Data>
    <Data Name="TargetSid">S-1-5-21-2584721208-1353900670-1627748517-501</Data>
    <Data Name="SubjectUserSid">S-1-5-18</Data>
    <Data Name="SubjectUserName">WIN-201SCGOAP7Q$</Data>
    <Data Name="SubjectDomainName">WORKGROUP</Data>
    <Data Name="SubjectLogonId">0x3e7</Data>
    <Data Name="CallerProcessId">0xfe8</Data>
    <Data Name="CallerProcessName">C:\Windows\System32\wbem\WmiPrvSE.exe</Data>
  </EventData>
</Event>
Record 545
<?xml version="1.0" encoding="utf-8"?>
<Event xmlns="http://schemas.microsoft.com/win/2004/08/events/event">
  <System>
    <Provider Name="Microsoft-Windows-Security-Auditing" Guid="54849625-5478-4994-A5BA-3E3B0328C30D">
    </Provider>
    <EventID>4798</EventID>
    <Version>0</Version>
    <Level>0</Level>
    <Task>13824</Task>
    <Opcode>0</Opcode>
    <Keywords>0x8020000000000000</Keywords>
    <TimeCreated SystemTime="2025-07-02T21:54:03.225120Z">
    </TimeCreated>
    <EventRecordID>545</EventRecordID>
    <Correlation ActivityID="942C7457-EB9B-0000-1675-2C949BEBDB01">
    </Correlation>
    <Execution ProcessID="652" ThreadID="756">
    </Execution>
    <Channel>Security</Channel>
    <Computer>DESKTOP-P5L8521</Computer>
    <Security>
    </Security>
  </System>
  <EventData>
    <Data Name="TargetUserName">WDAGUtilityAccount</Data>
    <Data Name="TargetDomainName">DESKTOP-P5L8521</Data>
    <Data Name="TargetSid">S-1-5-21-2584721208-1353900670-1627748517-504</Data>
    <Data Name="SubjectUserSid">S-1-5-18</Data>
    <Data Name="SubjectUserName">WIN-201SCGOAP7Q$</Data>
    <Data Name="SubjectDomainName">WORKGROUP</Data>
    <Data Name="SubjectLogonId">0x3e7</Data>
    <Data Name="CallerProcessId">0xfe8</Data>
    <Data Name="CallerProcessName">C:\Windows\System32\wbem\WmiPrvSE.exe</Data>
  </EventData>
</Event>
Record 546
<?xml version="1.0" encoding="utf-8"?>
<Event xmlns="http://schemas.microsoft.com/win/2004/08/events/event">
  <System>
    <Provider Name="Microsoft-Windows-Security-Auditing" Guid="54849625-5478-4994-A5BA-3E3B0328C30D">
    </Provider>
    <EventID>4798</EventID>
    <Version>0</Version>
    <Level>0</Level>
    <Task>13824</Task>
    <Opcode>0</Opcode>
    <Keywords>0x8020000000000000</Keywords>
    <TimeCreated SystemTime="2025-07-02T21:54:03.226080Z">
    </TimeCreated>
    <EventRecordID>546</EventRecordID>
    <Correlation ActivityID="942C7457-EB9B-0000-1675-2C949BEBDB01">
    </Correlation>
    <Execution ProcessID="652" ThreadID="756">
    </Execution>
    <Channel>Security</Channel>
    <Computer>DESKTOP-P5L8521</Computer>
    <Security>
    </Security>
  </System>
  <EventData>
    <Data Name="TargetUserName">Administrator</Data>
    <Data Name="TargetDomainName">DESKTOP-P5L8521</Data>
    <Data Name="TargetSid">S-1-5-21-2584721208-1353900670-1627748517-500</Data>
    <Data Name="SubjectUserSid">S-1-5-18</Data>
    <Data Name="SubjectUserName">WIN-201SCGOAP7Q$</Data>
    <Data Name="SubjectDomainName">WORKGROUP</Data>
    <Data Name="SubjectLogonId">0x3e7</Data>
    <Data Name="CallerProcessId">0xfe8</Data>
    <Data Name="CallerProcessName">C:\Windows\System32\wbem\WmiPrvSE.exe</Data>
  </EventData>
</Event>
Record 547
<?xml version="1.0" encoding="utf-8"?>
<Event xmlns="http://schemas.microsoft.com/win/2004/08/events/event">
  <System>
    <Provider Name="Microsoft-Windows-Security-Auditing" Guid="54849625-5478-4994-A5BA-3E3B0328C30D">
    </Provider>
    <EventID>4798</EventID>
    <Version>0</Version>
    <Level>0</Level>
    <Task>13824</Task>
    <Opcode>0</Opcode>
    <Keywords>0x8020000000000000</Keywords>
    <TimeCreated SystemTime="2025-07-02T21:54:03.226244Z">
    </TimeCreated>
    <EventRecordID>547</EventRecordID>
    <Correlation ActivityID="942C7457-EB9B-0000-1675-2C949BEBDB01">
    </Correlation>
    <Execution ProcessID="652" ThreadID="756">
    </Execution>
    <Channel>Security</Channel>
    <Computer>DESKTOP-P5L8521</Computer>
    <Security>
    </Security>
  </System>
  <EventData>
    <Data Name="TargetUserName">agent</Data>
    <Data Name="TargetDomainName">DESKTOP-P5L8521</Data>
    <Data Name="TargetSid">S-1-5-21-2584721208-1353900670-1627748517-1000</Data>
    <Data Name="SubjectUserSid">S-1-5-18</Data>
    <Data Name="SubjectUserName">WIN-201SCGOAP7Q$</Data>
    <Data Name="SubjectDomainName">WORKGROUP</Data>
    <Data Name="SubjectLogonId">0x3e7</Data>
    <Data Name="CallerProcessId">0xfe8</Data>
    <Data Name="CallerProcessName">C:\Windows\System32\wbem\WmiPrvSE.exe</Data>
  </EventData>
</Event>
