Record 1
<?xml version="1.0" encoding="utf-8"?>
<Event xmlns="http://schemas.microsoft.com/win/2004/08/events/event">
  <System>
    <Provider Name="Microsoft-Windows-TaskScheduler" Guid="DE7B24EA-73C8-4A09-985D-5BDADCFA9017">
    </Provider>
    <EventID>129</EventID>
    <Version>0</Version>
    <Level>4</Level>
    <Task>129</Task>
    <Opcode>0</Opcode>
    <Keywords>0x8000000000000000</Keywords>
    <TimeCreated SystemTime="2025-07-02T22:39:24.590017Z">
    </TimeCreated>
    <EventRecordID>1</EventRecordID>
    <Correlation>
    </Correlation>
    <Execution ProcessID="1060" ThreadID="5396">
    </Execution>
    <Channel>Microsoft-Windows-TaskScheduler/Operational</Channel>
    <Computer>DESKTOP-P5L8521</Computer>
    <Security UserID="S-1-5-18">
    </Security>
  </System>
  <EventData Name="CreatedTaskProcess">
    <Data Name="TaskName">\Microsoft\Windows\WindowsColorSystem\Calibration Loader</Data>
    <Data Name="Path">taskhostw.exe</Data>
    <Data Name="ProcessID">13256</Data>
    <Data Name="Priority">32</Data>
  </EventData>
</Event>
Record 2
<?xml version="1.0" encoding="utf-8"?>
<Event xmlns="http://schemas.microsoft.com/win/2004/08/events/event">
  <System>
    <Provider Name="Microsoft-Windows-TaskScheduler" Guid="DE7B24EA-73C8-4A09-985D-5BDADCFA9017">
    </Provider>
    <EventID>100</EventID>
    <Version>0</Version>
    <Level>4</Level>
    <Task>100</Task>
    <Opcode>1</Opcode>
    <Keywords>0x8000000000000001</Keywords>
    <TimeCreated SystemTime="2025-07-02T22:39:24.590355Z">
    </TimeCreated>
    <EventRecordID>2</EventRecordID>
    <Correlation ActivityID="6B632506-2131-473F-83CA-1F9E074A5AD8">
    </Correlation>
    <Execution ProcessID="1060" ThreadID="5396">
    </Execution>
    <Channel>Microsoft-Windows-TaskScheduler/Operational</Channel>
    <Computer>DESKTOP-P5L8521</Computer>
    <Security UserID="S-1-5-18">
    </Security>
  </System>
  <EventData Name="TaskStartEvent">
    <Data Name="TaskName">\Microsoft\Windows\WindowsColorSystem\Calibration Loader</Data>
    <Data Name="UserContext">DESKTOP-P5L8521\thom</Data>
    <Data Name="InstanceId">6B632506-2131-473F-83CA-1F9E074A5AD8</Data>
  </EventData>
</Event>
Record 3
<?xml version="1.0" encoding="utf-8"?>
<Event xmlns="http://schemas.microsoft.com/win/2004/08/events/event">
  <System>
    <Provider Name="Microsoft-Windows-TaskScheduler" Guid="DE7B24EA-73C8-4A09-985D-5BDADCFA9017">
    </Provider>
    <EventID>200</EventID>
    <Version>1</Version>
    <Level>4</Level>
    <Task>200</Task>
    <Opcode>1</Opcode>
    <Keywords>0x8000000000000000</Keywords>
    <TimeCreated SystemTime="2025-07-02T22:39:24.590356Z">
    </TimeCreated>
    <EventRecordID>3</EventRecordID>
    <Correlation ActivityID="6B632506-2131-473F-83CA-1F9E074A5AD8">
    </Correlation>
    <Execution ProcessID="1060" ThreadID="5396">
    </Execution>
    <Channel>Microsoft-Windows-TaskScheduler/Operational</Channel>
    <Computer>DESKTOP-P5L8521</Computer>
    <Security UserID="S-1-5-18">
    </Security>
  </System>
  <EventData Name="ActionStart">
    <Data Name="TaskName">\Microsoft\Windows\WindowsColorSystem\Calibration Loader</Data>
    <Data Name="ActionName">Color Calibration Loader</Data>
    <Data Name="TaskInstanceId">6B632506-2131-473F-83CA-1F9E074A5AD8</Data>
    <Data Name="EnginePID">13256</Data>
  </EventData>
</Event>
Record 4
<?xml version="1.0" encoding="utf-8"?>
<Event xmlns="http://schemas.microsoft.com/win/2004/08/events/event">
  <System>
    <Provider Name="Microsoft-Windows-TaskScheduler" Guid="DE7B24EA-73C8-4A09-985D-5BDADCFA9017">
    </Provider>
    <EventID>129</EventID>
    <Version>0</Version>
    <Level>4</Level>
    <Task>129</Task>
    <Opcode>0</Opcode>
    <Keywords>0x8000000000000000</Keywords>
    <TimeCreated SystemTime="2025-07-02T22:39:24.607724Z">
    </TimeCreated>
    <EventRecordID>4</EventRecordID>
    <Correlation>
    </Correlation>
    <Execution ProcessID="1060" ThreadID="5628">
    </Execution>
    <Channel>Microsoft-Windows-TaskScheduler/Operational</Channel>
    <Computer>DESKTOP-P5L8521</Computer>
    <Security UserID="S-1-5-18">
    </Security>
  </System>
  <EventData Name="CreatedTaskProcess">
    <Data Name="TaskName">\RevertUpdates</Data>
    <Data Name="Path">C:\Windows\System32\notepad.exe</Data>
    <Data Name="ProcessID">11140</Data>
    <Data Name="Priority">16384</Data>
  </EventData>
</Event>
Record 5
<?xml version="1.0" encoding="utf-8"?>
<Event xmlns="http://schemas.microsoft.com/win/2004/08/events/event">
  <System>
    <Provider Name="Microsoft-Windows-TaskScheduler" Guid="DE7B24EA-73C8-4A09-985D-5BDADCFA9017">
    </Provider>
    <EventID>100</EventID>
    <Version>0</Version>
    <Level>4</Level>
    <Task>100</Task>
    <Opcode>1</Opcode>
    <Keywords>0x8000000000000001</Keywords>
    <TimeCreated SystemTime="2025-07-02T22:39:24.607897Z">
    </TimeCreated>
    <EventRecordID>5</EventRecordID>
    <Correlation ActivityID="31D1CC49-D7C8-44E1-835C-9040CA134230">
    </Correlation>
    <Execution ProcessID="1060" ThreadID="5628">
    </Execution>
    <Channel>Microsoft-Windows-TaskScheduler/Operational</Channel>
    <Computer>DESKTOP-P5L8521</Computer>
    <Security UserID="S-1-5-18">
    </Security>
  </System>
  <EventData Name="TaskStartEvent">
    <Data Name="TaskName">\RevertUpdates</Data>
    <Data Name="UserContext">DESKTOP-P5L8521\zeus</Data>
    <Data Name="InstanceId">31D1CC49-D7C8-44E1-835C-9040CA134230</Data>
  </EventData>
</Event>
Record 6
<?xml version="1.0" encoding="utf-8"?>
<Event xmlns="http://schemas.microsoft.com/win/2004/08/events/event">
  <System>
    <Provider Name="Microsoft-Windows-TaskScheduler" Guid="DE7B24EA-73C8-4A09-985D-5BDADCFA9017">
    </Provider>
    <EventID>200</EventID>
    <Version>1</Version>
    <Level>4</Level>
    <Task>200</Task>
    <Opcode>1</Opcode>
    <Keywords>0x8000000000000000</Keywords>
    <TimeCreated SystemTime="2025-07-02T22:39:24.607898Z">
    </TimeCreated>
    <EventRecordID>6</EventRecordID>
    <Correlation ActivityID="31D1CC49-D7C8-44E1-835C-9040CA134230">
    </Correlation>
    <Execution ProcessID="1060" ThreadID="5628">
    </Execution>
    <Channel>Microsoft-Windows-TaskScheduler/Operational</Channel>
    <Computer>DESKTOP-P5L8521</Computer>
    <Security UserID="S-1-5-18">
    </Security>
  </System>
  <EventData Name="ActionStart">
    <Data Name="TaskName">\RevertUpdates</Data>
    <Data Name="ActionName">C:\Windows\System32\notepad.exe</Data>
    <Data Name="TaskInstanceId">31D1CC49-D7C8-44E1-835C-9040CA134230</Data>
    <Data Name="EnginePID">11140</Data>
  </EventData>
</Event>
Record 7
<?xml version="1.0" encoding="utf-8"?>
<Event xmlns="http://schemas.microsoft.com/win/2004/08/events/event">
  <System>
    <Provider Name="Microsoft-Windows-TaskScheduler" Guid="DE7B24EA-73C8-4A09-985D-5BDADCFA9017">
    </Provider>
    <EventID>100</EventID>
    <Version>0</Version>
    <Level>4</Level>
    <Task>100</Task>
    <Opcode>1</Opcode>
    <Keywords>0x8000000000000001</Keywords>
    <TimeCreated SystemTime="2025-07-02T22:39:24.781513Z">
    </TimeCreated>
    <EventRecordID>7</EventRecordID>
    <Correlation ActivityID="B038E645-6596-4666-A998-E55B4397A1A5">
    </Correlation>
    <Execution ProcessID="1060" ThreadID="5628">
    </Execution>
    <Channel>Microsoft-Windows-TaskScheduler/Operational</Channel>
    <Computer>DESKTOP-P5L8521</Computer>
    <Security UserID="S-1-5-18">
    </Security>
  </System>
  <EventData Name="TaskStartEvent">
    <Data Name="TaskName">\Microsoft\Windows\CertificateServicesClient\UserTask-Roam</Data>
    <Data Name="UserContext">DESKTOP-P5L8521\agent</Data>
    <Data Name="InstanceId">B038E645-6596-4666-A998-E55B4397A1A5</Data>
  </EventData>
</Event>
Record 8
<?xml version="1.0" encoding="utf-8"?>
<Event xmlns="http://schemas.microsoft.com/win/2004/08/events/event">
  <System>
    <Provider Name="Microsoft-Windows-TaskScheduler" Guid="DE7B24EA-73C8-4A09-985D-5BDADCFA9017">
    </Provider>
    <EventID>200</EventID>
    <Version>1</Version>
    <Level>4</Level>
    <Task>200</Task>
    <Opcode>1</Opcode>
    <Keywords>0x8000000000000000</Keywords>
    <TimeCreated SystemTime="2025-07-02T22:39:24.781514Z">
    </TimeCreated>
    <EventRecordID>8</EventRecordID>
    <Correlation ActivityID="B038E645-6596-4666-A998-E55B4397A1A5">
    </Correlation>
    <Execution ProcessID="1060" ThreadID="5628">
    </Execution>
    <Channel>Microsoft-Windows-TaskScheduler/Operational</Channel>
    <Computer>DESKTOP-P5L8521</Computer>
    <Security UserID="S-1-5-18">
    </Security>
  </System>
  <EventData Name="ActionStart">
    <Data Name="TaskName">\Microsoft\Windows\CertificateServicesClient\UserTask-Roam</Data>
    <Data Name="ActionName">Certificate Services Client Task Handler</Data>
    <Data Name="TaskInstanceId">B038E645-6596-4666-A998-E55B4397A1A5</Data>
    <Data Name="EnginePID">3980</Data>
  </EventData>
</Event>
Record 9
<?xml version="1.0" encoding="utf-8"?>
<Event xmlns="http://schemas.microsoft.com/win/2004/08/events/event">
  <System>
    <Provider Name="Microsoft-Windows-TaskScheduler" Guid="DE7B24EA-73C8-4A09-985D-5BDADCFA9017">
    </Provider>
    <EventID>201</EventID>
    <Version>2</Version>
    <Level>4</Level>
    <Task>201</Task>
    <Opcode>2</Opcode>
    <Keywords>0x8000000000000000</Keywords>
    <TimeCreated SystemTime="2025-07-02T22:39:25.111021Z">
    </TimeCreated>
    <EventRecordID>9</EventRecordID>
    <Correlation ActivityID="6B632506-2131-473F-83CA-1F9E074A5AD8">
    </Correlation>
    <Execution ProcessID="1060" ThreadID="5628">
    </Execution>
    <Channel>Microsoft-Windows-TaskScheduler/Operational</Channel>
    <Computer>DESKTOP-P5L8521</Computer>
    <Security UserID="S-1-5-18">
    </Security>
  </System>
  <EventData Name="ActionSuccess">
    <Data Name="TaskName">\Microsoft\Windows\WindowsColorSystem\Calibration Loader</Data>
    <Data Name="TaskInstanceId">6B632506-2131-473F-83CA-1F9E074A5AD8</Data>
    <Data Name="ActionName">Color Calibration Loader</Data>
    <Data Name="ResultCode">0</Data>
    <Data Name="EnginePID">13256</Data>
  </EventData>
</Event>
Record 10
<?xml version="1.0" encoding="utf-8"?>
<Event xmlns="http://schemas.microsoft.com/win/2004/08/events/event">
  <System>
    <Provider Name="Microsoft-Windows-TaskScheduler" Guid="DE7B24EA-73C8-4A09-985D-5BDADCFA9017">
    </Provider>
    <EventID>102</EventID>
    <Version>0</Version>
    <Level>4</Level>
    <Task>102</Task>
    <Opcode>2</Opcode>
    <Keywords>0x8000000000000001</Keywords>
    <TimeCreated SystemTime="2025-07-02T22:39:25.111022Z">
    </TimeCreated>
    <EventRecordID>10</EventRecordID>
    <Correlation ActivityID="6B632506-2131-473F-83CA-1F9E074A5AD8">
    </Correlation>
    <Execution ProcessID="1060" ThreadID="5628">
    </Execution>
    <Channel>Microsoft-Windows-TaskScheduler/Operational</Channel>
    <Computer>DESKTOP-P5L8521</Computer>
    <Security UserID="S-1-5-18">
    </Security>
  </System>
  <EventData Name="TaskSuccessEvent">
    <Data Name="TaskName">\Microsoft\Windows\WindowsColorSystem\Calibration Loader</Data>
    <Data Name="UserContext">DESKTOP-P5L8521\thom</Data>
    <Data Name="InstanceId">6B632506-2131-473F-83CA-1F9E074A5AD8</Data>
  </EventData>
</Event>
Record 11
<?xml version="1.0" encoding="utf-8"?>
<Event xmlns="http://schemas.microsoft.com/win/2004/08/events/event">
  <System>
    <Provider Name="Microsoft-Windows-TaskScheduler" Guid="DE7B24EA-73C8-4A09-985D-5BDADCFA9017">
    </Provider>
    <EventID>201</EventID>
    <Version>2</Version>
    <Level>4</Level>
    <Task>201</Task>
    <Opcode>2</Opcode>
    <Keywords>0x8000000000000000</Keywords>
    <TimeCreated SystemTime="2025-07-02T22:39:25.119098Z">
    </TimeCreated>
    <EventRecordID>11</EventRecordID>
    <Correlation ActivityID="B038E645-6596-4666-A998-E55B4397A1A5">
    </Correlation>
    <Execution ProcessID="1060" ThreadID="5628">
    </Execution>
    <Channel>Microsoft-Windows-TaskScheduler/Operational</Channel>
    <Computer>DESKTOP-P5L8521</Computer>
    <Security UserID="S-1-5-18">
    </Security>
  </System>
  <EventData Name="ActionSuccess">
    <Data Name="TaskName">\Microsoft\Windows\CertificateServicesClient\UserTask-Roam</Data>
    <Data Name="TaskInstanceId">B038E645-6596-4666-A998-E55B4397A1A5</Data>
    <Data Name="ActionName">Certificate Services Client Task Handler</Data>
    <Data Name="ResultCode">0</Data>
    <Data Name="EnginePID">3980</Data>
  </EventData>
</Event>
Record 12
<?xml version="1.0" encoding="utf-8"?>
<Event xmlns="http://schemas.microsoft.com/win/2004/08/events/event">
  <System>
    <Provider Name="Microsoft-Windows-TaskScheduler" Guid="DE7B24EA-73C8-4A09-985D-5BDADCFA9017">
    </Provider>
    <EventID>102</EventID>
    <Version>0</Version>
    <Level>4</Level>
    <Task>102</Task>
    <Opcode>2</Opcode>
    <Keywords>0x8000000000000001</Keywords>
    <TimeCreated SystemTime="2025-07-02T22:39:25.119099Z">
    </TimeCreated>
    <EventRecordID>12</EventRecordID>
    <Correlation ActivityID="B038E645-6596-4666-A998-E55B4397A1A5">
    </Correlation>
    <Execution ProcessID="1060" ThreadID="5628">
    </Execution>
    <Channel>Microsoft-Windows-TaskScheduler/Operational</Channel>
    <Computer>DESKTOP-P5L8521</Computer>
    <Security UserID="S-1-5-18">
    </Security>
  </System>
  <EventData Name="TaskSuccessEvent">
    <Data Name="TaskName">\Microsoft\Windows\CertificateServicesClient\UserTask-Roam</Data>
    <Data Name="UserContext">DESKTOP-P5L8521\agent</Data>
    <Data Name="InstanceId">B038E645-6596-4666-A998-E55B4397A1A5</Data>
  </EventData>
</Event>
Record 13
<?xml version="1.0" encoding="utf-8"?>
<Event xmlns="http://schemas.microsoft.com/win/2004/08/events/event">
  <System>
    <Provider Name="Microsoft-Windows-TaskScheduler" Guid="DE7B24EA-73C8-4A09-985D-5BDADCFA9017">
    </Provider>
    <EventID>129</EventID>
    <Version>0</Version>
    <Level>4</Level>
    <Task>129</Task>
    <Opcode>0</Opcode>
    <Keywords>0x8000000000000000</Keywords>
    <TimeCreated SystemTime="2025-07-02T22:39:29.773182Z">
    </TimeCreated>
    <EventRecordID>13</EventRecordID>
    <Correlation>
    </Correlation>
    <Execution ProcessID="1060" ThreadID="5628">
    </Execution>
    <Channel>Microsoft-Windows-TaskScheduler/Operational</Channel>
    <Computer>DESKTOP-P5L8521</Computer>
    <Security UserID="S-1-5-18">
    </Security>
  </System>
  <EventData Name="CreatedTaskProcess">
    <Data Name="TaskName">\Microsoft\Windows\WindowsColorSystem\Calibration Loader</Data>
    <Data Name="Path">taskhostw.exe</Data>
    <Data Name="ProcessID">8124</Data>
    <Data Name="Priority">32</Data>
  </EventData>
</Event>
Record 14
<?xml version="1.0" encoding="utf-8"?>
<Event xmlns="http://schemas.microsoft.com/win/2004/08/events/event">
  <System>
    <Provider Name="Microsoft-Windows-TaskScheduler" Guid="DE7B24EA-73C8-4A09-985D-5BDADCFA9017">
    </Provider>
    <EventID>100</EventID>
    <Version>0</Version>
    <Level>4</Level>
    <Task>100</Task>
    <Opcode>1</Opcode>
    <Keywords>0x8000000000000001</Keywords>
    <TimeCreated SystemTime="2025-07-02T22:39:29.773387Z">
    </TimeCreated>
    <EventRecordID>14</EventRecordID>
    <Correlation ActivityID="3971D8BA-EFB9-4545-BE86-E4C6668C6025">
    </Correlation>
    <Execution ProcessID="1060" ThreadID="5628">
    </Execution>
    <Channel>Microsoft-Windows-TaskScheduler/Operational</Channel>
    <Computer>DESKTOP-P5L8521</Computer>
    <Security UserID="S-1-5-18">
    </Security>
  </System>
  <EventData Name="TaskStartEvent">
    <Data Name="TaskName">\Microsoft\Windows\WindowsColorSystem\Calibration Loader</Data>
    <Data Name="UserContext">DESKTOP-P5L8521\zeus</Data>
    <Data Name="InstanceId">3971D8BA-EFB9-4545-BE86-E4C6668C6025</Data>
  </EventData>
</Event>
Record 15
<?xml version="1.0" encoding="utf-8"?>
<Event xmlns="http://schemas.microsoft.com/win/2004/08/events/event">
  <System>
    <Provider Name="Microsoft-Windows-TaskScheduler" Guid="DE7B24EA-73C8-4A09-985D-5BDADCFA9017">
    </Provider>
    <EventID>200</EventID>
    <Version>1</Version>
    <Level>4</Level>
    <Task>200</Task>
    <Opcode>1</Opcode>
    <Keywords>0x8000000000000000</Keywords>
    <TimeCreated SystemTime="2025-07-02T22:39:29.773388Z">
    </TimeCreated>
    <EventRecordID>15</EventRecordID>
    <Correlation ActivityID="3971D8BA-EFB9-4545-BE86-E4C6668C6025">
    </Correlation>
    <Execution ProcessID="1060" ThreadID="5628">
    </Execution>
    <Channel>Microsoft-Windows-TaskScheduler/Operational</Channel>
    <Computer>DESKTOP-P5L8521</Computer>
    <Security UserID="S-1-5-18">
    </Security>
  </System>
  <EventData Name="ActionStart">
    <Data Name="TaskName">\Microsoft\Windows\WindowsColorSystem\Calibration Loader</Data>
    <Data Name="ActionName">Color Calibration Loader</Data>
    <Data Name="TaskInstanceId">3971D8BA-EFB9-4545-BE86-E4C6668C6025</Data>
    <Data Name="EnginePID">8124</Data>
  </EventData>
</Event>
Record 16
<?xml version="1.0" encoding="utf-8"?>
<Event xmlns="http://schemas.microsoft.com/win/2004/08/events/event">
  <System>
    <Provider Name="Microsoft-Windows-TaskScheduler" Guid="DE7B24EA-73C8-4A09-985D-5BDADCFA9017">
    </Provider>
    <EventID>325</EventID>
    <Version>0</Version>
    <Level>3</Level>
    <Task>325</Task>
    <Opcode>0</Opcode>
    <Keywords>0x8000000000000000</Keywords>
    <TimeCreated SystemTime="2025-07-02T22:39:29.971632Z">
    </TimeCreated>
    <EventRecordID>16</EventRecordID>
    <Correlation ActivityID="EF1FBB6C-153C-4641-8166-100562E48AAA">
    </Correlation>
    <Execution ProcessID="1060" ThreadID="7712">
    </Execution>
    <Channel>Microsoft-Windows-TaskScheduler/Operational</Channel>
    <Computer>DESKTOP-P5L8521</Computer>
    <Security UserID="S-1-5-18">
    </Security>
  </System>
  <EventData Name="TaskInstanceQueued">
    <Data Name="TaskName">\Microsoft\Windows\Shell\CreateObjectTask</Data>
    <Data Name="QueuedTaskInstanceId">EF1FBB6C-153C-4641-8166-100562E48AAA</Data>
  </EventData>
</Event>
Record 17
<?xml version="1.0" encoding="utf-8"?>
<Event xmlns="http://schemas.microsoft.com/win/2004/08/events/event">
  <System>
    <Provider Name="Microsoft-Windows-TaskScheduler" Guid="DE7B24EA-73C8-4A09-985D-5BDADCFA9017">
    </Provider>
    <EventID>110</EventID>
    <Version>0</Version>
    <Level>4</Level>
    <Task>110</Task>
    <Opcode>0</Opcode>
    <Keywords>0x8000000000000000</Keywords>
    <TimeCreated SystemTime="2025-07-02T22:39:29.971795Z">
    </TimeCreated>
    <EventRecordID>17</EventRecordID>
    <Correlation ActivityID="EF1FBB6C-153C-4641-8166-100562E48AAA">
    </Correlation>
    <Execution ProcessID="1060" ThreadID="7712">
    </Execution>
    <Channel>Microsoft-Windows-TaskScheduler/Operational</Channel>
    <Computer>DESKTOP-P5L8521</Computer>
    <Security UserID="S-1-5-18">
    </Security>
  </System>
  <EventData Name="TaskRunEvent">
    <Data Name="TaskName">\Microsoft\Windows\Shell\CreateObjectTask</Data>
    <Data Name="InstanceId">EF1FBB6C-153C-4641-8166-100562E48AAA</Data>
    <Data Name="UserContext">System</Data>
  </EventData>
</Event>
Record 18
<?xml version="1.0" encoding="utf-8"?>
<Event xmlns="http://schemas.microsoft.com/win/2004/08/events/event">
  <System>
    <Provider Name="Microsoft-Windows-TaskScheduler" Guid="DE7B24EA-73C8-4A09-985D-5BDADCFA9017">
    </Provider>
    <EventID>129</EventID>
    <Version>0</Version>
    <Level>4</Level>
    <Task>129</Task>
    <Opcode>0</Opcode>
    <Keywords>0x8000000000000000</Keywords>
    <TimeCreated SystemTime="2025-07-02T22:39:29.976912Z">
    </TimeCreated>
    <EventRecordID>18</EventRecordID>
    <Correlation>
    </Correlation>
    <Execution ProcessID="1060" ThreadID="7712">
    </Execution>
    <Channel>Microsoft-Windows-TaskScheduler/Operational</Channel>
    <Computer>DESKTOP-P5L8521</Computer>
    <Security UserID="S-1-5-18">
    </Security>
  </System>
  <EventData Name="CreatedTaskProcess">
    <Data Name="TaskName">\Microsoft\Windows\Shell\CreateObjectTask</Data>
    <Data Name="Path">taskhostw.exe</Data>
    <Data Name="ProcessID">13192</Data>
    <Data Name="Priority">16384</Data>
  </EventData>
</Event>
Record 19
<?xml version="1.0" encoding="utf-8"?>
<Event xmlns="http://schemas.microsoft.com/win/2004/08/events/event">
  <System>
    <Provider Name="Microsoft-Windows-TaskScheduler" Guid="DE7B24EA-73C8-4A09-985D-5BDADCFA9017">
    </Provider>
    <EventID>100</EventID>
    <Version>0</Version>
    <Level>4</Level>
    <Task>100</Task>
    <Opcode>1</Opcode>
    <Keywords>0x8000000000000001</Keywords>
    <TimeCreated SystemTime="2025-07-02T22:39:29.977010Z">
    </TimeCreated>
    <EventRecordID>19</EventRecordID>
    <Correlation ActivityID="EF1FBB6C-153C-4641-8166-100562E48AAA">
    </Correlation>
    <Execution ProcessID="1060" ThreadID="7712">
    </Execution>
    <Channel>Microsoft-Windows-TaskScheduler/Operational</Channel>
    <Computer>DESKTOP-P5L8521</Computer>
    <Security UserID="S-1-5-18">
    </Security>
  </System>
  <EventData Name="TaskStartEvent">
    <Data Name="TaskName">\Microsoft\Windows\Shell\CreateObjectTask</Data>
    <Data Name="UserContext">NT AUTHORITY\SYSTEM</Data>
    <Data Name="InstanceId">EF1FBB6C-153C-4641-8166-100562E48AAA</Data>
  </EventData>
</Event>
Record 20
<?xml version="1.0" encoding="utf-8"?>
<Event xmlns="http://schemas.microsoft.com/win/2004/08/events/event">
  <System>
    <Provider Name="Microsoft-Windows-TaskScheduler" Guid="DE7B24EA-73C8-4A09-985D-5BDADCFA9017">
    </Provider>
    <EventID>200</EventID>
    <Version>1</Version>
    <Level>4</Level>
    <Task>200</Task>
    <Opcode>1</Opcode>
    <Keywords>0x8000000000000000</Keywords>
    <TimeCreated SystemTime="2025-07-02T22:39:29.977011Z">
    </TimeCreated>
    <EventRecordID>20</EventRecordID>
    <Correlation ActivityID="EF1FBB6C-153C-4641-8166-100562E48AAA">
    </Correlation>
    <Execution ProcessID="1060" ThreadID="7712">
    </Execution>
    <Channel>Microsoft-Windows-TaskScheduler/Operational</Channel>
    <Computer>DESKTOP-P5L8521</Computer>
    <Security UserID="S-1-5-18">
    </Security>
  </System>
  <EventData Name="ActionStart">
    <Data Name="TaskName">\Microsoft\Windows\Shell\CreateObjectTask</Data>
    <Data Name="ActionName">Shell Create Object Task Delegate</Data>
    <Data Name="TaskInstanceId">EF1FBB6C-153C-4641-8166-100562E48AAA</Data>
    <Data Name="EnginePID">13192</Data>
  </EventData>
</Event>
Record 21
<?xml version="1.0" encoding="utf-8"?>
<Event xmlns="http://schemas.microsoft.com/win/2004/08/events/event">
  <System>
    <Provider Name="Microsoft-Windows-TaskScheduler" Guid="DE7B24EA-73C8-4A09-985D-5BDADCFA9017">
    </Provider>
    <EventID>100</EventID>
    <Version>0</Version>
    <Level>4</Level>
    <Task>100</Task>
    <Opcode>1</Opcode>
    <Keywords>0x8000000000000001</Keywords>
    <TimeCreated SystemTime="2025-07-02T22:39:29.988702Z">
    </TimeCreated>
    <EventRecordID>21</EventRecordID>
    <Correlation ActivityID="EC282597-3DF7-415C-893A-B35B2149200B">
    </Correlation>
    <Execution ProcessID="1060" ThreadID="7712">
    </Execution>
    <Channel>Microsoft-Windows-TaskScheduler/Operational</Channel>
    <Computer>DESKTOP-P5L8521</Computer>
    <Security UserID="S-1-5-18">
    </Security>
  </System>
  <EventData Name="TaskStartEvent">
    <Data Name="TaskName">\Microsoft\Windows\CertificateServicesClient\UserTask-Roam</Data>
    <Data Name="UserContext">DESKTOP-P5L8521\zeus</Data>
    <Data Name="InstanceId">EC282597-3DF7-415C-893A-B35B2149200B</Data>
  </EventData>
</Event>
Record 22
<?xml version="1.0" encoding="utf-8"?>
<Event xmlns="http://schemas.microsoft.com/win/2004/08/events/event">
  <System>
    <Provider Name="Microsoft-Windows-TaskScheduler" Guid="DE7B24EA-73C8-4A09-985D-5BDADCFA9017">
    </Provider>
    <EventID>200</EventID>
    <Version>1</Version>
    <Level>4</Level>
    <Task>200</Task>
    <Opcode>1</Opcode>
    <Keywords>0x8000000000000000</Keywords>
    <TimeCreated SystemTime="2025-07-02T22:39:29.988704Z">
    </TimeCreated>
    <EventRecordID>22</EventRecordID>
    <Correlation ActivityID="EC282597-3DF7-415C-893A-B35B2149200B">
    </Correlation>
    <Execution ProcessID="1060" ThreadID="7712">
    </Execution>
    <Channel>Microsoft-Windows-TaskScheduler/Operational</Channel>
    <Computer>DESKTOP-P5L8521</Computer>
    <Security UserID="S-1-5-18">
    </Security>
  </System>
  <EventData Name="ActionStart">
    <Data Name="TaskName">\Microsoft\Windows\CertificateServicesClient\UserTask-Roam</Data>
    <Data Name="ActionName">Certificate Services Client Task Handler</Data>
    <Data Name="TaskInstanceId">EC282597-3DF7-415C-893A-B35B2149200B</Data>
    <Data Name="EnginePID">8124</Data>
  </EventData>
</Event>
Record 23
<?xml version="1.0" encoding="utf-8"?>
<Event xmlns="http://schemas.microsoft.com/win/2004/08/events/event">
  <System>
    <Provider Name="Microsoft-Windows-TaskScheduler" Guid="DE7B24EA-73C8-4A09-985D-5BDADCFA9017">
    </Provider>
    <EventID>201</EventID>
    <Version>2</Version>
    <Level>4</Level>
    <Task>201</Task>
    <Opcode>2</Opcode>
    <Keywords>0x8000000000000000</Keywords>
    <TimeCreated SystemTime="2025-07-02T22:39:30.446540Z">
    </TimeCreated>
    <EventRecordID>23</EventRecordID>
    <Correlation ActivityID="3971D8BA-EFB9-4545-BE86-E4C6668C6025">
    </Correlation>
    <Execution ProcessID="1060" ThreadID="7712">
    </Execution>
    <Channel>Microsoft-Windows-TaskScheduler/Operational</Channel>
    <Computer>DESKTOP-P5L8521</Computer>
    <Security UserID="S-1-5-18">
    </Security>
  </System>
  <EventData Name="ActionSuccess">
    <Data Name="TaskName">\Microsoft\Windows\WindowsColorSystem\Calibration Loader</Data>
    <Data Name="TaskInstanceId">3971D8BA-EFB9-4545-BE86-E4C6668C6025</Data>
    <Data Name="ActionName">Color Calibration Loader</Data>
    <Data Name="ResultCode">0</Data>
    <Data Name="EnginePID">8124</Data>
  </EventData>
</Event>
Record 24
<?xml version="1.0" encoding="utf-8"?>
<Event xmlns="http://schemas.microsoft.com/win/2004/08/events/event">
  <System>
    <Provider Name="Microsoft-Windows-TaskScheduler" Guid="DE7B24EA-73C8-4A09-985D-5BDADCFA9017">
    </Provider>
    <EventID>102</EventID>
    <Version>0</Version>
    <Level>4</Level>
    <Task>102</Task>
    <Opcode>2</Opcode>
    <Keywords>0x8000000000000001</Keywords>
    <TimeCreated SystemTime="2025-07-02T22:39:30.446541Z">
    </TimeCreated>
    <EventRecordID>24</EventRecordID>
    <Correlation ActivityID="3971D8BA-EFB9-4545-BE86-E4C6668C6025">
    </Correlation>
    <Execution ProcessID="1060" ThreadID="7712">
    </Execution>
    <Channel>Microsoft-Windows-TaskScheduler/Operational</Channel>
    <Computer>DESKTOP-P5L8521</Computer>
    <Security UserID="S-1-5-18">
    </Security>
  </System>
  <EventData Name="TaskSuccessEvent">
    <Data Name="TaskName">\Microsoft\Windows\WindowsColorSystem\Calibration Loader</Data>
    <Data Name="UserContext">DESKTOP-P5L8521\zeus</Data>
    <Data Name="InstanceId">3971D8BA-EFB9-4545-BE86-E4C6668C6025</Data>
  </EventData>
</Event>
Record 25
<?xml version="1.0" encoding="utf-8"?>
<Event xmlns="http://schemas.microsoft.com/win/2004/08/events/event">
  <System>
    <Provider Name="Microsoft-Windows-TaskScheduler" Guid="DE7B24EA-73C8-4A09-985D-5BDADCFA9017">
    </Provider>
    <EventID>201</EventID>
    <Version>2</Version>
    <Level>4</Level>
    <Task>201</Task>
    <Opcode>2</Opcode>
    <Keywords>0x8000000000000000</Keywords>
    <TimeCreated SystemTime="2025-07-02T22:39:30.511344Z">
    </TimeCreated>
    <EventRecordID>25</EventRecordID>
    <Correlation ActivityID="EC282597-3DF7-415C-893A-B35B2149200B">
    </Correlation>
    <Execution ProcessID="1060" ThreadID="7712">
    </Execution>
    <Channel>Microsoft-Windows-TaskScheduler/Operational</Channel>
    <Computer>DESKTOP-P5L8521</Computer>
    <Security UserID="S-1-5-18">
    </Security>
  </System>
  <EventData Name="ActionSuccess">
    <Data Name="TaskName">\Microsoft\Windows\CertificateServicesClient\UserTask-Roam</Data>
    <Data Name="TaskInstanceId">EC282597-3DF7-415C-893A-B35B2149200B</Data>
    <Data Name="ActionName">Certificate Services Client Task Handler</Data>
    <Data Name="ResultCode">0</Data>
    <Data Name="EnginePID">8124</Data>
  </EventData>
</Event>
Record 26
<?xml version="1.0" encoding="utf-8"?>
<Event xmlns="http://schemas.microsoft.com/win/2004/08/events/event">
  <System>
    <Provider Name="Microsoft-Windows-TaskScheduler" Guid="DE7B24EA-73C8-4A09-985D-5BDADCFA9017">
    </Provider>
    <EventID>102</EventID>
    <Version>0</Version>
    <Level>4</Level>
    <Task>102</Task>
    <Opcode>2</Opcode>
    <Keywords>0x8000000000000001</Keywords>
    <TimeCreated SystemTime="2025-07-02T22:39:30.511345Z">
    </TimeCreated>
    <EventRecordID>26</EventRecordID>
    <Correlation ActivityID="EC282597-3DF7-415C-893A-B35B2149200B">
    </Correlation>
    <Execution ProcessID="1060" ThreadID="7712">
    </Execution>
    <Channel>Microsoft-Windows-TaskScheduler/Operational</Channel>
    <Computer>DESKTOP-P5L8521</Computer>
    <Security UserID="S-1-5-18">
    </Security>
  </System>
  <EventData Name="TaskSuccessEvent">
    <Data Name="TaskName">\Microsoft\Windows\CertificateServicesClient\UserTask-Roam</Data>
    <Data Name="UserContext">DESKTOP-P5L8521\zeus</Data>
    <Data Name="InstanceId">EC282597-3DF7-415C-893A-B35B2149200B</Data>
  </EventData>
</Event>
Record 27
<?xml version="1.0" encoding="utf-8"?>
<Event xmlns="http://schemas.microsoft.com/win/2004/08/events/event">
  <System>
    <Provider Name="Microsoft-Windows-TaskScheduler" Guid="DE7B24EA-73C8-4A09-985D-5BDADCFA9017">
    </Provider>
    <EventID>141</EventID>
    <Version>0</Version>
    <Level>4</Level>
    <Task>141</Task>
    <Opcode>0</Opcode>
    <Keywords>0x8000000000000000</Keywords>
    <TimeCreated SystemTime="2025-07-02T22:39:49.622041Z">
    </TimeCreated>
    <EventRecordID>27</EventRecordID>
    <Correlation>
    </Correlation>
    <Execution ProcessID="1060" ThreadID="7712">
    </Execution>
    <Channel>Microsoft-Windows-TaskScheduler/Operational</Channel>
    <Computer>DESKTOP-P5L8521</Computer>
    <Security UserID="S-1-5-18">
    </Security>
  </System>
  <EventData Name="TaskDeleted">
    <Data Name="TaskName">\DeliverUpdates</Data>
    <Data Name="UserName">DESKTOP-P5L8521\zeus</Data>
  </EventData>
</Event>
Record 28
<?xml version="1.0" encoding="utf-8"?>
<Event xmlns="http://schemas.microsoft.com/win/2004/08/events/event">
  <System>
    <Provider Name="Microsoft-Windows-TaskScheduler" Guid="DE7B24EA-73C8-4A09-985D-5BDADCFA9017">
    </Provider>
    <EventID>141</EventID>
    <Version>0</Version>
    <Level>4</Level>
    <Task>141</Task>
    <Opcode>0</Opcode>
    <Keywords>0x8000000000000000</Keywords>
    <TimeCreated SystemTime="2025-07-02T22:39:57.756493Z">
    </TimeCreated>
    <EventRecordID>28</EventRecordID>
    <Correlation>
    </Correlation>
    <Execution ProcessID="1060" ThreadID="7712">
    </Execution>
    <Channel>Microsoft-Windows-TaskScheduler/Operational</Channel>
    <Computer>DESKTOP-P5L8521</Computer>
    <Security UserID="S-1-5-18">
    </Security>
  </System>
  <EventData Name="TaskDeleted">
    <Data Name="TaskName">\RevertUpdates</Data>
    <Data Name="UserName">DESKTOP-P5L8521\zeus</Data>
  </EventData>
</Event>
Record 29
<?xml version="1.0" encoding="utf-8"?>
<Event xmlns="http://schemas.microsoft.com/win/2004/08/events/event">
  <System>
    <Provider Name="Microsoft-Windows-TaskScheduler" Guid="DE7B24EA-73C8-4A09-985D-5BDADCFA9017">
    </Provider>
    <EventID>111</EventID>
    <Version>0</Version>
    <Level>4</Level>
    <Task>111</Task>
    <Opcode>103</Opcode>
    <Keywords>0x8000000000000001</Keywords>
    <TimeCreated SystemTime="2025-07-02T22:39:57.757157Z">
    </TimeCreated>
    <EventRecordID>29</EventRecordID>
    <Correlation ActivityID="31D1CC49-D7C8-44E1-835C-9040CA134230">
    </Correlation>
    <Execution ProcessID="1060" ThreadID="7712">
    </Execution>
    <Channel>Microsoft-Windows-TaskScheduler/Operational</Channel>
    <Computer>DESKTOP-P5L8521</Computer>
    <Security UserID="S-1-5-18">
    </Security>
  </System>
  <EventData Name="TaskTerminationEvent">
    <Data Name="TaskName">\RevertUpdates</Data>
    <Data Name="InstanceId">31D1CC49-D7C8-44E1-835C-9040CA134230</Data>
  </EventData>
</Event>
Record 30
<?xml version="1.0" encoding="utf-8"?>
<Event xmlns="http://schemas.microsoft.com/win/2004/08/events/event">
  <System>
    <Provider Name="Microsoft-Windows-TaskScheduler" Guid="DE7B24EA-73C8-4A09-985D-5BDADCFA9017">
    </Provider>
    <EventID>329</EventID>
    <Version>0</Version>
    <Level>4</Level>
    <Task>329</Task>
    <Opcode>0</Opcode>
    <Keywords>0x8000000000000000</Keywords>
    <TimeCreated SystemTime="2025-07-02T22:39:59.981339Z">
    </TimeCreated>
    <EventRecordID>30</EventRecordID>
    <Correlation ActivityID="EF1FBB6C-153C-4641-8166-100562E48AAA">
    </Correlation>
    <Execution ProcessID="1060" ThreadID="14080">
    </Execution>
    <Channel>Microsoft-Windows-TaskScheduler/Operational</Channel>
    <Computer>DESKTOP-P5L8521</Computer>
    <Security UserID="S-1-5-18">
    </Security>
  </System>
  <EventData Name="StoppedOnTimeout">
    <Data Name="TaskName">\Microsoft\Windows\Shell\CreateObjectTask</Data>
    <Data Name="TaskInstanceId">EF1FBB6C-153C-4641-8166-100562E48AAA</Data>
  </EventData>
</Event>
Record 31
<?xml version="1.0" encoding="utf-8"?>
<Event xmlns="http://schemas.microsoft.com/win/2004/08/events/event">
  <System>
    <Provider Name="Microsoft-Windows-TaskScheduler" Guid="DE7B24EA-73C8-4A09-985D-5BDADCFA9017">
    </Provider>
    <EventID>141</EventID>
    <Version>0</Version>
    <Level>4</Level>
    <Task>141</Task>
    <Opcode>0</Opcode>
    <Keywords>0x8000000000000000</Keywords>
    <TimeCreated SystemTime="2025-07-02T22:40:01.822736Z">
    </TimeCreated>
    <EventRecordID>31</EventRecordID>
    <Correlation>
    </Correlation>
    <Execution ProcessID="1060" ThreadID="7712">
    </Execution>
    <Channel>Microsoft-Windows-TaskScheduler/Operational</Channel>
    <Computer>DESKTOP-P5L8521</Computer>
    <Security UserID="S-1-5-18">
    </Security>
  </System>
  <EventData Name="TaskDeleted">
    <Data Name="TaskName">\RunUpdates</Data>
    <Data Name="UserName">DESKTOP-P5L8521\zeus</Data>
  </EventData>
</Event>
Record 32
<?xml version="1.0" encoding="utf-8"?>
<Event xmlns="http://schemas.microsoft.com/win/2004/08/events/event">
  <System>
    <Provider Name="Microsoft-Windows-TaskScheduler" Guid="DE7B24EA-73C8-4A09-985D-5BDADCFA9017">
    </Provider>
    <EventID>106</EventID>
    <Version>0</Version>
    <Level>4</Level>
    <Task>106</Task>
    <Opcode>0</Opcode>
    <Keywords>0x8000000000000000</Keywords>
    <TimeCreated SystemTime="2025-07-02T22:41:19.345894Z">
    </TimeCreated>
    <EventRecordID>32</EventRecordID>
    <Correlation>
    </Correlation>
    <Execution ProcessID="1060" ThreadID="1932">
    </Execution>
    <Channel>Microsoft-Windows-TaskScheduler/Operational</Channel>
    <Computer>DESKTOP-P5L8521</Computer>
    <Security UserID="S-1-5-18">
    </Security>
  </System>
  <EventData Name="TaskRegisteredEvent">
    <Data Name="TaskName">\ChangeBackground</Data>
    <Data Name="UserContext">DESKTOP-P5L8521\poseidon</Data>
  </EventData>
</Event>
Record 33
<?xml version="1.0" encoding="utf-8"?>
<Event xmlns="http://schemas.microsoft.com/win/2004/08/events/event">
  <System>
    <Provider Name="Microsoft-Windows-TaskScheduler" Guid="DE7B24EA-73C8-4A09-985D-5BDADCFA9017">
    </Provider>
    <EventID>108</EventID>
    <Version>0</Version>
    <Level>4</Level>
    <Task>108</Task>
    <Opcode>0</Opcode>
    <Keywords>0x8000000000000000</Keywords>
    <TimeCreated SystemTime="2025-07-02T22:41:33.602093Z">
    </TimeCreated>
    <EventRecordID>33</EventRecordID>
    <Correlation ActivityID="D0A458B2-8E82-409E-B867-873A4D73211B">
    </Correlation>
    <Execution ProcessID="1060" ThreadID="15168">
    </Execution>
    <Channel>Microsoft-Windows-TaskScheduler/Operational</Channel>
    <Computer>DESKTOP-P5L8521</Computer>
    <Security UserID="S-1-5-18">
    </Security>
  </System>
  <EventData Name="EventTriggerEvent">
    <Data Name="TaskName">\Microsoft\Windows\LanguageComponentsInstaller\Installation</Data>
    <Data Name="InstanceId">D0A458B2-8E82-409E-B867-873A4D73211B</Data>
  </EventData>
</Event>
Record 34
<?xml version="1.0" encoding="utf-8"?>
<Event xmlns="http://schemas.microsoft.com/win/2004/08/events/event">
  <System>
    <Provider Name="Microsoft-Windows-TaskScheduler" Guid="DE7B24EA-73C8-4A09-985D-5BDADCFA9017">
    </Provider>
    <EventID>119</EventID>
    <Version>0</Version>
    <Level>4</Level>
    <Task>119</Task>
    <Opcode>0</Opcode>
    <Keywords>0x8000000000000000</Keywords>
    <TimeCreated SystemTime="2025-07-02T22:41:33.607357Z">
    </TimeCreated>
    <EventRecordID>34</EventRecordID>
    <Correlation ActivityID="3C4022FF-ABDD-48C7-91A5-06670CE4A554">
    </Correlation>
    <Execution ProcessID="1060" ThreadID="7712">
    </Execution>
    <Channel>Microsoft-Windows-TaskScheduler/Operational</Channel>
    <Computer>DESKTOP-P5L8521</Computer>
    <Security UserID="S-1-5-18">
    </Security>
  </System>
  <EventData Name="LogonTrigger">
    <Data Name="TaskName">\Microsoft\Windows\Management\Provisioning\Logon</Data>
    <Data Name="UserName">DESKTOP-P5L8521\thom</Data>
    <Data Name="InstanceId">3C4022FF-ABDD-48C7-91A5-06670CE4A554</Data>
  </EventData>
</Event>
Record 35
<?xml version="1.0" encoding="utf-8"?>
<Event xmlns="http://schemas.microsoft.com/win/2004/08/events/event">
  <System>
    <Provider Name="Microsoft-Windows-TaskScheduler" Guid="DE7B24EA-73C8-4A09-985D-5BDADCFA9017">
    </Provider>
    <EventID>129</EventID>
    <Version>0</Version>
    <Level>4</Level>
    <Task>129</Task>
    <Opcode>0</Opcode>
    <Keywords>0x8000000000000000</Keywords>
    <TimeCreated SystemTime="2025-07-02T22:41:33.613777Z">
    </TimeCreated>
    <EventRecordID>35</EventRecordID>
    <Correlation>
    </Correlation>
    <Execution ProcessID="1060" ThreadID="7712">
    </Execution>
    <Channel>Microsoft-Windows-TaskScheduler/Operational</Channel>
    <Computer>DESKTOP-P5L8521</Computer>
    <Security UserID="S-1-5-18">
    </Security>
  </System>
  <EventData Name="CreatedTaskProcess">
    <Data Name="TaskName">\Microsoft\Windows\Management\Provisioning\Logon</Data>
    <Data Name="Path">%windir%\system32\ProvTool.exe</Data>
    <Data Name="ProcessID">15020</Data>
    <Data Name="Priority">64</Data>
  </EventData>
</Event>
Record 36
<?xml version="1.0" encoding="utf-8"?>
<Event xmlns="http://schemas.microsoft.com/win/2004/08/events/event">
  <System>
    <Provider Name="Microsoft-Windows-TaskScheduler" Guid="DE7B24EA-73C8-4A09-985D-5BDADCFA9017">
    </Provider>
    <EventID>100</EventID>
    <Version>0</Version>
    <Level>4</Level>
    <Task>100</Task>
    <Opcode>1</Opcode>
    <Keywords>0x8000000000000001</Keywords>
    <TimeCreated SystemTime="2025-07-02T22:41:33.614344Z">
    </TimeCreated>
    <EventRecordID>36</EventRecordID>
    <Correlation ActivityID="3C4022FF-ABDD-48C7-91A5-06670CE4A554">
    </Correlation>
    <Execution ProcessID="1060" ThreadID="7712">
    </Execution>
    <Channel>Microsoft-Windows-TaskScheduler/Operational</Channel>
    <Computer>DESKTOP-P5L8521</Computer>
    <Security UserID="S-1-5-18">
    </Security>
  </System>
  <EventData Name="TaskStartEvent">
    <Data Name="TaskName">\Microsoft\Windows\Management\Provisioning\Logon</Data>
    <Data Name="UserContext">NT AUTHORITY\SYSTEM</Data>
    <Data Name="InstanceId">3C4022FF-ABDD-48C7-91A5-06670CE4A554</Data>
  </EventData>
</Event>
Record 37
<?xml version="1.0" encoding="utf-8"?>
<Event xmlns="http://schemas.microsoft.com/win/2004/08/events/event">
  <System>
    <Provider Name="Microsoft-Windows-TaskScheduler" Guid="DE7B24EA-73C8-4A09-985D-5BDADCFA9017">
    </Provider>
    <EventID>200</EventID>
    <Version>1</Version>
    <Level>4</Level>
    <Task>200</Task>
    <Opcode>1</Opcode>
    <Keywords>0x8000000000000000</Keywords>
    <TimeCreated SystemTime="2025-07-02T22:41:33.614345Z">
    </TimeCreated>
    <EventRecordID>37</EventRecordID>
    <Correlation ActivityID="3C4022FF-ABDD-48C7-91A5-06670CE4A554">
    </Correlation>
    <Execution ProcessID="1060" ThreadID="7712">
    </Execution>
    <Channel>Microsoft-Windows-TaskScheduler/Operational</Channel>
    <Computer>DESKTOP-P5L8521</Computer>
    <Security UserID="S-1-5-18">
    </Security>
  </System>
  <EventData Name="ActionStart">
    <Data Name="TaskName">\Microsoft\Windows\Management\Provisioning\Logon</Data>
    <Data Name="ActionName">%windir%\system32\ProvTool.exe</Data>
    <Data Name="TaskInstanceId">3C4022FF-ABDD-48C7-91A5-06670CE4A554</Data>
    <Data Name="EnginePID">15020</Data>
  </EventData>
</Event>
Record 38
<?xml version="1.0" encoding="utf-8"?>
<Event xmlns="http://schemas.microsoft.com/win/2004/08/events/event">
  <System>
    <Provider Name="Microsoft-Windows-TaskScheduler" Guid="DE7B24EA-73C8-4A09-985D-5BDADCFA9017">
    </Provider>
    <EventID>129</EventID>
    <Version>0</Version>
    <Level>4</Level>
    <Task>129</Task>
    <Opcode>0</Opcode>
    <Keywords>0x8000000000000000</Keywords>
    <TimeCreated SystemTime="2025-07-02T22:41:33.628522Z">
    </TimeCreated>
    <EventRecordID>38</EventRecordID>
    <Correlation>
    </Correlation>
    <Execution ProcessID="1060" ThreadID="15168">
    </Execution>
    <Channel>Microsoft-Windows-TaskScheduler/Operational</Channel>
    <Computer>DESKTOP-P5L8521</Computer>
    <Security UserID="S-1-5-18">
    </Security>
  </System>
  <EventData Name="CreatedTaskProcess">
    <Data Name="TaskName">\Microsoft\Windows\LanguageComponentsInstaller\Installation</Data>
    <Data Name="Path">taskhostw.exe</Data>
    <Data Name="ProcessID">13196</Data>
    <Data Name="Priority">32</Data>
  </EventData>
</Event>
Record 39
<?xml version="1.0" encoding="utf-8"?>
<Event xmlns="http://schemas.microsoft.com/win/2004/08/events/event">
  <System>
    <Provider Name="Microsoft-Windows-TaskScheduler" Guid="DE7B24EA-73C8-4A09-985D-5BDADCFA9017">
    </Provider>
    <EventID>100</EventID>
    <Version>0</Version>
    <Level>4</Level>
    <Task>100</Task>
    <Opcode>1</Opcode>
    <Keywords>0x8000000000000001</Keywords>
    <TimeCreated SystemTime="2025-07-02T22:41:33.628878Z">
    </TimeCreated>
    <EventRecordID>39</EventRecordID>
    <Correlation ActivityID="D0A458B2-8E82-409E-B867-873A4D73211B">
    </Correlation>
    <Execution ProcessID="1060" ThreadID="15168">
    </Execution>
    <Channel>Microsoft-Windows-TaskScheduler/Operational</Channel>
    <Computer>DESKTOP-P5L8521</Computer>
    <Security UserID="S-1-5-18">
    </Security>
  </System>
  <EventData Name="TaskStartEvent">
    <Data Name="TaskName">\Microsoft\Windows\LanguageComponentsInstaller\Installation</Data>
    <Data Name="UserContext">DESKTOP-P5L8521\thom</Data>
    <Data Name="InstanceId">D0A458B2-8E82-409E-B867-873A4D73211B</Data>
  </EventData>
</Event>
Record 40
<?xml version="1.0" encoding="utf-8"?>
<Event xmlns="http://schemas.microsoft.com/win/2004/08/events/event">
  <System>
    <Provider Name="Microsoft-Windows-TaskScheduler" Guid="DE7B24EA-73C8-4A09-985D-5BDADCFA9017">
    </Provider>
    <EventID>200</EventID>
    <Version>1</Version>
    <Level>4</Level>
    <Task>200</Task>
    <Opcode>1</Opcode>
    <Keywords>0x8000000000000000</Keywords>
    <TimeCreated SystemTime="2025-07-02T22:41:33.628880Z">
    </TimeCreated>
    <EventRecordID>40</EventRecordID>
    <Correlation ActivityID="D0A458B2-8E82-409E-B867-873A4D73211B">
    </Correlation>
    <Execution ProcessID="1060" ThreadID="15168">
    </Execution>
    <Channel>Microsoft-Windows-TaskScheduler/Operational</Channel>
    <Computer>DESKTOP-P5L8521</Computer>
    <Security UserID="S-1-5-18">
    </Security>
  </System>
  <EventData Name="ActionStart">
    <Data Name="TaskName">\Microsoft\Windows\LanguageComponentsInstaller\Installation</Data>
    <Data Name="ActionName">Language Components Installer</Data>
    <Data Name="TaskInstanceId">D0A458B2-8E82-409E-B867-873A4D73211B</Data>
    <Data Name="EnginePID">13196</Data>
  </EventData>
</Event>
Record 41
<?xml version="1.0" encoding="utf-8"?>
<Event xmlns="http://schemas.microsoft.com/win/2004/08/events/event">
  <System>
    <Provider Name="Microsoft-Windows-TaskScheduler" Guid="DE7B24EA-73C8-4A09-985D-5BDADCFA9017">
    </Provider>
    <EventID>322</EventID>
    <Version>0</Version>
    <Level>3</Level>
    <Task>322</Task>
    <Opcode>0</Opcode>
    <Keywords>0x8000000000000000</Keywords>
    <TimeCreated SystemTime="2025-07-02T22:41:33.629311Z">
    </TimeCreated>
    <EventRecordID>41</EventRecordID>
    <Correlation ActivityID="D0A458B2-8E82-409E-B867-873A4D73211B">
    </Correlation>
    <Execution ProcessID="1060" ThreadID="15168">
    </Execution>
    <Channel>Microsoft-Windows-TaskScheduler/Operational</Channel>
    <Computer>DESKTOP-P5L8521</Computer>
    <Security UserID="S-1-5-18">
    </Security>
  </System>
  <EventData Name="NewInstanceIgnored">
    <Data Name="TaskName">\Microsoft\Windows\LanguageComponentsInstaller\Installation</Data>
    <Data Name="TaskInstanceId">D0A458B2-8E82-409E-B867-873A4D73211B</Data>
  </EventData>
</Event>
Record 42
<?xml version="1.0" encoding="utf-8"?>
<Event xmlns="http://schemas.microsoft.com/win/2004/08/events/event">
  <System>
    <Provider Name="Microsoft-Windows-TaskScheduler" Guid="DE7B24EA-73C8-4A09-985D-5BDADCFA9017">
    </Provider>
    <EventID>322</EventID>
    <Version>0</Version>
    <Level>3</Level>
    <Task>322</Task>
    <Opcode>0</Opcode>
    <Keywords>0x8000000000000000</Keywords>
    <TimeCreated SystemTime="2025-07-02T22:41:33.629424Z">
    </TimeCreated>
    <EventRecordID>42</EventRecordID>
    <Correlation ActivityID="D0A458B2-8E82-409E-B867-873A4D73211B">
    </Correlation>
    <Execution ProcessID="1060" ThreadID="15168">
    </Execution>
    <Channel>Microsoft-Windows-TaskScheduler/Operational</Channel>
    <Computer>DESKTOP-P5L8521</Computer>
    <Security UserID="S-1-5-18">
    </Security>
  </System>
  <EventData Name="NewInstanceIgnored">
    <Data Name="TaskName">\Microsoft\Windows\LanguageComponentsInstaller\Installation</Data>
    <Data Name="TaskInstanceId">D0A458B2-8E82-409E-B867-873A4D73211B</Data>
  </EventData>
</Event>
Record 43
<?xml version="1.0" encoding="utf-8"?>
<Event xmlns="http://schemas.microsoft.com/win/2004/08/events/event">
  <System>
    <Provider Name="Microsoft-Windows-TaskScheduler" Guid="DE7B24EA-73C8-4A09-985D-5BDADCFA9017">
    </Provider>
    <EventID>108</EventID>
    <Version>0</Version>
    <Level>4</Level>
    <Task>108</Task>
    <Opcode>0</Opcode>
    <Keywords>0x8000000000000000</Keywords>
    <TimeCreated SystemTime="2025-07-02T22:41:33.665781Z">
    </TimeCreated>
    <EventRecordID>43</EventRecordID>
    <Correlation ActivityID="BF078930-A333-470C-9910-A7365F2714EC">
    </Correlation>
    <Execution ProcessID="1060" ThreadID="7712">
    </Execution>
    <Channel>Microsoft-Windows-TaskScheduler/Operational</Channel>
    <Computer>DESKTOP-P5L8521</Computer>
    <Security UserID="S-1-5-18">
    </Security>
  </System>
  <EventData Name="EventTriggerEvent">
    <Data Name="TaskName">\Microsoft\Windows\.NET Framework\.NET Framework NGEN v4.0.30319 64 Critical</Data>
    <Data Name="InstanceId">BF078930-A333-470C-9910-A7365F2714EC</Data>
  </EventData>
</Event>
Record 44
<?xml version="1.0" encoding="utf-8"?>
<Event xmlns="http://schemas.microsoft.com/win/2004/08/events/event">
  <System>
    <Provider Name="Microsoft-Windows-TaskScheduler" Guid="DE7B24EA-73C8-4A09-985D-5BDADCFA9017">
    </Provider>
    <EventID>129</EventID>
    <Version>0</Version>
    <Level>4</Level>
    <Task>129</Task>
    <Opcode>0</Opcode>
    <Keywords>0x8000000000000000</Keywords>
    <TimeCreated SystemTime="2025-07-02T22:41:33.668142Z">
    </TimeCreated>
    <EventRecordID>44</EventRecordID>
    <Correlation>
    </Correlation>
    <Execution ProcessID="1060" ThreadID="7712">
    </Execution>
    <Channel>Microsoft-Windows-TaskScheduler/Operational</Channel>
    <Computer>DESKTOP-P5L8521</Computer>
    <Security UserID="S-1-5-18">
    </Security>
  </System>
  <EventData Name="CreatedTaskProcess">
    <Data Name="TaskName">\Microsoft\Windows\.NET Framework\.NET Framework NGEN v4.0.30319 64 Critical</Data>
    <Data Name="Path">taskhostw.exe</Data>
    <Data Name="ProcessID">14072</Data>
    <Data Name="Priority">16384</Data>
  </EventData>
</Event>
Record 45
<?xml version="1.0" encoding="utf-8"?>
<Event xmlns="http://schemas.microsoft.com/win/2004/08/events/event">
  <System>
    <Provider Name="Microsoft-Windows-TaskScheduler" Guid="DE7B24EA-73C8-4A09-985D-5BDADCFA9017">
    </Provider>
    <EventID>100</EventID>
    <Version>0</Version>
    <Level>4</Level>
    <Task>100</Task>
    <Opcode>1</Opcode>
    <Keywords>0x8000000000000001</Keywords>
    <TimeCreated SystemTime="2025-07-02T22:41:33.692630Z">
    </TimeCreated>
    <EventRecordID>45</EventRecordID>
    <Correlation ActivityID="BF078930-A333-470C-9910-A7365F2714EC">
    </Correlation>
    <Execution ProcessID="1060" ThreadID="7712">
    </Execution>
    <Channel>Microsoft-Windows-TaskScheduler/Operational</Channel>
    <Computer>DESKTOP-P5L8521</Computer>
    <Security UserID="S-1-5-18">
    </Security>
  </System>
  <EventData Name="TaskStartEvent">
    <Data Name="TaskName">\Microsoft\Windows\.NET Framework\.NET Framework NGEN v4.0.30319 64 Critical</Data>
    <Data Name="UserContext">NT AUTHORITY\SYSTEM</Data>
    <Data Name="InstanceId">BF078930-A333-470C-9910-A7365F2714EC</Data>
  </EventData>
</Event>
