Record 46
<?xml version="1.0" encoding="utf-8"?>
<Event xmlns="http://schemas.microsoft.com/win/2004/08/events/event">
  <System>
    <Provider Name="Microsoft-Windows-TaskScheduler" Guid="DE7B24EA-73C8-4A09-985D-5BDADCFA9017">
    </Provider>
    <EventID>200</EventID>
    <Version>1</Version>
    <Level>4</Level>
    <Task>200</Task>
    <Opcode>1</Opcode>
    <Keywords>0x8000000000000000</Keywords>
    <TimeCreated SystemTime="2025-07-02T22:41:33.692632Z">
    </TimeCreated>
    <EventRecordID>46</EventRecordID>
    <Correlation ActivityID="BF078930-A333-470C-9910-A7365F2714EC">
    </Correlation>
    <Execution ProcessID="1060" ThreadID="7712">
    </Execution>
    <Channel>Microsoft-Windows-TaskScheduler/Operational</Channel>
    <Computer>DESKTOP-P5L8521</Computer>
    <Security UserID="S-1-5-18">
    </Security>
  </System>
  <EventData Name="ActionStart">
    <Data Name="TaskName">\Microsoft\Windows\.NET Framework\.NET Framework NGEN v4.0.30319 64 Critical</Data>
    <Data Name="ActionName"></Data>
    <Data Name="TaskInstanceId">BF078930-A333-470C-9910-A7365F2714EC</Data>
    <Data Name="EnginePID">14072</Data>
  </EventData>
</Event>
Record 47
<?xml version="1.0" encoding="utf-8"?>
<Event xmlns="http://schemas.microsoft.com/win/2004/08/events/event">
  <System>
    <Provider Name="Microsoft-Windows-TaskScheduler" Guid="DE7B24EA-73C8-4A09-985D-5BDADCFA9017">
    </Provider>
    <EventID>108</EventID>
    <Version>0</Version>
    <Level>4</Level>
    <Task>108</Task>
    <Opcode>0</Opcode>
    <Keywords>0x8000000000000000</Keywords>
    <TimeCreated SystemTime="2025-07-02T22:41:33.715129Z">
    </TimeCreated>
    <EventRecordID>47</EventRecordID>
    <Correlation ActivityID="E6C2E46E-AC16-4021-BA6E-752124AEF787">
    </Correlation>
    <Execution ProcessID="1060" ThreadID="7712">
    </Execution>
    <Channel>Microsoft-Windows-TaskScheduler/Operational</Channel>
    <Computer>DESKTOP-P5L8521</Computer>
    <Security UserID="S-1-5-18">
    </Security>
  </System>
  <EventData Name="EventTriggerEvent">
    <Data Name="TaskName">\Microsoft\Windows\.NET Framework\.NET Framework NGEN v4.0.30319 Critical</Data>
    <Data Name="InstanceId">E6C2E46E-AC16-4021-BA6E-752124AEF787</Data>
  </EventData>
</Event>
Record 48
<?xml version="1.0" encoding="utf-8"?>
<Event xmlns="http://schemas.microsoft.com/win/2004/08/events/event">
  <System>
    <Provider Name="Microsoft-Windows-TaskScheduler" Guid="DE7B24EA-73C8-4A09-985D-5BDADCFA9017">
    </Provider>
    <EventID>100</EventID>
    <Version>0</Version>
    <Level>4</Level>
    <Task>100</Task>
    <Opcode>1</Opcode>
    <Keywords>0x8000000000000001</Keywords>
    <TimeCreated SystemTime="2025-07-02T22:41:33.715289Z">
    </TimeCreated>
    <EventRecordID>48</EventRecordID>
    <Correlation ActivityID="E6C2E46E-AC16-4021-BA6E-752124AEF787">
    </Correlation>
    <Execution ProcessID="1060" ThreadID="7712">
    </Execution>
    <Channel>Microsoft-Windows-TaskScheduler/Operational</Channel>
    <Computer>DESKTOP-P5L8521</Computer>
    <Security UserID="S-1-5-18">
    </Security>
  </System>
  <EventData Name="TaskStartEvent">
    <Data Name="TaskName">\Microsoft\Windows\.NET Framework\.NET Framework NGEN v4.0.30319 Critical</Data>
    <Data Name="UserContext">NT AUTHORITY\SYSTEM</Data>
    <Data Name="InstanceId">E6C2E46E-AC16-4021-BA6E-752124AEF787</Data>
  </EventData>
</Event>
Record 49
<?xml version="1.0" encoding="utf-8"?>
<Event xmlns="http://schemas.microsoft.com/win/2004/08/events/event">
  <System>
    <Provider Name="Microsoft-Windows-TaskScheduler" Guid="DE7B24EA-73C8-4A09-985D-5BDADCFA9017">
    </Provider>
    <EventID>200</EventID>
    <Version>1</Version>
    <Level>4</Level>
    <Task>200</Task>
    <Opcode>1</Opcode>
    <Keywords>0x8000000000000000</Keywords>
    <TimeCreated SystemTime="2025-07-02T22:41:33.715291Z">
    </TimeCreated>
    <EventRecordID>49</EventRecordID>
    <Correlation ActivityID="E6C2E46E-AC16-4021-BA6E-752124AEF787">
    </Correlation>
    <Execution ProcessID="1060" ThreadID="7712">
    </Execution>
    <Channel>Microsoft-Windows-TaskScheduler/Operational</Channel>
    <Computer>DESKTOP-P5L8521</Computer>
    <Security UserID="S-1-5-18">
    </Security>
  </System>
  <EventData Name="ActionStart">
    <Data Name="TaskName">\Microsoft\Windows\.NET Framework\.NET Framework NGEN v4.0.30319 Critical</Data>
    <Data Name="ActionName"></Data>
    <Data Name="TaskInstanceId">E6C2E46E-AC16-4021-BA6E-752124AEF787</Data>
    <Data Name="EnginePID">14072</Data>
  </EventData>
</Event>
Record 50
<?xml version="1.0" encoding="utf-8"?>
<Event xmlns="http://schemas.microsoft.com/win/2004/08/events/event">
  <System>
    <Provider Name="Microsoft-Windows-TaskScheduler" Guid="DE7B24EA-73C8-4A09-985D-5BDADCFA9017">
    </Provider>
    <EventID>119</EventID>
    <Version>0</Version>
    <Level>4</Level>
    <Task>119</Task>
    <Opcode>0</Opcode>
    <Keywords>0x8000000000000000</Keywords>
    <TimeCreated SystemTime="2025-07-02T22:41:33.716845Z">
    </TimeCreated>
    <EventRecordID>50</EventRecordID>
    <Correlation ActivityID="44A5D775-BA2C-4AB1-933F-5B299FC1FFFB">
    </Correlation>
    <Execution ProcessID="1060" ThreadID="7712">
    </Execution>
    <Channel>Microsoft-Windows-TaskScheduler/Operational</Channel>
    <Computer>DESKTOP-P5L8521</Computer>
    <Security UserID="S-1-5-18">
    </Security>
  </System>
  <EventData Name="LogonTrigger">
    <Data Name="TaskName">\Microsoft\Windows\Device Information\Device User</Data>
    <Data Name="UserName">DESKTOP-P5L8521\zeus</Data>
    <Data Name="InstanceId">44A5D775-BA2C-4AB1-933F-5B299FC1FFFB</Data>
  </EventData>
</Event>
Record 51
<?xml version="1.0" encoding="utf-8"?>
<Event xmlns="http://schemas.microsoft.com/win/2004/08/events/event">
  <System>
    <Provider Name="Microsoft-Windows-TaskScheduler" Guid="DE7B24EA-73C8-4A09-985D-5BDADCFA9017">
    </Provider>
    <EventID>129</EventID>
    <Version>0</Version>
    <Level>4</Level>
    <Task>129</Task>
    <Opcode>0</Opcode>
    <Keywords>0x8000000000000000</Keywords>
    <TimeCreated SystemTime="2025-07-02T22:41:33.719122Z">
    </TimeCreated>
    <EventRecordID>51</EventRecordID>
    <Correlation>
    </Correlation>
    <Execution ProcessID="1060" ThreadID="7712">
    </Execution>
    <Channel>Microsoft-Windows-TaskScheduler/Operational</Channel>
    <Computer>DESKTOP-P5L8521</Computer>
    <Security UserID="S-1-5-18">
    </Security>
  </System>
  <EventData Name="CreatedTaskProcess">
    <Data Name="TaskName">\Microsoft\Windows\Device Information\Device User</Data>
    <Data Name="Path">%windir%\system32\devicecensus.exe</Data>
    <Data Name="ProcessID">10916</Data>
    <Data Name="Priority">16384</Data>
  </EventData>
</Event>
Record 52
<?xml version="1.0" encoding="utf-8"?>
<Event xmlns="http://schemas.microsoft.com/win/2004/08/events/event">
  <System>
    <Provider Name="Microsoft-Windows-TaskScheduler" Guid="DE7B24EA-73C8-4A09-985D-5BDADCFA9017">
    </Provider>
    <EventID>100</EventID>
    <Version>0</Version>
    <Level>4</Level>
    <Task>100</Task>
    <Opcode>1</Opcode>
    <Keywords>0x8000000000000001</Keywords>
    <TimeCreated SystemTime="2025-07-02T22:41:33.719365Z">
    </TimeCreated>
    <EventRecordID>52</EventRecordID>
    <Correlation ActivityID="44A5D775-BA2C-4AB1-933F-5B299FC1FFFB">
    </Correlation>
    <Execution ProcessID="1060" ThreadID="7712">
    </Execution>
    <Channel>Microsoft-Windows-TaskScheduler/Operational</Channel>
    <Computer>DESKTOP-P5L8521</Computer>
    <Security UserID="S-1-5-18">
    </Security>
  </System>
  <EventData Name="TaskStartEvent">
    <Data Name="TaskName">\Microsoft\Windows\Device Information\Device User</Data>
    <Data Name="UserContext">DESKTOP-P5L8521\zeus</Data>
    <Data Name="InstanceId">44A5D775-BA2C-4AB1-933F-5B299FC1FFFB</Data>
  </EventData>
</Event>
Record 53
<?xml version="1.0" encoding="utf-8"?>
<Event xmlns="http://schemas.microsoft.com/win/2004/08/events/event">
  <System>
    <Provider Name="Microsoft-Windows-TaskScheduler" Guid="DE7B24EA-73C8-4A09-985D-5BDADCFA9017">
    </Provider>
    <EventID>200</EventID>
    <Version>1</Version>
    <Level>4</Level>
    <Task>200</Task>
    <Opcode>1</Opcode>
    <Keywords>0x8000000000000000</Keywords>
    <TimeCreated SystemTime="2025-07-02T22:41:33.719366Z">
    </TimeCreated>
    <EventRecordID>53</EventRecordID>
    <Correlation ActivityID="44A5D775-BA2C-4AB1-933F-5B299FC1FFFB">
    </Correlation>
    <Execution ProcessID="1060" ThreadID="7712">
    </Execution>
    <Channel>Microsoft-Windows-TaskScheduler/Operational</Channel>
    <Computer>DESKTOP-P5L8521</Computer>
    <Security UserID="S-1-5-18">
    </Security>
  </System>
  <EventData Name="ActionStart">
    <Data Name="TaskName">\Microsoft\Windows\Device Information\Device User</Data>
    <Data Name="ActionName">%windir%\system32\devicecensus.exe</Data>
    <Data Name="TaskInstanceId">44A5D775-BA2C-4AB1-933F-5B299FC1FFFB</Data>
    <Data Name="EnginePID">10916</Data>
  </EventData>
</Event>
Record 54
<?xml version="1.0" encoding="utf-8"?>
<Event xmlns="http://schemas.microsoft.com/win/2004/08/events/event">
  <System>
    <Provider Name="Microsoft-Windows-TaskScheduler" Guid="DE7B24EA-73C8-4A09-985D-5BDADCFA9017">
    </Provider>
    <EventID>328</EventID>
    <Version>0</Version>
    <Level>4</Level>
    <Task>328</Task>
    <Opcode>0</Opcode>
    <Keywords>0x8000000000000000</Keywords>
    <TimeCreated SystemTime="2025-07-02T22:41:33.719885Z">
    </TimeCreated>
    <EventRecordID>54</EventRecordID>
    <Correlation ActivityID="D0A458B2-8E82-409E-B867-873A4D73211B">
    </Correlation>
    <Execution ProcessID="1060" ThreadID="7712">
    </Execution>
    <Channel>Microsoft-Windows-TaskScheduler/Operational</Channel>
    <Computer>DESKTOP-P5L8521</Computer>
    <Security UserID="S-1-5-18">
    </Security>
  </System>
  <EventData Name="StoppingOnIdleEnd">
    <Data Name="TaskName">\Microsoft\Windows\LanguageComponentsInstaller\Installation</Data>
    <Data Name="TaskInstanceId">D0A458B2-8E82-409E-B867-873A4D73211B</Data>
  </EventData>
</Event>
Record 55
<?xml version="1.0" encoding="utf-8"?>
<Event xmlns="http://schemas.microsoft.com/win/2004/08/events/event">
  <System>
    <Provider Name="Microsoft-Windows-TaskScheduler" Guid="DE7B24EA-73C8-4A09-985D-5BDADCFA9017">
    </Provider>
    <EventID>129</EventID>
    <Version>0</Version>
    <Level>4</Level>
    <Task>129</Task>
    <Opcode>0</Opcode>
    <Keywords>0x8000000000000000</Keywords>
    <TimeCreated SystemTime="2025-07-02T22:41:33.721894Z">
    </TimeCreated>
    <EventRecordID>55</EventRecordID>
    <Correlation>
    </Correlation>
    <Execution ProcessID="1060" ThreadID="7712">
    </Execution>
    <Channel>Microsoft-Windows-TaskScheduler/Operational</Channel>
    <Computer>DESKTOP-P5L8521</Computer>
    <Security UserID="S-1-5-18">
    </Security>
  </System>
  <EventData Name="CreatedTaskProcess">
    <Data Name="TaskName">NT TASK\Microsoft\Windows\Management\Provisioning\Logon</Data>
    <Data Name="Path">taskhostw.exe</Data>
    <Data Name="ProcessID">12816</Data>
    <Data Name="Priority">16384</Data>
  </EventData>
</Event>
Record 56
<?xml version="1.0" encoding="utf-8"?>
<Event xmlns="http://schemas.microsoft.com/win/2004/08/events/event">
  <System>
    <Provider Name="Microsoft-Windows-TaskScheduler" Guid="DE7B24EA-73C8-4A09-985D-5BDADCFA9017">
    </Provider>
    <EventID>201</EventID>
    <Version>2</Version>
    <Level>4</Level>
    <Task>201</Task>
    <Opcode>2</Opcode>
    <Keywords>0x8000000000000000</Keywords>
    <TimeCreated SystemTime="2025-07-02T22:41:33.721907Z">
    </TimeCreated>
    <EventRecordID>56</EventRecordID>
    <Correlation ActivityID="3C4022FF-ABDD-48C7-91A5-06670CE4A554">
    </Correlation>
    <Execution ProcessID="1060" ThreadID="7712">
    </Execution>
    <Channel>Microsoft-Windows-TaskScheduler/Operational</Channel>
    <Computer>DESKTOP-P5L8521</Computer>
    <Security UserID="S-1-5-18">
    </Security>
  </System>
  <EventData Name="ActionSuccess">
    <Data Name="TaskName">\Microsoft\Windows\Management\Provisioning\Logon</Data>
    <Data Name="TaskInstanceId">3C4022FF-ABDD-48C7-91A5-06670CE4A554</Data>
    <Data Name="ActionName">%windir%\system32\ProvTool.exe</Data>
    <Data Name="ResultCode">2147943691</Data>
    <Data Name="EnginePID">15020</Data>
  </EventData>
</Event>
Record 57
<?xml version="1.0" encoding="utf-8"?>
<Event xmlns="http://schemas.microsoft.com/win/2004/08/events/event">
  <System>
    <Provider Name="Microsoft-Windows-TaskScheduler" Guid="DE7B24EA-73C8-4A09-985D-5BDADCFA9017">
    </Provider>
    <EventID>102</EventID>
    <Version>0</Version>
    <Level>4</Level>
    <Task>102</Task>
    <Opcode>2</Opcode>
    <Keywords>0x8000000000000001</Keywords>
    <TimeCreated SystemTime="2025-07-02T22:41:33.721962Z">
    </TimeCreated>
    <EventRecordID>57</EventRecordID>
    <Correlation ActivityID="3C4022FF-ABDD-48C7-91A5-06670CE4A554">
    </Correlation>
    <Execution ProcessID="1060" ThreadID="7712">
    </Execution>
    <Channel>Microsoft-Windows-TaskScheduler/Operational</Channel>
    <Computer>DESKTOP-P5L8521</Computer>
    <Security UserID="S-1-5-18">
    </Security>
  </System>
  <EventData Name="TaskSuccessEvent">
    <Data Name="TaskName">\Microsoft\Windows\Management\Provisioning\Logon</Data>
    <Data Name="UserContext">NT AUTHORITY\SYSTEM</Data>
    <Data Name="InstanceId">3C4022FF-ABDD-48C7-91A5-06670CE4A554</Data>
  </EventData>
</Event>
Record 58
<?xml version="1.0" encoding="utf-8"?>
<Event xmlns="http://schemas.microsoft.com/win/2004/08/events/event">
  <System>
    <Provider Name="Microsoft-Windows-TaskScheduler" Guid="DE7B24EA-73C8-4A09-985D-5BDADCFA9017">
    </Provider>
    <EventID>328</EventID>
    <Version>0</Version>
    <Level>4</Level>
    <Task>328</Task>
    <Opcode>0</Opcode>
    <Keywords>0x8000000000000000</Keywords>
    <TimeCreated SystemTime="2025-07-02T22:41:33.721966Z">
    </TimeCreated>
    <EventRecordID>58</EventRecordID>
    <Correlation ActivityID="3C4022FF-ABDD-48C7-91A5-06670CE4A554">
    </Correlation>
    <Execution ProcessID="1060" ThreadID="7712">
    </Execution>
    <Channel>Microsoft-Windows-TaskScheduler/Operational</Channel>
    <Computer>DESKTOP-P5L8521</Computer>
    <Security UserID="S-1-5-18">
    </Security>
  </System>
  <EventData Name="StoppingOnIdleEnd">
    <Data Name="TaskName">\Microsoft\Windows\Management\Provisioning\Logon</Data>
    <Data Name="TaskInstanceId">3C4022FF-ABDD-48C7-91A5-06670CE4A554</Data>
  </EventData>
</Event>
Record 59
<?xml version="1.0" encoding="utf-8"?>
<Event xmlns="http://schemas.microsoft.com/win/2004/08/events/event">
  <System>
    <Provider Name="Microsoft-Windows-TaskScheduler" Guid="DE7B24EA-73C8-4A09-985D-5BDADCFA9017">
    </Provider>
    <EventID>328</EventID>
    <Version>0</Version>
    <Level>4</Level>
    <Task>328</Task>
    <Opcode>0</Opcode>
    <Keywords>0x8000000000000000</Keywords>
    <TimeCreated SystemTime="2025-07-02T22:41:33.722131Z">
    </TimeCreated>
    <EventRecordID>59</EventRecordID>
    <Correlation ActivityID="BF078930-A333-470C-9910-A7365F2714EC">
    </Correlation>
    <Execution ProcessID="1060" ThreadID="7712">
    </Execution>
    <Channel>Microsoft-Windows-TaskScheduler/Operational</Channel>
    <Computer>DESKTOP-P5L8521</Computer>
    <Security UserID="S-1-5-18">
    </Security>
  </System>
  <EventData Name="StoppingOnIdleEnd">
    <Data Name="TaskName">\Microsoft\Windows\.NET Framework\.NET Framework NGEN v4.0.30319 64 Critical</Data>
    <Data Name="TaskInstanceId">BF078930-A333-470C-9910-A7365F2714EC</Data>
  </EventData>
</Event>
Record 60
<?xml version="1.0" encoding="utf-8"?>
<Event xmlns="http://schemas.microsoft.com/win/2004/08/events/event">
  <System>
    <Provider Name="Microsoft-Windows-TaskScheduler" Guid="DE7B24EA-73C8-4A09-985D-5BDADCFA9017">
    </Provider>
    <EventID>328</EventID>
    <Version>0</Version>
    <Level>4</Level>
    <Task>328</Task>
    <Opcode>0</Opcode>
    <Keywords>0x8000000000000000</Keywords>
    <TimeCreated SystemTime="2025-07-02T22:41:33.722622Z">
    </TimeCreated>
    <EventRecordID>60</EventRecordID>
    <Correlation ActivityID="E6C2E46E-AC16-4021-BA6E-752124AEF787">
    </Correlation>
    <Execution ProcessID="1060" ThreadID="7712">
    </Execution>
    <Channel>Microsoft-Windows-TaskScheduler/Operational</Channel>
    <Computer>DESKTOP-P5L8521</Computer>
    <Security UserID="S-1-5-18">
    </Security>
  </System>
  <EventData Name="StoppingOnIdleEnd">
    <Data Name="TaskName">\Microsoft\Windows\.NET Framework\.NET Framework NGEN v4.0.30319 Critical</Data>
    <Data Name="TaskInstanceId">E6C2E46E-AC16-4021-BA6E-752124AEF787</Data>
  </EventData>
</Event>
Record 61
<?xml version="1.0" encoding="utf-8"?>
<Event xmlns="http://schemas.microsoft.com/win/2004/08/events/event">
  <System>
    <Provider Name="Microsoft-Windows-TaskScheduler" Guid="DE7B24EA-73C8-4A09-985D-5BDADCFA9017">
    </Provider>
    <EventID>100</EventID>
    <Version>0</Version>
    <Level>4</Level>
    <Task>100</Task>
    <Opcode>1</Opcode>
    <Keywords>0x8000000000000001</Keywords>
    <TimeCreated SystemTime="2025-07-02T22:41:33.731458Z">
    </TimeCreated>
    <EventRecordID>61</EventRecordID>
    <Correlation ActivityID="5C9F080B-DEAE-4F9C-8874-A8035B73153A">
    </Correlation>
    <Execution ProcessID="1060" ThreadID="1932">
    </Execution>
    <Channel>Microsoft-Windows-TaskScheduler/Operational</Channel>
    <Computer>DESKTOP-P5L8521</Computer>
    <Security UserID="S-1-5-18">
    </Security>
  </System>
  <EventData Name="TaskStartEvent">
    <Data Name="TaskName">\Microsoft\Windows\WindowsColorSystem\Calibration Loader</Data>
    <Data Name="UserContext">DESKTOP-P5L8521\agent</Data>
    <Data Name="InstanceId">5C9F080B-DEAE-4F9C-8874-A8035B73153A</Data>
  </EventData>
</Event>
Record 62
<?xml version="1.0" encoding="utf-8"?>
<Event xmlns="http://schemas.microsoft.com/win/2004/08/events/event">
  <System>
    <Provider Name="Microsoft-Windows-TaskScheduler" Guid="DE7B24EA-73C8-4A09-985D-5BDADCFA9017">
    </Provider>
    <EventID>200</EventID>
    <Version>1</Version>
    <Level>4</Level>
    <Task>200</Task>
    <Opcode>1</Opcode>
    <Keywords>0x8000000000000000</Keywords>
    <TimeCreated SystemTime="2025-07-02T22:41:33.731459Z">
    </TimeCreated>
    <EventRecordID>62</EventRecordID>
    <Correlation ActivityID="5C9F080B-DEAE-4F9C-8874-A8035B73153A">
    </Correlation>
    <Execution ProcessID="1060" ThreadID="1932">
    </Execution>
    <Channel>Microsoft-Windows-TaskScheduler/Operational</Channel>
    <Computer>DESKTOP-P5L8521</Computer>
    <Security UserID="S-1-5-18">
    </Security>
  </System>
  <EventData Name="ActionStart">
    <Data Name="TaskName">\Microsoft\Windows\WindowsColorSystem\Calibration Loader</Data>
    <Data Name="ActionName">Color Calibration Loader</Data>
    <Data Name="TaskInstanceId">5C9F080B-DEAE-4F9C-8874-A8035B73153A</Data>
    <Data Name="EnginePID">3980</Data>
  </EventData>
</Event>
Record 63
<?xml version="1.0" encoding="utf-8"?>
<Event xmlns="http://schemas.microsoft.com/win/2004/08/events/event">
  <System>
    <Provider Name="Microsoft-Windows-TaskScheduler" Guid="DE7B24EA-73C8-4A09-985D-5BDADCFA9017">
    </Provider>
    <EventID>129</EventID>
    <Version>0</Version>
    <Level>4</Level>
    <Task>129</Task>
    <Opcode>0</Opcode>
    <Keywords>0x8000000000000000</Keywords>
    <TimeCreated SystemTime="2025-07-02T22:41:33.911342Z">
    </TimeCreated>
    <EventRecordID>63</EventRecordID>
    <Correlation>
    </Correlation>
    <Execution ProcessID="1060" ThreadID="14136">
    </Execution>
    <Channel>Microsoft-Windows-TaskScheduler/Operational</Channel>
    <Computer>DESKTOP-P5L8521</Computer>
    <Security UserID="S-1-5-18">
    </Security>
  </System>
  <EventData Name="CreatedTaskProcess">
    <Data Name="TaskName">\Microsoft\Windows\CertificateServicesClient\UserTask-Roam</Data>
    <Data Name="Path">taskhostw.exe</Data>
    <Data Name="ProcessID">13936</Data>
    <Data Name="Priority">32</Data>
  </EventData>
</Event>
Record 64
<?xml version="1.0" encoding="utf-8"?>
<Event xmlns="http://schemas.microsoft.com/win/2004/08/events/event">
  <System>
    <Provider Name="Microsoft-Windows-TaskScheduler" Guid="DE7B24EA-73C8-4A09-985D-5BDADCFA9017">
    </Provider>
    <EventID>100</EventID>
    <Version>0</Version>
    <Level>4</Level>
    <Task>100</Task>
    <Opcode>1</Opcode>
    <Keywords>0x8000000000000001</Keywords>
    <TimeCreated SystemTime="2025-07-02T22:41:33.911467Z">
    </TimeCreated>
    <EventRecordID>64</EventRecordID>
    <Correlation ActivityID="8609BC0B-4FBF-48FF-B470-076F3C25B60E">
    </Correlation>
    <Execution ProcessID="1060" ThreadID="14136">
    </Execution>
    <Channel>Microsoft-Windows-TaskScheduler/Operational</Channel>
    <Computer>DESKTOP-P5L8521</Computer>
    <Security UserID="S-1-5-18">
    </Security>
  </System>
  <EventData Name="TaskStartEvent">
    <Data Name="TaskName">\Microsoft\Windows\CertificateServicesClient\UserTask-Roam</Data>
    <Data Name="UserContext">DESKTOP-P5L8521\zeus</Data>
    <Data Name="InstanceId">8609BC0B-4FBF-48FF-B470-076F3C25B60E</Data>
  </EventData>
</Event>
Record 65
<?xml version="1.0" encoding="utf-8"?>
<Event xmlns="http://schemas.microsoft.com/win/2004/08/events/event">
  <System>
    <Provider Name="Microsoft-Windows-TaskScheduler" Guid="DE7B24EA-73C8-4A09-985D-5BDADCFA9017">
    </Provider>
    <EventID>200</EventID>
    <Version>1</Version>
    <Level>4</Level>
    <Task>200</Task>
    <Opcode>1</Opcode>
    <Keywords>0x8000000000000000</Keywords>
    <TimeCreated SystemTime="2025-07-02T22:41:33.911468Z">
    </TimeCreated>
    <EventRecordID>65</EventRecordID>
    <Correlation ActivityID="8609BC0B-4FBF-48FF-B470-076F3C25B60E">
    </Correlation>
    <Execution ProcessID="1060" ThreadID="14136">
    </Execution>
    <Channel>Microsoft-Windows-TaskScheduler/Operational</Channel>
    <Computer>DESKTOP-P5L8521</Computer>
    <Security UserID="S-1-5-18">
    </Security>
  </System>
  <EventData Name="ActionStart">
    <Data Name="TaskName">\Microsoft\Windows\CertificateServicesClient\UserTask-Roam</Data>
    <Data Name="ActionName">Certificate Services Client Task Handler</Data>
    <Data Name="TaskInstanceId">8609BC0B-4FBF-48FF-B470-076F3C25B60E</Data>
    <Data Name="EnginePID">13936</Data>
  </EventData>
</Event>
Record 66
<?xml version="1.0" encoding="utf-8"?>
<Event xmlns="http://schemas.microsoft.com/win/2004/08/events/event">
  <System>
    <Provider Name="Microsoft-Windows-TaskScheduler" Guid="DE7B24EA-73C8-4A09-985D-5BDADCFA9017">
    </Provider>
    <EventID>201</EventID>
    <Version>2</Version>
    <Level>4</Level>
    <Task>201</Task>
    <Opcode>2</Opcode>
    <Keywords>0x8000000000000000</Keywords>
    <TimeCreated SystemTime="2025-07-02T22:41:34.234618Z">
    </TimeCreated>
    <EventRecordID>66</EventRecordID>
    <Correlation ActivityID="5C9F080B-DEAE-4F9C-8874-A8035B73153A">
    </Correlation>
    <Execution ProcessID="1060" ThreadID="7712">
    </Execution>
    <Channel>Microsoft-Windows-TaskScheduler/Operational</Channel>
    <Computer>DESKTOP-P5L8521</Computer>
    <Security UserID="S-1-5-18">
    </Security>
  </System>
  <EventData Name="ActionSuccess">
    <Data Name="TaskName">\Microsoft\Windows\WindowsColorSystem\Calibration Loader</Data>
    <Data Name="TaskInstanceId">5C9F080B-DEAE-4F9C-8874-A8035B73153A</Data>
    <Data Name="ActionName">Color Calibration Loader</Data>
    <Data Name="ResultCode">0</Data>
    <Data Name="EnginePID">3980</Data>
  </EventData>
</Event>
Record 67
<?xml version="1.0" encoding="utf-8"?>
<Event xmlns="http://schemas.microsoft.com/win/2004/08/events/event">
  <System>
    <Provider Name="Microsoft-Windows-TaskScheduler" Guid="DE7B24EA-73C8-4A09-985D-5BDADCFA9017">
    </Provider>
    <EventID>102</EventID>
    <Version>0</Version>
    <Level>4</Level>
    <Task>102</Task>
    <Opcode>2</Opcode>
    <Keywords>0x8000000000000001</Keywords>
    <TimeCreated SystemTime="2025-07-02T22:41:34.234619Z">
    </TimeCreated>
    <EventRecordID>67</EventRecordID>
    <Correlation ActivityID="5C9F080B-DEAE-4F9C-8874-A8035B73153A">
    </Correlation>
    <Execution ProcessID="1060" ThreadID="7712">
    </Execution>
    <Channel>Microsoft-Windows-TaskScheduler/Operational</Channel>
    <Computer>DESKTOP-P5L8521</Computer>
    <Security UserID="S-1-5-18">
    </Security>
  </System>
  <EventData Name="TaskSuccessEvent">
    <Data Name="TaskName">\Microsoft\Windows\WindowsColorSystem\Calibration Loader</Data>
    <Data Name="UserContext">DESKTOP-P5L8521\agent</Data>
    <Data Name="InstanceId">5C9F080B-DEAE-4F9C-8874-A8035B73153A</Data>
  </EventData>
</Event>
Record 68
<?xml version="1.0" encoding="utf-8"?>
<Event xmlns="http://schemas.microsoft.com/win/2004/08/events/event">
  <System>
    <Provider Name="Microsoft-Windows-TaskScheduler" Guid="DE7B24EA-73C8-4A09-985D-5BDADCFA9017">
    </Provider>
    <EventID>201</EventID>
    <Version>2</Version>
    <Level>4</Level>
    <Task>201</Task>
    <Opcode>2</Opcode>
    <Keywords>0x8000000000000000</Keywords>
    <TimeCreated SystemTime="2025-07-02T22:41:34.240975Z">
    </TimeCreated>
    <EventRecordID>68</EventRecordID>
    <Correlation ActivityID="8609BC0B-4FBF-48FF-B470-076F3C25B60E">
    </Correlation>
    <Execution ProcessID="1060" ThreadID="7712">
    </Execution>
    <Channel>Microsoft-Windows-TaskScheduler/Operational</Channel>
    <Computer>DESKTOP-P5L8521</Computer>
    <Security UserID="S-1-5-18">
    </Security>
  </System>
  <EventData Name="ActionSuccess">
    <Data Name="TaskName">\Microsoft\Windows\CertificateServicesClient\UserTask-Roam</Data>
    <Data Name="TaskInstanceId">8609BC0B-4FBF-48FF-B470-076F3C25B60E</Data>
    <Data Name="ActionName">Certificate Services Client Task Handler</Data>
    <Data Name="ResultCode">0</Data>
    <Data Name="EnginePID">13936</Data>
  </EventData>
</Event>
Record 69
<?xml version="1.0" encoding="utf-8"?>
<Event xmlns="http://schemas.microsoft.com/win/2004/08/events/event">
  <System>
    <Provider Name="Microsoft-Windows-TaskScheduler" Guid="DE7B24EA-73C8-4A09-985D-5BDADCFA9017">
    </Provider>
    <EventID>102</EventID>
    <Version>0</Version>
    <Level>4</Level>
    <Task>102</Task>
    <Opcode>2</Opcode>
    <Keywords>0x8000000000000001</Keywords>
    <TimeCreated SystemTime="2025-07-02T22:41:34.240976Z">
    </TimeCreated>
    <EventRecordID>69</EventRecordID>
    <Correlation ActivityID="8609BC0B-4FBF-48FF-B470-076F3C25B60E">
    </Correlation>
    <Execution ProcessID="1060" ThreadID="7712">
    </Execution>
    <Channel>Microsoft-Windows-TaskScheduler/Operational</Channel>
    <Computer>DESKTOP-P5L8521</Computer>
    <Security UserID="S-1-5-18">
    </Security>
  </System>
  <EventData Name="TaskSuccessEvent">
    <Data Name="TaskName">\Microsoft\Windows\CertificateServicesClient\UserTask-Roam</Data>
    <Data Name="UserContext">DESKTOP-P5L8521\zeus</Data>
    <Data Name="InstanceId">8609BC0B-4FBF-48FF-B470-076F3C25B60E</Data>
  </EventData>
</Event>
Record 70
<?xml version="1.0" encoding="utf-8"?>
<Event xmlns="http://schemas.microsoft.com/win/2004/08/events/event">
  <System>
    <Provider Name="Microsoft-Windows-TaskScheduler" Guid="DE7B24EA-73C8-4A09-985D-5BDADCFA9017">
    </Provider>
    <EventID>201</EventID>
    <Version>2</Version>
    <Level>4</Level>
    <Task>201</Task>
    <Opcode>2</Opcode>
    <Keywords>0x8000000000000000</Keywords>
    <TimeCreated SystemTime="2025-07-02T22:41:34.375492Z">
    </TimeCreated>
    <EventRecordID>70</EventRecordID>
    <Correlation ActivityID="44A5D775-BA2C-4AB1-933F-5B299FC1FFFB">
    </Correlation>
    <Execution ProcessID="1060" ThreadID="7712">
    </Execution>
    <Channel>Microsoft-Windows-TaskScheduler/Operational</Channel>
    <Computer>DESKTOP-P5L8521</Computer>
    <Security UserID="S-1-5-18">
    </Security>
  </System>
  <EventData Name="ActionSuccess">
    <Data Name="TaskName">\Microsoft\Windows\Device Information\Device User</Data>
    <Data Name="TaskInstanceId">44A5D775-BA2C-4AB1-933F-5B299FC1FFFB</Data>
    <Data Name="ActionName">%windir%\system32\devicecensus.exe</Data>
    <Data Name="ResultCode">0</Data>
    <Data Name="EnginePID">10916</Data>
  </EventData>
</Event>
Record 71
<?xml version="1.0" encoding="utf-8"?>
<Event xmlns="http://schemas.microsoft.com/win/2004/08/events/event">
  <System>
    <Provider Name="Microsoft-Windows-TaskScheduler" Guid="DE7B24EA-73C8-4A09-985D-5BDADCFA9017">
    </Provider>
    <EventID>102</EventID>
    <Version>0</Version>
    <Level>4</Level>
    <Task>102</Task>
    <Opcode>2</Opcode>
    <Keywords>0x8000000000000001</Keywords>
    <TimeCreated SystemTime="2025-07-02T22:41:34.375627Z">
    </TimeCreated>
    <EventRecordID>71</EventRecordID>
    <Correlation ActivityID="44A5D775-BA2C-4AB1-933F-5B299FC1FFFB">
    </Correlation>
    <Execution ProcessID="1060" ThreadID="7712">
    </Execution>
    <Channel>Microsoft-Windows-TaskScheduler/Operational</Channel>
    <Computer>DESKTOP-P5L8521</Computer>
    <Security UserID="S-1-5-18">
    </Security>
  </System>
  <EventData Name="TaskSuccessEvent">
    <Data Name="TaskName">\Microsoft\Windows\Device Information\Device User</Data>
    <Data Name="UserContext">DESKTOP-P5L8521\zeus</Data>
    <Data Name="InstanceId">44A5D775-BA2C-4AB1-933F-5B299FC1FFFB</Data>
  </EventData>
</Event>
Record 72
<?xml version="1.0" encoding="utf-8"?>
<Event xmlns="http://schemas.microsoft.com/win/2004/08/events/event">
  <System>
    <Provider Name="Microsoft-Windows-TaskScheduler" Guid="DE7B24EA-73C8-4A09-985D-5BDADCFA9017">
    </Provider>
    <EventID>100</EventID>
    <Version>0</Version>
    <Level>4</Level>
    <Task>100</Task>
    <Opcode>1</Opcode>
    <Keywords>0x8000000000000001</Keywords>
    <TimeCreated SystemTime="2025-07-02T22:41:35.007102Z">
    </TimeCreated>
    <EventRecordID>72</EventRecordID>
    <Correlation ActivityID="919A9832-31C5-457D-987D-AFD41BA1A798">
    </Correlation>
    <Execution ProcessID="1060" ThreadID="14136">
    </Execution>
    <Channel>Microsoft-Windows-TaskScheduler/Operational</Channel>
    <Computer>DESKTOP-P5L8521</Computer>
    <Security UserID="S-1-5-18">
    </Security>
  </System>
  <EventData Name="TaskStartEvent">
    <Data Name="TaskName">\Microsoft\Windows\CertificateServicesClient\UserTask-Roam</Data>
    <Data Name="UserContext">DESKTOP-P5L8521\agent</Data>
    <Data Name="InstanceId">919A9832-31C5-457D-987D-AFD41BA1A798</Data>
  </EventData>
</Event>
Record 73
<?xml version="1.0" encoding="utf-8"?>
<Event xmlns="http://schemas.microsoft.com/win/2004/08/events/event">
  <System>
    <Provider Name="Microsoft-Windows-TaskScheduler" Guid="DE7B24EA-73C8-4A09-985D-5BDADCFA9017">
    </Provider>
    <EventID>200</EventID>
    <Version>1</Version>
    <Level>4</Level>
    <Task>200</Task>
    <Opcode>1</Opcode>
    <Keywords>0x8000000000000000</Keywords>
    <TimeCreated SystemTime="2025-07-02T22:41:35.007104Z">
    </TimeCreated>
    <EventRecordID>73</EventRecordID>
    <Correlation ActivityID="919A9832-31C5-457D-987D-AFD41BA1A798">
    </Correlation>
    <Execution ProcessID="1060" ThreadID="14136">
    </Execution>
    <Channel>Microsoft-Windows-TaskScheduler/Operational</Channel>
    <Computer>DESKTOP-P5L8521</Computer>
    <Security UserID="S-1-5-18">
    </Security>
  </System>
  <EventData Name="ActionStart">
    <Data Name="TaskName">\Microsoft\Windows\CertificateServicesClient\UserTask-Roam</Data>
    <Data Name="ActionName">Certificate Services Client Task Handler</Data>
    <Data Name="TaskInstanceId">919A9832-31C5-457D-987D-AFD41BA1A798</Data>
    <Data Name="EnginePID">3980</Data>
  </EventData>
</Event>
Record 74
<?xml version="1.0" encoding="utf-8"?>
<Event xmlns="http://schemas.microsoft.com/win/2004/08/events/event">
  <System>
    <Provider Name="Microsoft-Windows-TaskScheduler" Guid="DE7B24EA-73C8-4A09-985D-5BDADCFA9017">
    </Provider>
    <EventID>201</EventID>
    <Version>2</Version>
    <Level>4</Level>
    <Task>201</Task>
    <Opcode>2</Opcode>
    <Keywords>0x8000000000000000</Keywords>
    <TimeCreated SystemTime="2025-07-02T22:41:35.245729Z">
    </TimeCreated>
    <EventRecordID>74</EventRecordID>
    <Correlation ActivityID="919A9832-31C5-457D-987D-AFD41BA1A798">
    </Correlation>
    <Execution ProcessID="1060" ThreadID="1932">
    </Execution>
    <Channel>Microsoft-Windows-TaskScheduler/Operational</Channel>
    <Computer>DESKTOP-P5L8521</Computer>
    <Security UserID="S-1-5-18">
    </Security>
  </System>
  <EventData Name="ActionSuccess">
    <Data Name="TaskName">\Microsoft\Windows\CertificateServicesClient\UserTask-Roam</Data>
    <Data Name="TaskInstanceId">919A9832-31C5-457D-987D-AFD41BA1A798</Data>
    <Data Name="ActionName">Certificate Services Client Task Handler</Data>
    <Data Name="ResultCode">0</Data>
    <Data Name="EnginePID">3980</Data>
  </EventData>
</Event>
Record 75
<?xml version="1.0" encoding="utf-8"?>
<Event xmlns="http://schemas.microsoft.com/win/2004/08/events/event">
  <System>
    <Provider Name="Microsoft-Windows-TaskScheduler" Guid="DE7B24EA-73C8-4A09-985D-5BDADCFA9017">
    </Provider>
    <EventID>102</EventID>
    <Version>0</Version>
    <Level>4</Level>
    <Task>102</Task>
    <Opcode>2</Opcode>
    <Keywords>0x8000000000000001</Keywords>
    <TimeCreated SystemTime="2025-07-02T22:41:35.245730Z">
    </TimeCreated>
    <EventRecordID>75</EventRecordID>
    <Correlation ActivityID="919A9832-31C5-457D-987D-AFD41BA1A798">
    </Correlation>
    <Execution ProcessID="1060" ThreadID="1932">
    </Execution>
    <Channel>Microsoft-Windows-TaskScheduler/Operational</Channel>
    <Computer>DESKTOP-P5L8521</Computer>
    <Security UserID="S-1-5-18">
    </Security>
  </System>
  <EventData Name="TaskSuccessEvent">
    <Data Name="TaskName">\Microsoft\Windows\CertificateServicesClient\UserTask-Roam</Data>
    <Data Name="UserContext">DESKTOP-P5L8521\agent</Data>
    <Data Name="InstanceId">919A9832-31C5-457D-987D-AFD41BA1A798</Data>
  </EventData>
</Event>
Record 76
<?xml version="1.0" encoding="utf-8"?>
<Event xmlns="http://schemas.microsoft.com/win/2004/08/events/event">
  <System>
    <Provider Name="Microsoft-Windows-TaskScheduler" Guid="DE7B24EA-73C8-4A09-985D-5BDADCFA9017">
    </Provider>
    <EventID>140</EventID>
    <Version>0</Version>
    <Level>4</Level>
    <Task>140</Task>
    <Opcode>0</Opcode>
    <Keywords>0x8000000000000000</Keywords>
    <TimeCreated SystemTime="2025-07-02T22:42:36.894046Z">
    </TimeCreated>
    <EventRecordID>76</EventRecordID>
    <Correlation>
    </Correlation>
    <Execution ProcessID="1060" ThreadID="1932">
    </Execution>
    <Channel>Microsoft-Windows-TaskScheduler/Operational</Channel>
    <Computer>DESKTOP-P5L8521</Computer>
    <Security UserID="S-1-5-18">
    </Security>
  </System>
  <EventData Name="TaskUpdated">
    <Data Name="TaskName">\Microsoft\Windows\WindowsUpdate\Scheduled Start</Data>
    <Data Name="UserName">NT AUTHORITY\SYSTEM</Data>
  </EventData>
</Event>
Record 77
<?xml version="1.0" encoding="utf-8"?>
<Event xmlns="http://schemas.microsoft.com/win/2004/08/events/event">
  <System>
    <Provider Name="Microsoft-Windows-TaskScheduler" Guid="DE7B24EA-73C8-4A09-985D-5BDADCFA9017">
    </Provider>
    <EventID>140</EventID>
    <Version>0</Version>
    <Level>4</Level>
    <Task>140</Task>
    <Opcode>0</Opcode>
    <Keywords>0x8000000000000000</Keywords>
    <TimeCreated SystemTime="2025-07-02T22:43:00.244499Z">
    </TimeCreated>
    <EventRecordID>77</EventRecordID>
    <Correlation>
    </Correlation>
    <Execution ProcessID="1060" ThreadID="1932">
    </Execution>
    <Channel>Microsoft-Windows-TaskScheduler/Operational</Channel>
    <Computer>DESKTOP-P5L8521</Computer>
    <Security UserID="S-1-5-18">
    </Security>
  </System>
  <EventData Name="TaskUpdated">
    <Data Name="TaskName">\Microsoft\Windows\UpdateOrchestrator\Schedule Work</Data>
    <Data Name="UserName">S-1-5-18</Data>
  </EventData>
</Event>
Record 78
<?xml version="1.0" encoding="utf-8"?>
<Event xmlns="http://schemas.microsoft.com/win/2004/08/events/event">
  <System>
    <Provider Name="Microsoft-Windows-TaskScheduler" Guid="DE7B24EA-73C8-4A09-985D-5BDADCFA9017">
    </Provider>
    <EventID>140</EventID>
    <Version>0</Version>
    <Level>4</Level>
    <Task>140</Task>
    <Opcode>0</Opcode>
    <Keywords>0x8000000000000000</Keywords>
    <TimeCreated SystemTime="2025-07-02T22:43:00.269354Z">
    </TimeCreated>
    <EventRecordID>78</EventRecordID>
    <Correlation>
    </Correlation>
    <Execution ProcessID="1060" ThreadID="1932">
    </Execution>
    <Channel>Microsoft-Windows-TaskScheduler/Operational</Channel>
    <Computer>DESKTOP-P5L8521</Computer>
    <Security UserID="S-1-5-18">
    </Security>
  </System>
  <EventData Name="TaskUpdated">
    <Data Name="TaskName">\Microsoft\Windows\UpdateOrchestrator\Schedule Work</Data>
    <Data Name="UserName">WORKGROUP\DESKTOP-P5L8521$</Data>
  </EventData>
</Event>
Record 79
<?xml version="1.0" encoding="utf-8"?>
<Event xmlns="http://schemas.microsoft.com/win/2004/08/events/event">
  <System>
    <Provider Name="Microsoft-Windows-TaskScheduler" Guid="DE7B24EA-73C8-4A09-985D-5BDADCFA9017">
    </Provider>
    <EventID>140</EventID>
    <Version>0</Version>
    <Level>4</Level>
    <Task>140</Task>
    <Opcode>0</Opcode>
    <Keywords>0x8000000000000000</Keywords>
    <TimeCreated SystemTime="2025-07-02T22:43:00.274191Z">
    </TimeCreated>
    <EventRecordID>79</EventRecordID>
    <Correlation>
    </Correlation>
    <Execution ProcessID="1060" ThreadID="1932">
    </Execution>
    <Channel>Microsoft-Windows-TaskScheduler/Operational</Channel>
    <Computer>DESKTOP-P5L8521</Computer>
    <Security UserID="S-1-5-18">
    </Security>
  </System>
  <EventData Name="TaskUpdated">
    <Data Name="TaskName">\Microsoft\Windows\UpdateOrchestrator\Schedule Wake To Work</Data>
    <Data Name="UserName">S-1-5-18</Data>
  </EventData>
</Event>
Record 80
<?xml version="1.0" encoding="utf-8"?>
<Event xmlns="http://schemas.microsoft.com/win/2004/08/events/event">
  <System>
    <Provider Name="Microsoft-Windows-TaskScheduler" Guid="DE7B24EA-73C8-4A09-985D-5BDADCFA9017">
    </Provider>
    <EventID>140</EventID>
    <Version>0</Version>
    <Level>4</Level>
    <Task>140</Task>
    <Opcode>0</Opcode>
    <Keywords>0x8000000000000000</Keywords>
    <TimeCreated SystemTime="2025-07-02T22:43:00.277388Z">
    </TimeCreated>
    <EventRecordID>80</EventRecordID>
    <Correlation>
    </Correlation>
    <Execution ProcessID="1060" ThreadID="1932">
    </Execution>
    <Channel>Microsoft-Windows-TaskScheduler/Operational</Channel>
    <Computer>DESKTOP-P5L8521</Computer>
    <Security UserID="S-1-5-18">
    </Security>
  </System>
  <EventData Name="TaskUpdated">
    <Data Name="TaskName">\Microsoft\Windows\UpdateOrchestrator\Schedule Wake To Work</Data>
    <Data Name="UserName">WORKGROUP\DESKTOP-P5L8521$</Data>
  </EventData>
</Event>
Record 81
<?xml version="1.0" encoding="utf-8"?>
<Event xmlns="http://schemas.microsoft.com/win/2004/08/events/event">
  <System>
    <Provider Name="Microsoft-Windows-TaskScheduler" Guid="DE7B24EA-73C8-4A09-985D-5BDADCFA9017">
    </Provider>
    <EventID>140</EventID>
    <Version>0</Version>
    <Level>4</Level>
    <Task>140</Task>
    <Opcode>0</Opcode>
    <Keywords>0x8000000000000000</Keywords>
    <TimeCreated SystemTime="2025-07-02T22:43:00.281882Z">
    </TimeCreated>
    <EventRecordID>81</EventRecordID>
    <Correlation>
    </Correlation>
    <Execution ProcessID="1060" ThreadID="1932">
    </Execution>
    <Channel>Microsoft-Windows-TaskScheduler/Operational</Channel>
    <Computer>DESKTOP-P5L8521</Computer>
    <Security UserID="S-1-5-18">
    </Security>
  </System>
  <EventData Name="TaskUpdated">
    <Data Name="TaskName">\Microsoft\Windows\UpdateOrchestrator\Schedule Maintenance Work</Data>
    <Data Name="UserName">S-1-5-18</Data>
  </EventData>
</Event>
Record 82
<?xml version="1.0" encoding="utf-8"?>
<Event xmlns="http://schemas.microsoft.com/win/2004/08/events/event">
  <System>
    <Provider Name="Microsoft-Windows-TaskScheduler" Guid="DE7B24EA-73C8-4A09-985D-5BDADCFA9017">
    </Provider>
    <EventID>140</EventID>
    <Version>0</Version>
    <Level>4</Level>
    <Task>140</Task>
    <Opcode>0</Opcode>
    <Keywords>0x8000000000000000</Keywords>
    <TimeCreated SystemTime="2025-07-02T22:43:00.285396Z">
    </TimeCreated>
    <EventRecordID>82</EventRecordID>
    <Correlation>
    </Correlation>
    <Execution ProcessID="1060" ThreadID="1932">
    </Execution>
    <Channel>Microsoft-Windows-TaskScheduler/Operational</Channel>
    <Computer>DESKTOP-P5L8521</Computer>
    <Security UserID="S-1-5-18">
    </Security>
  </System>
  <EventData Name="TaskUpdated">
    <Data Name="TaskName">\Microsoft\Windows\UpdateOrchestrator\Schedule Maintenance Work</Data>
    <Data Name="UserName">WORKGROUP\DESKTOP-P5L8521$</Data>
  </EventData>
</Event>
Record 83
<?xml version="1.0" encoding="utf-8"?>
<Event xmlns="http://schemas.microsoft.com/win/2004/08/events/event">
  <System>
    <Provider Name="Microsoft-Windows-TaskScheduler" Guid="DE7B24EA-73C8-4A09-985D-5BDADCFA9017">
    </Provider>
    <EventID>140</EventID>
    <Version>0</Version>
    <Level>4</Level>
    <Task>140</Task>
    <Opcode>0</Opcode>
    <Keywords>0x8000000000000000</Keywords>
    <TimeCreated SystemTime="2025-07-02T22:43:30.223314Z">
    </TimeCreated>
    <EventRecordID>83</EventRecordID>
    <Correlation>
    </Correlation>
    <Execution ProcessID="1060" ThreadID="11352">
    </Execution>
    <Channel>Microsoft-Windows-TaskScheduler/Operational</Channel>
    <Computer>DESKTOP-P5L8521</Computer>
    <Security UserID="S-1-5-18">
    </Security>
  </System>
  <EventData Name="TaskUpdated">
    <Data Name="TaskName">\Microsoft\Windows\SoftwareProtectionPlatform\SvcRestartTask</Data>
    <Data Name="UserName">WORKGROUP\DESKTOP-P5L8521$</Data>
  </EventData>
</Event>
Record 84
<?xml version="1.0" encoding="utf-8"?>
<Event xmlns="http://schemas.microsoft.com/win/2004/08/events/event">
  <System>
    <Provider Name="Microsoft-Windows-TaskScheduler" Guid="DE7B24EA-73C8-4A09-985D-5BDADCFA9017">
    </Provider>
    <EventID>129</EventID>
    <Version>0</Version>
    <Level>4</Level>
    <Task>129</Task>
    <Opcode>0</Opcode>
    <Keywords>0x8000000000000000</Keywords>
    <TimeCreated SystemTime="2025-07-02T22:44:00.999855Z">
    </TimeCreated>
    <EventRecordID>84</EventRecordID>
    <Correlation>
    </Correlation>
    <Execution ProcessID="1060" ThreadID="11352">
    </Execution>
    <Channel>Microsoft-Windows-TaskScheduler/Operational</Channel>
    <Computer>DESKTOP-P5L8521</Computer>
    <Security UserID="S-1-5-18">
    </Security>
  </System>
  <EventData Name="CreatedTaskProcess">
    <Data Name="TaskName">\Microsoft\Windows\CertificateServicesClient\KeyPreGenTask</Data>
    <Data Name="Path">taskhostw.exe</Data>
    <Data Name="ProcessID">13032</Data>
    <Data Name="Priority">16384</Data>
  </EventData>
</Event>
Record 85
<?xml version="1.0" encoding="utf-8"?>
<Event xmlns="http://schemas.microsoft.com/win/2004/08/events/event">
  <System>
    <Provider Name="Microsoft-Windows-TaskScheduler" Guid="DE7B24EA-73C8-4A09-985D-5BDADCFA9017">
    </Provider>
    <EventID>100</EventID>
    <Version>0</Version>
    <Level>4</Level>
    <Task>100</Task>
    <Opcode>1</Opcode>
    <Keywords>0x8000000000000001</Keywords>
    <TimeCreated SystemTime="2025-07-02T22:44:01.000061Z">
    </TimeCreated>
    <EventRecordID>85</EventRecordID>
    <Correlation ActivityID="8D3496C0-9423-4A40-8A80-174549B0AD6E">
    </Correlation>
    <Execution ProcessID="1060" ThreadID="11352">
    </Execution>
    <Channel>Microsoft-Windows-TaskScheduler/Operational</Channel>
    <Computer>DESKTOP-P5L8521</Computer>
    <Security UserID="S-1-5-18">
    </Security>
  </System>
  <EventData Name="TaskStartEvent">
    <Data Name="TaskName">\Microsoft\Windows\CertificateServicesClient\KeyPreGenTask</Data>
    <Data Name="UserContext">NT AUTHORITY\SYSTEM</Data>
    <Data Name="InstanceId">8D3496C0-9423-4A40-8A80-174549B0AD6E</Data>
  </EventData>
</Event>
Record 86
<?xml version="1.0" encoding="utf-8"?>
<Event xmlns="http://schemas.microsoft.com/win/2004/08/events/event">
  <System>
    <Provider Name="Microsoft-Windows-TaskScheduler" Guid="DE7B24EA-73C8-4A09-985D-5BDADCFA9017">
    </Provider>
    <EventID>200</EventID>
    <Version>1</Version>
    <Level>4</Level>
    <Task>200</Task>
    <Opcode>1</Opcode>
    <Keywords>0x8000000000000000</Keywords>
    <TimeCreated SystemTime="2025-07-02T22:44:01.000063Z">
    </TimeCreated>
    <EventRecordID>86</EventRecordID>
    <Correlation ActivityID="8D3496C0-9423-4A40-8A80-174549B0AD6E">
    </Correlation>
    <Execution ProcessID="1060" ThreadID="11352">
    </Execution>
    <Channel>Microsoft-Windows-TaskScheduler/Operational</Channel>
    <Computer>DESKTOP-P5L8521</Computer>
    <Security UserID="S-1-5-18">
    </Security>
  </System>
  <EventData Name="ActionStart">
    <Data Name="TaskName">\Microsoft\Windows\CertificateServicesClient\KeyPreGenTask</Data>
    <Data Name="ActionName">NGC Pregeneration Task Handler</Data>
    <Data Name="TaskInstanceId">8D3496C0-9423-4A40-8A80-174549B0AD6E</Data>
    <Data Name="EnginePID">13032</Data>
  </EventData>
</Event>
Record 87
<?xml version="1.0" encoding="utf-8"?>
<Event xmlns="http://schemas.microsoft.com/win/2004/08/events/event">
  <System>
    <Provider Name="Microsoft-Windows-TaskScheduler" Guid="DE7B24EA-73C8-4A09-985D-5BDADCFA9017">
    </Provider>
    <EventID>202</EventID>
    <Version>1</Version>
    <Level>2</Level>
    <Task>202</Task>
    <Opcode>102</Opcode>
    <Keywords>0x8000000000000000</Keywords>
    <TimeCreated SystemTime="2025-07-02T22:44:01.016596Z">
    </TimeCreated>
    <EventRecordID>87</EventRecordID>
    <Correlation ActivityID="8D3496C0-9423-4A40-8A80-174549B0AD6E">
    </Correlation>
    <Execution ProcessID="1060" ThreadID="11352">
    </Execution>
    <Channel>Microsoft-Windows-TaskScheduler/Operational</Channel>
    <Computer>DESKTOP-P5L8521</Computer>
    <Security UserID="S-1-5-18">
    </Security>
  </System>
  <EventData Name="ActionFailure">
    <Data Name="TaskName">\Microsoft\Windows\CertificateServicesClient\KeyPreGenTask</Data>
    <Data Name="TaskInstanceId">8D3496C0-9423-4A40-8A80-174549B0AD6E</Data>
    <Data Name="ActionName">NGC Pregeneration Task Handler</Data>
    <Data Name="ResultCode">2148073520</Data>
    <Data Name="EnginePID">13032</Data>
  </EventData>
</Event>
Record 88
<?xml version="1.0" encoding="utf-8"?>
<Event xmlns="http://schemas.microsoft.com/win/2004/08/events/event">
  <System>
    <Provider Name="Microsoft-Windows-TaskScheduler" Guid="DE7B24EA-73C8-4A09-985D-5BDADCFA9017">
    </Provider>
    <EventID>103</EventID>
    <Version>0</Version>
    <Level>2</Level>
    <Task>103</Task>
    <Opcode>102</Opcode>
    <Keywords>0x8000000000000001</Keywords>
    <TimeCreated SystemTime="2025-07-02T22:44:01.016597Z">
    </TimeCreated>
    <EventRecordID>88</EventRecordID>
    <Correlation ActivityID="8D3496C0-9423-4A40-8A80-174549B0AD6E">
    </Correlation>
    <Execution ProcessID="1060" ThreadID="11352">
    </Execution>
    <Channel>Microsoft-Windows-TaskScheduler/Operational</Channel>
    <Computer>DESKTOP-P5L8521</Computer>
    <Security UserID="S-1-5-18">
    </Security>
  </System>
  <EventData Name="TaskFailureEvent">
    <Data Name="TaskName">\Microsoft\Windows\CertificateServicesClient\KeyPreGenTask</Data>
    <Data Name="InstanceId">8D3496C0-9423-4A40-8A80-174549B0AD6E</Data>
    <Data Name="UserContext">NT AUTHORITY\SYSTEM</Data>
    <Data Name="ResultCode">2148073520</Data>
  </EventData>
</Event>
Record 89
<?xml version="1.0" encoding="utf-8"?>
<Event xmlns="http://schemas.microsoft.com/win/2004/08/events/event">
  <System>
    <Provider Name="Microsoft-Windows-TaskScheduler" Guid="DE7B24EA-73C8-4A09-985D-5BDADCFA9017">
    </Provider>
    <EventID>119</EventID>
    <Version>0</Version>
    <Level>4</Level>
    <Task>119</Task>
    <Opcode>0</Opcode>
    <Keywords>0x8000000000000000</Keywords>
    <TimeCreated SystemTime="2025-07-02T22:48:29.268932Z">
    </TimeCreated>
    <EventRecordID>89</EventRecordID>
    <Correlation ActivityID="91CEDA6F-2C03-4EE0-943A-516870BF1CAD">
    </Correlation>
    <Execution ProcessID="1060" ThreadID="10288">
    </Execution>
    <Channel>Microsoft-Windows-TaskScheduler/Operational</Channel>
    <Computer>DESKTOP-P5L8521</Computer>
    <Security UserID="S-1-5-18">
    </Security>
  </System>
  <EventData Name="LogonTrigger">
    <Data Name="TaskName">\Microsoft\Windows\LanguageComponentsInstaller\Installation</Data>
    <Data Name="UserName">DESKTOP-P5L8521\thom</Data>
    <Data Name="InstanceId">91CEDA6F-2C03-4EE0-943A-516870BF1CAD</Data>
  </EventData>
</Event>
Record 90
<?xml version="1.0" encoding="utf-8"?>
<Event xmlns="http://schemas.microsoft.com/win/2004/08/events/event">
  <System>
    <Provider Name="Microsoft-Windows-TaskScheduler" Guid="DE7B24EA-73C8-4A09-985D-5BDADCFA9017">
    </Provider>
    <EventID>129</EventID>
    <Version>0</Version>
    <Level>4</Level>
    <Task>129</Task>
    <Opcode>0</Opcode>
    <Keywords>0x8000000000000000</Keywords>
    <TimeCreated SystemTime="2025-07-02T22:48:29.271604Z">
    </TimeCreated>
    <EventRecordID>90</EventRecordID>
    <Correlation>
    </Correlation>
    <Execution ProcessID="1060" ThreadID="10288">
    </Execution>
    <Channel>Microsoft-Windows-TaskScheduler/Operational</Channel>
    <Computer>DESKTOP-P5L8521</Computer>
    <Security UserID="S-1-5-18">
    </Security>
  </System>
  <EventData Name="CreatedTaskProcess">
    <Data Name="TaskName">\Microsoft\Windows\LanguageComponentsInstaller\Installation</Data>
    <Data Name="Path">taskhostw.exe</Data>
    <Data Name="ProcessID">10880</Data>
    <Data Name="Priority">32</Data>
  </EventData>
</Event>
