Record 91
<?xml version="1.0" encoding="utf-8"?>
<Event xmlns="http://schemas.microsoft.com/win/2004/08/events/event">
  <System>
    <Provider Name="Microsoft-Windows-TaskScheduler" Guid="DE7B24EA-73C8-4A09-985D-5BDADCFA9017">
    </Provider>
    <EventID>100</EventID>
    <Version>0</Version>
    <Level>4</Level>
    <Task>100</Task>
    <Opcode>1</Opcode>
    <Keywords>0x8000000000000001</Keywords>
    <TimeCreated SystemTime="2025-07-02T22:48:29.271824Z">
    </TimeCreated>
    <EventRecordID>91</EventRecordID>
    <Correlation ActivityID="91CEDA6F-2C03-4EE0-943A-516870BF1CAD">
    </Correlation>
    <Execution ProcessID="1060" ThreadID="10288">
    </Execution>
    <Channel>Microsoft-Windows-TaskScheduler/Operational</Channel>
    <Computer>DESKTOP-P5L8521</Computer>
    <Security UserID="S-1-5-18">
    </Security>
  </System>
  <EventData Name="TaskStartEvent">
    <Data Name="TaskName">\Microsoft\Windows\LanguageComponentsInstaller\Installation</Data>
    <Data Name="UserContext">DESKTOP-P5L8521\thom</Data>
    <Data Name="InstanceId">91CEDA6F-2C03-4EE0-943A-516870BF1CAD</Data>
  </EventData>
</Event>
Record 92
<?xml version="1.0" encoding="utf-8"?>
<Event xmlns="http://schemas.microsoft.com/win/2004/08/events/event">
  <System>
    <Provider Name="Microsoft-Windows-TaskScheduler" Guid="DE7B24EA-73C8-4A09-985D-5BDADCFA9017">
    </Provider>
    <EventID>200</EventID>
    <Version>1</Version>
    <Level>4</Level>
    <Task>200</Task>
    <Opcode>1</Opcode>
    <Keywords>0x8000000000000000</Keywords>
    <TimeCreated SystemTime="2025-07-02T22:48:29.271825Z">
    </TimeCreated>
    <EventRecordID>92</EventRecordID>
    <Correlation ActivityID="91CEDA6F-2C03-4EE0-943A-516870BF1CAD">
    </Correlation>
    <Execution ProcessID="1060" ThreadID="10288">
    </Execution>
    <Channel>Microsoft-Windows-TaskScheduler/Operational</Channel>
    <Computer>DESKTOP-P5L8521</Computer>
    <Security UserID="S-1-5-18">
    </Security>
  </System>
  <EventData Name="ActionStart">
    <Data Name="TaskName">\Microsoft\Windows\LanguageComponentsInstaller\Installation</Data>
    <Data Name="ActionName">Language Components Installer</Data>
    <Data Name="TaskInstanceId">91CEDA6F-2C03-4EE0-943A-516870BF1CAD</Data>
    <Data Name="EnginePID">10880</Data>
  </EventData>
</Event>
Record 93
<?xml version="1.0" encoding="utf-8"?>
<Event xmlns="http://schemas.microsoft.com/win/2004/08/events/event">
  <System>
    <Provider Name="Microsoft-Windows-TaskScheduler" Guid="DE7B24EA-73C8-4A09-985D-5BDADCFA9017">
    </Provider>
    <EventID>119</EventID>
    <Version>0</Version>
    <Level>4</Level>
    <Task>119</Task>
    <Opcode>0</Opcode>
    <Keywords>0x8000000000000000</Keywords>
    <TimeCreated SystemTime="2025-07-02T22:48:29.272284Z">
    </TimeCreated>
    <EventRecordID>93</EventRecordID>
    <Correlation ActivityID="CCDE6F95-CB5F-46C5-9014-FCE183628050">
    </Correlation>
    <Execution ProcessID="1060" ThreadID="10288">
    </Execution>
    <Channel>Microsoft-Windows-TaskScheduler/Operational</Channel>
    <Computer>DESKTOP-P5L8521</Computer>
    <Security UserID="S-1-5-18">
    </Security>
  </System>
  <EventData Name="LogonTrigger">
    <Data Name="TaskName">\Microsoft\Windows\DeviceDirectoryClient\RegisterUserDevice</Data>
    <Data Name="UserName">DESKTOP-P5L8521\thom</Data>
    <Data Name="InstanceId">CCDE6F95-CB5F-46C5-9014-FCE183628050</Data>
  </EventData>
</Event>
Record 94
<?xml version="1.0" encoding="utf-8"?>
<Event xmlns="http://schemas.microsoft.com/win/2004/08/events/event">
  <System>
    <Provider Name="Microsoft-Windows-TaskScheduler" Guid="DE7B24EA-73C8-4A09-985D-5BDADCFA9017">
    </Provider>
    <EventID>100</EventID>
    <Version>0</Version>
    <Level>4</Level>
    <Task>100</Task>
    <Opcode>1</Opcode>
    <Keywords>0x8000000000000001</Keywords>
    <TimeCreated SystemTime="2025-07-02T22:48:29.272666Z">
    </TimeCreated>
    <EventRecordID>94</EventRecordID>
    <Correlation ActivityID="CCDE6F95-CB5F-46C5-9014-FCE183628050">
    </Correlation>
    <Execution ProcessID="1060" ThreadID="10288">
    </Execution>
    <Channel>Microsoft-Windows-TaskScheduler/Operational</Channel>
    <Computer>DESKTOP-P5L8521</Computer>
    <Security UserID="S-1-5-18">
    </Security>
  </System>
  <EventData Name="TaskStartEvent">
    <Data Name="TaskName">\Microsoft\Windows\DeviceDirectoryClient\RegisterUserDevice</Data>
    <Data Name="UserContext">DESKTOP-P5L8521\thom</Data>
    <Data Name="InstanceId">CCDE6F95-CB5F-46C5-9014-FCE183628050</Data>
  </EventData>
</Event>
Record 95
<?xml version="1.0" encoding="utf-8"?>
<Event xmlns="http://schemas.microsoft.com/win/2004/08/events/event">
  <System>
    <Provider Name="Microsoft-Windows-TaskScheduler" Guid="DE7B24EA-73C8-4A09-985D-5BDADCFA9017">
    </Provider>
    <EventID>200</EventID>
    <Version>1</Version>
    <Level>4</Level>
    <Task>200</Task>
    <Opcode>1</Opcode>
    <Keywords>0x8000000000000000</Keywords>
    <TimeCreated SystemTime="2025-07-02T22:48:29.272667Z">
    </TimeCreated>
    <EventRecordID>95</EventRecordID>
    <Correlation ActivityID="CCDE6F95-CB5F-46C5-9014-FCE183628050">
    </Correlation>
    <Execution ProcessID="1060" ThreadID="10288">
    </Execution>
    <Channel>Microsoft-Windows-TaskScheduler/Operational</Channel>
    <Computer>DESKTOP-P5L8521</Computer>
    <Security UserID="S-1-5-18">
    </Security>
  </System>
  <EventData Name="ActionStart">
    <Data Name="TaskName">\Microsoft\Windows\DeviceDirectoryClient\RegisterUserDevice</Data>
    <Data Name="ActionName">Device Directory Client Handler</Data>
    <Data Name="TaskInstanceId">CCDE6F95-CB5F-46C5-9014-FCE183628050</Data>
    <Data Name="EnginePID">10880</Data>
  </EventData>
</Event>
Record 96
<?xml version="1.0" encoding="utf-8"?>
<Event xmlns="http://schemas.microsoft.com/win/2004/08/events/event">
  <System>
    <Provider Name="Microsoft-Windows-TaskScheduler" Guid="DE7B24EA-73C8-4A09-985D-5BDADCFA9017">
    </Provider>
    <EventID>129</EventID>
    <Version>0</Version>
    <Level>4</Level>
    <Task>129</Task>
    <Opcode>0</Opcode>
    <Keywords>0x8000000000000000</Keywords>
    <TimeCreated SystemTime="2025-07-02T22:48:29.378191Z">
    </TimeCreated>
    <EventRecordID>96</EventRecordID>
    <Correlation>
    </Correlation>
    <Execution ProcessID="1060" ThreadID="13120">
    </Execution>
    <Channel>Microsoft-Windows-TaskScheduler/Operational</Channel>
    <Computer>DESKTOP-P5L8521</Computer>
    <Security UserID="S-1-5-18">
    </Security>
  </System>
  <EventData Name="CreatedTaskProcess">
    <Data Name="TaskName">\Microsoft\Windows\DeviceDirectoryClient\RegisterDeviceAccountChange</Data>
    <Data Name="Path">taskhostw.exe</Data>
    <Data Name="ProcessID">12900</Data>
    <Data Name="Priority">16384</Data>
  </EventData>
</Event>
Record 97
<?xml version="1.0" encoding="utf-8"?>
<Event xmlns="http://schemas.microsoft.com/win/2004/08/events/event">
  <System>
    <Provider Name="Microsoft-Windows-TaskScheduler" Guid="DE7B24EA-73C8-4A09-985D-5BDADCFA9017">
    </Provider>
    <EventID>100</EventID>
    <Version>0</Version>
    <Level>4</Level>
    <Task>100</Task>
    <Opcode>1</Opcode>
    <Keywords>0x8000000000000001</Keywords>
    <TimeCreated SystemTime="2025-07-02T22:48:29.378277Z">
    </TimeCreated>
    <EventRecordID>97</EventRecordID>
    <Correlation ActivityID="01BE439E-5FE0-480E-BDAB-45F7CECE89FB">
    </Correlation>
    <Execution ProcessID="1060" ThreadID="13120">
    </Execution>
    <Channel>Microsoft-Windows-TaskScheduler/Operational</Channel>
    <Computer>DESKTOP-P5L8521</Computer>
    <Security UserID="S-1-5-18">
    </Security>
  </System>
  <EventData Name="TaskStartEvent">
    <Data Name="TaskName">\Microsoft\Windows\DeviceDirectoryClient\RegisterDeviceAccountChange</Data>
    <Data Name="UserContext">NT AUTHORITY\SYSTEM</Data>
    <Data Name="InstanceId">01BE439E-5FE0-480E-BDAB-45F7CECE89FB</Data>
  </EventData>
</Event>
Record 98
<?xml version="1.0" encoding="utf-8"?>
<Event xmlns="http://schemas.microsoft.com/win/2004/08/events/event">
  <System>
    <Provider Name="Microsoft-Windows-TaskScheduler" Guid="DE7B24EA-73C8-4A09-985D-5BDADCFA9017">
    </Provider>
    <EventID>200</EventID>
    <Version>1</Version>
    <Level>4</Level>
    <Task>200</Task>
    <Opcode>1</Opcode>
    <Keywords>0x8000000000000000</Keywords>
    <TimeCreated SystemTime="2025-07-02T22:48:29.378278Z">
    </TimeCreated>
    <EventRecordID>98</EventRecordID>
    <Correlation ActivityID="01BE439E-5FE0-480E-BDAB-45F7CECE89FB">
    </Correlation>
    <Execution ProcessID="1060" ThreadID="13120">
    </Execution>
    <Channel>Microsoft-Windows-TaskScheduler/Operational</Channel>
    <Computer>DESKTOP-P5L8521</Computer>
    <Security UserID="S-1-5-18">
    </Security>
  </System>
  <EventData Name="ActionStart">
    <Data Name="TaskName">\Microsoft\Windows\DeviceDirectoryClient\RegisterDeviceAccountChange</Data>
    <Data Name="ActionName">Device Directory Client Handler</Data>
    <Data Name="TaskInstanceId">01BE439E-5FE0-480E-BDAB-45F7CECE89FB</Data>
    <Data Name="EnginePID">12900</Data>
  </EventData>
</Event>
Record 99
<?xml version="1.0" encoding="utf-8"?>
<Event xmlns="http://schemas.microsoft.com/win/2004/08/events/event">
  <System>
    <Provider Name="Microsoft-Windows-TaskScheduler" Guid="DE7B24EA-73C8-4A09-985D-5BDADCFA9017">
    </Provider>
    <EventID>201</EventID>
    <Version>2</Version>
    <Level>4</Level>
    <Task>201</Task>
    <Opcode>2</Opcode>
    <Keywords>0x8000000000000000</Keywords>
    <TimeCreated SystemTime="2025-07-02T22:48:29.387035Z">
    </TimeCreated>
    <EventRecordID>99</EventRecordID>
    <Correlation ActivityID="CCDE6F95-CB5F-46C5-9014-FCE183628050">
    </Correlation>
    <Execution ProcessID="1060" ThreadID="13120">
    </Execution>
    <Channel>Microsoft-Windows-TaskScheduler/Operational</Channel>
    <Computer>DESKTOP-P5L8521</Computer>
    <Security UserID="S-1-5-18">
    </Security>
  </System>
  <EventData Name="ActionSuccess">
    <Data Name="TaskName">\Microsoft\Windows\DeviceDirectoryClient\RegisterUserDevice</Data>
    <Data Name="TaskInstanceId">CCDE6F95-CB5F-46C5-9014-FCE183628050</Data>
    <Data Name="ActionName">Device Directory Client Handler</Data>
    <Data Name="ResultCode">0</Data>
    <Data Name="EnginePID">10880</Data>
  </EventData>
</Event>
Record 100
<?xml version="1.0" encoding="utf-8"?>
<Event xmlns="http://schemas.microsoft.com/win/2004/08/events/event">
  <System>
    <Provider Name="Microsoft-Windows-TaskScheduler" Guid="DE7B24EA-73C8-4A09-985D-5BDADCFA9017">
    </Provider>
    <EventID>102</EventID>
    <Version>0</Version>
    <Level>4</Level>
    <Task>102</Task>
    <Opcode>2</Opcode>
    <Keywords>0x8000000000000001</Keywords>
    <TimeCreated SystemTime="2025-07-02T22:48:29.387037Z">
    </TimeCreated>
    <EventRecordID>100</EventRecordID>
    <Correlation ActivityID="CCDE6F95-CB5F-46C5-9014-FCE183628050">
    </Correlation>
    <Execution ProcessID="1060" ThreadID="13120">
    </Execution>
    <Channel>Microsoft-Windows-TaskScheduler/Operational</Channel>
    <Computer>DESKTOP-P5L8521</Computer>
    <Security UserID="S-1-5-18">
    </Security>
  </System>
  <EventData Name="TaskSuccessEvent">
    <Data Name="TaskName">\Microsoft\Windows\DeviceDirectoryClient\RegisterUserDevice</Data>
    <Data Name="UserContext">DESKTOP-P5L8521\thom</Data>
    <Data Name="InstanceId">CCDE6F95-CB5F-46C5-9014-FCE183628050</Data>
  </EventData>
</Event>
Record 101
<?xml version="1.0" encoding="utf-8"?>
<Event xmlns="http://schemas.microsoft.com/win/2004/08/events/event">
  <System>
    <Provider Name="Microsoft-Windows-TaskScheduler" Guid="DE7B24EA-73C8-4A09-985D-5BDADCFA9017">
    </Provider>
    <EventID>201</EventID>
    <Version>2</Version>
    <Level>4</Level>
    <Task>201</Task>
    <Opcode>2</Opcode>
    <Keywords>0x8000000000000000</Keywords>
    <TimeCreated SystemTime="2025-07-02T22:48:29.997278Z">
    </TimeCreated>
    <EventRecordID>101</EventRecordID>
    <Correlation ActivityID="91CEDA6F-2C03-4EE0-943A-516870BF1CAD">
    </Correlation>
    <Execution ProcessID="1060" ThreadID="9336">
    </Execution>
    <Channel>Microsoft-Windows-TaskScheduler/Operational</Channel>
    <Computer>DESKTOP-P5L8521</Computer>
    <Security UserID="S-1-5-18">
    </Security>
  </System>
  <EventData Name="ActionSuccess">
    <Data Name="TaskName">\Microsoft\Windows\LanguageComponentsInstaller\Installation</Data>
    <Data Name="TaskInstanceId">91CEDA6F-2C03-4EE0-943A-516870BF1CAD</Data>
    <Data Name="ActionName">Language Components Installer</Data>
    <Data Name="ResultCode">0</Data>
    <Data Name="EnginePID">10880</Data>
  </EventData>
</Event>
Record 102
<?xml version="1.0" encoding="utf-8"?>
<Event xmlns="http://schemas.microsoft.com/win/2004/08/events/event">
  <System>
    <Provider Name="Microsoft-Windows-TaskScheduler" Guid="DE7B24EA-73C8-4A09-985D-5BDADCFA9017">
    </Provider>
    <EventID>102</EventID>
    <Version>0</Version>
    <Level>4</Level>
    <Task>102</Task>
    <Opcode>2</Opcode>
    <Keywords>0x8000000000000001</Keywords>
    <TimeCreated SystemTime="2025-07-02T22:48:29.997279Z">
    </TimeCreated>
    <EventRecordID>102</EventRecordID>
    <Correlation ActivityID="91CEDA6F-2C03-4EE0-943A-516870BF1CAD">
    </Correlation>
    <Execution ProcessID="1060" ThreadID="9336">
    </Execution>
    <Channel>Microsoft-Windows-TaskScheduler/Operational</Channel>
    <Computer>DESKTOP-P5L8521</Computer>
    <Security UserID="S-1-5-18">
    </Security>
  </System>
  <EventData Name="TaskSuccessEvent">
    <Data Name="TaskName">\Microsoft\Windows\LanguageComponentsInstaller\Installation</Data>
    <Data Name="UserContext">DESKTOP-P5L8521\thom</Data>
    <Data Name="InstanceId">91CEDA6F-2C03-4EE0-943A-516870BF1CAD</Data>
  </EventData>
</Event>
Record 103
<?xml version="1.0" encoding="utf-8"?>
<Event xmlns="http://schemas.microsoft.com/win/2004/08/events/event">
  <System>
    <Provider Name="Microsoft-Windows-TaskScheduler" Guid="DE7B24EA-73C8-4A09-985D-5BDADCFA9017">
    </Provider>
    <EventID>201</EventID>
    <Version>2</Version>
    <Level>4</Level>
    <Task>201</Task>
    <Opcode>2</Opcode>
    <Keywords>0x8000000000000000</Keywords>
    <TimeCreated SystemTime="2025-07-02T22:48:30.049166Z">
    </TimeCreated>
    <EventRecordID>103</EventRecordID>
    <Correlation ActivityID="01BE439E-5FE0-480E-BDAB-45F7CECE89FB">
    </Correlation>
    <Execution ProcessID="1060" ThreadID="11520">
    </Execution>
    <Channel>Microsoft-Windows-TaskScheduler/Operational</Channel>
    <Computer>DESKTOP-P5L8521</Computer>
    <Security UserID="S-1-5-18">
    </Security>
  </System>
  <EventData Name="ActionSuccess">
    <Data Name="TaskName">\Microsoft\Windows\DeviceDirectoryClient\RegisterDeviceAccountChange</Data>
    <Data Name="TaskInstanceId">01BE439E-5FE0-480E-BDAB-45F7CECE89FB</Data>
    <Data Name="ActionName">Device Directory Client Handler</Data>
    <Data Name="ResultCode">0</Data>
    <Data Name="EnginePID">12900</Data>
  </EventData>
</Event>
Record 104
<?xml version="1.0" encoding="utf-8"?>
<Event xmlns="http://schemas.microsoft.com/win/2004/08/events/event">
  <System>
    <Provider Name="Microsoft-Windows-TaskScheduler" Guid="DE7B24EA-73C8-4A09-985D-5BDADCFA9017">
    </Provider>
    <EventID>102</EventID>
    <Version>0</Version>
    <Level>4</Level>
    <Task>102</Task>
    <Opcode>2</Opcode>
    <Keywords>0x8000000000000001</Keywords>
    <TimeCreated SystemTime="2025-07-02T22:48:30.049168Z">
    </TimeCreated>
    <EventRecordID>104</EventRecordID>
    <Correlation ActivityID="01BE439E-5FE0-480E-BDAB-45F7CECE89FB">
    </Correlation>
    <Execution ProcessID="1060" ThreadID="11520">
    </Execution>
    <Channel>Microsoft-Windows-TaskScheduler/Operational</Channel>
    <Computer>DESKTOP-P5L8521</Computer>
    <Security UserID="S-1-5-18">
    </Security>
  </System>
  <EventData Name="TaskSuccessEvent">
    <Data Name="TaskName">\Microsoft\Windows\DeviceDirectoryClient\RegisterDeviceAccountChange</Data>
    <Data Name="UserContext">NT AUTHORITY\SYSTEM</Data>
    <Data Name="InstanceId">01BE439E-5FE0-480E-BDAB-45F7CECE89FB</Data>
  </EventData>
</Event>
Record 105
<?xml version="1.0" encoding="utf-8"?>
<Event xmlns="http://schemas.microsoft.com/win/2004/08/events/event">
  <System>
    <Provider Name="Microsoft-Windows-TaskScheduler" Guid="DE7B24EA-73C8-4A09-985D-5BDADCFA9017">
    </Provider>
    <EventID>140</EventID>
    <Version>0</Version>
    <Level>4</Level>
    <Task>140</Task>
    <Opcode>0</Opcode>
    <Keywords>0x8000000000000000</Keywords>
    <TimeCreated SystemTime="2025-07-02T22:49:05.672255Z">
    </TimeCreated>
    <EventRecordID>105</EventRecordID>
    <Correlation>
    </Correlation>
    <Execution ProcessID="1060" ThreadID="11520">
    </Execution>
    <Channel>Microsoft-Windows-TaskScheduler/Operational</Channel>
    <Computer>DESKTOP-P5L8521</Computer>
    <Security UserID="S-1-5-18">
    </Security>
  </System>
  <EventData Name="TaskUpdated">
    <Data Name="TaskName">\Microsoft\Windows\UpdateOrchestrator\Schedule Work</Data>
    <Data Name="UserName">S-1-5-18</Data>
  </EventData>
</Event>
Record 106
<?xml version="1.0" encoding="utf-8"?>
<Event xmlns="http://schemas.microsoft.com/win/2004/08/events/event">
  <System>
    <Provider Name="Microsoft-Windows-TaskScheduler" Guid="DE7B24EA-73C8-4A09-985D-5BDADCFA9017">
    </Provider>
    <EventID>140</EventID>
    <Version>0</Version>
    <Level>4</Level>
    <Task>140</Task>
    <Opcode>0</Opcode>
    <Keywords>0x8000000000000000</Keywords>
    <TimeCreated SystemTime="2025-07-02T22:49:05.695559Z">
    </TimeCreated>
    <EventRecordID>106</EventRecordID>
    <Correlation>
    </Correlation>
    <Execution ProcessID="1060" ThreadID="10288">
    </Execution>
    <Channel>Microsoft-Windows-TaskScheduler/Operational</Channel>
    <Computer>DESKTOP-P5L8521</Computer>
    <Security UserID="S-1-5-18">
    </Security>
  </System>
  <EventData Name="TaskUpdated">
    <Data Name="TaskName">\Microsoft\Windows\UpdateOrchestrator\Schedule Work</Data>
    <Data Name="UserName">WORKGROUP\DESKTOP-P5L8521$</Data>
  </EventData>
</Event>
Record 107
<?xml version="1.0" encoding="utf-8"?>
<Event xmlns="http://schemas.microsoft.com/win/2004/08/events/event">
  <System>
    <Provider Name="Microsoft-Windows-TaskScheduler" Guid="DE7B24EA-73C8-4A09-985D-5BDADCFA9017">
    </Provider>
    <EventID>140</EventID>
    <Version>0</Version>
    <Level>4</Level>
    <Task>140</Task>
    <Opcode>0</Opcode>
    <Keywords>0x8000000000000000</Keywords>
    <TimeCreated SystemTime="2025-07-02T22:49:05.700242Z">
    </TimeCreated>
    <EventRecordID>107</EventRecordID>
    <Correlation>
    </Correlation>
    <Execution ProcessID="1060" ThreadID="10288">
    </Execution>
    <Channel>Microsoft-Windows-TaskScheduler/Operational</Channel>
    <Computer>DESKTOP-P5L8521</Computer>
    <Security UserID="S-1-5-18">
    </Security>
  </System>
  <EventData Name="TaskUpdated">
    <Data Name="TaskName">\Microsoft\Windows\UpdateOrchestrator\Schedule Wake To Work</Data>
    <Data Name="UserName">S-1-5-18</Data>
  </EventData>
</Event>
Record 108
<?xml version="1.0" encoding="utf-8"?>
<Event xmlns="http://schemas.microsoft.com/win/2004/08/events/event">
  <System>
    <Provider Name="Microsoft-Windows-TaskScheduler" Guid="DE7B24EA-73C8-4A09-985D-5BDADCFA9017">
    </Provider>
    <EventID>140</EventID>
    <Version>0</Version>
    <Level>4</Level>
    <Task>140</Task>
    <Opcode>0</Opcode>
    <Keywords>0x8000000000000000</Keywords>
    <TimeCreated SystemTime="2025-07-02T22:49:05.703273Z">
    </TimeCreated>
    <EventRecordID>108</EventRecordID>
    <Correlation>
    </Correlation>
    <Execution ProcessID="1060" ThreadID="10288">
    </Execution>
    <Channel>Microsoft-Windows-TaskScheduler/Operational</Channel>
    <Computer>DESKTOP-P5L8521</Computer>
    <Security UserID="S-1-5-18">
    </Security>
  </System>
  <EventData Name="TaskUpdated">
    <Data Name="TaskName">\Microsoft\Windows\UpdateOrchestrator\Schedule Wake To Work</Data>
    <Data Name="UserName">WORKGROUP\DESKTOP-P5L8521$</Data>
  </EventData>
</Event>
Record 109
<?xml version="1.0" encoding="utf-8"?>
<Event xmlns="http://schemas.microsoft.com/win/2004/08/events/event">
  <System>
    <Provider Name="Microsoft-Windows-TaskScheduler" Guid="DE7B24EA-73C8-4A09-985D-5BDADCFA9017">
    </Provider>
    <EventID>140</EventID>
    <Version>0</Version>
    <Level>4</Level>
    <Task>140</Task>
    <Opcode>0</Opcode>
    <Keywords>0x8000000000000000</Keywords>
    <TimeCreated SystemTime="2025-07-02T22:49:05.710500Z">
    </TimeCreated>
    <EventRecordID>109</EventRecordID>
    <Correlation>
    </Correlation>
    <Execution ProcessID="1060" ThreadID="10288">
    </Execution>
    <Channel>Microsoft-Windows-TaskScheduler/Operational</Channel>
    <Computer>DESKTOP-P5L8521</Computer>
    <Security UserID="S-1-5-18">
    </Security>
  </System>
  <EventData Name="TaskUpdated">
    <Data Name="TaskName">\Microsoft\Windows\UpdateOrchestrator\Schedule Maintenance Work</Data>
    <Data Name="UserName">S-1-5-18</Data>
  </EventData>
</Event>
Record 110
<?xml version="1.0" encoding="utf-8"?>
<Event xmlns="http://schemas.microsoft.com/win/2004/08/events/event">
  <System>
    <Provider Name="Microsoft-Windows-TaskScheduler" Guid="DE7B24EA-73C8-4A09-985D-5BDADCFA9017">
    </Provider>
    <EventID>140</EventID>
    <Version>0</Version>
    <Level>4</Level>
    <Task>140</Task>
    <Opcode>0</Opcode>
    <Keywords>0x8000000000000000</Keywords>
    <TimeCreated SystemTime="2025-07-02T22:49:05.722430Z">
    </TimeCreated>
    <EventRecordID>110</EventRecordID>
    <Correlation>
    </Correlation>
    <Execution ProcessID="1060" ThreadID="10288">
    </Execution>
    <Channel>Microsoft-Windows-TaskScheduler/Operational</Channel>
    <Computer>DESKTOP-P5L8521</Computer>
    <Security UserID="S-1-5-18">
    </Security>
  </System>
  <EventData Name="TaskUpdated">
    <Data Name="TaskName">\Microsoft\Windows\UpdateOrchestrator\Schedule Maintenance Work</Data>
    <Data Name="UserName">WORKGROUP\DESKTOP-P5L8521$</Data>
  </EventData>
</Event>
Record 111
<?xml version="1.0" encoding="utf-8"?>
<Event xmlns="http://schemas.microsoft.com/win/2004/08/events/event">
  <System>
    <Provider Name="Microsoft-Windows-TaskScheduler" Guid="DE7B24EA-73C8-4A09-985D-5BDADCFA9017">
    </Provider>
    <EventID>129</EventID>
    <Version>0</Version>
    <Level>4</Level>
    <Task>129</Task>
    <Opcode>0</Opcode>
    <Keywords>0x8000000000000000</Keywords>
    <TimeCreated SystemTime="2025-07-02T22:49:30.766100Z">
    </TimeCreated>
    <EventRecordID>111</EventRecordID>
    <Correlation>
    </Correlation>
    <Execution ProcessID="1060" ThreadID="10288">
    </Execution>
    <Channel>Microsoft-Windows-TaskScheduler/Operational</Channel>
    <Computer>DESKTOP-P5L8521</Computer>
    <Security UserID="S-1-5-18">
    </Security>
  </System>
  <EventData Name="CreatedTaskProcess">
    <Data Name="TaskName">\Microsoft\Windows\CertificateServicesClient\KeyPreGenTask</Data>
    <Data Name="Path">taskhostw.exe</Data>
    <Data Name="ProcessID">12028</Data>
    <Data Name="Priority">16384</Data>
  </EventData>
</Event>
Record 112
<?xml version="1.0" encoding="utf-8"?>
<Event xmlns="http://schemas.microsoft.com/win/2004/08/events/event">
  <System>
    <Provider Name="Microsoft-Windows-TaskScheduler" Guid="DE7B24EA-73C8-4A09-985D-5BDADCFA9017">
    </Provider>
    <EventID>100</EventID>
    <Version>0</Version>
    <Level>4</Level>
    <Task>100</Task>
    <Opcode>1</Opcode>
    <Keywords>0x8000000000000001</Keywords>
    <TimeCreated SystemTime="2025-07-02T22:49:30.766256Z">
    </TimeCreated>
    <EventRecordID>112</EventRecordID>
    <Correlation ActivityID="CCFB719D-EDC9-4257-BBF5-B55E7EE058CB">
    </Correlation>
    <Execution ProcessID="1060" ThreadID="10288">
    </Execution>
    <Channel>Microsoft-Windows-TaskScheduler/Operational</Channel>
    <Computer>DESKTOP-P5L8521</Computer>
    <Security UserID="S-1-5-18">
    </Security>
  </System>
  <EventData Name="TaskStartEvent">
    <Data Name="TaskName">\Microsoft\Windows\CertificateServicesClient\KeyPreGenTask</Data>
    <Data Name="UserContext">NT AUTHORITY\SYSTEM</Data>
    <Data Name="InstanceId">CCFB719D-EDC9-4257-BBF5-B55E7EE058CB</Data>
  </EventData>
</Event>
Record 113
<?xml version="1.0" encoding="utf-8"?>
<Event xmlns="http://schemas.microsoft.com/win/2004/08/events/event">
  <System>
    <Provider Name="Microsoft-Windows-TaskScheduler" Guid="DE7B24EA-73C8-4A09-985D-5BDADCFA9017">
    </Provider>
    <EventID>200</EventID>
    <Version>1</Version>
    <Level>4</Level>
    <Task>200</Task>
    <Opcode>1</Opcode>
    <Keywords>0x8000000000000000</Keywords>
    <TimeCreated SystemTime="2025-07-02T22:49:30.766257Z">
    </TimeCreated>
    <EventRecordID>113</EventRecordID>
    <Correlation ActivityID="CCFB719D-EDC9-4257-BBF5-B55E7EE058CB">
    </Correlation>
    <Execution ProcessID="1060" ThreadID="10288">
    </Execution>
    <Channel>Microsoft-Windows-TaskScheduler/Operational</Channel>
    <Computer>DESKTOP-P5L8521</Computer>
    <Security UserID="S-1-5-18">
    </Security>
  </System>
  <EventData Name="ActionStart">
    <Data Name="TaskName">\Microsoft\Windows\CertificateServicesClient\KeyPreGenTask</Data>
    <Data Name="ActionName">NGC Pregeneration Task Handler</Data>
    <Data Name="TaskInstanceId">CCFB719D-EDC9-4257-BBF5-B55E7EE058CB</Data>
    <Data Name="EnginePID">12028</Data>
  </EventData>
</Event>
Record 114
<?xml version="1.0" encoding="utf-8"?>
<Event xmlns="http://schemas.microsoft.com/win/2004/08/events/event">
  <System>
    <Provider Name="Microsoft-Windows-TaskScheduler" Guid="DE7B24EA-73C8-4A09-985D-5BDADCFA9017">
    </Provider>
    <EventID>202</EventID>
    <Version>1</Version>
    <Level>2</Level>
    <Task>202</Task>
    <Opcode>102</Opcode>
    <Keywords>0x8000000000000000</Keywords>
    <TimeCreated SystemTime="2025-07-02T22:49:30.778694Z">
    </TimeCreated>
    <EventRecordID>114</EventRecordID>
    <Correlation ActivityID="CCFB719D-EDC9-4257-BBF5-B55E7EE058CB">
    </Correlation>
    <Execution ProcessID="1060" ThreadID="10288">
    </Execution>
    <Channel>Microsoft-Windows-TaskScheduler/Operational</Channel>
    <Computer>DESKTOP-P5L8521</Computer>
    <Security UserID="S-1-5-18">
    </Security>
  </System>
  <EventData Name="ActionFailure">
    <Data Name="TaskName">\Microsoft\Windows\CertificateServicesClient\KeyPreGenTask</Data>
    <Data Name="TaskInstanceId">CCFB719D-EDC9-4257-BBF5-B55E7EE058CB</Data>
    <Data Name="ActionName">NGC Pregeneration Task Handler</Data>
    <Data Name="ResultCode">2148073520</Data>
    <Data Name="EnginePID">12028</Data>
  </EventData>
</Event>
Record 115
<?xml version="1.0" encoding="utf-8"?>
<Event xmlns="http://schemas.microsoft.com/win/2004/08/events/event">
  <System>
    <Provider Name="Microsoft-Windows-TaskScheduler" Guid="DE7B24EA-73C8-4A09-985D-5BDADCFA9017">
    </Provider>
    <EventID>103</EventID>
    <Version>0</Version>
    <Level>2</Level>
    <Task>103</Task>
    <Opcode>102</Opcode>
    <Keywords>0x8000000000000001</Keywords>
    <TimeCreated SystemTime="2025-07-02T22:49:30.778695Z">
    </TimeCreated>
    <EventRecordID>115</EventRecordID>
    <Correlation ActivityID="CCFB719D-EDC9-4257-BBF5-B55E7EE058CB">
    </Correlation>
    <Execution ProcessID="1060" ThreadID="10288">
    </Execution>
    <Channel>Microsoft-Windows-TaskScheduler/Operational</Channel>
    <Computer>DESKTOP-P5L8521</Computer>
    <Security UserID="S-1-5-18">
    </Security>
  </System>
  <EventData Name="TaskFailureEvent">
    <Data Name="TaskName">\Microsoft\Windows\CertificateServicesClient\KeyPreGenTask</Data>
    <Data Name="InstanceId">CCFB719D-EDC9-4257-BBF5-B55E7EE058CB</Data>
    <Data Name="UserContext">NT AUTHORITY\SYSTEM</Data>
    <Data Name="ResultCode">2148073520</Data>
  </EventData>
</Event>
Record 116
<?xml version="1.0" encoding="utf-8"?>
<Event xmlns="http://schemas.microsoft.com/win/2004/08/events/event">
  <System>
    <Provider Name="Microsoft-Windows-TaskScheduler" Guid="DE7B24EA-73C8-4A09-985D-5BDADCFA9017">
    </Provider>
    <EventID>140</EventID>
    <Version>0</Version>
    <Level>4</Level>
    <Task>140</Task>
    <Opcode>0</Opcode>
    <Keywords>0x8000000000000000</Keywords>
    <TimeCreated SystemTime="2025-07-02T22:49:31.419155Z">
    </TimeCreated>
    <EventRecordID>116</EventRecordID>
    <Correlation>
    </Correlation>
    <Execution ProcessID="1060" ThreadID="10288">
    </Execution>
    <Channel>Microsoft-Windows-TaskScheduler/Operational</Channel>
    <Computer>DESKTOP-P5L8521</Computer>
    <Security UserID="S-1-5-18">
    </Security>
  </System>
  <EventData Name="TaskUpdated">
    <Data Name="TaskName">\Microsoft\Windows\UpdateOrchestrator\Schedule Work</Data>
    <Data Name="UserName">S-1-5-18</Data>
  </EventData>
</Event>
Record 117
<?xml version="1.0" encoding="utf-8"?>
<Event xmlns="http://schemas.microsoft.com/win/2004/08/events/event">
  <System>
    <Provider Name="Microsoft-Windows-TaskScheduler" Guid="DE7B24EA-73C8-4A09-985D-5BDADCFA9017">
    </Provider>
    <EventID>140</EventID>
    <Version>0</Version>
    <Level>4</Level>
    <Task>140</Task>
    <Opcode>0</Opcode>
    <Keywords>0x8000000000000000</Keywords>
    <TimeCreated SystemTime="2025-07-02T22:49:31.422124Z">
    </TimeCreated>
    <EventRecordID>117</EventRecordID>
    <Correlation>
    </Correlation>
    <Execution ProcessID="1060" ThreadID="10288">
    </Execution>
    <Channel>Microsoft-Windows-TaskScheduler/Operational</Channel>
    <Computer>DESKTOP-P5L8521</Computer>
    <Security UserID="S-1-5-18">
    </Security>
  </System>
  <EventData Name="TaskUpdated">
    <Data Name="TaskName">\Microsoft\Windows\UpdateOrchestrator\Schedule Work</Data>
    <Data Name="UserName">WORKGROUP\DESKTOP-P5L8521$</Data>
  </EventData>
</Event>
Record 118
<?xml version="1.0" encoding="utf-8"?>
<Event xmlns="http://schemas.microsoft.com/win/2004/08/events/event">
  <System>
    <Provider Name="Microsoft-Windows-TaskScheduler" Guid="DE7B24EA-73C8-4A09-985D-5BDADCFA9017">
    </Provider>
    <EventID>140</EventID>
    <Version>0</Version>
    <Level>4</Level>
    <Task>140</Task>
    <Opcode>0</Opcode>
    <Keywords>0x8000000000000000</Keywords>
    <TimeCreated SystemTime="2025-07-02T22:49:31.426209Z">
    </TimeCreated>
    <EventRecordID>118</EventRecordID>
    <Correlation>
    </Correlation>
    <Execution ProcessID="1060" ThreadID="10288">
    </Execution>
    <Channel>Microsoft-Windows-TaskScheduler/Operational</Channel>
    <Computer>DESKTOP-P5L8521</Computer>
    <Security UserID="S-1-5-18">
    </Security>
  </System>
  <EventData Name="TaskUpdated">
    <Data Name="TaskName">\Microsoft\Windows\UpdateOrchestrator\Schedule Wake To Work</Data>
    <Data Name="UserName">S-1-5-18</Data>
  </EventData>
</Event>
Record 119
<?xml version="1.0" encoding="utf-8"?>
<Event xmlns="http://schemas.microsoft.com/win/2004/08/events/event">
  <System>
    <Provider Name="Microsoft-Windows-TaskScheduler" Guid="DE7B24EA-73C8-4A09-985D-5BDADCFA9017">
    </Provider>
    <EventID>140</EventID>
    <Version>0</Version>
    <Level>4</Level>
    <Task>140</Task>
    <Opcode>0</Opcode>
    <Keywords>0x8000000000000000</Keywords>
    <TimeCreated SystemTime="2025-07-02T22:49:31.428850Z">
    </TimeCreated>
    <EventRecordID>119</EventRecordID>
    <Correlation>
    </Correlation>
    <Execution ProcessID="1060" ThreadID="10288">
    </Execution>
    <Channel>Microsoft-Windows-TaskScheduler/Operational</Channel>
    <Computer>DESKTOP-P5L8521</Computer>
    <Security UserID="S-1-5-18">
    </Security>
  </System>
  <EventData Name="TaskUpdated">
    <Data Name="TaskName">\Microsoft\Windows\UpdateOrchestrator\Schedule Wake To Work</Data>
    <Data Name="UserName">WORKGROUP\DESKTOP-P5L8521$</Data>
  </EventData>
</Event>
Record 120
<?xml version="1.0" encoding="utf-8"?>
<Event xmlns="http://schemas.microsoft.com/win/2004/08/events/event">
  <System>
    <Provider Name="Microsoft-Windows-TaskScheduler" Guid="DE7B24EA-73C8-4A09-985D-5BDADCFA9017">
    </Provider>
    <EventID>140</EventID>
    <Version>0</Version>
    <Level>4</Level>
    <Task>140</Task>
    <Opcode>0</Opcode>
    <Keywords>0x8000000000000000</Keywords>
    <TimeCreated SystemTime="2025-07-02T22:49:31.432499Z">
    </TimeCreated>
    <EventRecordID>120</EventRecordID>
    <Correlation>
    </Correlation>
    <Execution ProcessID="1060" ThreadID="10288">
    </Execution>
    <Channel>Microsoft-Windows-TaskScheduler/Operational</Channel>
    <Computer>DESKTOP-P5L8521</Computer>
    <Security UserID="S-1-5-18">
    </Security>
  </System>
  <EventData Name="TaskUpdated">
    <Data Name="TaskName">\Microsoft\Windows\UpdateOrchestrator\Schedule Maintenance Work</Data>
    <Data Name="UserName">S-1-5-18</Data>
  </EventData>
</Event>
Record 121
<?xml version="1.0" encoding="utf-8"?>
<Event xmlns="http://schemas.microsoft.com/win/2004/08/events/event">
  <System>
    <Provider Name="Microsoft-Windows-TaskScheduler" Guid="DE7B24EA-73C8-4A09-985D-5BDADCFA9017">
    </Provider>
    <EventID>140</EventID>
    <Version>0</Version>
    <Level>4</Level>
    <Task>140</Task>
    <Opcode>0</Opcode>
    <Keywords>0x8000000000000000</Keywords>
    <TimeCreated SystemTime="2025-07-02T22:49:31.435773Z">
    </TimeCreated>
    <EventRecordID>121</EventRecordID>
    <Correlation>
    </Correlation>
    <Execution ProcessID="1060" ThreadID="10288">
    </Execution>
    <Channel>Microsoft-Windows-TaskScheduler/Operational</Channel>
    <Computer>DESKTOP-P5L8521</Computer>
    <Security UserID="S-1-5-18">
    </Security>
  </System>
  <EventData Name="TaskUpdated">
    <Data Name="TaskName">\Microsoft\Windows\UpdateOrchestrator\Schedule Maintenance Work</Data>
    <Data Name="UserName">WORKGROUP\DESKTOP-P5L8521$</Data>
  </EventData>
</Event>
Record 122
<?xml version="1.0" encoding="utf-8"?>
<Event xmlns="http://schemas.microsoft.com/win/2004/08/events/event">
  <System>
    <Provider Name="Microsoft-Windows-TaskScheduler" Guid="DE7B24EA-73C8-4A09-985D-5BDADCFA9017">
    </Provider>
    <EventID>140</EventID>
    <Version>0</Version>
    <Level>4</Level>
    <Task>140</Task>
    <Opcode>0</Opcode>
    <Keywords>0x8000000000000000</Keywords>
    <TimeCreated SystemTime="2025-07-02T22:50:01.414055Z">
    </TimeCreated>
    <EventRecordID>122</EventRecordID>
    <Correlation>
    </Correlation>
    <Execution ProcessID="1060" ThreadID="9336">
    </Execution>
    <Channel>Microsoft-Windows-TaskScheduler/Operational</Channel>
    <Computer>DESKTOP-P5L8521</Computer>
    <Security UserID="S-1-5-18">
    </Security>
  </System>
  <EventData Name="TaskUpdated">
    <Data Name="TaskName">\Microsoft\Windows\SoftwareProtectionPlatform\SvcRestartTask</Data>
    <Data Name="UserName">WORKGROUP\DESKTOP-P5L8521$</Data>
  </EventData>
</Event>
Record 123
<?xml version="1.0" encoding="utf-8"?>
<Event xmlns="http://schemas.microsoft.com/win/2004/08/events/event">
  <System>
    <Provider Name="Microsoft-Windows-TaskScheduler" Guid="DE7B24EA-73C8-4A09-985D-5BDADCFA9017">
    </Provider>
    <EventID>129</EventID>
    <Version>0</Version>
    <Level>4</Level>
    <Task>129</Task>
    <Opcode>0</Opcode>
    <Keywords>0x8000000000000000</Keywords>
    <TimeCreated SystemTime="2025-07-02T22:50:49.063973Z">
    </TimeCreated>
    <EventRecordID>123</EventRecordID>
    <Correlation>
    </Correlation>
    <Execution ProcessID="1060" ThreadID="9336">
    </Execution>
    <Channel>Microsoft-Windows-TaskScheduler/Operational</Channel>
    <Computer>DESKTOP-P5L8521</Computer>
    <Security UserID="S-1-5-18">
    </Security>
  </System>
  <EventData Name="CreatedTaskProcess">
    <Data Name="TaskName">\microsoft\windows\applicationdata\appuriverifierinstall</Data>
    <Data Name="Path">%windir%\system32\AppHostRegistrationVerifier.exe</Data>
    <Data Name="ProcessID">8232</Data>
    <Data Name="Priority">16384</Data>
  </EventData>
</Event>
Record 124
<?xml version="1.0" encoding="utf-8"?>
<Event xmlns="http://schemas.microsoft.com/win/2004/08/events/event">
  <System>
    <Provider Name="Microsoft-Windows-TaskScheduler" Guid="DE7B24EA-73C8-4A09-985D-5BDADCFA9017">
    </Provider>
    <EventID>100</EventID>
    <Version>0</Version>
    <Level>4</Level>
    <Task>100</Task>
    <Opcode>1</Opcode>
    <Keywords>0x8000000000000001</Keywords>
    <TimeCreated SystemTime="2025-07-02T22:50:49.064112Z">
    </TimeCreated>
    <EventRecordID>124</EventRecordID>
    <Correlation ActivityID="4C8947CF-3A58-4B46-98DD-A17518F44CD3">
    </Correlation>
    <Execution ProcessID="1060" ThreadID="9336">
    </Execution>
    <Channel>Microsoft-Windows-TaskScheduler/Operational</Channel>
    <Computer>DESKTOP-P5L8521</Computer>
    <Security UserID="S-1-5-18">
    </Security>
  </System>
  <EventData Name="TaskStartEvent">
    <Data Name="TaskName">\microsoft\windows\applicationdata\appuriverifierinstall</Data>
    <Data Name="UserContext">DESKTOP-P5L8521\thom</Data>
    <Data Name="InstanceId">4C8947CF-3A58-4B46-98DD-A17518F44CD3</Data>
  </EventData>
</Event>
Record 125
<?xml version="1.0" encoding="utf-8"?>
<Event xmlns="http://schemas.microsoft.com/win/2004/08/events/event">
  <System>
    <Provider Name="Microsoft-Windows-TaskScheduler" Guid="DE7B24EA-73C8-4A09-985D-5BDADCFA9017">
    </Provider>
    <EventID>200</EventID>
    <Version>1</Version>
    <Level>4</Level>
    <Task>200</Task>
    <Opcode>1</Opcode>
    <Keywords>0x8000000000000000</Keywords>
    <TimeCreated SystemTime="2025-07-02T22:50:49.064113Z">
    </TimeCreated>
    <EventRecordID>125</EventRecordID>
    <Correlation ActivityID="4C8947CF-3A58-4B46-98DD-A17518F44CD3">
    </Correlation>
    <Execution ProcessID="1060" ThreadID="9336">
    </Execution>
    <Channel>Microsoft-Windows-TaskScheduler/Operational</Channel>
    <Computer>DESKTOP-P5L8521</Computer>
    <Security UserID="S-1-5-18">
    </Security>
  </System>
  <EventData Name="ActionStart">
    <Data Name="TaskName">\microsoft\windows\applicationdata\appuriverifierinstall</Data>
    <Data Name="ActionName">%windir%\system32\AppHostRegistrationVerifier.exe</Data>
    <Data Name="TaskInstanceId">4C8947CF-3A58-4B46-98DD-A17518F44CD3</Data>
    <Data Name="EnginePID">8232</Data>
  </EventData>
</Event>
Record 126
<?xml version="1.0" encoding="utf-8"?>
<Event xmlns="http://schemas.microsoft.com/win/2004/08/events/event">
  <System>
    <Provider Name="Microsoft-Windows-TaskScheduler" Guid="DE7B24EA-73C8-4A09-985D-5BDADCFA9017">
    </Provider>
    <EventID>324</EventID>
    <Version>0</Version>
    <Level>3</Level>
    <Task>324</Task>
    <Opcode>0</Opcode>
    <Keywords>0x8000000000000000</Keywords>
    <TimeCreated SystemTime="2025-07-02T22:50:49.064374Z">
    </TimeCreated>
    <EventRecordID>126</EventRecordID>
    <Correlation ActivityID="88A3047E-52F9-4742-8BF5-30F6DAD1218F">
    </Correlation>
    <Execution ProcessID="1060" ThreadID="9336">
    </Execution>
    <Channel>Microsoft-Windows-TaskScheduler/Operational</Channel>
    <Computer>DESKTOP-P5L8521</Computer>
    <Security UserID="S-1-5-18">
    </Security>
  </System>
  <EventData Name="NewInstanceQueued">
    <Data Name="TaskName">\microsoft\windows\applicationdata\appuriverifierinstall</Data>
    <Data Name="QueuedTaskInstanceId">88A3047E-52F9-4742-8BF5-30F6DAD1218F</Data>
    <Data Name="RunningTaskInstanceId">4C8947CF-3A58-4B46-98DD-A17518F44CD3</Data>
  </EventData>
</Event>
Record 127
<?xml version="1.0" encoding="utf-8"?>
<Event xmlns="http://schemas.microsoft.com/win/2004/08/events/event">
  <System>
    <Provider Name="Microsoft-Windows-TaskScheduler" Guid="DE7B24EA-73C8-4A09-985D-5BDADCFA9017">
    </Provider>
    <EventID>324</EventID>
    <Version>0</Version>
    <Level>3</Level>
    <Task>324</Task>
    <Opcode>0</Opcode>
    <Keywords>0x8000000000000000</Keywords>
    <TimeCreated SystemTime="2025-07-02T22:50:49.064449Z">
    </TimeCreated>
    <EventRecordID>127</EventRecordID>
    <Correlation ActivityID="930F0959-2F59-462F-9EC3-C6496A451C04">
    </Correlation>
    <Execution ProcessID="1060" ThreadID="9336">
    </Execution>
    <Channel>Microsoft-Windows-TaskScheduler/Operational</Channel>
    <Computer>DESKTOP-P5L8521</Computer>
    <Security UserID="S-1-5-18">
    </Security>
  </System>
  <EventData Name="NewInstanceQueued">
    <Data Name="TaskName">\microsoft\windows\applicationdata\appuriverifierinstall</Data>
    <Data Name="QueuedTaskInstanceId">930F0959-2F59-462F-9EC3-C6496A451C04</Data>
    <Data Name="RunningTaskInstanceId">4C8947CF-3A58-4B46-98DD-A17518F44CD3</Data>
  </EventData>
</Event>
Record 128
<?xml version="1.0" encoding="utf-8"?>
<Event xmlns="http://schemas.microsoft.com/win/2004/08/events/event">
  <System>
    <Provider Name="Microsoft-Windows-TaskScheduler" Guid="DE7B24EA-73C8-4A09-985D-5BDADCFA9017">
    </Provider>
    <EventID>324</EventID>
    <Version>0</Version>
    <Level>3</Level>
    <Task>324</Task>
    <Opcode>0</Opcode>
    <Keywords>0x8000000000000000</Keywords>
    <TimeCreated SystemTime="2025-07-02T22:50:49.064941Z">
    </TimeCreated>
    <EventRecordID>128</EventRecordID>
    <Correlation ActivityID="767973AD-BD87-4D07-B425-57F397840E42">
    </Correlation>
    <Execution ProcessID="1060" ThreadID="10288">
    </Execution>
    <Channel>Microsoft-Windows-TaskScheduler/Operational</Channel>
    <Computer>DESKTOP-P5L8521</Computer>
    <Security UserID="S-1-5-18">
    </Security>
  </System>
  <EventData Name="NewInstanceQueued">
    <Data Name="TaskName">\microsoft\windows\applicationdata\appuriverifierinstall</Data>
    <Data Name="QueuedTaskInstanceId">767973AD-BD87-4D07-B425-57F397840E42</Data>
    <Data Name="RunningTaskInstanceId">4C8947CF-3A58-4B46-98DD-A17518F44CD3</Data>
  </EventData>
</Event>
Record 129
<?xml version="1.0" encoding="utf-8"?>
<Event xmlns="http://schemas.microsoft.com/win/2004/08/events/event">
  <System>
    <Provider Name="Microsoft-Windows-TaskScheduler" Guid="DE7B24EA-73C8-4A09-985D-5BDADCFA9017">
    </Provider>
    <EventID>324</EventID>
    <Version>0</Version>
    <Level>3</Level>
    <Task>324</Task>
    <Opcode>0</Opcode>
    <Keywords>0x8000000000000000</Keywords>
    <TimeCreated SystemTime="2025-07-02T22:50:49.065020Z">
    </TimeCreated>
    <EventRecordID>129</EventRecordID>
    <Correlation ActivityID="E5C9FFFF-EE5B-4846-B4D0-2878F57AF5AC">
    </Correlation>
    <Execution ProcessID="1060" ThreadID="10288">
    </Execution>
    <Channel>Microsoft-Windows-TaskScheduler/Operational</Channel>
    <Computer>DESKTOP-P5L8521</Computer>
    <Security UserID="S-1-5-18">
    </Security>
  </System>
  <EventData Name="NewInstanceQueued">
    <Data Name="TaskName">\microsoft\windows\applicationdata\appuriverifierinstall</Data>
    <Data Name="QueuedTaskInstanceId">E5C9FFFF-EE5B-4846-B4D0-2878F57AF5AC</Data>
    <Data Name="RunningTaskInstanceId">4C8947CF-3A58-4B46-98DD-A17518F44CD3</Data>
  </EventData>
</Event>
Record 130
<?xml version="1.0" encoding="utf-8"?>
<Event xmlns="http://schemas.microsoft.com/win/2004/08/events/event">
  <System>
    <Provider Name="Microsoft-Windows-TaskScheduler" Guid="DE7B24EA-73C8-4A09-985D-5BDADCFA9017">
    </Provider>
    <EventID>324</EventID>
    <Version>0</Version>
    <Level>3</Level>
    <Task>324</Task>
    <Opcode>0</Opcode>
    <Keywords>0x8000000000000000</Keywords>
    <TimeCreated SystemTime="2025-07-02T22:50:49.065086Z">
    </TimeCreated>
    <EventRecordID>130</EventRecordID>
    <Correlation ActivityID="FE1E74FF-3037-46CD-BD8C-CD4A546FC975">
    </Correlation>
    <Execution ProcessID="1060" ThreadID="10288">
    </Execution>
    <Channel>Microsoft-Windows-TaskScheduler/Operational</Channel>
    <Computer>DESKTOP-P5L8521</Computer>
    <Security UserID="S-1-5-18">
    </Security>
  </System>
  <EventData Name="NewInstanceQueued">
    <Data Name="TaskName">\microsoft\windows\applicationdata\appuriverifierinstall</Data>
    <Data Name="QueuedTaskInstanceId">FE1E74FF-3037-46CD-BD8C-CD4A546FC975</Data>
    <Data Name="RunningTaskInstanceId">4C8947CF-3A58-4B46-98DD-A17518F44CD3</Data>
  </EventData>
</Event>
Record 131
<?xml version="1.0" encoding="utf-8"?>
<Event xmlns="http://schemas.microsoft.com/win/2004/08/events/event">
  <System>
    <Provider Name="Microsoft-Windows-TaskScheduler" Guid="DE7B24EA-73C8-4A09-985D-5BDADCFA9017">
    </Provider>
    <EventID>201</EventID>
    <Version>2</Version>
    <Level>4</Level>
    <Task>201</Task>
    <Opcode>2</Opcode>
    <Keywords>0x8000000000000000</Keywords>
    <TimeCreated SystemTime="2025-07-02T22:50:49.181851Z">
    </TimeCreated>
    <EventRecordID>131</EventRecordID>
    <Correlation ActivityID="4C8947CF-3A58-4B46-98DD-A17518F44CD3">
    </Correlation>
    <Execution ProcessID="1060" ThreadID="10288">
    </Execution>
    <Channel>Microsoft-Windows-TaskScheduler/Operational</Channel>
    <Computer>DESKTOP-P5L8521</Computer>
    <Security UserID="S-1-5-18">
    </Security>
  </System>
  <EventData Name="ActionSuccess">
    <Data Name="TaskName">\microsoft\windows\applicationdata\appuriverifierinstall</Data>
    <Data Name="TaskInstanceId">4C8947CF-3A58-4B46-98DD-A17518F44CD3</Data>
    <Data Name="ActionName">%windir%\system32\AppHostRegistrationVerifier.exe</Data>
    <Data Name="ResultCode">0</Data>
    <Data Name="EnginePID">8232</Data>
  </EventData>
</Event>
Record 132
<?xml version="1.0" encoding="utf-8"?>
<Event xmlns="http://schemas.microsoft.com/win/2004/08/events/event">
  <System>
    <Provider Name="Microsoft-Windows-TaskScheduler" Guid="DE7B24EA-73C8-4A09-985D-5BDADCFA9017">
    </Provider>
    <EventID>102</EventID>
    <Version>0</Version>
    <Level>4</Level>
    <Task>102</Task>
    <Opcode>2</Opcode>
    <Keywords>0x8000000000000001</Keywords>
    <TimeCreated SystemTime="2025-07-02T22:50:49.181969Z">
    </TimeCreated>
    <EventRecordID>132</EventRecordID>
    <Correlation ActivityID="4C8947CF-3A58-4B46-98DD-A17518F44CD3">
    </Correlation>
    <Execution ProcessID="1060" ThreadID="10288">
    </Execution>
    <Channel>Microsoft-Windows-TaskScheduler/Operational</Channel>
    <Computer>DESKTOP-P5L8521</Computer>
    <Security UserID="S-1-5-18">
    </Security>
  </System>
  <EventData Name="TaskSuccessEvent">
    <Data Name="TaskName">\microsoft\windows\applicationdata\appuriverifierinstall</Data>
    <Data Name="UserContext">DESKTOP-P5L8521\thom</Data>
    <Data Name="InstanceId">4C8947CF-3A58-4B46-98DD-A17518F44CD3</Data>
  </EventData>
</Event>
Record 133
<?xml version="1.0" encoding="utf-8"?>
<Event xmlns="http://schemas.microsoft.com/win/2004/08/events/event">
  <System>
    <Provider Name="Microsoft-Windows-TaskScheduler" Guid="DE7B24EA-73C8-4A09-985D-5BDADCFA9017">
    </Provider>
    <EventID>129</EventID>
    <Version>0</Version>
    <Level>4</Level>
    <Task>129</Task>
    <Opcode>0</Opcode>
    <Keywords>0x8000000000000000</Keywords>
    <TimeCreated SystemTime="2025-07-02T22:50:49.184000Z">
    </TimeCreated>
    <EventRecordID>133</EventRecordID>
    <Correlation>
    </Correlation>
    <Execution ProcessID="1060" ThreadID="13168">
    </Execution>
    <Channel>Microsoft-Windows-TaskScheduler/Operational</Channel>
    <Computer>DESKTOP-P5L8521</Computer>
    <Security UserID="S-1-5-18">
    </Security>
  </System>
  <EventData Name="CreatedTaskProcess">
    <Data Name="TaskName">\microsoft\windows\applicationdata\appuriverifierinstall</Data>
    <Data Name="Path">%windir%\system32\AppHostRegistrationVerifier.exe</Data>
    <Data Name="ProcessID">10144</Data>
    <Data Name="Priority">16384</Data>
  </EventData>
</Event>
Record 134
<?xml version="1.0" encoding="utf-8"?>
<Event xmlns="http://schemas.microsoft.com/win/2004/08/events/event">
  <System>
    <Provider Name="Microsoft-Windows-TaskScheduler" Guid="DE7B24EA-73C8-4A09-985D-5BDADCFA9017">
    </Provider>
    <EventID>100</EventID>
    <Version>0</Version>
    <Level>4</Level>
    <Task>100</Task>
    <Opcode>1</Opcode>
    <Keywords>0x8000000000000001</Keywords>
    <TimeCreated SystemTime="2025-07-02T22:50:49.184097Z">
    </TimeCreated>
    <EventRecordID>134</EventRecordID>
    <Correlation ActivityID="F1AC729C-6152-4AD1-84FD-00E9A08E7783">
    </Correlation>
    <Execution ProcessID="1060" ThreadID="13168">
    </Execution>
    <Channel>Microsoft-Windows-TaskScheduler/Operational</Channel>
    <Computer>DESKTOP-P5L8521</Computer>
    <Security UserID="S-1-5-18">
    </Security>
  </System>
  <EventData Name="TaskStartEvent">
    <Data Name="TaskName">\microsoft\windows\applicationdata\appuriverifierinstall</Data>
    <Data Name="UserContext">DESKTOP-P5L8521\zeus</Data>
    <Data Name="InstanceId">F1AC729C-6152-4AD1-84FD-00E9A08E7783</Data>
  </EventData>
</Event>
Record 135
<?xml version="1.0" encoding="utf-8"?>
<Event xmlns="http://schemas.microsoft.com/win/2004/08/events/event">
  <System>
    <Provider Name="Microsoft-Windows-TaskScheduler" Guid="DE7B24EA-73C8-4A09-985D-5BDADCFA9017">
    </Provider>
    <EventID>200</EventID>
    <Version>1</Version>
    <Level>4</Level>
    <Task>200</Task>
    <Opcode>1</Opcode>
    <Keywords>0x8000000000000000</Keywords>
    <TimeCreated SystemTime="2025-07-02T22:50:49.184098Z">
    </TimeCreated>
    <EventRecordID>135</EventRecordID>
    <Correlation ActivityID="F1AC729C-6152-4AD1-84FD-00E9A08E7783">
    </Correlation>
    <Execution ProcessID="1060" ThreadID="13168">
    </Execution>
    <Channel>Microsoft-Windows-TaskScheduler/Operational</Channel>
    <Computer>DESKTOP-P5L8521</Computer>
    <Security UserID="S-1-5-18">
    </Security>
  </System>
  <EventData Name="ActionStart">
    <Data Name="TaskName">\microsoft\windows\applicationdata\appuriverifierinstall</Data>
    <Data Name="ActionName">%windir%\system32\AppHostRegistrationVerifier.exe</Data>
    <Data Name="TaskInstanceId">F1AC729C-6152-4AD1-84FD-00E9A08E7783</Data>
    <Data Name="EnginePID">10144</Data>
  </EventData>
</Event>
