Record 136
<?xml version="1.0" encoding="utf-8"?>
<Event xmlns="http://schemas.microsoft.com/win/2004/08/events/event">
  <System>
    <Provider Name="Microsoft-Windows-TaskScheduler" Guid="DE7B24EA-73C8-4A09-985D-5BDADCFA9017">
    </Provider>
    <EventID>201</EventID>
    <Version>2</Version>
    <Level>4</Level>
    <Task>201</Task>
    <Opcode>2</Opcode>
    <Keywords>0x8000000000000000</Keywords>
    <TimeCreated SystemTime="2025-07-02T22:50:49.197870Z">
    </TimeCreated>
    <EventRecordID>136</EventRecordID>
    <Correlation ActivityID="F1AC729C-6152-4AD1-84FD-00E9A08E7783">
    </Correlation>
    <Execution ProcessID="1060" ThreadID="10288">
    </Execution>
    <Channel>Microsoft-Windows-TaskScheduler/Operational</Channel>
    <Computer>DESKTOP-P5L8521</Computer>
    <Security UserID="S-1-5-18">
    </Security>
  </System>
  <EventData Name="ActionSuccess">
    <Data Name="TaskName">\microsoft\windows\applicationdata\appuriverifierinstall</Data>
    <Data Name="TaskInstanceId">F1AC729C-6152-4AD1-84FD-00E9A08E7783</Data>
    <Data Name="ActionName">%windir%\system32\AppHostRegistrationVerifier.exe</Data>
    <Data Name="ResultCode">0</Data>
    <Data Name="EnginePID">10144</Data>
  </EventData>
</Event>
Record 137
<?xml version="1.0" encoding="utf-8"?>
<Event xmlns="http://schemas.microsoft.com/win/2004/08/events/event">
  <System>
    <Provider Name="Microsoft-Windows-TaskScheduler" Guid="DE7B24EA-73C8-4A09-985D-5BDADCFA9017">
    </Provider>
    <EventID>102</EventID>
    <Version>0</Version>
    <Level>4</Level>
    <Task>102</Task>
    <Opcode>2</Opcode>
    <Keywords>0x8000000000000001</Keywords>
    <TimeCreated SystemTime="2025-07-02T22:50:49.197996Z">
    </TimeCreated>
    <EventRecordID>137</EventRecordID>
    <Correlation ActivityID="F1AC729C-6152-4AD1-84FD-00E9A08E7783">
    </Correlation>
    <Execution ProcessID="1060" ThreadID="10288">
    </Execution>
    <Channel>Microsoft-Windows-TaskScheduler/Operational</Channel>
    <Computer>DESKTOP-P5L8521</Computer>
    <Security UserID="S-1-5-18">
    </Security>
  </System>
  <EventData Name="TaskSuccessEvent">
    <Data Name="TaskName">\microsoft\windows\applicationdata\appuriverifierinstall</Data>
    <Data Name="UserContext">DESKTOP-P5L8521\zeus</Data>
    <Data Name="InstanceId">F1AC729C-6152-4AD1-84FD-00E9A08E7783</Data>
  </EventData>
</Event>
Record 138
<?xml version="1.0" encoding="utf-8"?>
<Event xmlns="http://schemas.microsoft.com/win/2004/08/events/event">
  <System>
    <Provider Name="Microsoft-Windows-TaskScheduler" Guid="DE7B24EA-73C8-4A09-985D-5BDADCFA9017">
    </Provider>
    <EventID>129</EventID>
    <Version>0</Version>
    <Level>4</Level>
    <Task>129</Task>
    <Opcode>0</Opcode>
    <Keywords>0x8000000000000000</Keywords>
    <TimeCreated SystemTime="2025-07-02T22:50:49.200200Z">
    </TimeCreated>
    <EventRecordID>138</EventRecordID>
    <Correlation>
    </Correlation>
    <Execution ProcessID="1060" ThreadID="10504">
    </Execution>
    <Channel>Microsoft-Windows-TaskScheduler/Operational</Channel>
    <Computer>DESKTOP-P5L8521</Computer>
    <Security UserID="S-1-5-18">
    </Security>
  </System>
  <EventData Name="CreatedTaskProcess">
    <Data Name="TaskName">\microsoft\windows\applicationdata\appuriverifierinstall</Data>
    <Data Name="Path">%windir%\system32\AppHostRegistrationVerifier.exe</Data>
    <Data Name="ProcessID">10272</Data>
    <Data Name="Priority">16384</Data>
  </EventData>
</Event>
Record 139
<?xml version="1.0" encoding="utf-8"?>
<Event xmlns="http://schemas.microsoft.com/win/2004/08/events/event">
  <System>
    <Provider Name="Microsoft-Windows-TaskScheduler" Guid="DE7B24EA-73C8-4A09-985D-5BDADCFA9017">
    </Provider>
    <EventID>100</EventID>
    <Version>0</Version>
    <Level>4</Level>
    <Task>100</Task>
    <Opcode>1</Opcode>
    <Keywords>0x8000000000000001</Keywords>
    <TimeCreated SystemTime="2025-07-02T22:50:49.200482Z">
    </TimeCreated>
    <EventRecordID>139</EventRecordID>
    <Correlation ActivityID="7AA3D3FB-8C83-440B-B5C9-C92CCFF1734F">
    </Correlation>
    <Execution ProcessID="1060" ThreadID="10504">
    </Execution>
    <Channel>Microsoft-Windows-TaskScheduler/Operational</Channel>
    <Computer>DESKTOP-P5L8521</Computer>
    <Security UserID="S-1-5-18">
    </Security>
  </System>
  <EventData Name="TaskStartEvent">
    <Data Name="TaskName">\microsoft\windows\applicationdata\appuriverifierinstall</Data>
    <Data Name="UserContext">DESKTOP-P5L8521\agent</Data>
    <Data Name="InstanceId">7AA3D3FB-8C83-440B-B5C9-C92CCFF1734F</Data>
  </EventData>
</Event>
Record 140
<?xml version="1.0" encoding="utf-8"?>
<Event xmlns="http://schemas.microsoft.com/win/2004/08/events/event">
  <System>
    <Provider Name="Microsoft-Windows-TaskScheduler" Guid="DE7B24EA-73C8-4A09-985D-5BDADCFA9017">
    </Provider>
    <EventID>200</EventID>
    <Version>1</Version>
    <Level>4</Level>
    <Task>200</Task>
    <Opcode>1</Opcode>
    <Keywords>0x8000000000000000</Keywords>
    <TimeCreated SystemTime="2025-07-02T22:50:49.200483Z">
    </TimeCreated>
    <EventRecordID>140</EventRecordID>
    <Correlation ActivityID="7AA3D3FB-8C83-440B-B5C9-C92CCFF1734F">
    </Correlation>
    <Execution ProcessID="1060" ThreadID="10504">
    </Execution>
    <Channel>Microsoft-Windows-TaskScheduler/Operational</Channel>
    <Computer>DESKTOP-P5L8521</Computer>
    <Security UserID="S-1-5-18">
    </Security>
  </System>
  <EventData Name="ActionStart">
    <Data Name="TaskName">\microsoft\windows\applicationdata\appuriverifierinstall</Data>
    <Data Name="ActionName">%windir%\system32\AppHostRegistrationVerifier.exe</Data>
    <Data Name="TaskInstanceId">7AA3D3FB-8C83-440B-B5C9-C92CCFF1734F</Data>
    <Data Name="EnginePID">10272</Data>
  </EventData>
</Event>
Record 141
<?xml version="1.0" encoding="utf-8"?>
<Event xmlns="http://schemas.microsoft.com/win/2004/08/events/event">
  <System>
    <Provider Name="Microsoft-Windows-TaskScheduler" Guid="DE7B24EA-73C8-4A09-985D-5BDADCFA9017">
    </Provider>
    <EventID>201</EventID>
    <Version>2</Version>
    <Level>4</Level>
    <Task>201</Task>
    <Opcode>2</Opcode>
    <Keywords>0x8000000000000000</Keywords>
    <TimeCreated SystemTime="2025-07-02T22:50:49.219416Z">
    </TimeCreated>
    <EventRecordID>141</EventRecordID>
    <Correlation ActivityID="7AA3D3FB-8C83-440B-B5C9-C92CCFF1734F">
    </Correlation>
    <Execution ProcessID="1060" ThreadID="10288">
    </Execution>
    <Channel>Microsoft-Windows-TaskScheduler/Operational</Channel>
    <Computer>DESKTOP-P5L8521</Computer>
    <Security UserID="S-1-5-18">
    </Security>
  </System>
  <EventData Name="ActionSuccess">
    <Data Name="TaskName">\microsoft\windows\applicationdata\appuriverifierinstall</Data>
    <Data Name="TaskInstanceId">7AA3D3FB-8C83-440B-B5C9-C92CCFF1734F</Data>
    <Data Name="ActionName">%windir%\system32\AppHostRegistrationVerifier.exe</Data>
    <Data Name="ResultCode">0</Data>
    <Data Name="EnginePID">10272</Data>
  </EventData>
</Event>
Record 142
<?xml version="1.0" encoding="utf-8"?>
<Event xmlns="http://schemas.microsoft.com/win/2004/08/events/event">
  <System>
    <Provider Name="Microsoft-Windows-TaskScheduler" Guid="DE7B24EA-73C8-4A09-985D-5BDADCFA9017">
    </Provider>
    <EventID>102</EventID>
    <Version>0</Version>
    <Level>4</Level>
    <Task>102</Task>
    <Opcode>2</Opcode>
    <Keywords>0x8000000000000001</Keywords>
    <TimeCreated SystemTime="2025-07-02T22:50:49.219535Z">
    </TimeCreated>
    <EventRecordID>142</EventRecordID>
    <Correlation ActivityID="7AA3D3FB-8C83-440B-B5C9-C92CCFF1734F">
    </Correlation>
    <Execution ProcessID="1060" ThreadID="10288">
    </Execution>
    <Channel>Microsoft-Windows-TaskScheduler/Operational</Channel>
    <Computer>DESKTOP-P5L8521</Computer>
    <Security UserID="S-1-5-18">
    </Security>
  </System>
  <EventData Name="TaskSuccessEvent">
    <Data Name="TaskName">\microsoft\windows\applicationdata\appuriverifierinstall</Data>
    <Data Name="UserContext">DESKTOP-P5L8521\agent</Data>
    <Data Name="InstanceId">7AA3D3FB-8C83-440B-B5C9-C92CCFF1734F</Data>
  </EventData>
</Event>
Record 143
<?xml version="1.0" encoding="utf-8"?>
<Event xmlns="http://schemas.microsoft.com/win/2004/08/events/event">
  <System>
    <Provider Name="Microsoft-Windows-TaskScheduler" Guid="DE7B24EA-73C8-4A09-985D-5BDADCFA9017">
    </Provider>
    <EventID>129</EventID>
    <Version>0</Version>
    <Level>4</Level>
    <Task>129</Task>
    <Opcode>0</Opcode>
    <Keywords>0x8000000000000000</Keywords>
    <TimeCreated SystemTime="2025-07-02T22:50:49.221444Z">
    </TimeCreated>
    <EventRecordID>143</EventRecordID>
    <Correlation>
    </Correlation>
    <Execution ProcessID="1060" ThreadID="13168">
    </Execution>
    <Channel>Microsoft-Windows-TaskScheduler/Operational</Channel>
    <Computer>DESKTOP-P5L8521</Computer>
    <Security UserID="S-1-5-18">
    </Security>
  </System>
  <EventData Name="CreatedTaskProcess">
    <Data Name="TaskName">\microsoft\windows\applicationdata\appuriverifierinstall</Data>
    <Data Name="Path">%windir%\system32\AppHostRegistrationVerifier.exe</Data>
    <Data Name="ProcessID">2980</Data>
    <Data Name="Priority">16384</Data>
  </EventData>
</Event>
Record 144
<?xml version="1.0" encoding="utf-8"?>
<Event xmlns="http://schemas.microsoft.com/win/2004/08/events/event">
  <System>
    <Provider Name="Microsoft-Windows-TaskScheduler" Guid="DE7B24EA-73C8-4A09-985D-5BDADCFA9017">
    </Provider>
    <EventID>100</EventID>
    <Version>0</Version>
    <Level>4</Level>
    <Task>100</Task>
    <Opcode>1</Opcode>
    <Keywords>0x8000000000000001</Keywords>
    <TimeCreated SystemTime="2025-07-02T22:50:49.221546Z">
    </TimeCreated>
    <EventRecordID>144</EventRecordID>
    <Correlation ActivityID="4598DD0C-6993-4668-8A5F-6B3001899E1F">
    </Correlation>
    <Execution ProcessID="1060" ThreadID="13168">
    </Execution>
    <Channel>Microsoft-Windows-TaskScheduler/Operational</Channel>
    <Computer>DESKTOP-P5L8521</Computer>
    <Security UserID="S-1-5-18">
    </Security>
  </System>
  <EventData Name="TaskStartEvent">
    <Data Name="TaskName">\microsoft\windows\applicationdata\appuriverifierinstall</Data>
    <Data Name="UserContext">DESKTOP-P5L8521\thom</Data>
    <Data Name="InstanceId">4598DD0C-6993-4668-8A5F-6B3001899E1F</Data>
  </EventData>
</Event>
Record 145
<?xml version="1.0" encoding="utf-8"?>
<Event xmlns="http://schemas.microsoft.com/win/2004/08/events/event">
  <System>
    <Provider Name="Microsoft-Windows-TaskScheduler" Guid="DE7B24EA-73C8-4A09-985D-5BDADCFA9017">
    </Provider>
    <EventID>200</EventID>
    <Version>1</Version>
    <Level>4</Level>
    <Task>200</Task>
    <Opcode>1</Opcode>
    <Keywords>0x8000000000000000</Keywords>
    <TimeCreated SystemTime="2025-07-02T22:50:49.221547Z">
    </TimeCreated>
    <EventRecordID>145</EventRecordID>
    <Correlation ActivityID="4598DD0C-6993-4668-8A5F-6B3001899E1F">
    </Correlation>
    <Execution ProcessID="1060" ThreadID="13168">
    </Execution>
    <Channel>Microsoft-Windows-TaskScheduler/Operational</Channel>
    <Computer>DESKTOP-P5L8521</Computer>
    <Security UserID="S-1-5-18">
    </Security>
  </System>
  <EventData Name="ActionStart">
    <Data Name="TaskName">\microsoft\windows\applicationdata\appuriverifierinstall</Data>
    <Data Name="ActionName">%windir%\system32\AppHostRegistrationVerifier.exe</Data>
    <Data Name="TaskInstanceId">4598DD0C-6993-4668-8A5F-6B3001899E1F</Data>
    <Data Name="EnginePID">2980</Data>
  </EventData>
</Event>
Record 146
<?xml version="1.0" encoding="utf-8"?>
<Event xmlns="http://schemas.microsoft.com/win/2004/08/events/event">
  <System>
    <Provider Name="Microsoft-Windows-TaskScheduler" Guid="DE7B24EA-73C8-4A09-985D-5BDADCFA9017">
    </Provider>
    <EventID>201</EventID>
    <Version>2</Version>
    <Level>4</Level>
    <Task>201</Task>
    <Opcode>2</Opcode>
    <Keywords>0x8000000000000000</Keywords>
    <TimeCreated SystemTime="2025-07-02T22:50:49.236657Z">
    </TimeCreated>
    <EventRecordID>146</EventRecordID>
    <Correlation ActivityID="4598DD0C-6993-4668-8A5F-6B3001899E1F">
    </Correlation>
    <Execution ProcessID="1060" ThreadID="10288">
    </Execution>
    <Channel>Microsoft-Windows-TaskScheduler/Operational</Channel>
    <Computer>DESKTOP-P5L8521</Computer>
    <Security UserID="S-1-5-18">
    </Security>
  </System>
  <EventData Name="ActionSuccess">
    <Data Name="TaskName">\microsoft\windows\applicationdata\appuriverifierinstall</Data>
    <Data Name="TaskInstanceId">4598DD0C-6993-4668-8A5F-6B3001899E1F</Data>
    <Data Name="ActionName">%windir%\system32\AppHostRegistrationVerifier.exe</Data>
    <Data Name="ResultCode">0</Data>
    <Data Name="EnginePID">2980</Data>
  </EventData>
</Event>
Record 147
<?xml version="1.0" encoding="utf-8"?>
<Event xmlns="http://schemas.microsoft.com/win/2004/08/events/event">
  <System>
    <Provider Name="Microsoft-Windows-TaskScheduler" Guid="DE7B24EA-73C8-4A09-985D-5BDADCFA9017">
    </Provider>
    <EventID>102</EventID>
    <Version>0</Version>
    <Level>4</Level>
    <Task>102</Task>
    <Opcode>2</Opcode>
    <Keywords>0x8000000000000001</Keywords>
    <TimeCreated SystemTime="2025-07-02T22:50:49.236772Z">
    </TimeCreated>
    <EventRecordID>147</EventRecordID>
    <Correlation ActivityID="4598DD0C-6993-4668-8A5F-6B3001899E1F">
    </Correlation>
    <Execution ProcessID="1060" ThreadID="10288">
    </Execution>
    <Channel>Microsoft-Windows-TaskScheduler/Operational</Channel>
    <Computer>DESKTOP-P5L8521</Computer>
    <Security UserID="S-1-5-18">
    </Security>
  </System>
  <EventData Name="TaskSuccessEvent">
    <Data Name="TaskName">\microsoft\windows\applicationdata\appuriverifierinstall</Data>
    <Data Name="UserContext">DESKTOP-P5L8521\thom</Data>
    <Data Name="InstanceId">4598DD0C-6993-4668-8A5F-6B3001899E1F</Data>
  </EventData>
</Event>
Record 148
<?xml version="1.0" encoding="utf-8"?>
<Event xmlns="http://schemas.microsoft.com/win/2004/08/events/event">
  <System>
    <Provider Name="Microsoft-Windows-TaskScheduler" Guid="DE7B24EA-73C8-4A09-985D-5BDADCFA9017">
    </Provider>
    <EventID>129</EventID>
    <Version>0</Version>
    <Level>4</Level>
    <Task>129</Task>
    <Opcode>0</Opcode>
    <Keywords>0x8000000000000000</Keywords>
    <TimeCreated SystemTime="2025-07-02T22:50:49.238945Z">
    </TimeCreated>
    <EventRecordID>148</EventRecordID>
    <Correlation>
    </Correlation>
    <Execution ProcessID="1060" ThreadID="13168">
    </Execution>
    <Channel>Microsoft-Windows-TaskScheduler/Operational</Channel>
    <Computer>DESKTOP-P5L8521</Computer>
    <Security UserID="S-1-5-18">
    </Security>
  </System>
  <EventData Name="CreatedTaskProcess">
    <Data Name="TaskName">\microsoft\windows\applicationdata\appuriverifierinstall</Data>
    <Data Name="Path">%windir%\system32\AppHostRegistrationVerifier.exe</Data>
    <Data Name="ProcessID">12048</Data>
    <Data Name="Priority">16384</Data>
  </EventData>
</Event>
Record 149
<?xml version="1.0" encoding="utf-8"?>
<Event xmlns="http://schemas.microsoft.com/win/2004/08/events/event">
  <System>
    <Provider Name="Microsoft-Windows-TaskScheduler" Guid="DE7B24EA-73C8-4A09-985D-5BDADCFA9017">
    </Provider>
    <EventID>100</EventID>
    <Version>0</Version>
    <Level>4</Level>
    <Task>100</Task>
    <Opcode>1</Opcode>
    <Keywords>0x8000000000000001</Keywords>
    <TimeCreated SystemTime="2025-07-02T22:50:49.239047Z">
    </TimeCreated>
    <EventRecordID>149</EventRecordID>
    <Correlation ActivityID="5EC3FC64-9687-4142-B03D-29BBA94C5FC3">
    </Correlation>
    <Execution ProcessID="1060" ThreadID="13168">
    </Execution>
    <Channel>Microsoft-Windows-TaskScheduler/Operational</Channel>
    <Computer>DESKTOP-P5L8521</Computer>
    <Security UserID="S-1-5-18">
    </Security>
  </System>
  <EventData Name="TaskStartEvent">
    <Data Name="TaskName">\microsoft\windows\applicationdata\appuriverifierinstall</Data>
    <Data Name="UserContext">DESKTOP-P5L8521\zeus</Data>
    <Data Name="InstanceId">5EC3FC64-9687-4142-B03D-29BBA94C5FC3</Data>
  </EventData>
</Event>
Record 150
<?xml version="1.0" encoding="utf-8"?>
<Event xmlns="http://schemas.microsoft.com/win/2004/08/events/event">
  <System>
    <Provider Name="Microsoft-Windows-TaskScheduler" Guid="DE7B24EA-73C8-4A09-985D-5BDADCFA9017">
    </Provider>
    <EventID>200</EventID>
    <Version>1</Version>
    <Level>4</Level>
    <Task>200</Task>
    <Opcode>1</Opcode>
    <Keywords>0x8000000000000000</Keywords>
    <TimeCreated SystemTime="2025-07-02T22:50:49.239048Z">
    </TimeCreated>
    <EventRecordID>150</EventRecordID>
    <Correlation ActivityID="5EC3FC64-9687-4142-B03D-29BBA94C5FC3">
    </Correlation>
    <Execution ProcessID="1060" ThreadID="13168">
    </Execution>
    <Channel>Microsoft-Windows-TaskScheduler/Operational</Channel>
    <Computer>DESKTOP-P5L8521</Computer>
    <Security UserID="S-1-5-18">
    </Security>
  </System>
  <EventData Name="ActionStart">
    <Data Name="TaskName">\microsoft\windows\applicationdata\appuriverifierinstall</Data>
    <Data Name="ActionName">%windir%\system32\AppHostRegistrationVerifier.exe</Data>
    <Data Name="TaskInstanceId">5EC3FC64-9687-4142-B03D-29BBA94C5FC3</Data>
    <Data Name="EnginePID">12048</Data>
  </EventData>
</Event>
Record 151
<?xml version="1.0" encoding="utf-8"?>
<Event xmlns="http://schemas.microsoft.com/win/2004/08/events/event">
  <System>
    <Provider Name="Microsoft-Windows-TaskScheduler" Guid="DE7B24EA-73C8-4A09-985D-5BDADCFA9017">
    </Provider>
    <EventID>201</EventID>
    <Version>2</Version>
    <Level>4</Level>
    <Task>201</Task>
    <Opcode>2</Opcode>
    <Keywords>0x8000000000000000</Keywords>
    <TimeCreated SystemTime="2025-07-02T22:50:49.256007Z">
    </TimeCreated>
    <EventRecordID>151</EventRecordID>
    <Correlation ActivityID="5EC3FC64-9687-4142-B03D-29BBA94C5FC3">
    </Correlation>
    <Execution ProcessID="1060" ThreadID="10288">
    </Execution>
    <Channel>Microsoft-Windows-TaskScheduler/Operational</Channel>
    <Computer>DESKTOP-P5L8521</Computer>
    <Security UserID="S-1-5-18">
    </Security>
  </System>
  <EventData Name="ActionSuccess">
    <Data Name="TaskName">\microsoft\windows\applicationdata\appuriverifierinstall</Data>
    <Data Name="TaskInstanceId">5EC3FC64-9687-4142-B03D-29BBA94C5FC3</Data>
    <Data Name="ActionName">%windir%\system32\AppHostRegistrationVerifier.exe</Data>
    <Data Name="ResultCode">0</Data>
    <Data Name="EnginePID">12048</Data>
  </EventData>
</Event>
Record 152
<?xml version="1.0" encoding="utf-8"?>
<Event xmlns="http://schemas.microsoft.com/win/2004/08/events/event">
  <System>
    <Provider Name="Microsoft-Windows-TaskScheduler" Guid="DE7B24EA-73C8-4A09-985D-5BDADCFA9017">
    </Provider>
    <EventID>102</EventID>
    <Version>0</Version>
    <Level>4</Level>
    <Task>102</Task>
    <Opcode>2</Opcode>
    <Keywords>0x8000000000000001</Keywords>
    <TimeCreated SystemTime="2025-07-02T22:50:49.256126Z">
    </TimeCreated>
    <EventRecordID>152</EventRecordID>
    <Correlation ActivityID="5EC3FC64-9687-4142-B03D-29BBA94C5FC3">
    </Correlation>
    <Execution ProcessID="1060" ThreadID="10288">
    </Execution>
    <Channel>Microsoft-Windows-TaskScheduler/Operational</Channel>
    <Computer>DESKTOP-P5L8521</Computer>
    <Security UserID="S-1-5-18">
    </Security>
  </System>
  <EventData Name="TaskSuccessEvent">
    <Data Name="TaskName">\microsoft\windows\applicationdata\appuriverifierinstall</Data>
    <Data Name="UserContext">DESKTOP-P5L8521\zeus</Data>
    <Data Name="InstanceId">5EC3FC64-9687-4142-B03D-29BBA94C5FC3</Data>
  </EventData>
</Event>
Record 153
<?xml version="1.0" encoding="utf-8"?>
<Event xmlns="http://schemas.microsoft.com/win/2004/08/events/event">
  <System>
    <Provider Name="Microsoft-Windows-TaskScheduler" Guid="DE7B24EA-73C8-4A09-985D-5BDADCFA9017">
    </Provider>
    <EventID>129</EventID>
    <Version>0</Version>
    <Level>4</Level>
    <Task>129</Task>
    <Opcode>0</Opcode>
    <Keywords>0x8000000000000000</Keywords>
    <TimeCreated SystemTime="2025-07-02T22:50:49.258411Z">
    </TimeCreated>
    <EventRecordID>153</EventRecordID>
    <Correlation>
    </Correlation>
    <Execution ProcessID="1060" ThreadID="2328">
    </Execution>
    <Channel>Microsoft-Windows-TaskScheduler/Operational</Channel>
    <Computer>DESKTOP-P5L8521</Computer>
    <Security UserID="S-1-5-18">
    </Security>
  </System>
  <EventData Name="CreatedTaskProcess">
    <Data Name="TaskName">\microsoft\windows\applicationdata\appuriverifierinstall</Data>
    <Data Name="Path">%windir%\system32\AppHostRegistrationVerifier.exe</Data>
    <Data Name="ProcessID">4784</Data>
    <Data Name="Priority">16384</Data>
  </EventData>
</Event>
Record 154
<?xml version="1.0" encoding="utf-8"?>
<Event xmlns="http://schemas.microsoft.com/win/2004/08/events/event">
  <System>
    <Provider Name="Microsoft-Windows-TaskScheduler" Guid="DE7B24EA-73C8-4A09-985D-5BDADCFA9017">
    </Provider>
    <EventID>100</EventID>
    <Version>0</Version>
    <Level>4</Level>
    <Task>100</Task>
    <Opcode>1</Opcode>
    <Keywords>0x8000000000000001</Keywords>
    <TimeCreated SystemTime="2025-07-02T22:50:49.258509Z">
    </TimeCreated>
    <EventRecordID>154</EventRecordID>
    <Correlation ActivityID="2CF2E27B-7F79-410C-AEFF-B0D57F8FEF88">
    </Correlation>
    <Execution ProcessID="1060" ThreadID="2328">
    </Execution>
    <Channel>Microsoft-Windows-TaskScheduler/Operational</Channel>
    <Computer>DESKTOP-P5L8521</Computer>
    <Security UserID="S-1-5-18">
    </Security>
  </System>
  <EventData Name="TaskStartEvent">
    <Data Name="TaskName">\microsoft\windows\applicationdata\appuriverifierinstall</Data>
    <Data Name="UserContext">DESKTOP-P5L8521\agent</Data>
    <Data Name="InstanceId">2CF2E27B-7F79-410C-AEFF-B0D57F8FEF88</Data>
  </EventData>
</Event>
Record 155
<?xml version="1.0" encoding="utf-8"?>
<Event xmlns="http://schemas.microsoft.com/win/2004/08/events/event">
  <System>
    <Provider Name="Microsoft-Windows-TaskScheduler" Guid="DE7B24EA-73C8-4A09-985D-5BDADCFA9017">
    </Provider>
    <EventID>200</EventID>
    <Version>1</Version>
    <Level>4</Level>
    <Task>200</Task>
    <Opcode>1</Opcode>
    <Keywords>0x8000000000000000</Keywords>
    <TimeCreated SystemTime="2025-07-02T22:50:49.258510Z">
    </TimeCreated>
    <EventRecordID>155</EventRecordID>
    <Correlation ActivityID="2CF2E27B-7F79-410C-AEFF-B0D57F8FEF88">
    </Correlation>
    <Execution ProcessID="1060" ThreadID="2328">
    </Execution>
    <Channel>Microsoft-Windows-TaskScheduler/Operational</Channel>
    <Computer>DESKTOP-P5L8521</Computer>
    <Security UserID="S-1-5-18">
    </Security>
  </System>
  <EventData Name="ActionStart">
    <Data Name="TaskName">\microsoft\windows\applicationdata\appuriverifierinstall</Data>
    <Data Name="ActionName">%windir%\system32\AppHostRegistrationVerifier.exe</Data>
    <Data Name="TaskInstanceId">2CF2E27B-7F79-410C-AEFF-B0D57F8FEF88</Data>
    <Data Name="EnginePID">4784</Data>
  </EventData>
</Event>
Record 156
<?xml version="1.0" encoding="utf-8"?>
<Event xmlns="http://schemas.microsoft.com/win/2004/08/events/event">
  <System>
    <Provider Name="Microsoft-Windows-TaskScheduler" Guid="DE7B24EA-73C8-4A09-985D-5BDADCFA9017">
    </Provider>
    <EventID>201</EventID>
    <Version>2</Version>
    <Level>4</Level>
    <Task>201</Task>
    <Opcode>2</Opcode>
    <Keywords>0x8000000000000000</Keywords>
    <TimeCreated SystemTime="2025-07-02T22:50:49.276472Z">
    </TimeCreated>
    <EventRecordID>156</EventRecordID>
    <Correlation ActivityID="2CF2E27B-7F79-410C-AEFF-B0D57F8FEF88">
    </Correlation>
    <Execution ProcessID="1060" ThreadID="10288">
    </Execution>
    <Channel>Microsoft-Windows-TaskScheduler/Operational</Channel>
    <Computer>DESKTOP-P5L8521</Computer>
    <Security UserID="S-1-5-18">
    </Security>
  </System>
  <EventData Name="ActionSuccess">
    <Data Name="TaskName">\microsoft\windows\applicationdata\appuriverifierinstall</Data>
    <Data Name="TaskInstanceId">2CF2E27B-7F79-410C-AEFF-B0D57F8FEF88</Data>
    <Data Name="ActionName">%windir%\system32\AppHostRegistrationVerifier.exe</Data>
    <Data Name="ResultCode">0</Data>
    <Data Name="EnginePID">4784</Data>
  </EventData>
</Event>
Record 157
<?xml version="1.0" encoding="utf-8"?>
<Event xmlns="http://schemas.microsoft.com/win/2004/08/events/event">
  <System>
    <Provider Name="Microsoft-Windows-TaskScheduler" Guid="DE7B24EA-73C8-4A09-985D-5BDADCFA9017">
    </Provider>
    <EventID>102</EventID>
    <Version>0</Version>
    <Level>4</Level>
    <Task>102</Task>
    <Opcode>2</Opcode>
    <Keywords>0x8000000000000001</Keywords>
    <TimeCreated SystemTime="2025-07-02T22:50:49.276593Z">
    </TimeCreated>
    <EventRecordID>157</EventRecordID>
    <Correlation ActivityID="2CF2E27B-7F79-410C-AEFF-B0D57F8FEF88">
    </Correlation>
    <Execution ProcessID="1060" ThreadID="10288">
    </Execution>
    <Channel>Microsoft-Windows-TaskScheduler/Operational</Channel>
    <Computer>DESKTOP-P5L8521</Computer>
    <Security UserID="S-1-5-18">
    </Security>
  </System>
  <EventData Name="TaskSuccessEvent">
    <Data Name="TaskName">\microsoft\windows\applicationdata\appuriverifierinstall</Data>
    <Data Name="UserContext">DESKTOP-P5L8521\agent</Data>
    <Data Name="InstanceId">2CF2E27B-7F79-410C-AEFF-B0D57F8FEF88</Data>
  </EventData>
</Event>
Record 158
<?xml version="1.0" encoding="utf-8"?>
<Event xmlns="http://schemas.microsoft.com/win/2004/08/events/event">
  <System>
    <Provider Name="Microsoft-Windows-TaskScheduler" Guid="DE7B24EA-73C8-4A09-985D-5BDADCFA9017">
    </Provider>
    <EventID>129</EventID>
    <Version>0</Version>
    <Level>4</Level>
    <Task>129</Task>
    <Opcode>0</Opcode>
    <Keywords>0x8000000000000000</Keywords>
    <TimeCreated SystemTime="2025-07-02T22:51:35.503418Z">
    </TimeCreated>
    <EventRecordID>158</EventRecordID>
    <Correlation>
    </Correlation>
    <Execution ProcessID="1060" ThreadID="10288">
    </Execution>
    <Channel>Microsoft-Windows-TaskScheduler/Operational</Channel>
    <Computer>DESKTOP-P5L8521</Computer>
    <Security UserID="S-1-5-18">
    </Security>
  </System>
  <EventData Name="CreatedTaskProcess">
    <Data Name="TaskName">\Microsoft\Windows\CertificateServicesClient\KeyPreGenTask</Data>
    <Data Name="Path">taskhostw.exe</Data>
    <Data Name="ProcessID">9312</Data>
    <Data Name="Priority">16384</Data>
  </EventData>
</Event>
Record 159
<?xml version="1.0" encoding="utf-8"?>
<Event xmlns="http://schemas.microsoft.com/win/2004/08/events/event">
  <System>
    <Provider Name="Microsoft-Windows-TaskScheduler" Guid="DE7B24EA-73C8-4A09-985D-5BDADCFA9017">
    </Provider>
    <EventID>100</EventID>
    <Version>0</Version>
    <Level>4</Level>
    <Task>100</Task>
    <Opcode>1</Opcode>
    <Keywords>0x8000000000000001</Keywords>
    <TimeCreated SystemTime="2025-07-02T22:51:35.503556Z">
    </TimeCreated>
    <EventRecordID>159</EventRecordID>
    <Correlation ActivityID="BB9DB362-27F9-44D8-894B-42AD1BE796B0">
    </Correlation>
    <Execution ProcessID="1060" ThreadID="10288">
    </Execution>
    <Channel>Microsoft-Windows-TaskScheduler/Operational</Channel>
    <Computer>DESKTOP-P5L8521</Computer>
    <Security UserID="S-1-5-18">
    </Security>
  </System>
  <EventData Name="TaskStartEvent">
    <Data Name="TaskName">\Microsoft\Windows\CertificateServicesClient\KeyPreGenTask</Data>
    <Data Name="UserContext">NT AUTHORITY\SYSTEM</Data>
    <Data Name="InstanceId">BB9DB362-27F9-44D8-894B-42AD1BE796B0</Data>
  </EventData>
</Event>
Record 160
<?xml version="1.0" encoding="utf-8"?>
<Event xmlns="http://schemas.microsoft.com/win/2004/08/events/event">
  <System>
    <Provider Name="Microsoft-Windows-TaskScheduler" Guid="DE7B24EA-73C8-4A09-985D-5BDADCFA9017">
    </Provider>
    <EventID>200</EventID>
    <Version>1</Version>
    <Level>4</Level>
    <Task>200</Task>
    <Opcode>1</Opcode>
    <Keywords>0x8000000000000000</Keywords>
    <TimeCreated SystemTime="2025-07-02T22:51:35.503557Z">
    </TimeCreated>
    <EventRecordID>160</EventRecordID>
    <Correlation ActivityID="BB9DB362-27F9-44D8-894B-42AD1BE796B0">
    </Correlation>
    <Execution ProcessID="1060" ThreadID="10288">
    </Execution>
    <Channel>Microsoft-Windows-TaskScheduler/Operational</Channel>
    <Computer>DESKTOP-P5L8521</Computer>
    <Security UserID="S-1-5-18">
    </Security>
  </System>
  <EventData Name="ActionStart">
    <Data Name="TaskName">\Microsoft\Windows\CertificateServicesClient\KeyPreGenTask</Data>
    <Data Name="ActionName">NGC Pregeneration Task Handler</Data>
    <Data Name="TaskInstanceId">BB9DB362-27F9-44D8-894B-42AD1BE796B0</Data>
    <Data Name="EnginePID">9312</Data>
  </EventData>
</Event>
Record 161
<?xml version="1.0" encoding="utf-8"?>
<Event xmlns="http://schemas.microsoft.com/win/2004/08/events/event">
  <System>
    <Provider Name="Microsoft-Windows-TaskScheduler" Guid="DE7B24EA-73C8-4A09-985D-5BDADCFA9017">
    </Provider>
    <EventID>202</EventID>
    <Version>1</Version>
    <Level>2</Level>
    <Task>202</Task>
    <Opcode>102</Opcode>
    <Keywords>0x8000000000000000</Keywords>
    <TimeCreated SystemTime="2025-07-02T22:51:35.518983Z">
    </TimeCreated>
    <EventRecordID>161</EventRecordID>
    <Correlation ActivityID="BB9DB362-27F9-44D8-894B-42AD1BE796B0">
    </Correlation>
    <Execution ProcessID="1060" ThreadID="10288">
    </Execution>
    <Channel>Microsoft-Windows-TaskScheduler/Operational</Channel>
    <Computer>DESKTOP-P5L8521</Computer>
    <Security UserID="S-1-5-18">
    </Security>
  </System>
  <EventData Name="ActionFailure">
    <Data Name="TaskName">\Microsoft\Windows\CertificateServicesClient\KeyPreGenTask</Data>
    <Data Name="TaskInstanceId">BB9DB362-27F9-44D8-894B-42AD1BE796B0</Data>
    <Data Name="ActionName">NGC Pregeneration Task Handler</Data>
    <Data Name="ResultCode">2148073520</Data>
    <Data Name="EnginePID">9312</Data>
  </EventData>
</Event>
Record 162
<?xml version="1.0" encoding="utf-8"?>
<Event xmlns="http://schemas.microsoft.com/win/2004/08/events/event">
  <System>
    <Provider Name="Microsoft-Windows-TaskScheduler" Guid="DE7B24EA-73C8-4A09-985D-5BDADCFA9017">
    </Provider>
    <EventID>103</EventID>
    <Version>0</Version>
    <Level>2</Level>
    <Task>103</Task>
    <Opcode>102</Opcode>
    <Keywords>0x8000000000000001</Keywords>
    <TimeCreated SystemTime="2025-07-02T22:51:35.518984Z">
    </TimeCreated>
    <EventRecordID>162</EventRecordID>
    <Correlation ActivityID="BB9DB362-27F9-44D8-894B-42AD1BE796B0">
    </Correlation>
    <Execution ProcessID="1060" ThreadID="10288">
    </Execution>
    <Channel>Microsoft-Windows-TaskScheduler/Operational</Channel>
    <Computer>DESKTOP-P5L8521</Computer>
    <Security UserID="S-1-5-18">
    </Security>
  </System>
  <EventData Name="TaskFailureEvent">
    <Data Name="TaskName">\Microsoft\Windows\CertificateServicesClient\KeyPreGenTask</Data>
    <Data Name="InstanceId">BB9DB362-27F9-44D8-894B-42AD1BE796B0</Data>
    <Data Name="UserContext">NT AUTHORITY\SYSTEM</Data>
    <Data Name="ResultCode">2148073520</Data>
  </EventData>
</Event>
Record 163
<?xml version="1.0" encoding="utf-8"?>
<Event xmlns="http://schemas.microsoft.com/win/2004/08/events/event">
  <System>
    <Provider Name="Microsoft-Windows-TaskScheduler" Guid="DE7B24EA-73C8-4A09-985D-5BDADCFA9017">
    </Provider>
    <EventID>140</EventID>
    <Version>0</Version>
    <Level>4</Level>
    <Task>140</Task>
    <Opcode>0</Opcode>
    <Keywords>0x8000000000000000</Keywords>
    <TimeCreated SystemTime="2025-07-02T22:51:36.142758Z">
    </TimeCreated>
    <EventRecordID>163</EventRecordID>
    <Correlation>
    </Correlation>
    <Execution ProcessID="1060" ThreadID="10288">
    </Execution>
    <Channel>Microsoft-Windows-TaskScheduler/Operational</Channel>
    <Computer>DESKTOP-P5L8521</Computer>
    <Security UserID="S-1-5-18">
    </Security>
  </System>
  <EventData Name="TaskUpdated">
    <Data Name="TaskName">\Microsoft\Windows\UpdateOrchestrator\Schedule Work</Data>
    <Data Name="UserName">S-1-5-18</Data>
  </EventData>
</Event>
Record 164
<?xml version="1.0" encoding="utf-8"?>
<Event xmlns="http://schemas.microsoft.com/win/2004/08/events/event">
  <System>
    <Provider Name="Microsoft-Windows-TaskScheduler" Guid="DE7B24EA-73C8-4A09-985D-5BDADCFA9017">
    </Provider>
    <EventID>140</EventID>
    <Version>0</Version>
    <Level>4</Level>
    <Task>140</Task>
    <Opcode>0</Opcode>
    <Keywords>0x8000000000000000</Keywords>
    <TimeCreated SystemTime="2025-07-02T22:51:36.167270Z">
    </TimeCreated>
    <EventRecordID>164</EventRecordID>
    <Correlation>
    </Correlation>
    <Execution ProcessID="1060" ThreadID="10288">
    </Execution>
    <Channel>Microsoft-Windows-TaskScheduler/Operational</Channel>
    <Computer>DESKTOP-P5L8521</Computer>
    <Security UserID="S-1-5-18">
    </Security>
  </System>
  <EventData Name="TaskUpdated">
    <Data Name="TaskName">\Microsoft\Windows\UpdateOrchestrator\Schedule Work</Data>
    <Data Name="UserName">WORKGROUP\DESKTOP-P5L8521$</Data>
  </EventData>
</Event>
Record 165
<?xml version="1.0" encoding="utf-8"?>
<Event xmlns="http://schemas.microsoft.com/win/2004/08/events/event">
  <System>
    <Provider Name="Microsoft-Windows-TaskScheduler" Guid="DE7B24EA-73C8-4A09-985D-5BDADCFA9017">
    </Provider>
    <EventID>140</EventID>
    <Version>0</Version>
    <Level>4</Level>
    <Task>140</Task>
    <Opcode>0</Opcode>
    <Keywords>0x8000000000000000</Keywords>
    <TimeCreated SystemTime="2025-07-02T22:51:36.172255Z">
    </TimeCreated>
    <EventRecordID>165</EventRecordID>
    <Correlation>
    </Correlation>
    <Execution ProcessID="1060" ThreadID="10288">
    </Execution>
    <Channel>Microsoft-Windows-TaskScheduler/Operational</Channel>
    <Computer>DESKTOP-P5L8521</Computer>
    <Security UserID="S-1-5-18">
    </Security>
  </System>
  <EventData Name="TaskUpdated">
    <Data Name="TaskName">\Microsoft\Windows\UpdateOrchestrator\Schedule Wake To Work</Data>
    <Data Name="UserName">S-1-5-18</Data>
  </EventData>
</Event>
Record 166
<?xml version="1.0" encoding="utf-8"?>
<Event xmlns="http://schemas.microsoft.com/win/2004/08/events/event">
  <System>
    <Provider Name="Microsoft-Windows-TaskScheduler" Guid="DE7B24EA-73C8-4A09-985D-5BDADCFA9017">
    </Provider>
    <EventID>140</EventID>
    <Version>0</Version>
    <Level>4</Level>
    <Task>140</Task>
    <Opcode>0</Opcode>
    <Keywords>0x8000000000000000</Keywords>
    <TimeCreated SystemTime="2025-07-02T22:51:36.175889Z">
    </TimeCreated>
    <EventRecordID>166</EventRecordID>
    <Correlation>
    </Correlation>
    <Execution ProcessID="1060" ThreadID="10288">
    </Execution>
    <Channel>Microsoft-Windows-TaskScheduler/Operational</Channel>
    <Computer>DESKTOP-P5L8521</Computer>
    <Security UserID="S-1-5-18">
    </Security>
  </System>
  <EventData Name="TaskUpdated">
    <Data Name="TaskName">\Microsoft\Windows\UpdateOrchestrator\Schedule Wake To Work</Data>
    <Data Name="UserName">WORKGROUP\DESKTOP-P5L8521$</Data>
  </EventData>
</Event>
Record 167
<?xml version="1.0" encoding="utf-8"?>
<Event xmlns="http://schemas.microsoft.com/win/2004/08/events/event">
  <System>
    <Provider Name="Microsoft-Windows-TaskScheduler" Guid="DE7B24EA-73C8-4A09-985D-5BDADCFA9017">
    </Provider>
    <EventID>140</EventID>
    <Version>0</Version>
    <Level>4</Level>
    <Task>140</Task>
    <Opcode>0</Opcode>
    <Keywords>0x8000000000000000</Keywords>
    <TimeCreated SystemTime="2025-07-02T22:51:36.181144Z">
    </TimeCreated>
    <EventRecordID>167</EventRecordID>
    <Correlation>
    </Correlation>
    <Execution ProcessID="1060" ThreadID="10288">
    </Execution>
    <Channel>Microsoft-Windows-TaskScheduler/Operational</Channel>
    <Computer>DESKTOP-P5L8521</Computer>
    <Security UserID="S-1-5-18">
    </Security>
  </System>
  <EventData Name="TaskUpdated">
    <Data Name="TaskName">\Microsoft\Windows\UpdateOrchestrator\Schedule Maintenance Work</Data>
    <Data Name="UserName">S-1-5-18</Data>
  </EventData>
</Event>
Record 168
<?xml version="1.0" encoding="utf-8"?>
<Event xmlns="http://schemas.microsoft.com/win/2004/08/events/event">
  <System>
    <Provider Name="Microsoft-Windows-TaskScheduler" Guid="DE7B24EA-73C8-4A09-985D-5BDADCFA9017">
    </Provider>
    <EventID>140</EventID>
    <Version>0</Version>
    <Level>4</Level>
    <Task>140</Task>
    <Opcode>0</Opcode>
    <Keywords>0x8000000000000000</Keywords>
    <TimeCreated SystemTime="2025-07-02T22:51:36.184284Z">
    </TimeCreated>
    <EventRecordID>168</EventRecordID>
    <Correlation>
    </Correlation>
    <Execution ProcessID="1060" ThreadID="10288">
    </Execution>
    <Channel>Microsoft-Windows-TaskScheduler/Operational</Channel>
    <Computer>DESKTOP-P5L8521</Computer>
    <Security UserID="S-1-5-18">
    </Security>
  </System>
  <EventData Name="TaskUpdated">
    <Data Name="TaskName">\Microsoft\Windows\UpdateOrchestrator\Schedule Maintenance Work</Data>
    <Data Name="UserName">WORKGROUP\DESKTOP-P5L8521$</Data>
  </EventData>
</Event>
Record 169
<?xml version="1.0" encoding="utf-8"?>
<Event xmlns="http://schemas.microsoft.com/win/2004/08/events/event">
  <System>
    <Provider Name="Microsoft-Windows-TaskScheduler" Guid="DE7B24EA-73C8-4A09-985D-5BDADCFA9017">
    </Provider>
    <EventID>140</EventID>
    <Version>0</Version>
    <Level>4</Level>
    <Task>140</Task>
    <Opcode>0</Opcode>
    <Keywords>0x8000000000000000</Keywords>
    <TimeCreated SystemTime="2025-07-02T22:52:06.135911Z">
    </TimeCreated>
    <EventRecordID>169</EventRecordID>
    <Correlation>
    </Correlation>
    <Execution ProcessID="1060" ThreadID="10288">
    </Execution>
    <Channel>Microsoft-Windows-TaskScheduler/Operational</Channel>
    <Computer>DESKTOP-P5L8521</Computer>
    <Security UserID="S-1-5-18">
    </Security>
  </System>
  <EventData Name="TaskUpdated">
    <Data Name="TaskName">\Microsoft\Windows\SoftwareProtectionPlatform\SvcRestartTask</Data>
    <Data Name="UserName">WORKGROUP\DESKTOP-P5L8521$</Data>
  </EventData>
</Event>
